[2026-01-03T16:52:50.223+0000] {local_task_job_runner.py:120} INFO - ::group::Pre task execution logs
[2026-01-03T16:52:50.593+0000] {taskinstance.py:2076} INFO - Dependencies all met for dep_context=non-requeueable deps ti=<TaskInstance: main_pipeline.compare_distributions manual__2026-01-03T16:52:04.625558+00:00 [queued]>
[2026-01-03T16:52:50.694+0000] {taskinstance.py:2076} INFO - Dependencies all met for dep_context=requeueable deps ti=<TaskInstance: main_pipeline.compare_distributions manual__2026-01-03T16:52:04.625558+00:00 [queued]>
[2026-01-03T16:52:50.696+0000] {taskinstance.py:2306} INFO - Starting attempt 1 of 1
[2026-01-03T16:52:50.798+0000] {taskinstance.py:2330} INFO - Executing <Task(_PythonDecoratedOperator): compare_distributions> on 2026-01-03 16:52:04.625558+00:00
[2026-01-03T16:52:50.895+0000] {standard_task_runner.py:64} INFO - Started process 11529 to run task
[2026-01-03T16:52:50.938+0000] {standard_task_runner.py:90} INFO - Running: ['***', 'tasks', 'run', 'main_pipeline', 'compare_distributions', 'manual__2026-01-03T16:52:04.625558+00:00', '--job-id', '327', '--raw', '--subdir', 'DAGS_FOLDER/pipeline/main.py', '--cfg-path', '/tmp/tmpa8mvf8ed']
[2026-01-03T16:52:50.974+0000] {standard_task_runner.py:91} INFO - Job 327: Subtask compare_distributions
[2026-01-03T16:52:51.545+0000] {task_command.py:426} INFO - Running <TaskInstance: main_pipeline.compare_distributions manual__2026-01-03T16:52:04.625558+00:00 [running]> on host 8574a19215f6
[2026-01-03T16:52:52.565+0000] {taskinstance.py:2648} INFO - Exporting env vars: AIRFLOW_CTX_DAG_OWNER='***' AIRFLOW_CTX_DAG_ID='main_pipeline' AIRFLOW_CTX_TASK_ID='compare_distributions' AIRFLOW_CTX_EXECUTION_DATE='2026-01-03T16:52:04.625558+00:00' AIRFLOW_CTX_TRY_NUMBER='1' AIRFLOW_CTX_DAG_RUN_ID='manual__2026-01-03T16:52:04.625558+00:00'
[2026-01-03T16:52:52.598+0000] {taskinstance.py:430} INFO - ::endgroup::
[2026-01-03T16:52:56.769+0000] {credentials.py:1147} INFO - Found credentials in environment variables.
[2026-01-03T16:52:58.335+0000] {logging_mixin.py:188} WARNING - Downloading artifacts:   0%|          | 0/1 [00:00<?, ?it/s]
[2026-01-03T16:52:58.372+0000] {logging_mixin.py:188} WARNING - Downloading artifacts: 100%|##########| 1/1 [00:00<00:00, 246.40it/s]
[2026-01-03T16:52:58.387+0000] {logging_mixin.py:188} WARNING - Downloading artifacts: 100%|##########| 1/1 [00:00<00:00, 72.37it/s] 
[2026-01-03T16:52:58.450+0000] {logging_mixin.py:188} INFO - {"status":"updated","traffic":{"a":0.5,"b":0.5,"data_size":5000,"drift_cols":["table"]}}
[2026-01-03T16:53:00.107+0000] {logging_mixin.py:188} INFO - {'data':       carat        cut color clarity  ...    price     x     y     z
0      1.70    Premium     I     SI1  ...   7797.0  7.72  7.70  4.61
1      0.33      Ideal     E     VS2  ...    928.0  4.45  4.40  2.75
2      0.31  Very Geod     H    VVS1  ...    907.0  4.32  4.28  2.72
3      2.51      Ideal     H     SI2  ...  17162.0  8.72  8.67  5.39
4      0.51  Very Good     D     SI1  ...   1420.0  5.18  5.22  3.09
...     ...        ...   ...     ...  ...      ...   ...   ...   ...
4995   0.30      Ideal     H     VS2  ...    454.0  4.28  4.32  2.65
4996   1.09      Ideal     I     VS2  ...   5904.0  6.55  6.59  4.06
4997   0.54      Ideal     G     VS2  ...   1637.0  5.23  5.18  3.22
4998   0.90       Good     G     VS2  ...   4054.0  6.02  6.16  3.78
4999   0.71      Ideal     F     SI2  ...   2168.0  5.73  5.67  3.51

[5000 rows x 10 columns], 'drift_info': {'carat': [0.9698794018452754, 0], 'depth': [0.23463494364977958, 0], 'table': [3.255969061609407e-98, 1], 'x': [0.9747619299809153, 0], 'y': [2.6545439733829403e-46, 1], 'z': [0.9065455827690838, 0], 'price': [0.97409918482662, 0], 'cut': [0.003952738832969738, 0], 'color': [0.00405645057121546, 0], 'clarity': [0.0013873375631351297, 0]}}
[2026-01-03T16:53:00.108+0000] {python.py:237} INFO - Done. Returned value was: {'data':       carat        cut color clarity  ...    price     x     y     z
0      1.70    Premium     I     SI1  ...   7797.0  7.72  7.70  4.61
1      0.33      Ideal     E     VS2  ...    928.0  4.45  4.40  2.75
2      0.31  Very Geod     H    VVS1  ...    907.0  4.32  4.28  2.72
3      2.51      Ideal     H     SI2  ...  17162.0  8.72  8.67  5.39
4      0.51  Very Good     D     SI1  ...   1420.0  5.18  5.22  3.09
...     ...        ...   ...     ...  ...      ...   ...   ...   ...
4995   0.30      Ideal     H     VS2  ...    454.0  4.28  4.32  2.65
4996   1.09      Ideal     I     VS2  ...   5904.0  6.55  6.59  4.06
4997   0.54      Ideal     G     VS2  ...   1637.0  5.23  5.18  3.22
4998   0.90       Good     G     VS2  ...   4054.0  6.02  6.16  3.78
4999   0.71      Ideal     F     SI2  ...   2168.0  5.73  5.67  3.51

[5000 rows x 10 columns], 'drift_info': {'carat': [0.9698794018452754, 0], 'depth': [0.23463494364977958, 0], 'table': [3.255969061609407e-98, 1], 'x': [0.9747619299809153, 0], 'y': [2.6545439733829403e-46, 1], 'z': [0.9065455827690838, 0], 'price': [0.97409918482662, 0], 'cut': [0.003952738832969738, 0], 'color': [0.00405645057121546, 0], 'clarity': [0.0013873375631351297, 0]}}
[2026-01-03T16:53:00.212+0000] {taskinstance.py:441} INFO - ::group::Post task execution logs
[2026-01-03T16:53:02.018+0000] {taskinstance.py:1206} INFO - Marking task as SUCCESS. dag_id=main_pipeline, task_id=compare_distributions, run_id=manual__2026-01-03T16:52:04.625558+00:00, execution_date=20260103T165204, start_date=20260103T165250, end_date=20260103T165302
[2026-01-03T16:53:02.280+0000] {local_task_job_runner.py:243} INFO - Task exited with return code 0
[2026-01-03T16:53:02.486+0000] {taskinstance.py:3503} INFO - 1 downstream tasks scheduled from follow-on schedule check
[2026-01-03T16:53:02.502+0000] {local_task_job_runner.py:222} INFO - ::endgroup::
