[2026-01-02T14:02:58.927+0000] {local_task_job_runner.py:120} INFO - ::group::Pre task execution logs
[2026-01-02T14:02:59.090+0000] {taskinstance.py:2076} INFO - Dependencies all met for dep_context=non-requeueable deps ti=<TaskInstance: main_pipeline.check_prod_model manual__2026-01-02T14:02:54.206795+00:00 [queued]>
[2026-01-02T14:02:59.128+0000] {taskinstance.py:2076} INFO - Dependencies all met for dep_context=requeueable deps ti=<TaskInstance: main_pipeline.check_prod_model manual__2026-01-02T14:02:54.206795+00:00 [queued]>
[2026-01-02T14:02:59.129+0000] {taskinstance.py:2306} INFO - Starting attempt 1 of 1
[2026-01-02T14:02:59.195+0000] {taskinstance.py:2330} INFO - Executing <Task(_PythonDecoratedOperator): check_prod_model> on 2026-01-02 14:02:54.206795+00:00
[2026-01-02T14:02:59.256+0000] {standard_task_runner.py:64} INFO - Started process 8024 to run task
[2026-01-02T14:02:59.277+0000] {standard_task_runner.py:90} INFO - Running: ['***', 'tasks', 'run', 'main_pipeline', 'check_prod_model', 'manual__2026-01-02T14:02:54.206795+00:00', '--job-id', '79', '--raw', '--subdir', 'DAGS_FOLDER/pipeline/main.py', '--cfg-path', '/tmp/tmpto5mbexk']
[2026-01-02T14:02:59.282+0000] {standard_task_runner.py:91} INFO - Job 79: Subtask check_prod_model
[2026-01-02T14:02:59.578+0000] {task_command.py:426} INFO - Running <TaskInstance: main_pipeline.check_prod_model manual__2026-01-02T14:02:54.206795+00:00 [running]> on host b2cc83381b06
[2026-01-02T14:03:00.067+0000] {taskinstance.py:2648} INFO - Exporting env vars: AIRFLOW_CTX_DAG_OWNER='***' AIRFLOW_CTX_DAG_ID='main_pipeline' AIRFLOW_CTX_TASK_ID='check_prod_model' AIRFLOW_CTX_EXECUTION_DATE='2026-01-02T14:02:54.206795+00:00' AIRFLOW_CTX_TRY_NUMBER='1' AIRFLOW_CTX_DAG_RUN_ID='manual__2026-01-02T14:02:54.206795+00:00'
[2026-01-02T14:03:00.071+0000] {taskinstance.py:430} INFO - ::endgroup::
[2026-01-02T14:03:04.411+0000] {logging_mixin.py:188} WARNING - /home/***/.local/lib/python3.11/site-packages/pydantic/_internal/_fields.py:161 UserWarning: Field "model_server_url" has conflict with protected namespace "model_".

You may be able to resolve this warning by setting `model_config['protected_namespaces'] = ()`.
[2026-01-02T14:03:04.474+0000] {logging_mixin.py:188} WARNING - /home/***/.local/lib/python3.11/site-packages/pydantic/_internal/_config.py:341 UserWarning: Valid config keys have changed in V2:
* 'schema_extra' has been renamed to 'json_schema_extra'
[2026-01-02T14:03:04.891+0000] {logging_mixin.py:188} INFO - Parent run ID: None
[2026-01-02T14:03:04.892+0000] {logging_mixin.py:188} INFO - Found production version: 2
[2026-01-02T14:03:04.893+0000] {logging_mixin.py:188} INFO - Production model not found
[2026-01-02T14:03:04.893+0000] {python.py:237} INFO - Done. Returned value was: {}
[2026-01-02T14:03:04.896+0000] {taskinstance.py:441} INFO - ::group::Post task execution logs
[2026-01-02T14:03:05.005+0000] {taskinstance.py:1206} INFO - Marking task as SUCCESS. dag_id=main_pipeline, task_id=check_prod_model, run_id=manual__2026-01-02T14:02:54.206795+00:00, execution_date=20260102T140254, start_date=20260102T140259, end_date=20260102T140305
[2026-01-02T14:03:05.103+0000] {local_task_job_runner.py:243} INFO - Task exited with return code 0
[2026-01-02T14:03:05.151+0000] {taskinstance.py:3503} INFO - 1 downstream tasks scheduled from follow-on schedule check
[2026-01-02T14:03:05.178+0000] {local_task_job_runner.py:222} INFO - ::endgroup::
