[2026-01-03T14:39:22.045+0000] {local_task_job_runner.py:120} INFO - ::group::Pre task execution logs
[2026-01-03T14:39:22.311+0000] {taskinstance.py:2076} INFO - Dependencies all met for dep_context=non-requeueable deps ti=<TaskInstance: main_pipeline.check_drift manual__2026-01-03T14:38:39.247791+00:00 [queued]>
[2026-01-03T14:39:22.324+0000] {taskinstance.py:2076} INFO - Dependencies all met for dep_context=requeueable deps ti=<TaskInstance: main_pipeline.check_drift manual__2026-01-03T14:38:39.247791+00:00 [queued]>
[2026-01-03T14:39:22.325+0000] {taskinstance.py:2306} INFO - Starting attempt 1 of 1
[2026-01-03T14:39:22.370+0000] {taskinstance.py:2330} INFO - Executing <Task(_BranchPythonDecoratedOperator): check_drift> on 2026-01-03 14:38:39.247791+00:00
[2026-01-03T14:39:22.435+0000] {standard_task_runner.py:64} INFO - Started process 4618 to run task
[2026-01-03T14:39:22.488+0000] {standard_task_runner.py:90} INFO - Running: ['***', 'tasks', 'run', 'main_pipeline', 'check_drift', 'manual__2026-01-03T14:38:39.247791+00:00', '--job-id', '247', '--raw', '--subdir', 'DAGS_FOLDER/pipeline/main.py', '--cfg-path', '/tmp/tmpwzov5769']
[2026-01-03T14:39:22.498+0000] {standard_task_runner.py:91} INFO - Job 247: Subtask check_drift
[2026-01-03T14:39:22.739+0000] {task_command.py:426} INFO - Running <TaskInstance: main_pipeline.check_drift manual__2026-01-03T14:38:39.247791+00:00 [running]> on host 8574a19215f6
[2026-01-03T14:39:23.908+0000] {taskinstance.py:2648} INFO - Exporting env vars: AIRFLOW_CTX_DAG_OWNER='***' AIRFLOW_CTX_DAG_ID='main_pipeline' AIRFLOW_CTX_TASK_ID='check_drift' AIRFLOW_CTX_EXECUTION_DATE='2026-01-03T14:38:39.247791+00:00' AIRFLOW_CTX_TRY_NUMBER='1' AIRFLOW_CTX_DAG_RUN_ID='manual__2026-01-03T14:38:39.247791+00:00'
[2026-01-03T14:39:23.912+0000] {taskinstance.py:430} INFO - ::endgroup::
[2026-01-03T14:39:23.917+0000] {python.py:237} INFO - Done. Returned value was: check_end
[2026-01-03T14:39:23.920+0000] {branch.py:36} INFO - Branch into check_end
[2026-01-03T14:39:23.924+0000] {skipmixin.py:178} INFO - Following branch check_end
[2026-01-03T14:39:24.031+0000] {skipmixin.py:246} INFO - Skipping tasks [('train_new_model', -1)]
[2026-01-03T14:39:24.173+0000] {taskinstance.py:441} INFO - ::group::Post task execution logs
[2026-01-03T14:39:24.275+0000] {taskinstance.py:1206} INFO - Marking task as SUCCESS. dag_id=main_pipeline, task_id=check_drift, run_id=manual__2026-01-03T14:38:39.247791+00:00, execution_date=20260103T143839, start_date=20260103T143922, end_date=20260103T143924
[2026-01-03T14:39:24.481+0000] {local_task_job_runner.py:243} INFO - Task exited with return code 0
[2026-01-03T14:39:24.581+0000] {taskinstance.py:3503} INFO - 0 downstream tasks scheduled from follow-on schedule check
[2026-01-03T14:39:24.592+0000] {local_task_job_runner.py:222} INFO - ::endgroup::
