[2026-01-03T14:59:20.520+0000] {local_task_job_runner.py:120} INFO - ::group::Pre task execution logs
[2026-01-03T14:59:20.606+0000] {taskinstance.py:2076} INFO - Dependencies all met for dep_context=non-requeueable deps ti=<TaskInstance: main_pipeline.check_drift manual__2026-01-03T14:58:47.579063+00:00 [queued]>
[2026-01-03T14:59:20.631+0000] {taskinstance.py:2076} INFO - Dependencies all met for dep_context=requeueable deps ti=<TaskInstance: main_pipeline.check_drift manual__2026-01-03T14:58:47.579063+00:00 [queued]>
[2026-01-03T14:59:20.633+0000] {taskinstance.py:2306} INFO - Starting attempt 1 of 1
[2026-01-03T14:59:20.683+0000] {taskinstance.py:2330} INFO - Executing <Task(_BranchPythonDecoratedOperator): check_drift> on 2026-01-03 14:58:47.579063+00:00
[2026-01-03T14:59:20.729+0000] {standard_task_runner.py:64} INFO - Started process 5721 to run task
[2026-01-03T14:59:20.743+0000] {standard_task_runner.py:90} INFO - Running: ['***', 'tasks', 'run', 'main_pipeline', 'check_drift', 'manual__2026-01-03T14:58:47.579063+00:00', '--job-id', '271', '--raw', '--subdir', 'DAGS_FOLDER/pipeline/main.py', '--cfg-path', '/tmp/tmptogd_850']
[2026-01-03T14:59:20.752+0000] {standard_task_runner.py:91} INFO - Job 271: Subtask check_drift
[2026-01-03T14:59:20.955+0000] {task_command.py:426} INFO - Running <TaskInstance: main_pipeline.check_drift manual__2026-01-03T14:58:47.579063+00:00 [running]> on host 8574a19215f6
[2026-01-03T14:59:22.141+0000] {taskinstance.py:2648} INFO - Exporting env vars: AIRFLOW_CTX_DAG_OWNER='***' AIRFLOW_CTX_DAG_ID='main_pipeline' AIRFLOW_CTX_TASK_ID='check_drift' AIRFLOW_CTX_EXECUTION_DATE='2026-01-03T14:58:47.579063+00:00' AIRFLOW_CTX_TRY_NUMBER='1' AIRFLOW_CTX_DAG_RUN_ID='manual__2026-01-03T14:58:47.579063+00:00'
[2026-01-03T14:59:22.145+0000] {taskinstance.py:430} INFO - ::endgroup::
[2026-01-03T14:59:22.151+0000] {python.py:237} INFO - Done. Returned value was: check_end
[2026-01-03T14:59:22.153+0000] {branch.py:36} INFO - Branch into check_end
[2026-01-03T14:59:22.154+0000] {skipmixin.py:178} INFO - Following branch check_end
[2026-01-03T14:59:22.241+0000] {skipmixin.py:246} INFO - Skipping tasks [('train_new_model', -1)]
[2026-01-03T14:59:22.387+0000] {taskinstance.py:441} INFO - ::group::Post task execution logs
[2026-01-03T14:59:22.531+0000] {taskinstance.py:1206} INFO - Marking task as SUCCESS. dag_id=main_pipeline, task_id=check_drift, run_id=manual__2026-01-03T14:58:47.579063+00:00, execution_date=20260103T145847, start_date=20260103T145920, end_date=20260103T145922
[2026-01-03T14:59:22.668+0000] {local_task_job_runner.py:243} INFO - Task exited with return code 0
[2026-01-03T14:59:22.753+0000] {taskinstance.py:3503} INFO - 1 downstream tasks scheduled from follow-on schedule check
[2026-01-03T14:59:22.782+0000] {local_task_job_runner.py:222} INFO - ::endgroup::
