[2026-01-02T18:44:33.423+0000] {local_task_job_runner.py:120} INFO - ::group::Pre task execution logs
[2026-01-02T18:44:33.891+0000] {taskinstance.py:2076} INFO - Dependencies all met for dep_context=non-requeueable deps ti=<TaskInstance: main_pipeline.check_prod_model manual__2026-01-02T18:44:25.562330+00:00 [queued]>
[2026-01-02T18:44:33.974+0000] {taskinstance.py:2076} INFO - Dependencies all met for dep_context=requeueable deps ti=<TaskInstance: main_pipeline.check_prod_model manual__2026-01-02T18:44:25.562330+00:00 [queued]>
[2026-01-02T18:44:33.977+0000] {taskinstance.py:2306} INFO - Starting attempt 1 of 1
[2026-01-02T18:44:34.147+0000] {taskinstance.py:2330} INFO - Executing <Task(_PythonDecoratedOperator): check_prod_model> on 2026-01-02 18:44:25.562330+00:00
[2026-01-02T18:44:34.280+0000] {standard_task_runner.py:64} INFO - Started process 520 to run task
[2026-01-02T18:44:34.312+0000] {standard_task_runner.py:90} INFO - Running: ['***', 'tasks', 'run', 'main_pipeline', 'check_prod_model', 'manual__2026-01-02T18:44:25.562330+00:00', '--job-id', '173', '--raw', '--subdir', 'DAGS_FOLDER/pipeline/main.py', '--cfg-path', '/tmp/tmp1r86sj19']
[2026-01-02T18:44:34.334+0000] {standard_task_runner.py:91} INFO - Job 173: Subtask check_prod_model
[2026-01-02T18:44:34.875+0000] {task_command.py:426} INFO - Running <TaskInstance: main_pipeline.check_prod_model manual__2026-01-02T18:44:25.562330+00:00 [running]> on host e163b62ba314
[2026-01-02T18:44:35.690+0000] {taskinstance.py:2648} INFO - Exporting env vars: AIRFLOW_CTX_DAG_OWNER='***' AIRFLOW_CTX_DAG_ID='main_pipeline' AIRFLOW_CTX_TASK_ID='check_prod_model' AIRFLOW_CTX_EXECUTION_DATE='2026-01-02T18:44:25.562330+00:00' AIRFLOW_CTX_TRY_NUMBER='1' AIRFLOW_CTX_DAG_RUN_ID='manual__2026-01-02T18:44:25.562330+00:00'
[2026-01-02T18:44:35.712+0000] {taskinstance.py:430} INFO - ::endgroup::
[2026-01-02T18:44:42.260+0000] {logging_mixin.py:188} WARNING - /home/***/.local/lib/python3.11/site-packages/pydantic/_internal/_fields.py:161 UserWarning: Field "model_server_url" has conflict with protected namespace "model_".

You may be able to resolve this warning by setting `model_config['protected_namespaces'] = ()`.
[2026-01-02T18:44:42.344+0000] {logging_mixin.py:188} WARNING - /home/***/.local/lib/python3.11/site-packages/pydantic/_internal/_config.py:341 UserWarning: Valid config keys have changed in V2:
* 'schema_extra' has been renamed to 'json_schema_extra'
[2026-01-02T18:44:43.277+0000] {logging_mixin.py:188} INFO - Parent run ID: 4bc1462443e44b33b00192af714f309f
[2026-01-02T18:44:43.278+0000] {logging_mixin.py:188} INFO - Found production version: 5
[2026-01-02T18:44:45.492+0000] {credentials.py:1147} INFO - Found credentials in environment variables.
[2026-01-02T18:44:46.762+0000] {logging_mixin.py:188} WARNING - Downloading artifacts:   0%|          | 0/1 [00:00<?, ?it/s]
[2026-01-02T18:44:46.861+0000] {logging_mixin.py:188} WARNING - Downloading artifacts: 100%|##########| 1/1 [00:00<00:00, 11.82it/s]
[2026-01-02T18:44:46.879+0000] {logging_mixin.py:188} WARNING - Downloading artifacts: 100%|##########| 1/1 [00:00<00:00, 10.19it/s]
[2026-01-02T18:44:46.881+0000] {python.py:237} INFO - Done. Returned value was: {'production_version': '5'}
[2026-01-02T18:44:46.901+0000] {taskinstance.py:441} INFO - ::group::Post task execution logs
[2026-01-02T18:44:47.387+0000] {taskinstance.py:1206} INFO - Marking task as SUCCESS. dag_id=main_pipeline, task_id=check_prod_model, run_id=manual__2026-01-02T18:44:25.562330+00:00, execution_date=20260102T184425, start_date=20260102T184433, end_date=20260102T184447
[2026-01-02T18:44:47.651+0000] {local_task_job_runner.py:243} INFO - Task exited with return code 0
[2026-01-02T18:44:47.896+0000] {taskinstance.py:3503} INFO - 1 downstream tasks scheduled from follow-on schedule check
[2026-01-02T18:44:47.941+0000] {local_task_job_runner.py:222} INFO - ::endgroup::
