[2026-01-02T12:17:37.406+0000] {local_task_job_runner.py:120} INFO - ::group::Pre task execution logs
[2026-01-02T12:17:37.497+0000] {taskinstance.py:2076} INFO - Dependencies all met for dep_context=non-requeueable deps ti=<TaskInstance: main_pipeline.set_initial_model manual__2026-01-02T12:15:43.230755+00:00 [queued]>
[2026-01-02T12:17:37.568+0000] {taskinstance.py:2076} INFO - Dependencies all met for dep_context=requeueable deps ti=<TaskInstance: main_pipeline.set_initial_model manual__2026-01-02T12:15:43.230755+00:00 [queued]>
[2026-01-02T12:17:37.572+0000] {taskinstance.py:2306} INFO - Starting attempt 1 of 1
[2026-01-02T12:17:37.610+0000] {taskinstance.py:2330} INFO - Executing <Task(_PythonDecoratedOperator): set_initial_model> on 2026-01-02 12:15:43.230755+00:00
[2026-01-02T12:17:37.664+0000] {standard_task_runner.py:64} INFO - Started process 2884 to run task
[2026-01-02T12:17:37.681+0000] {standard_task_runner.py:90} INFO - Running: ['***', 'tasks', 'run', 'main_pipeline', 'set_initial_model', 'manual__2026-01-02T12:15:43.230755+00:00', '--job-id', '54', '--raw', '--subdir', 'DAGS_FOLDER/pipeline/main.py', '--cfg-path', '/tmp/tmp3bof5gjx']
[2026-01-02T12:17:37.690+0000] {standard_task_runner.py:91} INFO - Job 54: Subtask set_initial_model
[2026-01-02T12:17:38.099+0000] {task_command.py:426} INFO - Running <TaskInstance: main_pipeline.set_initial_model manual__2026-01-02T12:15:43.230755+00:00 [running]> on host b2cc83381b06
[2026-01-02T12:17:38.599+0000] {taskinstance.py:2648} INFO - Exporting env vars: AIRFLOW_CTX_DAG_OWNER='***' AIRFLOW_CTX_DAG_ID='main_pipeline' AIRFLOW_CTX_TASK_ID='set_initial_model' AIRFLOW_CTX_EXECUTION_DATE='2026-01-02T12:15:43.230755+00:00' AIRFLOW_CTX_TRY_NUMBER='1' AIRFLOW_CTX_DAG_RUN_ID='manual__2026-01-02T12:15:43.230755+00:00'
[2026-01-02T12:17:38.621+0000] {taskinstance.py:430} INFO - ::endgroup::
[2026-01-02T12:17:41.804+0000] {logging_mixin.py:188} WARNING - /home/***/.local/lib/python3.11/site-packages/pydantic/_internal/_fields.py:161 UserWarning: Field "model_server_url" has conflict with protected namespace "model_".

You may be able to resolve this warning by setting `model_config['protected_namespaces'] = ()`.
[2026-01-02T12:17:41.834+0000] {logging_mixin.py:188} WARNING - /home/***/.local/lib/python3.11/site-packages/pydantic/_internal/_config.py:341 UserWarning: Valid config keys have changed in V2:
* 'schema_extra' has been renamed to 'json_schema_extra'
[2026-01-02T12:17:42.662+0000] {logging_mixin.py:188} INFO - 0d6f4c599aa74390aae5a3e99feee582
[2026-01-02T12:17:42.915+0000] {logging_mixin.py:188} WARNING - Registered model 'price_prediction' already exists. Creating a new version of this model...
[2026-01-02T12:17:43.171+0000] {logging_mixin.py:188} WARNING - 2026/01/02 12:17:43 INFO mlflow.tracking._model_registry.client: Waiting up to 300 seconds for model version to finish creation. Model name: price_prediction, version 3
[2026-01-02T12:17:43.171+0000] {logging_mixin.py:188} WARNING - Created version '3' of model 'price_prediction'.
[2026-01-02T12:17:43.327+0000] {taskinstance.py:441} INFO - ::group::Post task execution logs
[2026-01-02T12:17:43.329+0000] {taskinstance.py:2905} ERROR - Task failed with exception
Traceback (most recent call last):
  File "/home/airflow/.local/lib/python3.11/site-packages/airflow/models/taskinstance.py", line 465, in _execute_task
    result = _execute_callable(context=context, **execute_callable_kwargs)
             ^^^^^^^^^^^^^^^^^^^^^^^^^^^^^^^^^^^^^^^^^^^^^^^^^^^^^^^^^^^^^
  File "/home/airflow/.local/lib/python3.11/site-packages/airflow/models/taskinstance.py", line 432, in _execute_callable
    return execute_callable(context=context, **execute_callable_kwargs)
           ^^^^^^^^^^^^^^^^^^^^^^^^^^^^^^^^^^^^^^^^^^^^^^^^^^^^^^^^^^^^
  File "/home/airflow/.local/lib/python3.11/site-packages/airflow/models/baseoperator.py", line 401, in wrapper
    return func(self, *args, **kwargs)
           ^^^^^^^^^^^^^^^^^^^^^^^^^^^
  File "/home/airflow/.local/lib/python3.11/site-packages/airflow/decorators/base.py", line 265, in execute
    return_value = super().execute(context)
                   ^^^^^^^^^^^^^^^^^^^^^^^^
  File "/home/airflow/.local/lib/python3.11/site-packages/airflow/models/baseoperator.py", line 401, in wrapper
    return func(self, *args, **kwargs)
           ^^^^^^^^^^^^^^^^^^^^^^^^^^^
  File "/home/airflow/.local/lib/python3.11/site-packages/airflow/operators/python.py", line 235, in execute
    return_value = self.execute_callable()
                   ^^^^^^^^^^^^^^^^^^^^^^^
  File "/home/airflow/.local/lib/python3.11/site-packages/airflow/operators/python.py", line 252, in execute_callable
    return self.python_callable(*self.op_args, **self.op_kwargs)
           ^^^^^^^^^^^^^^^^^^^^^^^^^^^^^^^^^^^^^^^^^^^^^^^^^^^^^
  File "/opt/airflow/dags/pipeline/main.py", line 144, in set_initial_model
    client.transition_model_version_stage(
  File "/home/airflow/.local/lib/python3.11/site-packages/mlflow/tracking/client.py", line 2813, in transition_model_version_stage
    return self._get_registry_client().transition_model_version_stage(
           ^^^^^^^^^^^^^^^^^^^^^^^^^^^^^^^^^^^^^^^^^^^^^^^^^^^^^^^^^^^
  File "/home/airflow/.local/lib/python3.11/site-packages/mlflow/tracking/_model_registry/client.py", line 257, in transition_model_version_stage
    return self.store.transition_model_version_stage(
           ^^^^^^^^^^^^^^^^^^^^^^^^^^^^^^^^^^^^^^^^^^
  File "/home/airflow/.local/lib/python3.11/site-packages/mlflow/store/model_registry/rest_store.py", line 257, in transition_model_version_stage
    response_proto = self._call_endpoint(TransitionModelVersionStage, req_body)
                     ^^^^^^^^^^^^^^^^^^^^^^^^^^^^^^^^^^^^^^^^^^^^^^^^^^^^^^^^^^
  File "/home/airflow/.local/lib/python3.11/site-packages/mlflow/store/model_registry/base_rest_store.py", line 44, in _call_endpoint
    return call_endpoint(
           ^^^^^^^^^^^^^^
  File "/home/airflow/.local/lib/python3.11/site-packages/mlflow/utils/rest_utils.py", line 202, in call_endpoint
    response = verify_rest_response(response, endpoint)
               ^^^^^^^^^^^^^^^^^^^^^^^^^^^^^^^^^^^^^^^^
  File "/home/airflow/.local/lib/python3.11/site-packages/mlflow/utils/rest_utils.py", line 134, in verify_rest_response
    raise RestException(json.loads(response.text))
mlflow.exceptions.RestException: RESOURCE_DOES_NOT_EXIST: Model Version (name=NAME, version=3) not found
[2026-01-02T12:17:44.261+0000] {taskinstance.py:1206} INFO - Marking task as FAILED. dag_id=main_pipeline, task_id=set_initial_model, run_id=manual__2026-01-02T12:15:43.230755+00:00, execution_date=20260102T121543, start_date=20260102T121737, end_date=20260102T121744
[2026-01-02T12:17:44.328+0000] {standard_task_runner.py:110} ERROR - Failed to execute job 54 for task set_initial_model (RESOURCE_DOES_NOT_EXIST: Model Version (name=NAME, version=3) not found; 2884)
[2026-01-02T12:17:44.500+0000] {local_task_job_runner.py:243} INFO - Task exited with return code 1
[2026-01-02T12:17:44.571+0000] {taskinstance.py:3503} INFO - 0 downstream tasks scheduled from follow-on schedule check
[2026-01-02T12:17:44.584+0000] {local_task_job_runner.py:222} INFO - ::endgroup::
