[2026-01-02T14:01:26.540+0000] {local_task_job_runner.py:120} INFO - ::group::Pre task execution logs
[2026-01-02T14:01:26.677+0000] {taskinstance.py:2076} INFO - Dependencies all met for dep_context=non-requeueable deps ti=<TaskInstance: main_pipeline.set_initial_model manual__2026-01-02T14:00:04.168088+00:00 [queued]>
[2026-01-02T14:01:26.714+0000] {taskinstance.py:2076} INFO - Dependencies all met for dep_context=requeueable deps ti=<TaskInstance: main_pipeline.set_initial_model manual__2026-01-02T14:00:04.168088+00:00 [queued]>
[2026-01-02T14:01:26.714+0000] {taskinstance.py:2306} INFO - Starting attempt 1 of 1
[2026-01-02T14:01:26.760+0000] {taskinstance.py:2330} INFO - Executing <Task(_PythonDecoratedOperator): set_initial_model> on 2026-01-02 14:00:04.168088+00:00
[2026-01-02T14:01:26.788+0000] {standard_task_runner.py:64} INFO - Started process 7950 to run task
[2026-01-02T14:01:26.819+0000] {standard_task_runner.py:90} INFO - Running: ['***', 'tasks', 'run', 'main_pipeline', 'set_initial_model', 'manual__2026-01-02T14:00:04.168088+00:00', '--job-id', '78', '--raw', '--subdir', 'DAGS_FOLDER/pipeline/main.py', '--cfg-path', '/tmp/tmpxny6z__z']
[2026-01-02T14:01:26.838+0000] {standard_task_runner.py:91} INFO - Job 78: Subtask set_initial_model
[2026-01-02T14:01:27.062+0000] {task_command.py:426} INFO - Running <TaskInstance: main_pipeline.set_initial_model manual__2026-01-02T14:00:04.168088+00:00 [running]> on host b2cc83381b06
[2026-01-02T14:01:27.451+0000] {taskinstance.py:2648} INFO - Exporting env vars: AIRFLOW_CTX_DAG_OWNER='***' AIRFLOW_CTX_DAG_ID='main_pipeline' AIRFLOW_CTX_TASK_ID='set_initial_model' AIRFLOW_CTX_EXECUTION_DATE='2026-01-02T14:00:04.168088+00:00' AIRFLOW_CTX_TRY_NUMBER='1' AIRFLOW_CTX_DAG_RUN_ID='manual__2026-01-02T14:00:04.168088+00:00'
[2026-01-02T14:01:27.456+0000] {taskinstance.py:430} INFO - ::endgroup::
[2026-01-02T14:01:29.877+0000] {logging_mixin.py:188} WARNING - /home/***/.local/lib/python3.11/site-packages/pydantic/_internal/_fields.py:161 UserWarning: Field "model_server_url" has conflict with protected namespace "model_".

You may be able to resolve this warning by setting `model_config['protected_namespaces'] = ()`.
[2026-01-02T14:01:29.940+0000] {logging_mixin.py:188} WARNING - /home/***/.local/lib/python3.11/site-packages/pydantic/_internal/_config.py:341 UserWarning: Valid config keys have changed in V2:
* 'schema_extra' has been renamed to 'json_schema_extra'
[2026-01-02T14:01:30.494+0000] {logging_mixin.py:188} INFO - 75c501e2801b4e558a786bfcaa573fb0
[2026-01-02T14:01:30.710+0000] {logging_mixin.py:188} WARNING - Registered model 'price_prediction' already exists. Creating a new version of this model...
[2026-01-02T14:01:30.894+0000] {logging_mixin.py:188} WARNING - 2026/01/02 14:01:30 INFO mlflow.tracking._model_registry.client: Waiting up to 300 seconds for model version to finish creation. Model name: price_prediction, version 2
[2026-01-02T14:01:30.895+0000] {logging_mixin.py:188} WARNING - Created version '2' of model 'price_prediction'.
[2026-01-02T14:01:31.176+0000] {logging_mixin.py:188} INFO - Initial production model was set!
[2026-01-02T14:01:31.180+0000] {python.py:237} INFO - Done. Returned value was: None
[2026-01-02T14:01:31.186+0000] {taskinstance.py:441} INFO - ::group::Post task execution logs
[2026-01-02T14:01:31.258+0000] {taskinstance.py:1206} INFO - Marking task as SUCCESS. dag_id=main_pipeline, task_id=set_initial_model, run_id=manual__2026-01-02T14:00:04.168088+00:00, execution_date=20260102T140004, start_date=20260102T140126, end_date=20260102T140131
[2026-01-02T14:01:31.448+0000] {local_task_job_runner.py:243} INFO - Task exited with return code 0
[2026-01-02T14:01:31.513+0000] {taskinstance.py:3503} INFO - 0 downstream tasks scheduled from follow-on schedule check
[2026-01-02T14:01:31.526+0000] {local_task_job_runner.py:222} INFO - ::endgroup::
