[2026-01-03T17:05:49.881+0000] {local_task_job_runner.py:120} INFO - ::group::Pre task execution logs
[2026-01-03T17:05:50.083+0000] {taskinstance.py:2076} INFO - Dependencies all met for dep_context=non-requeueable deps ti=<TaskInstance: main_pipeline.check_drift manual__2026-01-03T17:04:45.536093+00:00 [queued]>
[2026-01-03T17:05:50.125+0000] {taskinstance.py:2076} INFO - Dependencies all met for dep_context=requeueable deps ti=<TaskInstance: main_pipeline.check_drift manual__2026-01-03T17:04:45.536093+00:00 [queued]>
[2026-01-03T17:05:50.126+0000] {taskinstance.py:2306} INFO - Starting attempt 1 of 1
[2026-01-03T17:05:50.212+0000] {taskinstance.py:2330} INFO - Executing <Task(_BranchPythonDecoratedOperator): check_drift> on 2026-01-03 17:04:45.536093+00:00
[2026-01-03T17:05:50.284+0000] {standard_task_runner.py:64} INFO - Started process 12403 to run task
[2026-01-03T17:05:50.312+0000] {standard_task_runner.py:90} INFO - Running: ['***', 'tasks', 'run', 'main_pipeline', 'check_drift', 'manual__2026-01-03T17:04:45.536093+00:00', '--job-id', '337', '--raw', '--subdir', 'DAGS_FOLDER/pipeline/main.py', '--cfg-path', '/tmp/tmpsks0jyln']
[2026-01-03T17:05:50.323+0000] {standard_task_runner.py:91} INFO - Job 337: Subtask check_drift
[2026-01-03T17:05:50.814+0000] {task_command.py:426} INFO - Running <TaskInstance: main_pipeline.check_drift manual__2026-01-03T17:04:45.536093+00:00 [running]> on host 8574a19215f6
[2026-01-03T17:05:53.421+0000] {taskinstance.py:2648} INFO - Exporting env vars: AIRFLOW_CTX_DAG_OWNER='***' AIRFLOW_CTX_DAG_ID='main_pipeline' AIRFLOW_CTX_TASK_ID='check_drift' AIRFLOW_CTX_EXECUTION_DATE='2026-01-03T17:04:45.536093+00:00' AIRFLOW_CTX_TRY_NUMBER='1' AIRFLOW_CTX_DAG_RUN_ID='manual__2026-01-03T17:04:45.536093+00:00'
[2026-01-03T17:05:53.425+0000] {taskinstance.py:430} INFO - ::endgroup::
[2026-01-03T17:05:53.430+0000] {logging_mixin.py:188} INFO - Data drift detected in carat
[2026-01-03T17:05:53.431+0000] {logging_mixin.py:188} INFO - Data drift detected in table
[2026-01-03T17:05:53.431+0000] {logging_mixin.py:188} INFO - Data drift detected in x
[2026-01-03T17:05:53.431+0000] {python.py:237} INFO - Done. Returned value was: train_new_model
[2026-01-03T17:05:53.432+0000] {branch.py:36} INFO - Branch into train_new_model
[2026-01-03T17:05:53.432+0000] {skipmixin.py:178} INFO - Following branch train_new_model
[2026-01-03T17:05:53.610+0000] {skipmixin.py:246} INFO - Skipping tasks [('check_end', -1)]
[2026-01-03T17:05:53.806+0000] {taskinstance.py:441} INFO - ::group::Post task execution logs
[2026-01-03T17:05:54.030+0000] {taskinstance.py:1206} INFO - Marking task as SUCCESS. dag_id=main_pipeline, task_id=check_drift, run_id=manual__2026-01-03T17:04:45.536093+00:00, execution_date=20260103T170445, start_date=20260103T170550, end_date=20260103T170554
[2026-01-03T17:05:54.417+0000] {local_task_job_runner.py:243} INFO - Task exited with return code 0
[2026-01-03T17:05:54.571+0000] {local_task_job_runner.py:222} INFO - ::endgroup::
