[2026-01-02T19:16:50.669+0000] {local_task_job_runner.py:120} INFO - ::group::Pre task execution logs
[2026-01-02T19:16:50.879+0000] {taskinstance.py:2076} INFO - Dependencies all met for dep_context=non-requeueable deps ti=<TaskInstance: main_pipeline.compare_distributions manual__2026-01-02T19:16:01.778138+00:00 [queued]>
[2026-01-02T19:16:50.923+0000] {taskinstance.py:2076} INFO - Dependencies all met for dep_context=requeueable deps ti=<TaskInstance: main_pipeline.compare_distributions manual__2026-01-02T19:16:01.778138+00:00 [queued]>
[2026-01-02T19:16:50.923+0000] {taskinstance.py:2306} INFO - Starting attempt 1 of 1
[2026-01-02T19:16:50.997+0000] {taskinstance.py:2330} INFO - Executing <Task(_PythonDecoratedOperator): compare_distributions> on 2026-01-02 19:16:01.778138+00:00
[2026-01-02T19:16:51.066+0000] {standard_task_runner.py:64} INFO - Started process 2134 to run task
[2026-01-02T19:16:51.080+0000] {standard_task_runner.py:90} INFO - Running: ['***', 'tasks', 'run', 'main_pipeline', 'compare_distributions', 'manual__2026-01-02T19:16:01.778138+00:00', '--job-id', '180', '--raw', '--subdir', 'DAGS_FOLDER/pipeline/main.py', '--cfg-path', '/tmp/tmp5qipksng']
[2026-01-02T19:16:51.085+0000] {standard_task_runner.py:91} INFO - Job 180: Subtask compare_distributions
[2026-01-02T19:16:51.335+0000] {task_command.py:426} INFO - Running <TaskInstance: main_pipeline.compare_distributions manual__2026-01-02T19:16:01.778138+00:00 [running]> on host e163b62ba314
[2026-01-02T19:16:51.638+0000] {taskinstance.py:2648} INFO - Exporting env vars: AIRFLOW_CTX_DAG_OWNER='***' AIRFLOW_CTX_DAG_ID='main_pipeline' AIRFLOW_CTX_TASK_ID='compare_distributions' AIRFLOW_CTX_EXECUTION_DATE='2026-01-02T19:16:01.778138+00:00' AIRFLOW_CTX_TRY_NUMBER='1' AIRFLOW_CTX_DAG_RUN_ID='manual__2026-01-02T19:16:01.778138+00:00'
[2026-01-02T19:16:51.640+0000] {taskinstance.py:430} INFO - ::endgroup::
[2026-01-02T19:16:51.893+0000] {logging_mixin.py:188} INFO - <Response [200]>
[2026-01-02T19:16:53.176+0000] {logging_mixin.py:188} INFO - {'data':       carat        cut color clarity  ...         price     x     y     z
0      2.01       Good     E     VS2  ...  11423.121653  7.95  7.87  5.03
1      1.20    Premium     F     VS2  ...   5233.279324  6.78  6.69  4.23
2      1.04      Ideal     D    VVS2  ...   9901.000000  6.61  6.57  4.02
3      0.37      Ideal     G     VS1  ...    876.000000  4.64  4.67  2.85
4      0.32      Ideal     J     SI1  ...    940.395769  4.44  4.47  2.73
...     ...        ...   ...     ...  ...           ...   ...   ...   ...
4995   0.56      Ideal     D      IF  ...   2157.000000  5.31  5.33  3.26
4996   0.53      Ideal     I     VS2  ...   1753.000000  5.23  5.19  3.22
4997   0.40  Very Good     J     VS2  ...    993.000000  4.66  4.71  2.94
4998   0.54      Ideal     J     VS2  ...   1847.000000  5.29  5.24  3.20
4999   1.25      Ideal     D     SI2  ...   7103.254496  6.91  6.98  4.28

[5000 rows x 10 columns], 'drift_info': {'carat': [0.9021752804568844, 0], 'depth': [0.15595054431653282, 0], 'table': [0.1596331921800736, 0], 'x': [0.9051000312879097, 0], 'y': [0.7514036469711834, 0], 'z': [0.6127808896208372, 0], 'price': [0.001785517544964347, 1], 'cut': [0.0022522316391970693, 0], 'color': [0.1539362486153048, 1], 'clarity': [0.0007573266614786299, 0]}}
[2026-01-02T19:16:53.177+0000] {python.py:237} INFO - Done. Returned value was: {'data':       carat        cut color clarity  ...         price     x     y     z
0      2.01       Good     E     VS2  ...  11423.121653  7.95  7.87  5.03
1      1.20    Premium     F     VS2  ...   5233.279324  6.78  6.69  4.23
2      1.04      Ideal     D    VVS2  ...   9901.000000  6.61  6.57  4.02
3      0.37      Ideal     G     VS1  ...    876.000000  4.64  4.67  2.85
4      0.32      Ideal     J     SI1  ...    940.395769  4.44  4.47  2.73
...     ...        ...   ...     ...  ...           ...   ...   ...   ...
4995   0.56      Ideal     D      IF  ...   2157.000000  5.31  5.33  3.26
4996   0.53      Ideal     I     VS2  ...   1753.000000  5.23  5.19  3.22
4997   0.40  Very Good     J     VS2  ...    993.000000  4.66  4.71  2.94
4998   0.54      Ideal     J     VS2  ...   1847.000000  5.29  5.24  3.20
4999   1.25      Ideal     D     SI2  ...   7103.254496  6.91  6.98  4.28

[5000 rows x 10 columns], 'drift_info': {'carat': [0.9021752804568844, 0], 'depth': [0.15595054431653282, 0], 'table': [0.1596331921800736, 0], 'x': [0.9051000312879097, 0], 'y': [0.7514036469711834, 0], 'z': [0.6127808896208372, 0], 'price': [0.001785517544964347, 1], 'cut': [0.0022522316391970693, 0], 'color': [0.1539362486153048, 1], 'clarity': [0.0007573266614786299, 0]}}
[2026-01-02T19:16:53.210+0000] {taskinstance.py:441} INFO - ::group::Post task execution logs
[2026-01-02T19:16:54.371+0000] {taskinstance.py:1206} INFO - Marking task as SUCCESS. dag_id=main_pipeline, task_id=compare_distributions, run_id=manual__2026-01-02T19:16:01.778138+00:00, execution_date=20260102T191601, start_date=20260102T191650, end_date=20260102T191654
[2026-01-02T19:16:54.512+0000] {local_task_job_runner.py:243} INFO - Task exited with return code 0
[2026-01-02T19:16:54.703+0000] {taskinstance.py:3503} INFO - 0 downstream tasks scheduled from follow-on schedule check
[2026-01-02T19:16:54.710+0000] {local_task_job_runner.py:222} INFO - ::endgroup::
