[2026-01-03T16:15:06.276+0000] {local_task_job_runner.py:120} INFO - ::group::Pre task execution logs
[2026-01-03T16:15:06.473+0000] {taskinstance.py:2076} INFO - Dependencies all met for dep_context=non-requeueable deps ti=<TaskInstance: main_pipeline.model_to_prod manual__2026-01-03T16:09:45.815271+00:00 [queued]>
[2026-01-03T16:15:06.511+0000] {taskinstance.py:2076} INFO - Dependencies all met for dep_context=requeueable deps ti=<TaskInstance: main_pipeline.model_to_prod manual__2026-01-03T16:09:45.815271+00:00 [queued]>
[2026-01-03T16:15:06.512+0000] {taskinstance.py:2306} INFO - Starting attempt 1 of 1
[2026-01-03T16:15:06.635+0000] {taskinstance.py:2330} INFO - Executing <Task(_BranchPythonDecoratedOperator): model_to_prod> on 2026-01-03 16:09:45.815271+00:00
[2026-01-03T16:15:06.700+0000] {standard_task_runner.py:64} INFO - Started process 9686 to run task
[2026-01-03T16:15:06.742+0000] {standard_task_runner.py:90} INFO - Running: ['***', 'tasks', 'run', 'main_pipeline', 'model_to_prod', 'manual__2026-01-03T16:09:45.815271+00:00', '--job-id', '314', '--raw', '--subdir', 'DAGS_FOLDER/pipeline/main.py', '--cfg-path', '/tmp/tmpmyb1lymv']
[2026-01-03T16:15:06.756+0000] {standard_task_runner.py:91} INFO - Job 314: Subtask model_to_prod
[2026-01-03T16:15:07.101+0000] {task_command.py:426} INFO - Running <TaskInstance: main_pipeline.model_to_prod manual__2026-01-03T16:09:45.815271+00:00 [running]> on host 8574a19215f6
[2026-01-03T16:15:07.694+0000] {taskinstance.py:2648} INFO - Exporting env vars: AIRFLOW_CTX_DAG_OWNER='***' AIRFLOW_CTX_DAG_ID='main_pipeline' AIRFLOW_CTX_TASK_ID='model_to_prod' AIRFLOW_CTX_EXECUTION_DATE='2026-01-03T16:09:45.815271+00:00' AIRFLOW_CTX_TRY_NUMBER='1' AIRFLOW_CTX_DAG_RUN_ID='manual__2026-01-03T16:09:45.815271+00:00'
[2026-01-03T16:15:07.709+0000] {taskinstance.py:430} INFO - ::endgroup::
[2026-01-03T16:15:07.711+0000] {python.py:237} INFO - Done. Returned value was: end_model_setup
[2026-01-03T16:15:07.712+0000] {branch.py:36} INFO - Branch into end_model_setup
[2026-01-03T16:15:07.713+0000] {skipmixin.py:178} INFO - Following branch end_model_setup
[2026-01-03T16:15:07.805+0000] {skipmixin.py:246} INFO - Skipping tasks [('set_new_prod_model', -1)]
[2026-01-03T16:15:08.069+0000] {taskinstance.py:441} INFO - ::group::Post task execution logs
[2026-01-03T16:15:09.344+0000] {taskinstance.py:1206} INFO - Marking task as SUCCESS. dag_id=main_pipeline, task_id=model_to_prod, run_id=manual__2026-01-03T16:09:45.815271+00:00, execution_date=20260103T160945, start_date=20260103T161506, end_date=20260103T161509
[2026-01-03T16:15:09.589+0000] {local_task_job_runner.py:243} INFO - Task exited with return code 0
[2026-01-03T16:15:09.783+0000] {taskinstance.py:3503} INFO - 1 downstream tasks scheduled from follow-on schedule check
[2026-01-03T16:15:09.801+0000] {local_task_job_runner.py:222} INFO - ::endgroup::
