[2026-01-03T14:44:21.069+0000] {local_task_job_runner.py:120} INFO - ::group::Pre task execution logs
[2026-01-03T14:44:21.271+0000] {taskinstance.py:2076} INFO - Dependencies all met for dep_context=non-requeueable deps ti=<TaskInstance: main_pipeline.compare_distributions manual__2026-01-03T14:43:35.252593+00:00 [queued]>
[2026-01-03T14:44:21.442+0000] {taskinstance.py:2076} INFO - Dependencies all met for dep_context=requeueable deps ti=<TaskInstance: main_pipeline.compare_distributions manual__2026-01-03T14:43:35.252593+00:00 [queued]>
[2026-01-03T14:44:21.445+0000] {taskinstance.py:2306} INFO - Starting attempt 1 of 1
[2026-01-03T14:44:21.565+0000] {taskinstance.py:2330} INFO - Executing <Task(_PythonDecoratedOperator): compare_distributions> on 2026-01-03 14:43:35.252593+00:00
[2026-01-03T14:44:21.634+0000] {standard_task_runner.py:64} INFO - Started process 4850 to run task
[2026-01-03T14:44:21.663+0000] {standard_task_runner.py:90} INFO - Running: ['***', 'tasks', 'run', 'main_pipeline', 'compare_distributions', 'manual__2026-01-03T14:43:35.252593+00:00', '--job-id', '250', '--raw', '--subdir', 'DAGS_FOLDER/pipeline/main.py', '--cfg-path', '/tmp/tmp30l_t5q7']
[2026-01-03T14:44:21.668+0000] {standard_task_runner.py:91} INFO - Job 250: Subtask compare_distributions
[2026-01-03T14:44:22.155+0000] {task_command.py:426} INFO - Running <TaskInstance: main_pipeline.compare_distributions manual__2026-01-03T14:43:35.252593+00:00 [running]> on host 8574a19215f6
[2026-01-03T14:44:22.969+0000] {taskinstance.py:2648} INFO - Exporting env vars: AIRFLOW_CTX_DAG_OWNER='***' AIRFLOW_CTX_DAG_ID='main_pipeline' AIRFLOW_CTX_TASK_ID='compare_distributions' AIRFLOW_CTX_EXECUTION_DATE='2026-01-03T14:43:35.252593+00:00' AIRFLOW_CTX_TRY_NUMBER='1' AIRFLOW_CTX_DAG_RUN_ID='manual__2026-01-03T14:43:35.252593+00:00'
[2026-01-03T14:44:22.988+0000] {taskinstance.py:430} INFO - ::endgroup::
[2026-01-03T14:44:26.030+0000] {credentials.py:1147} INFO - Found credentials in environment variables.
[2026-01-03T14:44:27.051+0000] {logging_mixin.py:188} WARNING - Downloading artifacts:   0%|          | 0/1 [00:00<?, ?it/s]
[2026-01-03T14:44:27.054+0000] {logging_mixin.py:188} WARNING - Downloading artifacts: 100%|##########| 1/1 [00:00<00:00, 564.59it/s]
[2026-01-03T14:44:27.057+0000] {logging_mixin.py:188} WARNING - Downloading artifacts: 100%|##########| 1/1 [00:00<00:00, 229.03it/s]
[2026-01-03T14:44:27.090+0000] {logging_mixin.py:188} INFO - {"status":"updated","traffic":{"a":0.5,"b":0.5,"data_size":5000,"drift_cols":["price","color"]}}
[2026-01-03T14:44:28.127+0000] {logging_mixin.py:188} INFO - {'data':       carat        cut color clarity  ...         price     x     y     z
0      0.35      Ideal     D     VS2  ...    639.289810  4.55  4.53  2.82
1      1.64    Premium     D     SI1  ...   9393.476795  7.68  7.64  4.54
2      0.51      Ideal     H     SI1  ...   2301.883794  5.13  5.10  3.22
3      2.02  Very Geod     E     SI2  ...  18313.763319  7.93  8.00  5.04
4      0.37      Ideal     E     VS2  ...    603.000000  4.62  4.66  2.84
...     ...        ...   ...     ...  ...           ...   ...   ...   ...
4995   0.91      Ideal     F     SI2  ...   4949.953800  6.18  6.22  3.86
4996   0.52    Premium     J     VS2  ...   2566.579708  5.21  5.17  3.13
4997   1.55    Premium     J     VS1  ...   7733.000000  7.39  7.42  4.56
4998   1.30    Premium     I     SI2  ...   9026.362078  7.00  6.95  4.26
4999   0.39      Ideal     F     VS1  ...    770.298032  4.78  4.79  2.88

[5000 rows x 10 columns], 'drift_info': {'carat': [0.7000577638263761, 0], 'depth': [0.5127791558747143, 0], 'table': [0.4092199261755693, 0], 'x': [0.6957177913208407, 0], 'y': [0.7597800220530123, 0], 'z': [0.7680889723518909, 0], 'price': [0.7783711477941619, 0], 'cut': [0.004353325288582189, 0], 'color': [0.0026435897448363085, 0], 'clarity': [0.0034356143970088416, 0]}}
[2026-01-03T14:44:28.141+0000] {python.py:237} INFO - Done. Returned value was: {'data':       carat        cut color clarity  ...         price     x     y     z
0      0.35      Ideal     D     VS2  ...    639.289810  4.55  4.53  2.82
1      1.64    Premium     D     SI1  ...   9393.476795  7.68  7.64  4.54
2      0.51      Ideal     H     SI1  ...   2301.883794  5.13  5.10  3.22
3      2.02  Very Geod     E     SI2  ...  18313.763319  7.93  8.00  5.04
4      0.37      Ideal     E     VS2  ...    603.000000  4.62  4.66  2.84
...     ...        ...   ...     ...  ...           ...   ...   ...   ...
4995   0.91      Ideal     F     SI2  ...   4949.953800  6.18  6.22  3.86
4996   0.52    Premium     J     VS2  ...   2566.579708  5.21  5.17  3.13
4997   1.55    Premium     J     VS1  ...   7733.000000  7.39  7.42  4.56
4998   1.30    Premium     I     SI2  ...   9026.362078  7.00  6.95  4.26
4999   0.39      Ideal     F     VS1  ...    770.298032  4.78  4.79  2.88

[5000 rows x 10 columns], 'drift_info': {'carat': [0.7000577638263761, 0], 'depth': [0.5127791558747143, 0], 'table': [0.4092199261755693, 0], 'x': [0.6957177913208407, 0], 'y': [0.7597800220530123, 0], 'z': [0.7680889723518909, 0], 'price': [0.7783711477941619, 0], 'cut': [0.004353325288582189, 0], 'color': [0.0026435897448363085, 0], 'clarity': [0.0034356143970088416, 0]}}
[2026-01-03T14:44:28.246+0000] {taskinstance.py:441} INFO - ::group::Post task execution logs
[2026-01-03T14:44:28.657+0000] {taskinstance.py:1206} INFO - Marking task as SUCCESS. dag_id=main_pipeline, task_id=compare_distributions, run_id=manual__2026-01-03T14:43:35.252593+00:00, execution_date=20260103T144335, start_date=20260103T144421, end_date=20260103T144428
[2026-01-03T14:44:28.950+0000] {local_task_job_runner.py:243} INFO - Task exited with return code 0
[2026-01-03T14:44:29.069+0000] {taskinstance.py:3503} INFO - 0 downstream tasks scheduled from follow-on schedule check
[2026-01-03T14:44:29.117+0000] {local_task_job_runner.py:222} INFO - ::endgroup::
