[2026-01-03T14:44:40.719+0000] {local_task_job_runner.py:120} INFO - ::group::Pre task execution logs
[2026-01-03T14:44:40.990+0000] {taskinstance.py:2076} INFO - Dependencies all met for dep_context=non-requeueable deps ti=<TaskInstance: main_pipeline.check_drift manual__2026-01-03T14:43:35.252593+00:00 [queued]>
[2026-01-03T14:44:41.052+0000] {taskinstance.py:2076} INFO - Dependencies all met for dep_context=requeueable deps ti=<TaskInstance: main_pipeline.check_drift manual__2026-01-03T14:43:35.252593+00:00 [queued]>
[2026-01-03T14:44:41.056+0000] {taskinstance.py:2306} INFO - Starting attempt 1 of 1
[2026-01-03T14:44:41.109+0000] {taskinstance.py:2330} INFO - Executing <Task(_BranchPythonDecoratedOperator): check_drift> on 2026-01-03 14:43:35.252593+00:00
[2026-01-03T14:44:41.170+0000] {standard_task_runner.py:64} INFO - Started process 4881 to run task
[2026-01-03T14:44:41.225+0000] {standard_task_runner.py:90} INFO - Running: ['***', 'tasks', 'run', 'main_pipeline', 'check_drift', 'manual__2026-01-03T14:43:35.252593+00:00', '--job-id', '251', '--raw', '--subdir', 'DAGS_FOLDER/pipeline/main.py', '--cfg-path', '/tmp/tmpnjjyj1ik']
[2026-01-03T14:44:41.237+0000] {standard_task_runner.py:91} INFO - Job 251: Subtask check_drift
[2026-01-03T14:44:41.618+0000] {task_command.py:426} INFO - Running <TaskInstance: main_pipeline.check_drift manual__2026-01-03T14:43:35.252593+00:00 [running]> on host 8574a19215f6
[2026-01-03T14:44:44.688+0000] {taskinstance.py:2648} INFO - Exporting env vars: AIRFLOW_CTX_DAG_OWNER='***' AIRFLOW_CTX_DAG_ID='main_pipeline' AIRFLOW_CTX_TASK_ID='check_drift' AIRFLOW_CTX_EXECUTION_DATE='2026-01-03T14:43:35.252593+00:00' AIRFLOW_CTX_TRY_NUMBER='1' AIRFLOW_CTX_DAG_RUN_ID='manual__2026-01-03T14:43:35.252593+00:00'
[2026-01-03T14:44:44.691+0000] {taskinstance.py:430} INFO - ::endgroup::
[2026-01-03T14:44:44.693+0000] {python.py:237} INFO - Done. Returned value was: check_end
[2026-01-03T14:44:44.695+0000] {branch.py:36} INFO - Branch into check_end
[2026-01-03T14:44:44.696+0000] {skipmixin.py:178} INFO - Following branch check_end
[2026-01-03T14:44:44.890+0000] {skipmixin.py:246} INFO - Skipping tasks [('train_new_model', -1)]
[2026-01-03T14:44:45.177+0000] {taskinstance.py:441} INFO - ::group::Post task execution logs
[2026-01-03T14:44:45.539+0000] {taskinstance.py:1206} INFO - Marking task as SUCCESS. dag_id=main_pipeline, task_id=check_drift, run_id=manual__2026-01-03T14:43:35.252593+00:00, execution_date=20260103T144335, start_date=20260103T144440, end_date=20260103T144445
[2026-01-03T14:44:45.803+0000] {local_task_job_runner.py:243} INFO - Task exited with return code 0
[2026-01-03T14:44:46.095+0000] {taskinstance.py:3503} INFO - 0 downstream tasks scheduled from follow-on schedule check
[2026-01-03T14:44:46.118+0000] {local_task_job_runner.py:222} INFO - ::endgroup::
