[2026-01-03T16:57:16.347+0000] {local_task_job_runner.py:120} INFO - ::group::Pre task execution logs
[2026-01-03T16:57:16.575+0000] {taskinstance.py:2076} INFO - Dependencies all met for dep_context=non-requeueable deps ti=<TaskInstance: main_pipeline.model_to_prod manual__2026-01-03T16:52:04.625558+00:00 [queued]>
[2026-01-03T16:57:16.630+0000] {taskinstance.py:2076} INFO - Dependencies all met for dep_context=requeueable deps ti=<TaskInstance: main_pipeline.model_to_prod manual__2026-01-03T16:52:04.625558+00:00 [queued]>
[2026-01-03T16:57:16.636+0000] {taskinstance.py:2306} INFO - Starting attempt 1 of 1
[2026-01-03T16:57:16.682+0000] {taskinstance.py:2330} INFO - Executing <Task(_BranchPythonDecoratedOperator): model_to_prod> on 2026-01-03 16:52:04.625558+00:00
[2026-01-03T16:57:16.768+0000] {standard_task_runner.py:64} INFO - Started process 12037 to run task
[2026-01-03T16:57:16.792+0000] {standard_task_runner.py:90} INFO - Running: ['***', 'tasks', 'run', 'main_pipeline', 'model_to_prod', 'manual__2026-01-03T16:52:04.625558+00:00', '--job-id', '332', '--raw', '--subdir', 'DAGS_FOLDER/pipeline/main.py', '--cfg-path', '/tmp/tmpym4sgxmd']
[2026-01-03T16:57:16.803+0000] {standard_task_runner.py:91} INFO - Job 332: Subtask model_to_prod
[2026-01-03T16:57:17.283+0000] {task_command.py:426} INFO - Running <TaskInstance: main_pipeline.model_to_prod manual__2026-01-03T16:52:04.625558+00:00 [running]> on host 8574a19215f6
[2026-01-03T16:57:18.102+0000] {taskinstance.py:2648} INFO - Exporting env vars: AIRFLOW_CTX_DAG_OWNER='***' AIRFLOW_CTX_DAG_ID='main_pipeline' AIRFLOW_CTX_TASK_ID='model_to_prod' AIRFLOW_CTX_EXECUTION_DATE='2026-01-03T16:52:04.625558+00:00' AIRFLOW_CTX_TRY_NUMBER='1' AIRFLOW_CTX_DAG_RUN_ID='manual__2026-01-03T16:52:04.625558+00:00'
[2026-01-03T16:57:18.123+0000] {taskinstance.py:430} INFO - ::endgroup::
[2026-01-03T16:57:18.131+0000] {python.py:237} INFO - Done. Returned value was: end_model_setup
[2026-01-03T16:57:18.132+0000] {branch.py:36} INFO - Branch into end_model_setup
[2026-01-03T16:57:18.132+0000] {skipmixin.py:178} INFO - Following branch end_model_setup
[2026-01-03T16:57:18.300+0000] {skipmixin.py:246} INFO - Skipping tasks [('set_new_prod_model', -1)]
[2026-01-03T16:57:18.587+0000] {taskinstance.py:441} INFO - ::group::Post task execution logs
[2026-01-03T16:57:20.055+0000] {taskinstance.py:1206} INFO - Marking task as SUCCESS. dag_id=main_pipeline, task_id=model_to_prod, run_id=manual__2026-01-03T16:52:04.625558+00:00, execution_date=20260103T165204, start_date=20260103T165716, end_date=20260103T165720
[2026-01-03T16:57:20.220+0000] {local_task_job_runner.py:243} INFO - Task exited with return code 0
[2026-01-03T16:57:20.379+0000] {taskinstance.py:3503} INFO - 1 downstream tasks scheduled from follow-on schedule check
[2026-01-03T16:57:20.421+0000] {local_task_job_runner.py:222} INFO - ::endgroup::
