[2026-01-03T16:13:36.890+0000] {local_task_job_runner.py:120} INFO - ::group::Pre task execution logs
[2026-01-03T16:13:37.458+0000] {taskinstance.py:2076} INFO - Dependencies all met for dep_context=non-requeueable deps ti=<TaskInstance: main_pipeline.set_staging_model manual__2026-01-03T16:09:45.815271+00:00 [queued]>
[2026-01-03T16:13:37.554+0000] {taskinstance.py:2076} INFO - Dependencies all met for dep_context=requeueable deps ti=<TaskInstance: main_pipeline.set_staging_model manual__2026-01-03T16:09:45.815271+00:00 [queued]>
[2026-01-03T16:13:37.557+0000] {taskinstance.py:2306} INFO - Starting attempt 1 of 1
[2026-01-03T16:13:37.679+0000] {taskinstance.py:2330} INFO - Executing <Task(_PythonDecoratedOperator): set_staging_model> on 2026-01-03 16:09:45.815271+00:00
[2026-01-03T16:13:37.756+0000] {standard_task_runner.py:64} INFO - Started process 9562 to run task
[2026-01-03T16:13:37.778+0000] {standard_task_runner.py:90} INFO - Running: ['***', 'tasks', 'run', 'main_pipeline', 'set_staging_model', 'manual__2026-01-03T16:09:45.815271+00:00', '--job-id', '312', '--raw', '--subdir', 'DAGS_FOLDER/pipeline/main.py', '--cfg-path', '/tmp/tmp16d54a1u']
[2026-01-03T16:13:37.792+0000] {standard_task_runner.py:91} INFO - Job 312: Subtask set_staging_model
[2026-01-03T16:13:38.217+0000] {task_command.py:426} INFO - Running <TaskInstance: main_pipeline.set_staging_model manual__2026-01-03T16:09:45.815271+00:00 [running]> on host 8574a19215f6
[2026-01-03T16:13:39.198+0000] {taskinstance.py:2648} INFO - Exporting env vars: AIRFLOW_CTX_DAG_OWNER='***' AIRFLOW_CTX_DAG_ID='main_pipeline' AIRFLOW_CTX_TASK_ID='set_staging_model' AIRFLOW_CTX_EXECUTION_DATE='2026-01-03T16:09:45.815271+00:00' AIRFLOW_CTX_TRY_NUMBER='1' AIRFLOW_CTX_DAG_RUN_ID='manual__2026-01-03T16:09:45.815271+00:00'
[2026-01-03T16:13:39.210+0000] {taskinstance.py:430} INFO - ::endgroup::
[2026-01-03T16:13:41.445+0000] {logging_mixin.py:188} INFO - 77b400ce2ffe487789319814f08866fc
[2026-01-03T16:13:41.750+0000] {logging_mixin.py:188} WARNING - Registered model 'price_prediction' already exists. Creating a new version of this model...
[2026-01-03T16:13:42.203+0000] {logging_mixin.py:188} WARNING - 2026/01/03 16:13:42 INFO mlflow.tracking._model_registry.client: Waiting up to 300 seconds for model version to finish creation. Model name: price_prediction, version 20
[2026-01-03T16:13:42.204+0000] {logging_mixin.py:188} WARNING - Created version '20' of model 'price_prediction'.
[2026-01-03T16:13:43.152+0000] {logging_mixin.py:188} INFO - 77b400ce2ffe487789319814f08866fc
[2026-01-03T16:13:43.316+0000] {logging_mixin.py:188} WARNING - Registered model 'price_prediction' already exists. Creating a new version of this model...
[2026-01-03T16:13:43.617+0000] {logging_mixin.py:188} WARNING - 2026/01/03 16:13:43 INFO mlflow.tracking._model_registry.client: Waiting up to 300 seconds for model version to finish creation. Model name: price_prediction, version 21
[2026-01-03T16:13:43.618+0000] {logging_mixin.py:188} WARNING - Created version '21' of model 'price_prediction'.
[2026-01-03T16:13:43.931+0000] {logging_mixin.py:188} INFO - New model was set to Staging!
[2026-01-03T16:13:43.932+0000] {python.py:237} INFO - Done. Returned value was: None
[2026-01-03T16:13:43.933+0000] {taskinstance.py:441} INFO - ::group::Post task execution logs
[2026-01-03T16:13:44.032+0000] {taskinstance.py:1206} INFO - Marking task as SUCCESS. dag_id=main_pipeline, task_id=set_staging_model, run_id=manual__2026-01-03T16:09:45.815271+00:00, execution_date=20260103T160945, start_date=20260103T161337, end_date=20260103T161344
[2026-01-03T16:13:44.256+0000] {local_task_job_runner.py:243} INFO - Task exited with return code 0
[2026-01-03T16:13:44.460+0000] {taskinstance.py:3503} INFO - 1 downstream tasks scheduled from follow-on schedule check
[2026-01-03T16:13:44.493+0000] {local_task_job_runner.py:222} INFO - ::endgroup::
