[2025-12-30T13:23:09.572+0000] {local_task_job_runner.py:120} INFO - ::group::Pre task execution logs
[2025-12-30T13:23:09.872+0000] {taskinstance.py:2076} INFO - Dependencies all met for dep_context=non-requeueable deps ti=<TaskInstance: main_pipeline.train_compare manual__2025-12-30T13:22:39.166962+00:00 [queued]>
[2025-12-30T13:23:09.936+0000] {taskinstance.py:2076} INFO - Dependencies all met for dep_context=requeueable deps ti=<TaskInstance: main_pipeline.train_compare manual__2025-12-30T13:22:39.166962+00:00 [queued]>
[2025-12-30T13:23:09.937+0000] {taskinstance.py:2306} INFO - Starting attempt 1 of 1
[2025-12-30T13:23:09.995+0000] {taskinstance.py:2330} INFO - Executing <Task(_BranchPythonDecoratedOperator): train_compare> on 2025-12-30 13:22:39.166962+00:00
[2025-12-30T13:23:10.024+0000] {standard_task_runner.py:64} INFO - Started process 7815 to run task
[2025-12-30T13:23:10.031+0000] {standard_task_runner.py:90} INFO - Running: ['***', 'tasks', 'run', 'main_pipeline', 'train_compare', 'manual__2025-12-30T13:22:39.166962+00:00', '--job-id', '97', '--raw', '--subdir', 'DAGS_FOLDER/pipeline/main.py', '--cfg-path', '/tmp/tmpe2va6xbw']
[2025-12-30T13:23:10.035+0000] {standard_task_runner.py:91} INFO - Job 97: Subtask train_compare
[2025-12-30T13:23:10.794+0000] {task_command.py:426} INFO - Running <TaskInstance: main_pipeline.train_compare manual__2025-12-30T13:22:39.166962+00:00 [running]> on host f5d1d4eaa079
[2025-12-30T13:23:11.831+0000] {taskinstance.py:2648} INFO - Exporting env vars: AIRFLOW_CTX_DAG_OWNER='***' AIRFLOW_CTX_DAG_ID='main_pipeline' AIRFLOW_CTX_TASK_ID='train_compare' AIRFLOW_CTX_EXECUTION_DATE='2025-12-30T13:22:39.166962+00:00' AIRFLOW_CTX_TRY_NUMBER='1' AIRFLOW_CTX_DAG_RUN_ID='manual__2025-12-30T13:22:39.166962+00:00'
[2025-12-30T13:23:11.843+0000] {taskinstance.py:430} INFO - ::endgroup::
[2025-12-30T13:23:11.847+0000] {logging_mixin.py:188} INFO - Current production version 1
[2025-12-30T13:23:11.848+0000] {logging_mixin.py:188} INFO - Next task - data drift check
[2025-12-30T13:23:11.848+0000] {python.py:237} INFO - Done. Returned value was: compare_distributions
[2025-12-30T13:23:11.848+0000] {branch.py:36} INFO - Branch into compare_distributions
[2025-12-30T13:23:11.848+0000] {skipmixin.py:178} INFO - Following branch compare_distributions
[2025-12-30T13:23:12.015+0000] {skipmixin.py:246} INFO - Skipping tasks [('train_model', -1)]
[2025-12-30T13:23:12.184+0000] {taskinstance.py:441} INFO - ::group::Post task execution logs
[2025-12-30T13:23:12.327+0000] {taskinstance.py:1206} INFO - Marking task as SUCCESS. dag_id=main_pipeline, task_id=train_compare, run_id=manual__2025-12-30T13:22:39.166962+00:00, execution_date=20251230T132239, start_date=20251230T132309, end_date=20251230T132312
[2025-12-30T13:23:12.451+0000] {local_task_job_runner.py:243} INFO - Task exited with return code 0
[2025-12-30T13:23:12.615+0000] {taskinstance.py:3503} INFO - 1 downstream tasks scheduled from follow-on schedule check
[2025-12-30T13:23:12.628+0000] {local_task_job_runner.py:222} INFO - ::endgroup::
