[2026-01-03T14:21:18.021+0000] {local_task_job_runner.py:120} INFO - ::group::Pre task execution logs
[2026-01-03T14:21:18.398+0000] {taskinstance.py:2076} INFO - Dependencies all met for dep_context=non-requeueable deps ti=<TaskInstance: main_pipeline.compare_distributions manual__2026-01-03T14:20:34.737501+00:00 [queued]>
[2026-01-03T14:21:18.448+0000] {taskinstance.py:2076} INFO - Dependencies all met for dep_context=requeueable deps ti=<TaskInstance: main_pipeline.compare_distributions manual__2026-01-03T14:20:34.737501+00:00 [queued]>
[2026-01-03T14:21:18.450+0000] {taskinstance.py:2306} INFO - Starting attempt 1 of 1
[2026-01-03T14:21:18.562+0000] {taskinstance.py:2330} INFO - Executing <Task(_PythonDecoratedOperator): compare_distributions> on 2026-01-03 14:20:34.737501+00:00
[2026-01-03T14:21:18.661+0000] {standard_task_runner.py:64} INFO - Started process 3800 to run task
[2026-01-03T14:21:18.685+0000] {standard_task_runner.py:90} INFO - Running: ['***', 'tasks', 'run', 'main_pipeline', 'compare_distributions', 'manual__2026-01-03T14:20:34.737501+00:00', '--job-id', '238', '--raw', '--subdir', 'DAGS_FOLDER/pipeline/main.py', '--cfg-path', '/tmp/tmpggegm0w3']
[2026-01-03T14:21:18.693+0000] {standard_task_runner.py:91} INFO - Job 238: Subtask compare_distributions
[2026-01-03T14:21:19.064+0000] {task_command.py:426} INFO - Running <TaskInstance: main_pipeline.compare_distributions manual__2026-01-03T14:20:34.737501+00:00 [running]> on host 8574a19215f6
[2026-01-03T14:21:19.851+0000] {taskinstance.py:2648} INFO - Exporting env vars: AIRFLOW_CTX_DAG_OWNER='***' AIRFLOW_CTX_DAG_ID='main_pipeline' AIRFLOW_CTX_TASK_ID='compare_distributions' AIRFLOW_CTX_EXECUTION_DATE='2026-01-03T14:20:34.737501+00:00' AIRFLOW_CTX_TRY_NUMBER='1' AIRFLOW_CTX_DAG_RUN_ID='manual__2026-01-03T14:20:34.737501+00:00'
[2026-01-03T14:21:19.891+0000] {taskinstance.py:430} INFO - ::endgroup::
[2026-01-03T14:21:22.647+0000] {credentials.py:1147} INFO - Found credentials in environment variables.
[2026-01-03T14:21:23.424+0000] {logging_mixin.py:188} WARNING - Downloading artifacts:   0%|          | 0/1 [00:00<?, ?it/s]
[2026-01-03T14:21:23.441+0000] {logging_mixin.py:188} WARNING - Downloading artifacts: 100%|##########| 1/1 [00:00<00:00, 64.55it/s]
[2026-01-03T14:21:23.446+0000] {logging_mixin.py:188} WARNING - Downloading artifacts: 100%|##########| 1/1 [00:00<00:00, 53.24it/s]
[2026-01-03T14:21:23.484+0000] {logging_mixin.py:188} INFO - {"status":"updated","traffic":{"a":0.5,"b":0.5,"data_size":5000,"drift_cols":["price","color"]}}
[2026-01-03T14:21:24.370+0000] {logging_mixin.py:188} INFO - {'data':       carat        cut color clarity  ...        price     x     y     z
0      0.53      Ideal     H     VS1  ...  1812.000000  5.17  5.22  3.23
1      0.32      Ideal     F     VS2  ...   972.000000  4.43  4.39  2.74
2      0.30       Good     D     VS1  ...   496.554891  4.23  4.26  2.69
3      0.32    Premium     I     SI2  ...   127.504289  4.38  4.35  2.69
4      0.80    Premium     H     SI1  ...  2603.306816  6.12  6.04  3.55
...     ...        ...   ...     ...  ...          ...   ...   ...   ...
4995   0.38      Ideal     G     SI1  ...   653.000000  4.64  4.67  2.86
4996   0.76      Ideal     H     SI2  ...  4929.975054  5.78  5.82  3.64
4997   0.43    Premium     H     SI1  ...   739.000000  4.82  4.84  2.98
4998   0.51  Very Good     D     SI2  ...  1239.000000  5.12  5.08  3.23
4999   0.30      Ideal     F     VS2  ...  1384.239327  4.33  4.29  2.70

[5000 rows x 10 columns], 'drift_info': {'carat': [0.21288780575925412, 0], 'depth': [0.2647948122905509, 0], 'table': [0.8868953875204989, 0], 'x': [0.3480616455899291, 0], 'y': [0.4092199261755693, 0], 'z': [0.18114135671079315, 0], 'price': [0.8314011106342118, 0], 'cut': [0.003461671592995638, 0], 'color': [0.0028907387096310097, 0], 'clarity': [0.004721402958027782, 0]}}
[2026-01-03T14:21:24.375+0000] {python.py:237} INFO - Done. Returned value was: {'data':       carat        cut color clarity  ...        price     x     y     z
0      0.53      Ideal     H     VS1  ...  1812.000000  5.17  5.22  3.23
1      0.32      Ideal     F     VS2  ...   972.000000  4.43  4.39  2.74
2      0.30       Good     D     VS1  ...   496.554891  4.23  4.26  2.69
3      0.32    Premium     I     SI2  ...   127.504289  4.38  4.35  2.69
4      0.80    Premium     H     SI1  ...  2603.306816  6.12  6.04  3.55
...     ...        ...   ...     ...  ...          ...   ...   ...   ...
4995   0.38      Ideal     G     SI1  ...   653.000000  4.64  4.67  2.86
4996   0.76      Ideal     H     SI2  ...  4929.975054  5.78  5.82  3.64
4997   0.43    Premium     H     SI1  ...   739.000000  4.82  4.84  2.98
4998   0.51  Very Good     D     SI2  ...  1239.000000  5.12  5.08  3.23
4999   0.30      Ideal     F     VS2  ...  1384.239327  4.33  4.29  2.70

[5000 rows x 10 columns], 'drift_info': {'carat': [0.21288780575925412, 0], 'depth': [0.2647948122905509, 0], 'table': [0.8868953875204989, 0], 'x': [0.3480616455899291, 0], 'y': [0.4092199261755693, 0], 'z': [0.18114135671079315, 0], 'price': [0.8314011106342118, 0], 'cut': [0.003461671592995638, 0], 'color': [0.0028907387096310097, 0], 'clarity': [0.004721402958027782, 0]}}
[2026-01-03T14:21:24.563+0000] {taskinstance.py:441} INFO - ::group::Post task execution logs
[2026-01-03T14:21:25.206+0000] {taskinstance.py:1206} INFO - Marking task as SUCCESS. dag_id=main_pipeline, task_id=compare_distributions, run_id=manual__2026-01-03T14:20:34.737501+00:00, execution_date=20260103T142034, start_date=20260103T142118, end_date=20260103T142125
[2026-01-03T14:21:25.496+0000] {local_task_job_runner.py:243} INFO - Task exited with return code 0
[2026-01-03T14:21:25.736+0000] {taskinstance.py:3503} INFO - 1 downstream tasks scheduled from follow-on schedule check
[2026-01-03T14:21:25.758+0000] {local_task_job_runner.py:222} INFO - ::endgroup::
