[2026-01-02T17:53:41.252+0000] {local_task_job_runner.py:120} INFO - ::group::Pre task execution logs
[2026-01-02T17:53:41.619+0000] {taskinstance.py:2076} INFO - Dependencies all met for dep_context=non-requeueable deps ti=<TaskInstance: main_pipeline.check_prod_model manual__2026-01-02T17:53:32.565374+00:00 [queued]>
[2026-01-02T17:53:41.751+0000] {taskinstance.py:2076} INFO - Dependencies all met for dep_context=requeueable deps ti=<TaskInstance: main_pipeline.check_prod_model manual__2026-01-02T17:53:32.565374+00:00 [queued]>
[2026-01-02T17:53:41.758+0000] {taskinstance.py:2306} INFO - Starting attempt 1 of 1
[2026-01-02T17:53:41.884+0000] {taskinstance.py:2330} INFO - Executing <Task(_PythonDecoratedOperator): check_prod_model> on 2026-01-02 17:53:32.565374+00:00
[2026-01-02T17:53:42.040+0000] {standard_task_runner.py:64} INFO - Started process 564 to run task
[2026-01-02T17:53:42.075+0000] {standard_task_runner.py:90} INFO - Running: ['***', 'tasks', 'run', 'main_pipeline', 'check_prod_model', 'manual__2026-01-02T17:53:32.565374+00:00', '--job-id', '131', '--raw', '--subdir', 'DAGS_FOLDER/pipeline/main.py', '--cfg-path', '/tmp/tmpghy790nc']
[2026-01-02T17:53:42.097+0000] {standard_task_runner.py:91} INFO - Job 131: Subtask check_prod_model
[2026-01-02T17:53:42.803+0000] {task_command.py:426} INFO - Running <TaskInstance: main_pipeline.check_prod_model manual__2026-01-02T17:53:32.565374+00:00 [running]> on host 634f416f74b0
[2026-01-02T17:53:44.495+0000] {taskinstance.py:2648} INFO - Exporting env vars: AIRFLOW_CTX_DAG_OWNER='***' AIRFLOW_CTX_DAG_ID='main_pipeline' AIRFLOW_CTX_TASK_ID='check_prod_model' AIRFLOW_CTX_EXECUTION_DATE='2026-01-02T17:53:32.565374+00:00' AIRFLOW_CTX_TRY_NUMBER='1' AIRFLOW_CTX_DAG_RUN_ID='manual__2026-01-02T17:53:32.565374+00:00'
[2026-01-02T17:53:44.503+0000] {taskinstance.py:430} INFO - ::endgroup::
[2026-01-02T17:53:56.255+0000] {logging_mixin.py:188} WARNING - /home/***/.local/lib/python3.11/site-packages/pydantic/_internal/_fields.py:161 UserWarning: Field "model_server_url" has conflict with protected namespace "model_".

You may be able to resolve this warning by setting `model_config['protected_namespaces'] = ()`.
[2026-01-02T17:53:56.349+0000] {logging_mixin.py:188} WARNING - /home/***/.local/lib/python3.11/site-packages/pydantic/_internal/_config.py:341 UserWarning: Valid config keys have changed in V2:
* 'schema_extra' has been renamed to 'json_schema_extra'
[2026-01-02T17:53:57.606+0000] {logging_mixin.py:188} INFO - Parent run ID: 4bc1462443e44b33b00192af714f309f
[2026-01-02T17:53:57.612+0000] {logging_mixin.py:188} INFO - Found production version: 5
[2026-01-02T17:53:59.471+0000] {credentials.py:1147} INFO - Found credentials in environment variables.
[2026-01-02T17:54:00.299+0000] {logging_mixin.py:188} WARNING - Downloading artifacts:   0%|          | 0/1 [00:00<?, ?it/s]
[2026-01-02T17:54:00.306+0000] {logging_mixin.py:188} WARNING - Downloading artifacts: 100%|##########| 1/1 [00:00<00:00, 2492.16it/s]
[2026-01-02T17:54:00.311+0000] {logging_mixin.py:188} WARNING - Downloading artifacts: 100%|##########| 1/1 [00:00<00:00, 161.77it/s] 
[2026-01-02T17:54:00.341+0000] {python.py:237} INFO - Done. Returned value was: {'production_version': '5'}
[2026-01-02T17:54:00.346+0000] {taskinstance.py:441} INFO - ::group::Post task execution logs
[2026-01-02T17:54:00.646+0000] {taskinstance.py:1206} INFO - Marking task as SUCCESS. dag_id=main_pipeline, task_id=check_prod_model, run_id=manual__2026-01-02T17:53:32.565374+00:00, execution_date=20260102T175332, start_date=20260102T175341, end_date=20260102T175400
[2026-01-02T17:54:00.899+0000] {local_task_job_runner.py:243} INFO - Task exited with return code 0
[2026-01-02T17:54:01.139+0000] {taskinstance.py:3503} INFO - 1 downstream tasks scheduled from follow-on schedule check
[2026-01-02T17:54:01.152+0000] {local_task_job_runner.py:222} INFO - ::endgroup::
