[2026-01-02T13:51:46.769+0000] {local_task_job_runner.py:120} INFO - ::group::Pre task execution logs
[2026-01-02T13:51:46.992+0000] {taskinstance.py:2076} INFO - Dependencies all met for dep_context=non-requeueable deps ti=<TaskInstance: main_pipeline.check_prod_model manual__2026-01-02T13:51:42.649954+00:00 [queued]>
[2026-01-02T13:51:47.021+0000] {taskinstance.py:2076} INFO - Dependencies all met for dep_context=requeueable deps ti=<TaskInstance: main_pipeline.check_prod_model manual__2026-01-02T13:51:42.649954+00:00 [queued]>
[2026-01-02T13:51:47.023+0000] {taskinstance.py:2306} INFO - Starting attempt 1 of 1
[2026-01-02T13:51:47.079+0000] {taskinstance.py:2330} INFO - Executing <Task(_PythonDecoratedOperator): check_prod_model> on 2026-01-02 13:51:42.649954+00:00
[2026-01-02T13:51:47.128+0000] {standard_task_runner.py:64} INFO - Started process 7205 to run task
[2026-01-02T13:51:47.139+0000] {standard_task_runner.py:90} INFO - Running: ['***', 'tasks', 'run', 'main_pipeline', 'check_prod_model', 'manual__2026-01-02T13:51:42.649954+00:00', '--job-id', '66', '--raw', '--subdir', 'DAGS_FOLDER/pipeline/main.py', '--cfg-path', '/tmp/tmpgeb0bdml']
[2026-01-02T13:51:47.143+0000] {standard_task_runner.py:91} INFO - Job 66: Subtask check_prod_model
[2026-01-02T13:51:47.404+0000] {task_command.py:426} INFO - Running <TaskInstance: main_pipeline.check_prod_model manual__2026-01-02T13:51:42.649954+00:00 [running]> on host b2cc83381b06
[2026-01-02T13:51:48.029+0000] {taskinstance.py:2648} INFO - Exporting env vars: AIRFLOW_CTX_DAG_OWNER='***' AIRFLOW_CTX_DAG_ID='main_pipeline' AIRFLOW_CTX_TASK_ID='check_prod_model' AIRFLOW_CTX_EXECUTION_DATE='2026-01-02T13:51:42.649954+00:00' AIRFLOW_CTX_TRY_NUMBER='1' AIRFLOW_CTX_DAG_RUN_ID='manual__2026-01-02T13:51:42.649954+00:00'
[2026-01-02T13:51:48.039+0000] {taskinstance.py:430} INFO - ::endgroup::
[2026-01-02T13:51:51.174+0000] {logging_mixin.py:188} WARNING - /home/***/.local/lib/python3.11/site-packages/pydantic/_internal/_fields.py:161 UserWarning: Field "model_server_url" has conflict with protected namespace "model_".

You may be able to resolve this warning by setting `model_config['protected_namespaces'] = ()`.
[2026-01-02T13:51:51.230+0000] {logging_mixin.py:188} WARNING - /home/***/.local/lib/python3.11/site-packages/pydantic/_internal/_config.py:341 UserWarning: Valid config keys have changed in V2:
* 'schema_extra' has been renamed to 'json_schema_extra'
[2026-01-02T13:51:51.633+0000] {logging_mixin.py:188} INFO - Found production version: 1
[2026-01-02T13:51:51.635+0000] {logging_mixin.py:188} INFO - [<ModelVersion: aliases=[], creation_timestamp=1767357211521, current_stage='Production', description='', last_updated_timestamp=1767357211695, name='price_prediction', run_id='cce660dd6106442bbfc17e1155b4f14e', run_link='', source='s3://mlflow/1/cce660dd6106442bbfc17e1155b4f14e/artifacts/model', status='READY', status_message='', tags={}, user_id='', version='1'>]
[2026-01-02T13:51:51.636+0000] {python.py:237} INFO - Done. Returned value was: {'production_version': '1'}
[2026-01-02T13:51:51.636+0000] {taskinstance.py:441} INFO - ::group::Post task execution logs
[2026-01-02T13:51:51.728+0000] {taskinstance.py:1206} INFO - Marking task as SUCCESS. dag_id=main_pipeline, task_id=check_prod_model, run_id=manual__2026-01-02T13:51:42.649954+00:00, execution_date=20260102T135142, start_date=20260102T135146, end_date=20260102T135151
[2026-01-02T13:51:51.808+0000] {local_task_job_runner.py:243} INFO - Task exited with return code 0
[2026-01-02T13:51:51.947+0000] {taskinstance.py:3503} INFO - 1 downstream tasks scheduled from follow-on schedule check
[2026-01-02T13:51:51.953+0000] {local_task_job_runner.py:222} INFO - ::endgroup::
