[2026-01-03T12:25:11.517+0000] {local_task_job_runner.py:120} INFO - ::group::Pre task execution logs
[2026-01-03T12:25:11.665+0000] {taskinstance.py:2076} INFO - Dependencies all met for dep_context=non-requeueable deps ti=<TaskInstance: main_pipeline.train_compare manual__2026-01-03T12:24:42.171375+00:00 [queued]>
[2026-01-03T12:25:11.714+0000] {taskinstance.py:2076} INFO - Dependencies all met for dep_context=requeueable deps ti=<TaskInstance: main_pipeline.train_compare manual__2026-01-03T12:24:42.171375+00:00 [queued]>
[2026-01-03T12:25:11.715+0000] {taskinstance.py:2306} INFO - Starting attempt 1 of 1
[2026-01-03T12:25:11.815+0000] {taskinstance.py:2330} INFO - Executing <Task(_BranchPythonDecoratedOperator): train_compare> on 2026-01-03 12:24:42.171375+00:00
[2026-01-03T12:25:11.898+0000] {standard_task_runner.py:64} INFO - Started process 931 to run task
[2026-01-03T12:25:11.911+0000] {standard_task_runner.py:90} INFO - Running: ['***', 'tasks', 'run', 'main_pipeline', 'train_compare', 'manual__2026-01-03T12:24:42.171375+00:00', '--job-id', '217', '--raw', '--subdir', 'DAGS_FOLDER/pipeline/main.py', '--cfg-path', '/tmp/tmp9f9vfvr0']
[2026-01-03T12:25:11.916+0000] {standard_task_runner.py:91} INFO - Job 217: Subtask train_compare
[2026-01-03T12:25:12.576+0000] {task_command.py:426} INFO - Running <TaskInstance: main_pipeline.train_compare manual__2026-01-03T12:24:42.171375+00:00 [running]> on host 0827c9bf42bd
[2026-01-03T12:25:13.969+0000] {taskinstance.py:2648} INFO - Exporting env vars: AIRFLOW_CTX_DAG_OWNER='***' AIRFLOW_CTX_DAG_ID='main_pipeline' AIRFLOW_CTX_TASK_ID='train_compare' AIRFLOW_CTX_EXECUTION_DATE='2026-01-03T12:24:42.171375+00:00' AIRFLOW_CTX_TRY_NUMBER='1' AIRFLOW_CTX_DAG_RUN_ID='manual__2026-01-03T12:24:42.171375+00:00'
[2026-01-03T12:25:13.990+0000] {taskinstance.py:430} INFO - ::endgroup::
[2026-01-03T12:25:13.999+0000] {logging_mixin.py:188} INFO - {'production_version': '15', 'run_id': 'c1753623e0ed4eaa968d1f7834cce56f'}
[2026-01-03T12:25:13.999+0000] {logging_mixin.py:188} INFO - Current production version 15
[2026-01-03T12:25:14.001+0000] {logging_mixin.py:188} INFO - Next task - data drift check
[2026-01-03T12:25:14.002+0000] {python.py:237} INFO - Done. Returned value was: compare_distributions
[2026-01-03T12:25:14.006+0000] {branch.py:36} INFO - Branch into compare_distributions
[2026-01-03T12:25:14.012+0000] {skipmixin.py:178} INFO - Following branch compare_distributions
[2026-01-03T12:25:14.184+0000] {skipmixin.py:246} INFO - Skipping tasks [('train_initial_model', -1)]
[2026-01-03T12:25:14.431+0000] {taskinstance.py:441} INFO - ::group::Post task execution logs
[2026-01-03T12:25:17.044+0000] {taskinstance.py:1206} INFO - Marking task as SUCCESS. dag_id=main_pipeline, task_id=train_compare, run_id=manual__2026-01-03T12:24:42.171375+00:00, execution_date=20260103T122442, start_date=20260103T122511, end_date=20260103T122517
[2026-01-03T12:25:17.388+0000] {local_task_job_runner.py:243} INFO - Task exited with return code 0
[2026-01-03T12:25:17.615+0000] {taskinstance.py:3503} INFO - 1 downstream tasks scheduled from follow-on schedule check
[2026-01-03T12:25:17.634+0000] {local_task_job_runner.py:222} INFO - ::endgroup::
