[2026-01-03T11:51:02.761+0000] {local_task_job_runner.py:120} INFO - ::group::Pre task execution logs
[2026-01-03T11:51:03.033+0000] {taskinstance.py:2076} INFO - Dependencies all met for dep_context=non-requeueable deps ti=<TaskInstance: main_pipeline.train_compare manual__2026-01-03T11:50:29.423826+00:00 [queued]>
[2026-01-03T11:51:03.097+0000] {taskinstance.py:2076} INFO - Dependencies all met for dep_context=requeueable deps ti=<TaskInstance: main_pipeline.train_compare manual__2026-01-03T11:50:29.423826+00:00 [queued]>
[2026-01-03T11:51:03.101+0000] {taskinstance.py:2306} INFO - Starting attempt 1 of 1
[2026-01-03T11:51:03.208+0000] {taskinstance.py:2330} INFO - Executing <Task(_BranchPythonDecoratedOperator): train_compare> on 2026-01-03 11:50:29.423826+00:00
[2026-01-03T11:51:03.295+0000] {standard_task_runner.py:64} INFO - Started process 284 to run task
[2026-01-03T11:51:03.320+0000] {standard_task_runner.py:90} INFO - Running: ['***', 'tasks', 'run', 'main_pipeline', 'train_compare', 'manual__2026-01-03T11:50:29.423826+00:00', '--job-id', '206', '--raw', '--subdir', 'DAGS_FOLDER/pipeline/main.py', '--cfg-path', '/tmp/tmpflu6q4va']
[2026-01-03T11:51:03.326+0000] {standard_task_runner.py:91} INFO - Job 206: Subtask train_compare
[2026-01-03T11:51:03.735+0000] {task_command.py:426} INFO - Running <TaskInstance: main_pipeline.train_compare manual__2026-01-03T11:50:29.423826+00:00 [running]> on host 39905e468acc
[2026-01-03T11:51:04.551+0000] {taskinstance.py:2648} INFO - Exporting env vars: AIRFLOW_CTX_DAG_OWNER='***' AIRFLOW_CTX_DAG_ID='main_pipeline' AIRFLOW_CTX_TASK_ID='train_compare' AIRFLOW_CTX_EXECUTION_DATE='2026-01-03T11:50:29.423826+00:00' AIRFLOW_CTX_TRY_NUMBER='1' AIRFLOW_CTX_DAG_RUN_ID='manual__2026-01-03T11:50:29.423826+00:00'
[2026-01-03T11:51:04.555+0000] {taskinstance.py:430} INFO - ::endgroup::
[2026-01-03T11:51:04.557+0000] {logging_mixin.py:188} INFO - {}
[2026-01-03T11:51:04.558+0000] {logging_mixin.py:188} INFO - No production models found, the training begins
[2026-01-03T11:51:04.561+0000] {python.py:237} INFO - Done. Returned value was: train_initial_model
[2026-01-03T11:51:04.563+0000] {branch.py:36} INFO - Branch into train_initial_model
[2026-01-03T11:51:04.564+0000] {skipmixin.py:178} INFO - Following branch train_initial_model
[2026-01-03T11:51:04.720+0000] {skipmixin.py:246} INFO - Skipping tasks [('compare_distributions', -1)]
[2026-01-03T11:51:04.949+0000] {taskinstance.py:441} INFO - ::group::Post task execution logs
[2026-01-03T11:51:06.581+0000] {taskinstance.py:1206} INFO - Marking task as SUCCESS. dag_id=main_pipeline, task_id=train_compare, run_id=manual__2026-01-03T11:50:29.423826+00:00, execution_date=20260103T115029, start_date=20260103T115103, end_date=20260103T115106
[2026-01-03T11:51:06.769+0000] {local_task_job_runner.py:243} INFO - Task exited with return code 0
[2026-01-03T11:51:06.978+0000] {taskinstance.py:3503} INFO - 1 downstream tasks scheduled from follow-on schedule check
[2026-01-03T11:51:07.030+0000] {local_task_job_runner.py:222} INFO - ::endgroup::
