[2025-12-30T13:07:47.924+0000] {local_task_job_runner.py:120} INFO - ::group::Pre task execution logs
[2025-12-30T13:07:48.135+0000] {taskinstance.py:2076} INFO - Dependencies all met for dep_context=non-requeueable deps ti=<TaskInstance: main_pipeline.train_compare manual__2025-12-30T13:07:26.418059+00:00 [queued]>
[2025-12-30T13:07:48.167+0000] {taskinstance.py:2076} INFO - Dependencies all met for dep_context=requeueable deps ti=<TaskInstance: main_pipeline.train_compare manual__2025-12-30T13:07:26.418059+00:00 [queued]>
[2025-12-30T13:07:48.168+0000] {taskinstance.py:2306} INFO - Starting attempt 1 of 1
[2025-12-30T13:07:48.259+0000] {taskinstance.py:2330} INFO - Executing <Task(_BranchPythonDecoratedOperator): train_compare> on 2025-12-30 13:07:26.418059+00:00
[2025-12-30T13:07:48.311+0000] {standard_task_runner.py:64} INFO - Started process 7164 to run task
[2025-12-30T13:07:48.333+0000] {standard_task_runner.py:90} INFO - Running: ['***', 'tasks', 'run', 'main_pipeline', 'train_compare', 'manual__2025-12-30T13:07:26.418059+00:00', '--job-id', '94', '--raw', '--subdir', 'DAGS_FOLDER/pipeline/main.py', '--cfg-path', '/tmp/tmpnmzdtg1r']
[2025-12-30T13:07:48.355+0000] {standard_task_runner.py:91} INFO - Job 94: Subtask train_compare
[2025-12-30T13:07:48.783+0000] {task_command.py:426} INFO - Running <TaskInstance: main_pipeline.train_compare manual__2025-12-30T13:07:26.418059+00:00 [running]> on host f5d1d4eaa079
[2025-12-30T13:07:49.638+0000] {taskinstance.py:2648} INFO - Exporting env vars: AIRFLOW_CTX_DAG_OWNER='***' AIRFLOW_CTX_DAG_ID='main_pipeline' AIRFLOW_CTX_TASK_ID='train_compare' AIRFLOW_CTX_EXECUTION_DATE='2025-12-30T13:07:26.418059+00:00' AIRFLOW_CTX_TRY_NUMBER='1' AIRFLOW_CTX_DAG_RUN_ID='manual__2025-12-30T13:07:26.418059+00:00'
[2025-12-30T13:07:49.649+0000] {taskinstance.py:430} INFO - ::endgroup::
[2025-12-30T13:07:49.654+0000] {logging_mixin.py:188} INFO - Current production version 1
[2025-12-30T13:07:49.655+0000] {logging_mixin.py:188} INFO - Next task - data drift check
[2025-12-30T13:07:49.656+0000] {python.py:237} INFO - Done. Returned value was: compare_distributions
[2025-12-30T13:07:49.659+0000] {branch.py:36} INFO - Branch into compare_distributions
[2025-12-30T13:07:49.661+0000] {skipmixin.py:178} INFO - Following branch compare_distributions
[2025-12-30T13:07:49.823+0000] {skipmixin.py:246} INFO - Skipping tasks [('train_model', -1)]
[2025-12-30T13:07:50.025+0000] {taskinstance.py:441} INFO - ::group::Post task execution logs
[2025-12-30T13:07:50.198+0000] {taskinstance.py:1206} INFO - Marking task as SUCCESS. dag_id=main_pipeline, task_id=train_compare, run_id=manual__2025-12-30T13:07:26.418059+00:00, execution_date=20251230T130726, start_date=20251230T130748, end_date=20251230T130750
[2025-12-30T13:07:50.431+0000] {local_task_job_runner.py:243} INFO - Task exited with return code 0
[2025-12-30T13:07:50.612+0000] {taskinstance.py:3503} INFO - 1 downstream tasks scheduled from follow-on schedule check
[2025-12-30T13:07:50.623+0000] {local_task_job_runner.py:222} INFO - ::endgroup::
