[2026-01-02T14:28:54.191+0000] {local_task_job_runner.py:120} INFO - ::group::Pre task execution logs
[2026-01-02T14:28:54.361+0000] {taskinstance.py:2076} INFO - Dependencies all met for dep_context=non-requeueable deps ti=<TaskInstance: main_pipeline.set_initial_model manual__2026-01-02T14:27:26.126486+00:00 [queued]>
[2026-01-02T14:28:54.384+0000] {taskinstance.py:2076} INFO - Dependencies all met for dep_context=requeueable deps ti=<TaskInstance: main_pipeline.set_initial_model manual__2026-01-02T14:27:26.126486+00:00 [queued]>
[2026-01-02T14:28:54.384+0000] {taskinstance.py:2306} INFO - Starting attempt 1 of 1
[2026-01-02T14:28:54.435+0000] {taskinstance.py:2330} INFO - Executing <Task(_PythonDecoratedOperator): set_initial_model> on 2026-01-02 14:27:26.126486+00:00
[2026-01-02T14:28:54.471+0000] {standard_task_runner.py:64} INFO - Started process 10207 to run task
[2026-01-02T14:28:54.475+0000] {standard_task_runner.py:90} INFO - Running: ['***', 'tasks', 'run', 'main_pipeline', 'set_initial_model', 'manual__2026-01-02T14:27:26.126486+00:00', '--job-id', '99', '--raw', '--subdir', 'DAGS_FOLDER/pipeline/main.py', '--cfg-path', '/tmp/tmppybg9n4a']
[2026-01-02T14:28:54.481+0000] {standard_task_runner.py:91} INFO - Job 99: Subtask set_initial_model
[2026-01-02T14:28:54.808+0000] {task_command.py:426} INFO - Running <TaskInstance: main_pipeline.set_initial_model manual__2026-01-02T14:27:26.126486+00:00 [running]> on host b2cc83381b06
[2026-01-02T14:28:55.378+0000] {taskinstance.py:2648} INFO - Exporting env vars: AIRFLOW_CTX_DAG_OWNER='***' AIRFLOW_CTX_DAG_ID='main_pipeline' AIRFLOW_CTX_TASK_ID='set_initial_model' AIRFLOW_CTX_EXECUTION_DATE='2026-01-02T14:27:26.126486+00:00' AIRFLOW_CTX_TRY_NUMBER='1' AIRFLOW_CTX_DAG_RUN_ID='manual__2026-01-02T14:27:26.126486+00:00'
[2026-01-02T14:28:55.387+0000] {taskinstance.py:430} INFO - ::endgroup::
[2026-01-02T14:29:00.393+0000] {logging_mixin.py:188} WARNING - /home/***/.local/lib/python3.11/site-packages/pydantic/_internal/_fields.py:161 UserWarning: Field "model_server_url" has conflict with protected namespace "model_".

You may be able to resolve this warning by setting `model_config['protected_namespaces'] = ()`.
[2026-01-02T14:29:00.438+0000] {logging_mixin.py:188} WARNING - /home/***/.local/lib/python3.11/site-packages/pydantic/_internal/_config.py:341 UserWarning: Valid config keys have changed in V2:
* 'schema_extra' has been renamed to 'json_schema_extra'
[2026-01-02T14:29:00.807+0000] {logging_mixin.py:188} INFO - a7e61d935de04eb2bcfd513ea51dea57
[2026-01-02T14:29:01.052+0000] {logging_mixin.py:188} WARNING - Registered model 'price_prediction' already exists. Creating a new version of this model...
[2026-01-02T14:29:01.206+0000] {logging_mixin.py:188} WARNING - 2026/01/02 14:29:01 INFO mlflow.tracking._model_registry.client: Waiting up to 300 seconds for model version to finish creation. Model name: price_prediction, version 5
[2026-01-02T14:29:01.207+0000] {logging_mixin.py:188} WARNING - Created version '5' of model 'price_prediction'.
[2026-01-02T14:29:01.418+0000] {logging_mixin.py:188} INFO - Initial production model was set!
[2026-01-02T14:29:01.420+0000] {python.py:237} INFO - Done. Returned value was: None
[2026-01-02T14:29:01.849+0000] {taskinstance.py:441} INFO - ::group::Post task execution logs
[2026-01-02T14:29:01.907+0000] {taskinstance.py:1206} INFO - Marking task as SUCCESS. dag_id=main_pipeline, task_id=set_initial_model, run_id=manual__2026-01-02T14:27:26.126486+00:00, execution_date=20260102T142726, start_date=20260102T142854, end_date=20260102T142901
[2026-01-02T14:29:02.058+0000] {local_task_job_runner.py:243} INFO - Task exited with return code 0
[2026-01-02T14:29:02.103+0000] {taskinstance.py:3503} INFO - 0 downstream tasks scheduled from follow-on schedule check
[2026-01-02T14:29:02.112+0000] {local_task_job_runner.py:222} INFO - ::endgroup::
