[2026-01-02T18:39:48.728+0000] {local_task_job_runner.py:120} INFO - ::group::Pre task execution logs
[2026-01-02T18:39:49.007+0000] {taskinstance.py:2076} INFO - Dependencies all met for dep_context=non-requeueable deps ti=<TaskInstance: main_pipeline.compare_distributions manual__2026-01-02T18:39:01.647609+00:00 [queued]>
[2026-01-02T18:39:49.132+0000] {taskinstance.py:2076} INFO - Dependencies all met for dep_context=requeueable deps ti=<TaskInstance: main_pipeline.compare_distributions manual__2026-01-02T18:39:01.647609+00:00 [queued]>
[2026-01-02T18:39:49.136+0000] {taskinstance.py:2306} INFO - Starting attempt 1 of 1
[2026-01-02T18:39:49.231+0000] {taskinstance.py:2330} INFO - Executing <Task(_PythonDecoratedOperator): compare_distributions> on 2026-01-02 18:39:01.647609+00:00
[2026-01-02T18:39:49.370+0000] {standard_task_runner.py:64} INFO - Started process 277 to run task
[2026-01-02T18:39:49.418+0000] {standard_task_runner.py:90} INFO - Running: ['***', 'tasks', 'run', 'main_pipeline', 'compare_distributions', 'manual__2026-01-02T18:39:01.647609+00:00', '--job-id', '170', '--raw', '--subdir', 'DAGS_FOLDER/pipeline/main.py', '--cfg-path', '/tmp/tmpxmvutn4b']
[2026-01-02T18:39:49.429+0000] {standard_task_runner.py:91} INFO - Job 170: Subtask compare_distributions
[2026-01-02T18:39:49.913+0000] {task_command.py:426} INFO - Running <TaskInstance: main_pipeline.compare_distributions manual__2026-01-02T18:39:01.647609+00:00 [running]> on host e163b62ba314
[2026-01-02T18:39:50.668+0000] {taskinstance.py:2648} INFO - Exporting env vars: AIRFLOW_CTX_DAG_OWNER='***' AIRFLOW_CTX_DAG_ID='main_pipeline' AIRFLOW_CTX_TASK_ID='compare_distributions' AIRFLOW_CTX_EXECUTION_DATE='2026-01-02T18:39:01.647609+00:00' AIRFLOW_CTX_TRY_NUMBER='1' AIRFLOW_CTX_DAG_RUN_ID='manual__2026-01-02T18:39:01.647609+00:00'
[2026-01-02T18:39:50.674+0000] {taskinstance.py:430} INFO - ::endgroup::
[2026-01-02T18:39:50.827+0000] {logging_mixin.py:188} INFO - <Response [200]>
[2026-01-02T18:39:52.278+0000] {logging_mixin.py:188} INFO - {'data':       carat        cut color clarity  ...         price     x     y     z
0      1.01       Good     E     VS1  ...   5862.518530  6.48  6.44  3.90
1      0.32      Ideal     G     SI1  ...    479.391249  4.42  4.47  2.65
2      2.01    Premium     E     SI2  ...  23666.331006  8.31  8.26  4.89
3      0.23  Very Good     D    VVS1  ...    485.000000  3.94  3.97  2.44
4      0.70       Good     H     SI2  ...    537.033541  5.61  5.55  3.55
...     ...        ...   ...     ...  ...           ...   ...   ...   ...
4995   1.86  Very Good     G     VS2  ...  10798.000000  7.81  7.90  4.91
4996   0.66      Ideal     H     VS2  ...   2178.000000  5.62  5.65  3.46
4997   0.70       Fair     G     VS2  ...   2273.000000  5.78  5.84  3.33
4998   0.53       Good     I     VS1  ...    737.527448  5.14  5.18  3.26
4999   2.20    Premium     D     VS2  ...  17905.000000  8.63  8.52  5.05

[5000 rows x 10 columns], 'drift_info': {'carat': [0.7597800220530123, 0], 'depth': [0.5504103208103328, 0], 'table': [0.4683404843625432, 0], 'x': [0.5674366266147579, 0], 'y': [0.4315822015069378, 0], 'z': [0.43918641392862157, 0], 'price': [0.0006072297438996032, 1], 'cut': [0.0016164967435875813, 0], 'color': [0.1559572915294494, 1], 'clarity': [0.0003559208261374238, 0]}}
[2026-01-02T18:39:52.284+0000] {python.py:237} INFO - Done. Returned value was: {'data':       carat        cut color clarity  ...         price     x     y     z
0      1.01       Good     E     VS1  ...   5862.518530  6.48  6.44  3.90
1      0.32      Ideal     G     SI1  ...    479.391249  4.42  4.47  2.65
2      2.01    Premium     E     SI2  ...  23666.331006  8.31  8.26  4.89
3      0.23  Very Good     D    VVS1  ...    485.000000  3.94  3.97  2.44
4      0.70       Good     H     SI2  ...    537.033541  5.61  5.55  3.55
...     ...        ...   ...     ...  ...           ...   ...   ...   ...
4995   1.86  Very Good     G     VS2  ...  10798.000000  7.81  7.90  4.91
4996   0.66      Ideal     H     VS2  ...   2178.000000  5.62  5.65  3.46
4997   0.70       Fair     G     VS2  ...   2273.000000  5.78  5.84  3.33
4998   0.53       Good     I     VS1  ...    737.527448  5.14  5.18  3.26
4999   2.20    Premium     D     VS2  ...  17905.000000  8.63  8.52  5.05

[5000 rows x 10 columns], 'drift_info': {'carat': [0.7597800220530123, 0], 'depth': [0.5504103208103328, 0], 'table': [0.4683404843625432, 0], 'x': [0.5674366266147579, 0], 'y': [0.4315822015069378, 0], 'z': [0.43918641392862157, 0], 'price': [0.0006072297438996032, 1], 'cut': [0.0016164967435875813, 0], 'color': [0.1559572915294494, 1], 'clarity': [0.0003559208261374238, 0]}}
[2026-01-02T18:39:52.497+0000] {taskinstance.py:441} INFO - ::group::Post task execution logs
[2026-01-02T18:39:53.157+0000] {taskinstance.py:1206} INFO - Marking task as SUCCESS. dag_id=main_pipeline, task_id=compare_distributions, run_id=manual__2026-01-02T18:39:01.647609+00:00, execution_date=20260102T183901, start_date=20260102T183949, end_date=20260102T183953
[2026-01-02T18:39:53.455+0000] {local_task_job_runner.py:243} INFO - Task exited with return code 0
[2026-01-02T18:39:53.636+0000] {taskinstance.py:3503} INFO - 1 downstream tasks scheduled from follow-on schedule check
[2026-01-02T18:39:53.684+0000] {local_task_job_runner.py:222} INFO - ::endgroup::
