[2026-01-03T11:35:03.561+0000] {local_task_job_runner.py:120} INFO - ::group::Pre task execution logs
[2026-01-03T11:35:03.688+0000] {taskinstance.py:2076} INFO - Dependencies all met for dep_context=non-requeueable deps ti=<TaskInstance: main_pipeline.train_compare manual__2026-01-03T11:34:42.921320+00:00 [queued]>
[2026-01-03T11:35:03.715+0000] {taskinstance.py:2076} INFO - Dependencies all met for dep_context=requeueable deps ti=<TaskInstance: main_pipeline.train_compare manual__2026-01-03T11:34:42.921320+00:00 [queued]>
[2026-01-03T11:35:03.716+0000] {taskinstance.py:2306} INFO - Starting attempt 1 of 1
[2026-01-03T11:35:03.766+0000] {taskinstance.py:2330} INFO - Executing <Task(_BranchPythonDecoratedOperator): train_compare> on 2026-01-03 11:34:42.921320+00:00
[2026-01-03T11:35:03.796+0000] {standard_task_runner.py:64} INFO - Started process 848 to run task
[2026-01-03T11:35:03.805+0000] {standard_task_runner.py:90} INFO - Running: ['***', 'tasks', 'run', 'main_pipeline', 'train_compare', 'manual__2026-01-03T11:34:42.921320+00:00', '--job-id', '197', '--raw', '--subdir', 'DAGS_FOLDER/pipeline/main.py', '--cfg-path', '/tmp/tmp82gv2vzr']
[2026-01-03T11:35:03.809+0000] {standard_task_runner.py:91} INFO - Job 197: Subtask train_compare
[2026-01-03T11:35:04.007+0000] {task_command.py:426} INFO - Running <TaskInstance: main_pipeline.train_compare manual__2026-01-03T11:34:42.921320+00:00 [running]> on host b1c11469ed89
[2026-01-03T11:35:04.517+0000] {taskinstance.py:2648} INFO - Exporting env vars: AIRFLOW_CTX_DAG_OWNER='***' AIRFLOW_CTX_DAG_ID='main_pipeline' AIRFLOW_CTX_TASK_ID='train_compare' AIRFLOW_CTX_EXECUTION_DATE='2026-01-03T11:34:42.921320+00:00' AIRFLOW_CTX_TRY_NUMBER='1' AIRFLOW_CTX_DAG_RUN_ID='manual__2026-01-03T11:34:42.921320+00:00'
[2026-01-03T11:35:04.521+0000] {taskinstance.py:430} INFO - ::endgroup::
[2026-01-03T11:35:04.522+0000] {logging_mixin.py:188} INFO - No production models found, the training begins
[2026-01-03T11:35:04.526+0000] {python.py:237} INFO - Done. Returned value was: train_initial_model
[2026-01-03T11:35:04.526+0000] {branch.py:36} INFO - Branch into train_initial_model
[2026-01-03T11:35:04.527+0000] {skipmixin.py:178} INFO - Following branch train_initial_model
[2026-01-03T11:35:04.610+0000] {skipmixin.py:246} INFO - Skipping tasks [('compare_distributions', -1)]
[2026-01-03T11:35:04.741+0000] {taskinstance.py:441} INFO - ::group::Post task execution logs
[2026-01-03T11:35:05.609+0000] {taskinstance.py:1206} INFO - Marking task as SUCCESS. dag_id=main_pipeline, task_id=train_compare, run_id=manual__2026-01-03T11:34:42.921320+00:00, execution_date=20260103T113442, start_date=20260103T113503, end_date=20260103T113505
[2026-01-03T11:35:05.794+0000] {local_task_job_runner.py:243} INFO - Task exited with return code 0
[2026-01-03T11:35:06.007+0000] {taskinstance.py:3503} INFO - 1 downstream tasks scheduled from follow-on schedule check
[2026-01-03T11:35:06.030+0000] {local_task_job_runner.py:222} INFO - ::endgroup::
