[2026-01-02T14:32:22.505+0000] {local_task_job_runner.py:120} INFO - ::group::Pre task execution logs
[2026-01-02T14:32:22.608+0000] {taskinstance.py:2076} INFO - Dependencies all met for dep_context=non-requeueable deps ti=<TaskInstance: main_pipeline.check_prod_model manual__2026-01-02T14:32:18.092835+00:00 [queued]>
[2026-01-02T14:32:22.631+0000] {taskinstance.py:2076} INFO - Dependencies all met for dep_context=requeueable deps ti=<TaskInstance: main_pipeline.check_prod_model manual__2026-01-02T14:32:18.092835+00:00 [queued]>
[2026-01-02T14:32:22.632+0000] {taskinstance.py:2306} INFO - Starting attempt 1 of 1
[2026-01-02T14:32:22.661+0000] {taskinstance.py:2330} INFO - Executing <Task(_PythonDecoratedOperator): check_prod_model> on 2026-01-02 14:32:18.092835+00:00
[2026-01-02T14:32:22.689+0000] {standard_task_runner.py:64} INFO - Started process 10363 to run task
[2026-01-02T14:32:22.694+0000] {standard_task_runner.py:90} INFO - Running: ['***', 'tasks', 'run', 'main_pipeline', 'check_prod_model', 'manual__2026-01-02T14:32:18.092835+00:00', '--job-id', '100', '--raw', '--subdir', 'DAGS_FOLDER/pipeline/main.py', '--cfg-path', '/tmp/tmpqdibi6x6']
[2026-01-02T14:32:22.706+0000] {standard_task_runner.py:91} INFO - Job 100: Subtask check_prod_model
[2026-01-02T14:32:22.958+0000] {task_command.py:426} INFO - Running <TaskInstance: main_pipeline.check_prod_model manual__2026-01-02T14:32:18.092835+00:00 [running]> on host b2cc83381b06
[2026-01-02T14:32:23.442+0000] {taskinstance.py:2648} INFO - Exporting env vars: AIRFLOW_CTX_DAG_OWNER='***' AIRFLOW_CTX_DAG_ID='main_pipeline' AIRFLOW_CTX_TASK_ID='check_prod_model' AIRFLOW_CTX_EXECUTION_DATE='2026-01-02T14:32:18.092835+00:00' AIRFLOW_CTX_TRY_NUMBER='1' AIRFLOW_CTX_DAG_RUN_ID='manual__2026-01-02T14:32:18.092835+00:00'
[2026-01-02T14:32:23.444+0000] {taskinstance.py:430} INFO - ::endgroup::
[2026-01-02T14:32:24.755+0000] {logging_mixin.py:188} WARNING - /home/***/.local/lib/python3.11/site-packages/pydantic/_internal/_fields.py:161 UserWarning: Field "model_server_url" has conflict with protected namespace "model_".

You may be able to resolve this warning by setting `model_config['protected_namespaces'] = ()`.
[2026-01-02T14:32:24.806+0000] {logging_mixin.py:188} WARNING - /home/***/.local/lib/python3.11/site-packages/pydantic/_internal/_config.py:341 UserWarning: Valid config keys have changed in V2:
* 'schema_extra' has been renamed to 'json_schema_extra'
[2026-01-02T14:32:25.160+0000] {logging_mixin.py:188} INFO - Parent run ID: 4bc1462443e44b33b00192af714f309f
[2026-01-02T14:32:25.160+0000] {logging_mixin.py:188} INFO - Found production version: 5
[2026-01-02T14:32:26.339+0000] {credentials.py:1147} INFO - Found credentials in environment variables.
[2026-01-02T14:32:28.337+0000] {logging_mixin.py:188} WARNING - Downloading artifacts:   0%|          | 0/1 [00:00<?, ?it/s]
[2026-01-02T14:32:28.339+0000] {logging_mixin.py:188} WARNING - Downloading artifacts: 100%|##########| 1/1 [00:00<00:00, 6159.04it/s]
[2026-01-02T14:32:28.343+0000] {logging_mixin.py:188} WARNING - Downloading artifacts: 100%|##########| 1/1 [00:00<00:00, 746.32it/s] 
[2026-01-02T14:32:28.345+0000] {python.py:237} INFO - Done. Returned value was: {'production_version': '5'}
[2026-01-02T14:32:28.346+0000] {taskinstance.py:441} INFO - ::group::Post task execution logs
[2026-01-02T14:32:28.443+0000] {taskinstance.py:1206} INFO - Marking task as SUCCESS. dag_id=main_pipeline, task_id=check_prod_model, run_id=manual__2026-01-02T14:32:18.092835+00:00, execution_date=20260102T143218, start_date=20260102T143222, end_date=20260102T143228
[2026-01-02T14:32:28.588+0000] {local_task_job_runner.py:243} INFO - Task exited with return code 0
[2026-01-02T14:32:28.663+0000] {taskinstance.py:3503} INFO - 1 downstream tasks scheduled from follow-on schedule check
[2026-01-02T14:32:28.670+0000] {local_task_job_runner.py:222} INFO - ::endgroup::
