[2026-01-03T14:52:21.982+0000] {local_task_job_runner.py:120} INFO - ::group::Pre task execution logs
[2026-01-03T14:52:22.059+0000] {taskinstance.py:2076} INFO - Dependencies all met for dep_context=non-requeueable deps ti=<TaskInstance: main_pipeline.train_compare manual__2026-01-03T14:52:01.862579+00:00 [queued]>
[2026-01-03T14:52:22.087+0000] {taskinstance.py:2076} INFO - Dependencies all met for dep_context=requeueable deps ti=<TaskInstance: main_pipeline.train_compare manual__2026-01-03T14:52:01.862579+00:00 [queued]>
[2026-01-03T14:52:22.088+0000] {taskinstance.py:2306} INFO - Starting attempt 1 of 1
[2026-01-03T14:52:22.130+0000] {taskinstance.py:2330} INFO - Executing <Task(_BranchPythonDecoratedOperator): train_compare> on 2026-01-03 14:52:01.862579+00:00
[2026-01-03T14:52:22.175+0000] {standard_task_runner.py:64} INFO - Started process 5247 to run task
[2026-01-03T14:52:22.200+0000] {standard_task_runner.py:90} INFO - Running: ['***', 'tasks', 'run', 'main_pipeline', 'train_compare', 'manual__2026-01-03T14:52:01.862579+00:00', '--job-id', '257', '--raw', '--subdir', 'DAGS_FOLDER/pipeline/main.py', '--cfg-path', '/tmp/tmpj0jmabs5']
[2026-01-03T14:52:22.211+0000] {standard_task_runner.py:91} INFO - Job 257: Subtask train_compare
[2026-01-03T14:52:22.513+0000] {task_command.py:426} INFO - Running <TaskInstance: main_pipeline.train_compare manual__2026-01-03T14:52:01.862579+00:00 [running]> on host 8574a19215f6
[2026-01-03T14:52:23.033+0000] {taskinstance.py:2648} INFO - Exporting env vars: AIRFLOW_CTX_DAG_OWNER='***' AIRFLOW_CTX_DAG_ID='main_pipeline' AIRFLOW_CTX_TASK_ID='train_compare' AIRFLOW_CTX_EXECUTION_DATE='2026-01-03T14:52:01.862579+00:00' AIRFLOW_CTX_TRY_NUMBER='1' AIRFLOW_CTX_DAG_RUN_ID='manual__2026-01-03T14:52:01.862579+00:00'
[2026-01-03T14:52:23.049+0000] {taskinstance.py:430} INFO - ::endgroup::
[2026-01-03T14:52:23.050+0000] {logging_mixin.py:188} INFO - {'production_version': '15', 'run_id': 'c1753623e0ed4eaa968d1f7834cce56f'}
[2026-01-03T14:52:23.050+0000] {logging_mixin.py:188} INFO - Current production version 15
[2026-01-03T14:52:23.051+0000] {logging_mixin.py:188} INFO - Next task - data drift check
[2026-01-03T14:52:23.051+0000] {python.py:237} INFO - Done. Returned value was: compare_distributions
[2026-01-03T14:52:23.051+0000] {branch.py:36} INFO - Branch into compare_distributions
[2026-01-03T14:52:23.052+0000] {skipmixin.py:178} INFO - Following branch compare_distributions
[2026-01-03T14:52:23.236+0000] {skipmixin.py:246} INFO - Skipping tasks [('train_initial_model', -1)]
[2026-01-03T14:52:23.393+0000] {taskinstance.py:441} INFO - ::group::Post task execution logs
[2026-01-03T14:52:24.520+0000] {taskinstance.py:1206} INFO - Marking task as SUCCESS. dag_id=main_pipeline, task_id=train_compare, run_id=manual__2026-01-03T14:52:01.862579+00:00, execution_date=20260103T145201, start_date=20260103T145222, end_date=20260103T145224
[2026-01-03T14:52:24.760+0000] {local_task_job_runner.py:243} INFO - Task exited with return code 0
[2026-01-03T14:52:25.051+0000] {taskinstance.py:3503} INFO - 1 downstream tasks scheduled from follow-on schedule check
[2026-01-03T14:52:25.085+0000] {local_task_job_runner.py:222} INFO - ::endgroup::
