[2026-01-02T11:07:48.116+0000] {local_task_job_runner.py:120} INFO - ::group::Pre task execution logs
[2026-01-02T11:07:48.209+0000] {taskinstance.py:2076} INFO - Dependencies all met for dep_context=non-requeueable deps ti=<TaskInstance: main_pipeline.train_compare manual__2026-01-02T11:07:33.917711+00:00 [queued]>
[2026-01-02T11:07:48.236+0000] {taskinstance.py:2076} INFO - Dependencies all met for dep_context=requeueable deps ti=<TaskInstance: main_pipeline.train_compare manual__2026-01-02T11:07:33.917711+00:00 [queued]>
[2026-01-02T11:07:48.237+0000] {taskinstance.py:2306} INFO - Starting attempt 1 of 1
[2026-01-02T11:07:48.271+0000] {taskinstance.py:2330} INFO - Executing <Task(_BranchPythonDecoratedOperator): train_compare> on 2026-01-02 11:07:33.917711+00:00
[2026-01-02T11:07:48.304+0000] {standard_task_runner.py:64} INFO - Started process 948 to run task
[2026-01-02T11:07:48.312+0000] {standard_task_runner.py:90} INFO - Running: ['***', 'tasks', 'run', 'main_pipeline', 'train_compare', 'manual__2026-01-02T11:07:33.917711+00:00', '--job-id', '14', '--raw', '--subdir', 'DAGS_FOLDER/pipeline/main.py', '--cfg-path', '/tmp/tmpc6w9c76w']
[2026-01-02T11:07:48.319+0000] {standard_task_runner.py:91} INFO - Job 14: Subtask train_compare
[2026-01-02T11:07:48.544+0000] {task_command.py:426} INFO - Running <TaskInstance: main_pipeline.train_compare manual__2026-01-02T11:07:33.917711+00:00 [running]> on host 11cfdbba07aa
[2026-01-02T11:07:48.916+0000] {taskinstance.py:2648} INFO - Exporting env vars: AIRFLOW_CTX_DAG_OWNER='***' AIRFLOW_CTX_DAG_ID='main_pipeline' AIRFLOW_CTX_TASK_ID='train_compare' AIRFLOW_CTX_EXECUTION_DATE='2026-01-02T11:07:33.917711+00:00' AIRFLOW_CTX_TRY_NUMBER='1' AIRFLOW_CTX_DAG_RUN_ID='manual__2026-01-02T11:07:33.917711+00:00'
[2026-01-02T11:07:48.920+0000] {taskinstance.py:430} INFO - ::endgroup::
[2026-01-02T11:07:48.922+0000] {logging_mixin.py:188} INFO - No production models found, the training begins
[2026-01-02T11:07:48.923+0000] {python.py:237} INFO - Done. Returned value was: train_model
[2026-01-02T11:07:48.923+0000] {branch.py:36} INFO - Branch into train_model
[2026-01-02T11:07:48.924+0000] {skipmixin.py:178} INFO - Following branch train_model
[2026-01-02T11:07:49.048+0000] {skipmixin.py:246} INFO - Skipping tasks [('compare_distributions', -1)]
[2026-01-02T11:07:49.142+0000] {taskinstance.py:441} INFO - ::group::Post task execution logs
[2026-01-02T11:07:49.235+0000] {taskinstance.py:1206} INFO - Marking task as SUCCESS. dag_id=main_pipeline, task_id=train_compare, run_id=manual__2026-01-02T11:07:33.917711+00:00, execution_date=20260102T110733, start_date=20260102T110748, end_date=20260102T110749
[2026-01-02T11:07:49.318+0000] {local_task_job_runner.py:243} INFO - Task exited with return code 0
[2026-01-02T11:07:49.395+0000] {taskinstance.py:3503} INFO - 1 downstream tasks scheduled from follow-on schedule check
[2026-01-02T11:07:49.411+0000] {local_task_job_runner.py:222} INFO - ::endgroup::
