[2026-01-03T16:18:46.756+0000] {local_task_job_runner.py:120} INFO - ::group::Pre task execution logs
[2026-01-03T16:18:46.887+0000] {taskinstance.py:2076} INFO - Dependencies all met for dep_context=non-requeueable deps ti=<TaskInstance: main_pipeline.set_staging_model manual__2026-01-03T16:16:37.740139+00:00 [queued]>
[2026-01-03T16:18:46.920+0000] {taskinstance.py:2076} INFO - Dependencies all met for dep_context=requeueable deps ti=<TaskInstance: main_pipeline.set_staging_model manual__2026-01-03T16:16:37.740139+00:00 [queued]>
[2026-01-03T16:18:46.921+0000] {taskinstance.py:2306} INFO - Starting attempt 1 of 1
[2026-01-03T16:18:46.953+0000] {taskinstance.py:2330} INFO - Executing <Task(_PythonDecoratedOperator): set_staging_model> on 2026-01-03 16:16:37.740139+00:00
[2026-01-03T16:18:46.986+0000] {standard_task_runner.py:64} INFO - Started process 10141 to run task
[2026-01-03T16:18:46.995+0000] {standard_task_runner.py:90} INFO - Running: ['***', 'tasks', 'run', 'main_pipeline', 'set_staging_model', 'manual__2026-01-03T16:16:37.740139+00:00', '--job-id', '321', '--raw', '--subdir', 'DAGS_FOLDER/pipeline/main.py', '--cfg-path', '/tmp/tmpszg93kgl']
[2026-01-03T16:18:47.003+0000] {standard_task_runner.py:91} INFO - Job 321: Subtask set_staging_model
[2026-01-03T16:18:47.229+0000] {task_command.py:426} INFO - Running <TaskInstance: main_pipeline.set_staging_model manual__2026-01-03T16:16:37.740139+00:00 [running]> on host 8574a19215f6
[2026-01-03T16:18:47.649+0000] {taskinstance.py:2648} INFO - Exporting env vars: AIRFLOW_CTX_DAG_OWNER='***' AIRFLOW_CTX_DAG_ID='main_pipeline' AIRFLOW_CTX_TASK_ID='set_staging_model' AIRFLOW_CTX_EXECUTION_DATE='2026-01-03T16:16:37.740139+00:00' AIRFLOW_CTX_TRY_NUMBER='1' AIRFLOW_CTX_DAG_RUN_ID='manual__2026-01-03T16:16:37.740139+00:00'
[2026-01-03T16:18:47.652+0000] {taskinstance.py:430} INFO - ::endgroup::
[2026-01-03T16:18:48.730+0000] {logging_mixin.py:188} INFO - 8c48672e3eee4d9a8f729027548a386d
[2026-01-03T16:18:48.898+0000] {logging_mixin.py:188} WARNING - Registered model 'price_prediction' already exists. Creating a new version of this model...
[2026-01-03T16:18:49.076+0000] {logging_mixin.py:188} WARNING - 2026/01/03 16:18:49 INFO mlflow.tracking._model_registry.client: Waiting up to 300 seconds for model version to finish creation. Model name: price_prediction, version 22
[2026-01-03T16:18:49.077+0000] {logging_mixin.py:188} WARNING - Created version '22' of model 'price_prediction'.
[2026-01-03T16:18:49.476+0000] {logging_mixin.py:188} INFO - 8c48672e3eee4d9a8f729027548a386d
[2026-01-03T16:18:49.582+0000] {logging_mixin.py:188} WARNING - Registered model 'price_prediction' already exists. Creating a new version of this model...
[2026-01-03T16:18:49.736+0000] {logging_mixin.py:188} WARNING - 2026/01/03 16:18:49 INFO mlflow.tracking._model_registry.client: Waiting up to 300 seconds for model version to finish creation. Model name: price_prediction, version 23
[2026-01-03T16:18:49.739+0000] {logging_mixin.py:188} WARNING - Created version '23' of model 'price_prediction'.
[2026-01-03T16:18:49.984+0000] {logging_mixin.py:188} INFO - New model was set to Staging!
[2026-01-03T16:18:49.984+0000] {python.py:237} INFO - Done. Returned value was: None
[2026-01-03T16:18:49.984+0000] {taskinstance.py:441} INFO - ::group::Post task execution logs
[2026-01-03T16:18:50.027+0000] {taskinstance.py:1206} INFO - Marking task as SUCCESS. dag_id=main_pipeline, task_id=set_staging_model, run_id=manual__2026-01-03T16:16:37.740139+00:00, execution_date=20260103T161637, start_date=20260103T161846, end_date=20260103T161850
[2026-01-03T16:18:50.139+0000] {local_task_job_runner.py:243} INFO - Task exited with return code 0
[2026-01-03T16:18:50.252+0000] {taskinstance.py:3503} INFO - 1 downstream tasks scheduled from follow-on schedule check
[2026-01-03T16:18:50.258+0000] {local_task_job_runner.py:222} INFO - ::endgroup::
