[2026-01-03T13:01:25.384+0000] {local_task_job_runner.py:120} INFO - ::group::Pre task execution logs
[2026-01-03T13:01:25.491+0000] {taskinstance.py:2076} INFO - Dependencies all met for dep_context=non-requeueable deps ti=<TaskInstance: main_pipeline.train_compare manual__2026-01-03T13:01:06.987105+00:00 [queued]>
[2026-01-03T13:01:25.519+0000] {taskinstance.py:2076} INFO - Dependencies all met for dep_context=requeueable deps ti=<TaskInstance: main_pipeline.train_compare manual__2026-01-03T13:01:06.987105+00:00 [queued]>
[2026-01-03T13:01:25.521+0000] {taskinstance.py:2306} INFO - Starting attempt 1 of 1
[2026-01-03T13:01:25.548+0000] {taskinstance.py:2330} INFO - Executing <Task(_BranchPythonDecoratedOperator): train_compare> on 2026-01-03 13:01:06.987105+00:00
[2026-01-03T13:01:25.591+0000] {standard_task_runner.py:64} INFO - Started process 309 to run task
[2026-01-03T13:01:25.624+0000] {standard_task_runner.py:90} INFO - Running: ['***', 'tasks', 'run', 'main_pipeline', 'train_compare', 'manual__2026-01-03T13:01:06.987105+00:00', '--job-id', '221', '--raw', '--subdir', 'DAGS_FOLDER/pipeline/main.py', '--cfg-path', '/tmp/tmpltwusath']
[2026-01-03T13:01:25.630+0000] {standard_task_runner.py:91} INFO - Job 221: Subtask train_compare
[2026-01-03T13:01:25.882+0000] {task_command.py:426} INFO - Running <TaskInstance: main_pipeline.train_compare manual__2026-01-03T13:01:06.987105+00:00 [running]> on host 8574a19215f6
[2026-01-03T13:01:26.508+0000] {taskinstance.py:2648} INFO - Exporting env vars: AIRFLOW_CTX_DAG_OWNER='***' AIRFLOW_CTX_DAG_ID='main_pipeline' AIRFLOW_CTX_TASK_ID='train_compare' AIRFLOW_CTX_EXECUTION_DATE='2026-01-03T13:01:06.987105+00:00' AIRFLOW_CTX_TRY_NUMBER='1' AIRFLOW_CTX_DAG_RUN_ID='manual__2026-01-03T13:01:06.987105+00:00'
[2026-01-03T13:01:26.522+0000] {taskinstance.py:430} INFO - ::endgroup::
[2026-01-03T13:01:26.528+0000] {logging_mixin.py:188} INFO - {'production_version': '15', 'run_id': 'c1753623e0ed4eaa968d1f7834cce56f'}
[2026-01-03T13:01:26.532+0000] {logging_mixin.py:188} INFO - Current production version 15
[2026-01-03T13:01:26.538+0000] {logging_mixin.py:188} INFO - Next task - data drift check
[2026-01-03T13:01:26.538+0000] {python.py:237} INFO - Done. Returned value was: compare_distributions
[2026-01-03T13:01:26.542+0000] {branch.py:36} INFO - Branch into compare_distributions
[2026-01-03T13:01:26.544+0000] {skipmixin.py:178} INFO - Following branch compare_distributions
[2026-01-03T13:01:26.688+0000] {skipmixin.py:246} INFO - Skipping tasks [('train_initial_model', -1)]
[2026-01-03T13:01:26.870+0000] {taskinstance.py:441} INFO - ::group::Post task execution logs
[2026-01-03T13:01:27.790+0000] {taskinstance.py:1206} INFO - Marking task as SUCCESS. dag_id=main_pipeline, task_id=train_compare, run_id=manual__2026-01-03T13:01:06.987105+00:00, execution_date=20260103T130106, start_date=20260103T130125, end_date=20260103T130127
[2026-01-03T13:01:28.009+0000] {local_task_job_runner.py:243} INFO - Task exited with return code 0
[2026-01-03T13:01:28.289+0000] {taskinstance.py:3503} INFO - 1 downstream tasks scheduled from follow-on schedule check
[2026-01-03T13:01:28.322+0000] {local_task_job_runner.py:222} INFO - ::endgroup::
