[2026-01-02T18:24:06.713+0000] {local_task_job_runner.py:120} INFO - ::group::Pre task execution logs
[2026-01-02T18:24:07.021+0000] {taskinstance.py:2076} INFO - Dependencies all met for dep_context=non-requeueable deps ti=<TaskInstance: main_pipeline.compare_distributions manual__2026-01-02T18:23:29.873197+00:00 [queued]>
[2026-01-02T18:24:07.091+0000] {taskinstance.py:2076} INFO - Dependencies all met for dep_context=requeueable deps ti=<TaskInstance: main_pipeline.compare_distributions manual__2026-01-02T18:23:29.873197+00:00 [queued]>
[2026-01-02T18:24:07.092+0000] {taskinstance.py:2306} INFO - Starting attempt 1 of 1
[2026-01-02T18:24:07.201+0000] {taskinstance.py:2330} INFO - Executing <Task(_PythonDecoratedOperator): compare_distributions> on 2026-01-02 18:23:29.873197+00:00
[2026-01-02T18:24:07.287+0000] {standard_task_runner.py:64} INFO - Started process 2125 to run task
[2026-01-02T18:24:07.303+0000] {standard_task_runner.py:90} INFO - Running: ['***', 'tasks', 'run', 'main_pipeline', 'compare_distributions', 'manual__2026-01-02T18:23:29.873197+00:00', '--job-id', '159', '--raw', '--subdir', 'DAGS_FOLDER/pipeline/main.py', '--cfg-path', '/tmp/tmpohz569m6']
[2026-01-02T18:24:07.326+0000] {standard_task_runner.py:91} INFO - Job 159: Subtask compare_distributions
[2026-01-02T18:24:07.771+0000] {task_command.py:426} INFO - Running <TaskInstance: main_pipeline.compare_distributions manual__2026-01-02T18:23:29.873197+00:00 [running]> on host 634f416f74b0
[2026-01-02T18:24:08.645+0000] {taskinstance.py:2648} INFO - Exporting env vars: AIRFLOW_CTX_DAG_OWNER='***' AIRFLOW_CTX_DAG_ID='main_pipeline' AIRFLOW_CTX_TASK_ID='compare_distributions' AIRFLOW_CTX_EXECUTION_DATE='2026-01-02T18:23:29.873197+00:00' AIRFLOW_CTX_TRY_NUMBER='1' AIRFLOW_CTX_DAG_RUN_ID='manual__2026-01-02T18:23:29.873197+00:00'
[2026-01-02T18:24:08.651+0000] {taskinstance.py:430} INFO - ::endgroup::
[2026-01-02T18:24:08.709+0000] {logging_mixin.py:188} INFO - <Response [200]>
[2026-01-02T18:24:09.675+0000] {logging_mixin.py:188} INFO - {'data':       carat        cut color clarity  ...        price     x     y     z
0      0.40      Ideal     I    VVS1  ...  1155.873721  4.70  4.73  2.90
1      1.07    Premium     E     SI1  ...  5704.000000  6.57  6.53  4.05
2      0.91      Ideal     I     SI1  ...  5176.000000  6.21  6.24  3.86
3      1.51    Premium     E     SI2  ...  8311.000000  7.37  7.32  4.51
4      0.34      Ideal     I     VS1  ...   707.772018  4.44  4.47  2.77
...     ...        ...   ...     ...  ...          ...   ...   ...   ...
4995   0.32  Very Good     G     SI1  ...   720.000000  4.35  4.34  2.75
4996   1.58  Very Good     H     SI1  ...  5498.482692  7.41  7.44  4.63
4997   0.72  Very Good     H     VS1  ...  3059.000000  5.69  5.74  3.55
4998   1.08  Very Good     J     VS2  ...  5515.000000  6.47  6.56  4.10
4999   0.31  Very Good     E    VVS2  ...   639.706041  4.32  4.26  2.71

[5000 rows x 10 columns], 'drift_info': {'carat': [0.3822513482931803, 0], 'depth': [0.45461239299329903, 0], 'table': [0.732341063374213, 0], 'x': [0.33013979380124286, 0], 'y': [0.23841634424371871, 0], 'z': [0.22115479118508874, 0], 'price': [0.0017006757490835324, 1], 'cut': [0.00461769046979814, 0], 'color': [0.15273732517118993, 1], 'clarity': [0.0038481335896555858, 0]}}
[2026-01-02T18:24:09.684+0000] {python.py:237} INFO - Done. Returned value was: {'data':       carat        cut color clarity  ...        price     x     y     z
0      0.40      Ideal     I    VVS1  ...  1155.873721  4.70  4.73  2.90
1      1.07    Premium     E     SI1  ...  5704.000000  6.57  6.53  4.05
2      0.91      Ideal     I     SI1  ...  5176.000000  6.21  6.24  3.86
3      1.51    Premium     E     SI2  ...  8311.000000  7.37  7.32  4.51
4      0.34      Ideal     I     VS1  ...   707.772018  4.44  4.47  2.77
...     ...        ...   ...     ...  ...          ...   ...   ...   ...
4995   0.32  Very Good     G     SI1  ...   720.000000  4.35  4.34  2.75
4996   1.58  Very Good     H     SI1  ...  5498.482692  7.41  7.44  4.63
4997   0.72  Very Good     H     VS1  ...  3059.000000  5.69  5.74  3.55
4998   1.08  Very Good     J     VS2  ...  5515.000000  6.47  6.56  4.10
4999   0.31  Very Good     E    VVS2  ...   639.706041  4.32  4.26  2.71

[5000 rows x 10 columns], 'drift_info': {'carat': [0.3822513482931803, 0], 'depth': [0.45461239299329903, 0], 'table': [0.732341063374213, 0], 'x': [0.33013979380124286, 0], 'y': [0.23841634424371871, 0], 'z': [0.22115479118508874, 0], 'price': [0.0017006757490835324, 1], 'cut': [0.00461769046979814, 0], 'color': [0.15273732517118993, 1], 'clarity': [0.0038481335896555858, 0]}}
[2026-01-02T18:24:09.788+0000] {taskinstance.py:441} INFO - ::group::Post task execution logs
[2026-01-02T18:24:10.312+0000] {taskinstance.py:1206} INFO - Marking task as SUCCESS. dag_id=main_pipeline, task_id=compare_distributions, run_id=manual__2026-01-02T18:23:29.873197+00:00, execution_date=20260102T182329, start_date=20260102T182407, end_date=20260102T182410
[2026-01-02T18:24:10.514+0000] {local_task_job_runner.py:243} INFO - Task exited with return code 0
[2026-01-02T18:24:10.740+0000] {taskinstance.py:3503} INFO - 1 downstream tasks scheduled from follow-on schedule check
[2026-01-02T18:24:10.756+0000] {local_task_job_runner.py:222} INFO - ::endgroup::
