[2026-01-02T12:28:12.554+0000] {local_task_job_runner.py:120} INFO - ::group::Pre task execution logs
[2026-01-02T12:28:12.673+0000] {taskinstance.py:2076} INFO - Dependencies all met for dep_context=non-requeueable deps ti=<TaskInstance: main_pipeline.set_initial_model manual__2026-01-02T12:26:55.532478+00:00 [queued]>
[2026-01-02T12:28:12.700+0000] {taskinstance.py:2076} INFO - Dependencies all met for dep_context=requeueable deps ti=<TaskInstance: main_pipeline.set_initial_model manual__2026-01-02T12:26:55.532478+00:00 [queued]>
[2026-01-02T12:28:12.700+0000] {taskinstance.py:2306} INFO - Starting attempt 1 of 1
[2026-01-02T12:28:12.757+0000] {taskinstance.py:2330} INFO - Executing <Task(_PythonDecoratedOperator): set_initial_model> on 2026-01-02 12:26:55.532478+00:00
[2026-01-02T12:28:12.800+0000] {standard_task_runner.py:64} INFO - Started process 3580 to run task
[2026-01-02T12:28:12.822+0000] {standard_task_runner.py:90} INFO - Running: ['***', 'tasks', 'run', 'main_pipeline', 'set_initial_model', 'manual__2026-01-02T12:26:55.532478+00:00', '--job-id', '58', '--raw', '--subdir', 'DAGS_FOLDER/pipeline/main.py', '--cfg-path', '/tmp/tmpzvw9uvyh']
[2026-01-02T12:28:12.831+0000] {standard_task_runner.py:91} INFO - Job 58: Subtask set_initial_model
[2026-01-02T12:28:13.090+0000] {task_command.py:426} INFO - Running <TaskInstance: main_pipeline.set_initial_model manual__2026-01-02T12:26:55.532478+00:00 [running]> on host b2cc83381b06
[2026-01-02T12:28:13.512+0000] {taskinstance.py:2648} INFO - Exporting env vars: AIRFLOW_CTX_DAG_OWNER='***' AIRFLOW_CTX_DAG_ID='main_pipeline' AIRFLOW_CTX_TASK_ID='set_initial_model' AIRFLOW_CTX_EXECUTION_DATE='2026-01-02T12:26:55.532478+00:00' AIRFLOW_CTX_TRY_NUMBER='1' AIRFLOW_CTX_DAG_RUN_ID='manual__2026-01-02T12:26:55.532478+00:00'
[2026-01-02T12:28:13.518+0000] {taskinstance.py:430} INFO - ::endgroup::
[2026-01-02T12:28:15.565+0000] {logging_mixin.py:188} WARNING - /home/***/.local/lib/python3.11/site-packages/pydantic/_internal/_fields.py:161 UserWarning: Field "model_server_url" has conflict with protected namespace "model_".

You may be able to resolve this warning by setting `model_config['protected_namespaces'] = ()`.
[2026-01-02T12:28:15.588+0000] {logging_mixin.py:188} WARNING - /home/***/.local/lib/python3.11/site-packages/pydantic/_internal/_config.py:341 UserWarning: Valid config keys have changed in V2:
* 'schema_extra' has been renamed to 'json_schema_extra'
[2026-01-02T12:28:15.929+0000] {logging_mixin.py:188} INFO - 554548d57f99446f9c7589ca17d7a58c
[2026-01-02T12:28:16.086+0000] {logging_mixin.py:188} WARNING - Successfully registered model 'price_prediction'.
[2026-01-02T12:28:16.239+0000] {logging_mixin.py:188} WARNING - 2026/01/02 12:28:16 INFO mlflow.tracking._model_registry.client: Waiting up to 300 seconds for model version to finish creation. Model name: price_prediction, version 1
[2026-01-02T12:28:16.240+0000] {logging_mixin.py:188} WARNING - Created version '1' of model 'price_prediction'.
[2026-01-02T12:28:16.330+0000] {logging_mixin.py:188} INFO - !!!!!!!!!!!!!!!!!!!!!!!!!!!!!!!!!!!!!!!!!!!!!!!!!!
[2026-01-02T12:28:16.331+0000] {logging_mixin.py:188} INFO - [<ModelVersion: aliases=[], creation_timestamp=1767356896136, current_stage='None', description='', last_updated_timestamp=1767356896136, name='price_prediction', run_id='554548d57f99446f9c7589ca17d7a58c', run_link='', source='s3://mlflow/1/554548d57f99446f9c7589ca17d7a58c/artifacts/model', status='READY', status_message='', tags={}, user_id='', version='1'>]
[2026-01-02T12:28:16.331+0000] {logging_mixin.py:188} INFO - 1
[2026-01-02T12:28:16.331+0000] {logging_mixin.py:188} INFO - !!!!!!!!!!!!!!!!!!!!!!!!!!!!!!!!!!!!!!!!!!!!!!!!!!
[2026-01-02T12:28:16.400+0000] {taskinstance.py:441} INFO - ::group::Post task execution logs
[2026-01-02T12:28:16.401+0000] {taskinstance.py:2905} ERROR - Task failed with exception
Traceback (most recent call last):
  File "/home/airflow/.local/lib/python3.11/site-packages/airflow/models/taskinstance.py", line 465, in _execute_task
    result = _execute_callable(context=context, **execute_callable_kwargs)
             ^^^^^^^^^^^^^^^^^^^^^^^^^^^^^^^^^^^^^^^^^^^^^^^^^^^^^^^^^^^^^
  File "/home/airflow/.local/lib/python3.11/site-packages/airflow/models/taskinstance.py", line 432, in _execute_callable
    return execute_callable(context=context, **execute_callable_kwargs)
           ^^^^^^^^^^^^^^^^^^^^^^^^^^^^^^^^^^^^^^^^^^^^^^^^^^^^^^^^^^^^
  File "/home/airflow/.local/lib/python3.11/site-packages/airflow/models/baseoperator.py", line 401, in wrapper
    return func(self, *args, **kwargs)
           ^^^^^^^^^^^^^^^^^^^^^^^^^^^
  File "/home/airflow/.local/lib/python3.11/site-packages/airflow/decorators/base.py", line 265, in execute
    return_value = super().execute(context)
                   ^^^^^^^^^^^^^^^^^^^^^^^^
  File "/home/airflow/.local/lib/python3.11/site-packages/airflow/models/baseoperator.py", line 401, in wrapper
    return func(self, *args, **kwargs)
           ^^^^^^^^^^^^^^^^^^^^^^^^^^^
  File "/home/airflow/.local/lib/python3.11/site-packages/airflow/operators/python.py", line 235, in execute
    return_value = self.execute_callable()
                   ^^^^^^^^^^^^^^^^^^^^^^^
  File "/home/airflow/.local/lib/python3.11/site-packages/airflow/operators/python.py", line 252, in execute_callable
    return self.python_callable(*self.op_args, **self.op_kwargs)
           ^^^^^^^^^^^^^^^^^^^^^^^^^^^^^^^^^^^^^^^^^^^^^^^^^^^^^
  File "/opt/airflow/dags/pipeline/main.py", line 147, in set_initial_model
    client.transition_model_version_stage(
  File "/home/airflow/.local/lib/python3.11/site-packages/mlflow/tracking/client.py", line 2813, in transition_model_version_stage
    return self._get_registry_client().transition_model_version_stage(
           ^^^^^^^^^^^^^^^^^^^^^^^^^^^^^^^^^^^^^^^^^^^^^^^^^^^^^^^^^^^
  File "/home/airflow/.local/lib/python3.11/site-packages/mlflow/tracking/_model_registry/client.py", line 257, in transition_model_version_stage
    return self.store.transition_model_version_stage(
           ^^^^^^^^^^^^^^^^^^^^^^^^^^^^^^^^^^^^^^^^^^
  File "/home/airflow/.local/lib/python3.11/site-packages/mlflow/store/model_registry/rest_store.py", line 257, in transition_model_version_stage
    response_proto = self._call_endpoint(TransitionModelVersionStage, req_body)
                     ^^^^^^^^^^^^^^^^^^^^^^^^^^^^^^^^^^^^^^^^^^^^^^^^^^^^^^^^^^
  File "/home/airflow/.local/lib/python3.11/site-packages/mlflow/store/model_registry/base_rest_store.py", line 44, in _call_endpoint
    return call_endpoint(
           ^^^^^^^^^^^^^^
  File "/home/airflow/.local/lib/python3.11/site-packages/mlflow/utils/rest_utils.py", line 202, in call_endpoint
    response = verify_rest_response(response, endpoint)
               ^^^^^^^^^^^^^^^^^^^^^^^^^^^^^^^^^^^^^^^^
  File "/home/airflow/.local/lib/python3.11/site-packages/mlflow/utils/rest_utils.py", line 134, in verify_rest_response
    raise RestException(json.loads(response.text))
mlflow.exceptions.RestException: RESOURCE_DOES_NOT_EXIST: Model Version (name=NAME, version=1) not found
[2026-01-02T12:28:16.453+0000] {taskinstance.py:1206} INFO - Marking task as FAILED. dag_id=main_pipeline, task_id=set_initial_model, run_id=manual__2026-01-02T12:26:55.532478+00:00, execution_date=20260102T122655, start_date=20260102T122812, end_date=20260102T122816
[2026-01-02T12:28:16.504+0000] {standard_task_runner.py:110} ERROR - Failed to execute job 58 for task set_initial_model (RESOURCE_DOES_NOT_EXIST: Model Version (name=NAME, version=1) not found; 3580)
[2026-01-02T12:28:16.583+0000] {local_task_job_runner.py:243} INFO - Task exited with return code 1
[2026-01-02T12:28:16.634+0000] {taskinstance.py:3503} INFO - 0 downstream tasks scheduled from follow-on schedule check
[2026-01-02T12:28:16.641+0000] {local_task_job_runner.py:222} INFO - ::endgroup::
