[2026-01-02T19:18:41.203+0000] {local_task_job_runner.py:120} INFO - ::group::Pre task execution logs
[2026-01-02T19:18:42.076+0000] {taskinstance.py:2076} INFO - Dependencies all met for dep_context=non-requeueable deps ti=<TaskInstance: main_pipeline.set_staging_model manual__2026-01-02T19:16:01.778138+00:00 [queued]>
[2026-01-02T19:18:42.175+0000] {taskinstance.py:2076} INFO - Dependencies all met for dep_context=requeueable deps ti=<TaskInstance: main_pipeline.set_staging_model manual__2026-01-02T19:16:01.778138+00:00 [queued]>
[2026-01-02T19:18:42.176+0000] {taskinstance.py:2306} INFO - Starting attempt 1 of 1
[2026-01-02T19:18:42.452+0000] {taskinstance.py:2330} INFO - Executing <Task(_PythonDecoratedOperator): set_staging_model> on 2026-01-02 19:16:01.778138+00:00
[2026-01-02T19:18:42.590+0000] {standard_task_runner.py:64} INFO - Started process 2487 to run task
[2026-01-02T19:18:42.606+0000] {standard_task_runner.py:90} INFO - Running: ['***', 'tasks', 'run', 'main_pipeline', 'set_staging_model', 'manual__2026-01-02T19:16:01.778138+00:00', '--job-id', '183', '--raw', '--subdir', 'DAGS_FOLDER/pipeline/main.py', '--cfg-path', '/tmp/tmpk4mjbmp8']
[2026-01-02T19:18:42.692+0000] {standard_task_runner.py:91} INFO - Job 183: Subtask set_staging_model
[2026-01-02T19:18:43.824+0000] {task_command.py:426} INFO - Running <TaskInstance: main_pipeline.set_staging_model manual__2026-01-02T19:16:01.778138+00:00 [running]> on host e163b62ba314
[2026-01-02T19:18:45.110+0000] {taskinstance.py:2648} INFO - Exporting env vars: AIRFLOW_CTX_DAG_OWNER='***' AIRFLOW_CTX_DAG_ID='main_pipeline' AIRFLOW_CTX_TASK_ID='set_staging_model' AIRFLOW_CTX_EXECUTION_DATE='2026-01-02T19:16:01.778138+00:00' AIRFLOW_CTX_TRY_NUMBER='1' AIRFLOW_CTX_DAG_RUN_ID='manual__2026-01-02T19:16:01.778138+00:00'
[2026-01-02T19:18:45.117+0000] {taskinstance.py:430} INFO - ::endgroup::
[2026-01-02T19:19:02.267+0000] {logging_mixin.py:188} WARNING - /home/***/.local/lib/python3.11/site-packages/pydantic/_internal/_fields.py:161 UserWarning: Field "model_server_url" has conflict with protected namespace "model_".

You may be able to resolve this warning by setting `model_config['protected_namespaces'] = ()`.
[2026-01-02T19:19:02.367+0000] {logging_mixin.py:188} WARNING - /home/***/.local/lib/python3.11/site-packages/pydantic/_internal/_config.py:341 UserWarning: Valid config keys have changed in V2:
* 'schema_extra' has been renamed to 'json_schema_extra'
[2026-01-02T19:19:03.776+0000] {logging_mixin.py:188} INFO - 62da2aa6baa04bbcb09cc6bada7e79cc
[2026-01-02T19:19:04.788+0000] {logging_mixin.py:188} WARNING - Registered model 'price_prediction' already exists. Creating a new version of this model...
[2026-01-02T19:19:05.068+0000] {logging_mixin.py:188} WARNING - 2026/01/02 19:19:05 INFO mlflow.tracking._model_registry.client: Waiting up to 300 seconds for model version to finish creation. Model name: price_prediction, version 6
[2026-01-02T19:19:05.076+0000] {logging_mixin.py:188} WARNING - Created version '6' of model 'price_prediction'.
[2026-01-02T19:19:05.499+0000] {logging_mixin.py:188} INFO - 62da2aa6baa04bbcb09cc6bada7e79cc
[2026-01-02T19:19:05.601+0000] {logging_mixin.py:188} WARNING - Registered model 'price_prediction' already exists. Creating a new version of this model...
[2026-01-02T19:19:05.897+0000] {logging_mixin.py:188} WARNING - 2026/01/02 19:19:05 INFO mlflow.tracking._model_registry.client: Waiting up to 300 seconds for model version to finish creation. Model name: price_prediction, version 7
[2026-01-02T19:19:05.897+0000] {logging_mixin.py:188} WARNING - Created version '7' of model 'price_prediction'.
[2026-01-02T19:19:06.059+0000] {logging_mixin.py:188} INFO - New model was set to Staging!
[2026-01-02T19:19:06.063+0000] {python.py:237} INFO - Done. Returned value was: None
[2026-01-02T19:19:06.070+0000] {taskinstance.py:441} INFO - ::group::Post task execution logs
[2026-01-02T19:19:06.096+0000] {taskinstance.py:1206} INFO - Marking task as SUCCESS. dag_id=main_pipeline, task_id=set_staging_model, run_id=manual__2026-01-02T19:16:01.778138+00:00, execution_date=20260102T191601, start_date=20260102T191842, end_date=20260102T191906
[2026-01-02T19:19:06.287+0000] {local_task_job_runner.py:243} INFO - Task exited with return code 0
[2026-01-02T19:19:06.366+0000] {taskinstance.py:3503} INFO - 0 downstream tasks scheduled from follow-on schedule check
[2026-01-02T19:19:06.370+0000] {local_task_job_runner.py:222} INFO - ::endgroup::
