[2026-01-03T14:57:58.713+0000] {local_task_job_runner.py:120} INFO - ::group::Pre task execution logs
[2026-01-03T14:57:58.809+0000] {taskinstance.py:2076} INFO - Dependencies all met for dep_context=non-requeueable deps ti=<TaskInstance: main_pipeline.check_drift manual__2026-01-03T14:57:27.032753+00:00 [queued]>
[2026-01-03T14:57:58.831+0000] {taskinstance.py:2076} INFO - Dependencies all met for dep_context=requeueable deps ti=<TaskInstance: main_pipeline.check_drift manual__2026-01-03T14:57:27.032753+00:00 [queued]>
[2026-01-03T14:57:58.832+0000] {taskinstance.py:2306} INFO - Starting attempt 1 of 1
[2026-01-03T14:57:58.880+0000] {taskinstance.py:2330} INFO - Executing <Task(_BranchPythonDecoratedOperator): check_drift> on 2026-01-03 14:57:27.032753+00:00
[2026-01-03T14:57:58.921+0000] {standard_task_runner.py:64} INFO - Started process 5612 to run task
[2026-01-03T14:57:58.930+0000] {standard_task_runner.py:90} INFO - Running: ['***', 'tasks', 'run', 'main_pipeline', 'check_drift', 'manual__2026-01-03T14:57:27.032753+00:00', '--job-id', '267', '--raw', '--subdir', 'DAGS_FOLDER/pipeline/main.py', '--cfg-path', '/tmp/tmpx_8r0msl']
[2026-01-03T14:57:58.935+0000] {standard_task_runner.py:91} INFO - Job 267: Subtask check_drift
[2026-01-03T14:57:59.070+0000] {task_command.py:426} INFO - Running <TaskInstance: main_pipeline.check_drift manual__2026-01-03T14:57:27.032753+00:00 [running]> on host 8574a19215f6
[2026-01-03T14:58:00.298+0000] {taskinstance.py:2648} INFO - Exporting env vars: AIRFLOW_CTX_DAG_OWNER='***' AIRFLOW_CTX_DAG_ID='main_pipeline' AIRFLOW_CTX_TASK_ID='check_drift' AIRFLOW_CTX_EXECUTION_DATE='2026-01-03T14:57:27.032753+00:00' AIRFLOW_CTX_TRY_NUMBER='1' AIRFLOW_CTX_DAG_RUN_ID='manual__2026-01-03T14:57:27.032753+00:00'
[2026-01-03T14:58:00.301+0000] {taskinstance.py:430} INFO - ::endgroup::
[2026-01-03T14:58:00.303+0000] {python.py:237} INFO - Done. Returned value was: end_model_setup
[2026-01-03T14:58:00.304+0000] {branch.py:36} INFO - Branch into end_model_setup
[2026-01-03T14:58:00.306+0000] {skipmixin.py:178} INFO - Following branch end_model_setup
[2026-01-03T14:58:00.527+0000] {skipmixin.py:246} INFO - Skipping tasks [('train_new_model', -1), ('check_end', -1)]
[2026-01-03T14:58:00.676+0000] {taskinstance.py:441} INFO - ::group::Post task execution logs
[2026-01-03T14:58:00.801+0000] {taskinstance.py:1206} INFO - Marking task as SUCCESS. dag_id=main_pipeline, task_id=check_drift, run_id=manual__2026-01-03T14:57:27.032753+00:00, execution_date=20260103T145727, start_date=20260103T145758, end_date=20260103T145800
[2026-01-03T14:58:00.959+0000] {local_task_job_runner.py:243} INFO - Task exited with return code 0
[2026-01-03T14:58:01.065+0000] {taskinstance.py:3503} INFO - 0 downstream tasks scheduled from follow-on schedule check
[2026-01-03T14:58:01.089+0000] {local_task_job_runner.py:222} INFO - ::endgroup::
