[2026-01-02T12:27:12.554+0000] {local_task_job_runner.py:120} INFO - ::group::Pre task execution logs
[2026-01-02T12:27:12.662+0000] {taskinstance.py:2076} INFO - Dependencies all met for dep_context=non-requeueable deps ti=<TaskInstance: main_pipeline.train_model manual__2026-01-02T12:26:55.532478+00:00 [queued]>
[2026-01-02T12:27:12.700+0000] {taskinstance.py:2076} INFO - Dependencies all met for dep_context=requeueable deps ti=<TaskInstance: main_pipeline.train_model manual__2026-01-02T12:26:55.532478+00:00 [queued]>
[2026-01-02T12:27:12.701+0000] {taskinstance.py:2306} INFO - Starting attempt 1 of 1
[2026-01-02T12:27:12.735+0000] {taskinstance.py:2330} INFO - Executing <Task(_PythonDecoratedOperator): train_model> on 2026-01-02 12:26:55.532478+00:00
[2026-01-02T12:27:12.764+0000] {standard_task_runner.py:64} INFO - Started process 3293 to run task
[2026-01-02T12:27:12.778+0000] {standard_task_runner.py:90} INFO - Running: ['***', 'tasks', 'run', 'main_pipeline', 'train_model', 'manual__2026-01-02T12:26:55.532478+00:00', '--job-id', '57', '--raw', '--subdir', 'DAGS_FOLDER/pipeline/main.py', '--cfg-path', '/tmp/tmp2odkgjhe']
[2026-01-02T12:27:12.784+0000] {standard_task_runner.py:91} INFO - Job 57: Subtask train_model
[2026-01-02T12:27:12.972+0000] {task_command.py:426} INFO - Running <TaskInstance: main_pipeline.train_model manual__2026-01-02T12:26:55.532478+00:00 [running]> on host b2cc83381b06
[2026-01-02T12:27:13.282+0000] {taskinstance.py:2648} INFO - Exporting env vars: AIRFLOW_CTX_DAG_OWNER='***' AIRFLOW_CTX_DAG_ID='main_pipeline' AIRFLOW_CTX_TASK_ID='train_model' AIRFLOW_CTX_EXECUTION_DATE='2026-01-02T12:26:55.532478+00:00' AIRFLOW_CTX_TRY_NUMBER='1' AIRFLOW_CTX_DAG_RUN_ID='manual__2026-01-02T12:26:55.532478+00:00'
[2026-01-02T12:27:13.289+0000] {taskinstance.py:430} INFO - ::endgroup::
[2026-01-02T12:27:15.548+0000] {logging_mixin.py:188} WARNING - /home/***/.local/lib/python3.11/site-packages/pydantic/_internal/_fields.py:161 UserWarning: Field "model_server_url" has conflict with protected namespace "model_".

You may be able to resolve this warning by setting `model_config['protected_namespaces'] = ()`.
[2026-01-02T12:27:15.580+0000] {logging_mixin.py:188} WARNING - /home/***/.local/lib/python3.11/site-packages/pydantic/_internal/_config.py:341 UserWarning: Valid config keys have changed in V2:
* 'schema_extra' has been renamed to 'json_schema_extra'
[2026-01-02T12:27:25.931+0000] {logging_mixin.py:188} INFO -                     Description             Value
0                    Session id                42
1                        Target             price
2                   Target type        Regression
3           Original data shape        (5000, 10)
4        Transformed data shape        (5000, 28)
5   Transformed train set shape        (3500, 28)
6    Transformed test set shape        (1500, 28)
7              Numeric features                 6
8          Categorical features                 3
9                    Preprocess              True
10              Imputation type            simple
11           Numeric imputation              mean
12       Categorical imputation              mode
13     Maximum one-hot encoding                25
14              Encoding method              None
15                    Normalize              True
16             Normalize method            zscore
17               Fold Generator             KFold
18                  Fold Number                 5
19                     CPU Jobs                -1
20                      Use GPU             False
21               Log Experiment      MlflowLogger
22              Experiment Name  price_prediction
23                          USI              3ee7
[2026-01-02T12:27:26.479+0000] {logging_mixin.py:188} WARNING - 2026/01/02 12:27:26 WARNING mlflow.utils.git_utils: Failed to import Git (the Git executable is probably not on your PATH), so Git SHA is not available. Error: Failed to initialize: Bad git executable.
The git executable must be specified in one of the following ways:
    - be included in your $PATH
    - be set via $GIT_PYTHON_GIT_EXECUTABLE
    - explicitly set via git.refresh(<full-path-to-git-executable>)

All git commands will error until this is rectified.

This initial message can be silenced or aggravated in the future by setting the
$GIT_PYTHON_REFRESH environment variable. Use one of the following values:
    - quiet|q|silence|s|silent|none|n|0: for no message or exception
    - warn|w|warning|log|l|1: for a warning message (logging level CRITICAL, displayed by default)
    - error|e|exception|raise|r|2: for a raised exception

Example:
    export GIT_PYTHON_REFRESH=quiet
[2026-01-02T12:27:27.941+0000] {credentials.py:1147} INFO - Found credentials in environment variables.
[2026-01-02T12:27:28.478+0000] {logging_mixin.py:188} WARNING - Processing:   0%|          | 0/17 [00:00<?, ?it/s]
[2026-01-02T12:27:32.387+0000] {logging_mixin.py:188} WARNING - Processing:  29%|##9       | 5/17 [00:03<00:09,  1.28it/s]
[2026-01-02T12:27:32.864+0000] {logging_mixin.py:188} WARNING - Processing:  41%|####1     | 7/17 [00:04<00:05,  1.71it/s]
[2026-01-02T12:27:37.482+0000] {logging_mixin.py:188} WARNING - Processing:  53%|#####2    | 9/17 [00:09<00:09,  1.17s/it]
[2026-01-02T12:27:37.862+0000] {logging_mixin.py:188} WARNING - Processing:  65%|######4   | 11/17 [00:09<00:05,  1.18it/s]
[2026-01-02T12:27:48.202+0000] {logging_mixin.py:188} WARNING - Processing:  76%|#######6  | 13/17 [00:19<00:08,  2.23s/it]
[2026-01-02T12:27:48.657+0000] {logging_mixin.py:188} WARNING - Processing:  88%|########8 | 15/17 [00:20<00:03,  1.60s/it]
[2026-01-02T12:27:50.935+0000] {logging_mixin.py:188} WARNING - Processing: 100%|##########| 17/17 [00:22<00:00,  1.46s/it]
[2026-01-02T12:27:50.940+0000] {logging_mixin.py:188} WARNING -                                                            
[2026-01-02T12:27:54.075+0000] {font_manager.py:1333} WARNING - findfont: Generic family 'sans-serif' not found because none of the following families were found: Arial, Liberation Sans, Bitstream Vera Sans, sans-serif
[2026-01-02T12:27:54.092+0000] {font_manager.py:1333} WARNING - findfont: Generic family 'sans-serif' not found because none of the following families were found: Arial, Liberation Sans, Bitstream Vera Sans, sans-serif
[2026-01-02T12:27:54.097+0000] {font_manager.py:1333} WARNING - findfont: Generic family 'sans-serif' not found because none of the following families were found: Arial, Liberation Sans, Bitstream Vera Sans, sans-serif
[2026-01-02T12:27:54.102+0000] {font_manager.py:1333} WARNING - findfont: Generic family 'sans-serif' not found because none of the following families were found: Arial, Liberation Sans, Bitstream Vera Sans, sans-serif
[2026-01-02T12:27:54.104+0000] {font_manager.py:1333} WARNING - findfont: Generic family 'sans-serif' not found because none of the following families were found: Arial, Liberation Sans, Bitstream Vera Sans, sans-serif
[2026-01-02T12:27:54.106+0000] {font_manager.py:1333} WARNING - findfont: Generic family 'sans-serif' not found because none of the following families were found: Arial, Liberation Sans, Bitstream Vera Sans, sans-serif
[2026-01-02T12:27:54.120+0000] {font_manager.py:1333} WARNING - findfont: Generic family 'sans-serif' not found because none of the following families were found: Arial, Liberation Sans, Bitstream Vera Sans, sans-serif
[2026-01-02T12:27:54.121+0000] {font_manager.py:1333} WARNING - findfont: Generic family 'sans-serif' not found because none of the following families were found: Arial, Liberation Sans, Bitstream Vera Sans, sans-serif
[2026-01-02T12:27:54.122+0000] {font_manager.py:1333} WARNING - findfont: Generic family 'sans-serif' not found because none of the following families were found: Arial, Liberation Sans, Bitstream Vera Sans, sans-serif
[2026-01-02T12:27:54.124+0000] {font_manager.py:1333} WARNING - findfont: Generic family 'sans-serif' not found because none of the following families were found: Arial, Liberation Sans, Bitstream Vera Sans, sans-serif
[2026-01-02T12:27:54.161+0000] {font_manager.py:1333} WARNING - findfont: Generic family 'sans-serif' not found because none of the following families were found: Arial, Liberation Sans, Bitstream Vera Sans, sans-serif
[2026-01-02T12:27:54.162+0000] {font_manager.py:1333} WARNING - findfont: Generic family 'sans-serif' not found because none of the following families were found: Arial, Liberation Sans, Bitstream Vera Sans, sans-serif
[2026-01-02T12:27:54.162+0000] {font_manager.py:1333} WARNING - findfont: Generic family 'sans-serif' not found because none of the following families were found: Arial, Liberation Sans, Bitstream Vera Sans, sans-serif
[2026-01-02T12:27:54.163+0000] {font_manager.py:1333} WARNING - findfont: Generic family 'sans-serif' not found because none of the following families were found: Arial, Liberation Sans, Bitstream Vera Sans, sans-serif
[2026-01-02T12:27:54.164+0000] {font_manager.py:1333} WARNING - findfont: Generic family 'sans-serif' not found because none of the following families were found: Arial, Liberation Sans, Bitstream Vera Sans, sans-serif
[2026-01-02T12:27:54.165+0000] {font_manager.py:1333} WARNING - findfont: Generic family 'sans-serif' not found because none of the following families were found: Arial, Liberation Sans, Bitstream Vera Sans, sans-serif
[2026-01-02T12:27:54.165+0000] {font_manager.py:1333} WARNING - findfont: Generic family 'sans-serif' not found because none of the following families were found: Arial, Liberation Sans, Bitstream Vera Sans, sans-serif
[2026-01-02T12:27:54.186+0000] {font_manager.py:1333} WARNING - findfont: Generic family 'sans-serif' not found because none of the following families were found: Arial, Liberation Sans, Bitstream Vera Sans, sans-serif
[2026-01-02T12:27:54.224+0000] {font_manager.py:1333} WARNING - findfont: Generic family 'sans-serif' not found because none of the following families were found: Arial, Liberation Sans, Bitstream Vera Sans, sans-serif
[2026-01-02T12:27:54.225+0000] {font_manager.py:1400} WARNING - findfont: Font family ['sans-serif'] not found. Falling back to DejaVu Sans.
[2026-01-02T12:27:54.225+0000] {font_manager.py:1405} WARNING - findfont: Generic family 'sans-serif' not found because none of the following families were found: Arial, Liberation Sans, Bitstream Vera Sans, sans-serif
[2026-01-02T12:27:54.375+0000] {font_manager.py:1333} WARNING - findfont: Generic family 'sans-serif' not found because none of the following families were found: Arial, Liberation Sans, Bitstream Vera Sans, sans-serif
[2026-01-02T12:27:54.410+0000] {font_manager.py:1333} WARNING - findfont: Generic family 'sans-serif' not found because none of the following families were found: Arial, Liberation Sans, Bitstream Vera Sans, sans-serif
[2026-01-02T12:27:54.415+0000] {font_manager.py:1333} WARNING - findfont: Generic family 'sans-serif' not found because none of the following families were found: Arial, Liberation Sans, Bitstream Vera Sans, sans-serif
[2026-01-02T12:27:54.428+0000] {font_manager.py:1333} WARNING - findfont: Generic family 'sans-serif' not found because none of the following families were found: Arial, Liberation Sans, Bitstream Vera Sans, sans-serif
[2026-01-02T12:27:54.432+0000] {font_manager.py:1333} WARNING - findfont: Generic family 'sans-serif' not found because none of the following families were found: Arial, Liberation Sans, Bitstream Vera Sans, sans-serif
[2026-01-02T12:27:54.437+0000] {font_manager.py:1333} WARNING - findfont: Generic family 'sans-serif' not found because none of the following families were found: Arial, Liberation Sans, Bitstream Vera Sans, sans-serif
[2026-01-02T12:27:54.440+0000] {font_manager.py:1333} WARNING - findfont: Generic family 'sans-serif' not found because none of the following families were found: Arial, Liberation Sans, Bitstream Vera Sans, sans-serif
[2026-01-02T12:27:54.442+0000] {font_manager.py:1333} WARNING - findfont: Generic family 'sans-serif' not found because none of the following families were found: Arial, Liberation Sans, Bitstream Vera Sans, sans-serif
[2026-01-02T12:27:54.447+0000] {font_manager.py:1333} WARNING - findfont: Generic family 'sans-serif' not found because none of the following families were found: Arial, Liberation Sans, Bitstream Vera Sans, sans-serif
[2026-01-02T12:27:54.465+0000] {font_manager.py:1333} WARNING - findfont: Generic family 'sans-serif' not found because none of the following families were found: Arial, Liberation Sans, Bitstream Vera Sans, sans-serif
[2026-01-02T12:27:54.485+0000] {font_manager.py:1333} WARNING - findfont: Generic family 'sans-serif' not found because none of the following families were found: Arial, Liberation Sans, Bitstream Vera Sans, sans-serif
[2026-01-02T12:27:54.689+0000] {font_manager.py:1333} WARNING - findfont: Generic family 'sans-serif' not found because none of the following families were found: Arial, Liberation Sans, Bitstream Vera Sans, sans-serif
[2026-01-02T12:27:54.692+0000] {font_manager.py:1333} WARNING - findfont: Generic family 'sans-serif' not found because none of the following families were found: Arial, Liberation Sans, Bitstream Vera Sans, sans-serif
[2026-01-02T12:27:54.785+0000] {font_manager.py:1333} WARNING - findfont: Generic family 'sans-serif' not found because none of the following families were found: Arial, Liberation Sans, Bitstream Vera Sans, sans-serif
[2026-01-02T12:27:54.789+0000] {font_manager.py:1333} WARNING - findfont: Generic family 'sans-serif' not found because none of the following families were found: Arial, Liberation Sans, Bitstream Vera Sans, sans-serif
[2026-01-02T12:27:54.900+0000] {font_manager.py:1333} WARNING - findfont: Generic family 'sans-serif' not found because none of the following families were found: Arial, Liberation Sans, Bitstream Vera Sans, sans-serif
[2026-01-02T12:27:54.904+0000] {font_manager.py:1333} WARNING - findfont: Generic family 'sans-serif' not found because none of the following families were found: Arial, Liberation Sans, Bitstream Vera Sans, sans-serif
[2026-01-02T12:27:55.033+0000] {font_manager.py:1333} WARNING - findfont: Generic family 'sans-serif' not found because none of the following families were found: Arial, Liberation Sans, Bitstream Vera Sans, sans-serif
[2026-01-02T12:27:55.034+0000] {font_manager.py:1333} WARNING - findfont: Generic family 'sans-serif' not found because none of the following families were found: Arial, Liberation Sans, Bitstream Vera Sans, sans-serif
[2026-01-02T12:27:55.036+0000] {font_manager.py:1333} WARNING - findfont: Generic family 'sans-serif' not found because none of the following families were found: Arial, Liberation Sans, Bitstream Vera Sans, sans-serif
[2026-01-02T12:27:55.037+0000] {font_manager.py:1333} WARNING - findfont: Generic family 'sans-serif' not found because none of the following families were found: Arial, Liberation Sans, Bitstream Vera Sans, sans-serif
[2026-01-02T12:27:55.039+0000] {font_manager.py:1333} WARNING - findfont: Generic family 'sans-serif' not found because none of the following families were found: Arial, Liberation Sans, Bitstream Vera Sans, sans-serif
[2026-01-02T12:27:55.043+0000] {font_manager.py:1333} WARNING - findfont: Generic family 'sans-serif' not found because none of the following families were found: Arial, Liberation Sans, Bitstream Vera Sans, sans-serif
[2026-01-02T12:27:55.060+0000] {font_manager.py:1333} WARNING - findfont: Generic family 'sans-serif' not found because none of the following families were found: Arial, Liberation Sans, Bitstream Vera Sans, sans-serif
[2026-01-02T12:27:55.060+0000] {font_manager.py:1333} WARNING - findfont: Generic family 'sans-serif' not found because none of the following families were found: Arial, Liberation Sans, Bitstream Vera Sans, sans-serif
[2026-01-02T12:27:55.063+0000] {font_manager.py:1333} WARNING - findfont: Generic family 'sans-serif' not found because none of the following families were found: Arial, Liberation Sans, Bitstream Vera Sans, sans-serif
[2026-01-02T12:27:55.065+0000] {font_manager.py:1333} WARNING - findfont: Generic family 'sans-serif' not found because none of the following families were found: Arial, Liberation Sans, Bitstream Vera Sans, sans-serif
[2026-01-02T12:27:55.077+0000] {font_manager.py:1333} WARNING - findfont: Generic family 'sans-serif' not found because none of the following families were found: Arial, Liberation Sans, Bitstream Vera Sans, sans-serif
[2026-01-02T12:27:55.078+0000] {font_manager.py:1333} WARNING - findfont: Generic family 'sans-serif' not found because none of the following families were found: Arial, Liberation Sans, Bitstream Vera Sans, sans-serif
[2026-01-02T12:27:55.081+0000] {font_manager.py:1333} WARNING - findfont: Generic family 'sans-serif' not found because none of the following families were found: Arial, Liberation Sans, Bitstream Vera Sans, sans-serif
[2026-01-02T12:27:55.083+0000] {font_manager.py:1333} WARNING - findfont: Generic family 'sans-serif' not found because none of the following families were found: Arial, Liberation Sans, Bitstream Vera Sans, sans-serif
[2026-01-02T12:27:55.085+0000] {font_manager.py:1333} WARNING - findfont: Generic family 'sans-serif' not found because none of the following families were found: Arial, Liberation Sans, Bitstream Vera Sans, sans-serif
[2026-01-02T12:27:55.088+0000] {font_manager.py:1333} WARNING - findfont: Generic family 'sans-serif' not found because none of the following families were found: Arial, Liberation Sans, Bitstream Vera Sans, sans-serif
[2026-01-02T12:27:55.094+0000] {font_manager.py:1333} WARNING - findfont: Generic family 'sans-serif' not found because none of the following families were found: Arial, Liberation Sans, Bitstream Vera Sans, sans-serif
[2026-01-02T12:27:55.101+0000] {font_manager.py:1333} WARNING - findfont: Generic family 'sans-serif' not found because none of the following families were found: Arial, Liberation Sans, Bitstream Vera Sans, sans-serif
[2026-01-02T12:27:55.105+0000] {font_manager.py:1333} WARNING - findfont: Generic family 'sans-serif' not found because none of the following families were found: Arial, Liberation Sans, Bitstream Vera Sans, sans-serif
[2026-01-02T12:27:55.109+0000] {font_manager.py:1333} WARNING - findfont: Generic family 'sans-serif' not found because none of the following families were found: Arial, Liberation Sans, Bitstream Vera Sans, sans-serif
[2026-01-02T12:27:55.114+0000] {font_manager.py:1333} WARNING - findfont: Generic family 'sans-serif' not found because none of the following families were found: Arial, Liberation Sans, Bitstream Vera Sans, sans-serif
[2026-01-02T12:27:55.116+0000] {font_manager.py:1333} WARNING - findfont: Generic family 'sans-serif' not found because none of the following families were found: Arial, Liberation Sans, Bitstream Vera Sans, sans-serif
[2026-01-02T12:27:55.120+0000] {font_manager.py:1333} WARNING - findfont: Generic family 'sans-serif' not found because none of the following families were found: Arial, Liberation Sans, Bitstream Vera Sans, sans-serif
[2026-01-02T12:27:55.133+0000] {font_manager.py:1333} WARNING - findfont: Generic family 'sans-serif' not found because none of the following families were found: Arial, Liberation Sans, Bitstream Vera Sans, sans-serif
[2026-01-02T12:27:55.140+0000] {font_manager.py:1333} WARNING - findfont: Generic family 'sans-serif' not found because none of the following families were found: Arial, Liberation Sans, Bitstream Vera Sans, sans-serif
[2026-01-02T12:27:55.167+0000] {font_manager.py:1333} WARNING - findfont: Generic family 'sans-serif' not found because none of the following families were found: Arial, Liberation Sans, Bitstream Vera Sans, sans-serif
[2026-01-02T12:27:55.169+0000] {font_manager.py:1333} WARNING - findfont: Generic family 'sans-serif' not found because none of the following families were found: Arial, Liberation Sans, Bitstream Vera Sans, sans-serif
[2026-01-02T12:27:55.189+0000] {font_manager.py:1333} WARNING - findfont: Generic family 'sans-serif' not found because none of the following families were found: Arial, Liberation Sans, Bitstream Vera Sans, sans-serif
[2026-01-02T12:27:55.195+0000] {font_manager.py:1333} WARNING - findfont: Generic family 'sans-serif' not found because none of the following families were found: Arial, Liberation Sans, Bitstream Vera Sans, sans-serif
[2026-01-02T12:27:55.207+0000] {font_manager.py:1333} WARNING - findfont: Generic family 'sans-serif' not found because none of the following families were found: Arial, Liberation Sans, Bitstream Vera Sans, sans-serif
[2026-01-02T12:27:55.216+0000] {font_manager.py:1333} WARNING - findfont: Generic family 'sans-serif' not found because none of the following families were found: Arial, Liberation Sans, Bitstream Vera Sans, sans-serif
[2026-01-02T12:27:55.225+0000] {font_manager.py:1333} WARNING - findfont: Generic family 'sans-serif' not found because none of the following families were found: Arial, Liberation Sans, Bitstream Vera Sans, sans-serif
[2026-01-02T12:27:55.253+0000] {font_manager.py:1333} WARNING - findfont: Generic family 'sans-serif' not found because none of the following families were found: Arial, Liberation Sans, Bitstream Vera Sans, sans-serif
[2026-01-02T12:27:55.319+0000] {font_manager.py:1333} WARNING - findfont: Generic family 'sans-serif' not found because none of the following families were found: Arial, Liberation Sans, Bitstream Vera Sans, sans-serif
[2026-01-02T12:27:55.326+0000] {font_manager.py:1333} WARNING - findfont: Generic family 'sans-serif' not found because none of the following families were found: Arial, Liberation Sans, Bitstream Vera Sans, sans-serif
[2026-01-02T12:27:55.342+0000] {font_manager.py:1333} WARNING - findfont: Generic family 'sans-serif' not found because none of the following families were found: Arial, Liberation Sans, Bitstream Vera Sans, sans-serif
[2026-01-02T12:27:55.368+0000] {font_manager.py:1333} WARNING - findfont: Generic family 'sans-serif' not found because none of the following families were found: Arial, Liberation Sans, Bitstream Vera Sans, sans-serif
[2026-01-02T12:27:55.371+0000] {font_manager.py:1333} WARNING - findfont: Generic family 'sans-serif' not found because none of the following families were found: Arial, Liberation Sans, Bitstream Vera Sans, sans-serif
[2026-01-02T12:27:55.382+0000] {font_manager.py:1333} WARNING - findfont: Generic family 'sans-serif' not found because none of the following families were found: Arial, Liberation Sans, Bitstream Vera Sans, sans-serif
[2026-01-02T12:27:55.384+0000] {font_manager.py:1333} WARNING - findfont: Generic family 'sans-serif' not found because none of the following families were found: Arial, Liberation Sans, Bitstream Vera Sans, sans-serif
[2026-01-02T12:27:55.385+0000] {font_manager.py:1333} WARNING - findfont: Generic family 'sans-serif' not found because none of the following families were found: Arial, Liberation Sans, Bitstream Vera Sans, sans-serif
[2026-01-02T12:27:55.387+0000] {font_manager.py:1333} WARNING - findfont: Generic family 'sans-serif' not found because none of the following families were found: Arial, Liberation Sans, Bitstream Vera Sans, sans-serif
[2026-01-02T12:27:55.391+0000] {font_manager.py:1333} WARNING - findfont: Generic family 'sans-serif' not found because none of the following families were found: Arial, Liberation Sans, Bitstream Vera Sans, sans-serif
[2026-01-02T12:27:55.396+0000] {font_manager.py:1333} WARNING - findfont: Generic family 'sans-serif' not found because none of the following families were found: Arial, Liberation Sans, Bitstream Vera Sans, sans-serif
[2026-01-02T12:27:55.409+0000] {font_manager.py:1333} WARNING - findfont: Generic family 'sans-serif' not found because none of the following families were found: Arial, Liberation Sans, Bitstream Vera Sans, sans-serif
[2026-01-02T12:27:55.412+0000] {font_manager.py:1333} WARNING - findfont: Generic family 'sans-serif' not found because none of the following families were found: Arial, Liberation Sans, Bitstream Vera Sans, sans-serif
[2026-01-02T12:27:55.415+0000] {font_manager.py:1333} WARNING - findfont: Generic family 'sans-serif' not found because none of the following families were found: Arial, Liberation Sans, Bitstream Vera Sans, sans-serif
[2026-01-02T12:27:55.431+0000] {font_manager.py:1333} WARNING - findfont: Generic family 'sans-serif' not found because none of the following families were found: Arial, Liberation Sans, Bitstream Vera Sans, sans-serif
[2026-01-02T12:27:55.435+0000] {font_manager.py:1333} WARNING - findfont: Generic family 'sans-serif' not found because none of the following families were found: Arial, Liberation Sans, Bitstream Vera Sans, sans-serif
[2026-01-02T12:27:55.457+0000] {font_manager.py:1333} WARNING - findfont: Generic family 'sans-serif' not found because none of the following families were found: Arial, Liberation Sans, Bitstream Vera Sans, sans-serif
[2026-01-02T12:27:55.462+0000] {font_manager.py:1333} WARNING - findfont: Generic family 'sans-serif' not found because none of the following families were found: Arial, Liberation Sans, Bitstream Vera Sans, sans-serif
[2026-01-02T12:27:55.472+0000] {font_manager.py:1333} WARNING - findfont: Generic family 'sans-serif' not found because none of the following families were found: Arial, Liberation Sans, Bitstream Vera Sans, sans-serif
[2026-01-02T12:27:55.477+0000] {font_manager.py:1333} WARNING - findfont: Generic family 'sans-serif' not found because none of the following families were found: Arial, Liberation Sans, Bitstream Vera Sans, sans-serif
[2026-01-02T12:27:55.486+0000] {font_manager.py:1333} WARNING - findfont: Generic family 'sans-serif' not found because none of the following families were found: Arial, Liberation Sans, Bitstream Vera Sans, sans-serif
[2026-01-02T12:27:55.692+0000] {font_manager.py:1333} WARNING - findfont: Generic family 'sans-serif' not found because none of the following families were found: Arial, Liberation Sans, Bitstream Vera Sans, sans-serif
[2026-01-02T12:27:55.693+0000] {font_manager.py:1333} WARNING - findfont: Generic family 'sans-serif' not found because none of the following families were found: Arial, Liberation Sans, Bitstream Vera Sans, sans-serif
[2026-01-02T12:27:55.696+0000] {font_manager.py:1333} WARNING - findfont: Generic family 'sans-serif' not found because none of the following families were found: Arial, Liberation Sans, Bitstream Vera Sans, sans-serif
[2026-01-02T12:27:55.698+0000] {font_manager.py:1333} WARNING - findfont: Generic family 'sans-serif' not found because none of the following families were found: Arial, Liberation Sans, Bitstream Vera Sans, sans-serif
[2026-01-02T12:27:55.700+0000] {font_manager.py:1333} WARNING - findfont: Generic family 'sans-serif' not found because none of the following families were found: Arial, Liberation Sans, Bitstream Vera Sans, sans-serif
[2026-01-02T12:27:55.703+0000] {font_manager.py:1333} WARNING - findfont: Generic family 'sans-serif' not found because none of the following families were found: Arial, Liberation Sans, Bitstream Vera Sans, sans-serif
[2026-01-02T12:27:55.712+0000] {font_manager.py:1333} WARNING - findfont: Generic family 'sans-serif' not found because none of the following families were found: Arial, Liberation Sans, Bitstream Vera Sans, sans-serif
[2026-01-02T12:27:55.714+0000] {font_manager.py:1333} WARNING - findfont: Generic family 'sans-serif' not found because none of the following families were found: Arial, Liberation Sans, Bitstream Vera Sans, sans-serif
[2026-01-02T12:27:55.718+0000] {font_manager.py:1333} WARNING - findfont: Generic family 'sans-serif' not found because none of the following families were found: Arial, Liberation Sans, Bitstream Vera Sans, sans-serif
[2026-01-02T12:27:55.720+0000] {font_manager.py:1333} WARNING - findfont: Generic family 'sans-serif' not found because none of the following families were found: Arial, Liberation Sans, Bitstream Vera Sans, sans-serif
[2026-01-02T12:27:55.728+0000] {font_manager.py:1333} WARNING - findfont: Generic family 'sans-serif' not found because none of the following families were found: Arial, Liberation Sans, Bitstream Vera Sans, sans-serif
[2026-01-02T12:27:55.729+0000] {font_manager.py:1333} WARNING - findfont: Generic family 'sans-serif' not found because none of the following families were found: Arial, Liberation Sans, Bitstream Vera Sans, sans-serif
[2026-01-02T12:27:55.732+0000] {font_manager.py:1333} WARNING - findfont: Generic family 'sans-serif' not found because none of the following families were found: Arial, Liberation Sans, Bitstream Vera Sans, sans-serif
[2026-01-02T12:27:55.734+0000] {font_manager.py:1333} WARNING - findfont: Generic family 'sans-serif' not found because none of the following families were found: Arial, Liberation Sans, Bitstream Vera Sans, sans-serif
[2026-01-02T12:27:55.736+0000] {font_manager.py:1333} WARNING - findfont: Generic family 'sans-serif' not found because none of the following families were found: Arial, Liberation Sans, Bitstream Vera Sans, sans-serif
[2026-01-02T12:27:55.737+0000] {font_manager.py:1333} WARNING - findfont: Generic family 'sans-serif' not found because none of the following families were found: Arial, Liberation Sans, Bitstream Vera Sans, sans-serif
[2026-01-02T12:27:55.741+0000] {font_manager.py:1333} WARNING - findfont: Generic family 'sans-serif' not found because none of the following families were found: Arial, Liberation Sans, Bitstream Vera Sans, sans-serif
[2026-01-02T12:27:55.746+0000] {font_manager.py:1333} WARNING - findfont: Generic family 'sans-serif' not found because none of the following families were found: Arial, Liberation Sans, Bitstream Vera Sans, sans-serif
[2026-01-02T12:27:55.751+0000] {font_manager.py:1333} WARNING - findfont: Generic family 'sans-serif' not found because none of the following families were found: Arial, Liberation Sans, Bitstream Vera Sans, sans-serif
[2026-01-02T12:27:55.755+0000] {font_manager.py:1333} WARNING - findfont: Generic family 'sans-serif' not found because none of the following families were found: Arial, Liberation Sans, Bitstream Vera Sans, sans-serif
[2026-01-02T12:27:55.758+0000] {font_manager.py:1333} WARNING - findfont: Generic family 'sans-serif' not found because none of the following families were found: Arial, Liberation Sans, Bitstream Vera Sans, sans-serif
[2026-01-02T12:27:55.768+0000] {font_manager.py:1333} WARNING - findfont: Generic family 'sans-serif' not found because none of the following families were found: Arial, Liberation Sans, Bitstream Vera Sans, sans-serif
[2026-01-02T12:27:55.774+0000] {font_manager.py:1333} WARNING - findfont: Generic family 'sans-serif' not found because none of the following families were found: Arial, Liberation Sans, Bitstream Vera Sans, sans-serif
[2026-01-02T12:27:55.783+0000] {font_manager.py:1333} WARNING - findfont: Generic family 'sans-serif' not found because none of the following families were found: Arial, Liberation Sans, Bitstream Vera Sans, sans-serif
[2026-01-02T12:27:55.789+0000] {font_manager.py:1333} WARNING - findfont: Generic family 'sans-serif' not found because none of the following families were found: Arial, Liberation Sans, Bitstream Vera Sans, sans-serif
[2026-01-02T12:27:55.823+0000] {font_manager.py:1333} WARNING - findfont: Generic family 'sans-serif' not found because none of the following families were found: Arial, Liberation Sans, Bitstream Vera Sans, sans-serif
[2026-01-02T12:27:55.825+0000] {font_manager.py:1333} WARNING - findfont: Generic family 'sans-serif' not found because none of the following families were found: Arial, Liberation Sans, Bitstream Vera Sans, sans-serif
[2026-01-02T12:27:55.836+0000] {font_manager.py:1333} WARNING - findfont: Generic family 'sans-serif' not found because none of the following families were found: Arial, Liberation Sans, Bitstream Vera Sans, sans-serif
[2026-01-02T12:27:55.841+0000] {font_manager.py:1333} WARNING - findfont: Generic family 'sans-serif' not found because none of the following families were found: Arial, Liberation Sans, Bitstream Vera Sans, sans-serif
[2026-01-02T12:27:55.850+0000] {font_manager.py:1333} WARNING - findfont: Generic family 'sans-serif' not found because none of the following families were found: Arial, Liberation Sans, Bitstream Vera Sans, sans-serif
[2026-01-02T12:27:55.856+0000] {font_manager.py:1333} WARNING - findfont: Generic family 'sans-serif' not found because none of the following families were found: Arial, Liberation Sans, Bitstream Vera Sans, sans-serif
[2026-01-02T12:27:55.870+0000] {font_manager.py:1333} WARNING - findfont: Generic family 'sans-serif' not found because none of the following families were found: Arial, Liberation Sans, Bitstream Vera Sans, sans-serif
[2026-01-02T12:27:55.916+0000] {font_manager.py:1333} WARNING - findfont: Generic family 'sans-serif' not found because none of the following families were found: Arial, Liberation Sans, Bitstream Vera Sans, sans-serif
[2026-01-02T12:27:55.987+0000] {font_manager.py:1333} WARNING - findfont: Generic family 'sans-serif' not found because none of the following families were found: Arial, Liberation Sans, Bitstream Vera Sans, sans-serif
[2026-01-02T12:27:56.005+0000] {font_manager.py:1333} WARNING - findfont: Generic family 'sans-serif' not found because none of the following families were found: Arial, Liberation Sans, Bitstream Vera Sans, sans-serif
[2026-01-02T12:27:56.035+0000] {font_manager.py:1333} WARNING - findfont: Generic family 'sans-serif' not found because none of the following families were found: Arial, Liberation Sans, Bitstream Vera Sans, sans-serif
[2026-01-02T12:27:56.081+0000] {font_manager.py:1333} WARNING - findfont: Generic family 'sans-serif' not found because none of the following families were found: Arial, Liberation Sans, Bitstream Vera Sans, sans-serif
[2026-01-02T12:27:56.088+0000] {font_manager.py:1333} WARNING - findfont: Generic family 'sans-serif' not found because none of the following families were found: Arial, Liberation Sans, Bitstream Vera Sans, sans-serif
[2026-01-02T12:27:56.109+0000] {font_manager.py:1333} WARNING - findfont: Generic family 'sans-serif' not found because none of the following families were found: Arial, Liberation Sans, Bitstream Vera Sans, sans-serif
[2026-01-02T12:27:56.116+0000] {font_manager.py:1333} WARNING - findfont: Generic family 'sans-serif' not found because none of the following families were found: Arial, Liberation Sans, Bitstream Vera Sans, sans-serif
[2026-01-02T12:27:56.119+0000] {font_manager.py:1333} WARNING - findfont: Generic family 'sans-serif' not found because none of the following families were found: Arial, Liberation Sans, Bitstream Vera Sans, sans-serif
[2026-01-02T12:27:56.123+0000] {font_manager.py:1333} WARNING - findfont: Generic family 'sans-serif' not found because none of the following families were found: Arial, Liberation Sans, Bitstream Vera Sans, sans-serif
[2026-01-02T12:27:56.127+0000] {font_manager.py:1333} WARNING - findfont: Generic family 'sans-serif' not found because none of the following families were found: Arial, Liberation Sans, Bitstream Vera Sans, sans-serif
[2026-01-02T12:27:56.138+0000] {font_manager.py:1333} WARNING - findfont: Generic family 'sans-serif' not found because none of the following families were found: Arial, Liberation Sans, Bitstream Vera Sans, sans-serif
[2026-01-02T12:27:56.157+0000] {font_manager.py:1333} WARNING - findfont: Generic family 'sans-serif' not found because none of the following families were found: Arial, Liberation Sans, Bitstream Vera Sans, sans-serif
[2026-01-02T12:27:56.169+0000] {font_manager.py:1333} WARNING - findfont: Generic family 'sans-serif' not found because none of the following families were found: Arial, Liberation Sans, Bitstream Vera Sans, sans-serif
[2026-01-02T12:27:56.174+0000] {font_manager.py:1333} WARNING - findfont: Generic family 'sans-serif' not found because none of the following families were found: Arial, Liberation Sans, Bitstream Vera Sans, sans-serif
[2026-01-02T12:27:56.197+0000] {font_manager.py:1333} WARNING - findfont: Generic family 'sans-serif' not found because none of the following families were found: Arial, Liberation Sans, Bitstream Vera Sans, sans-serif
[2026-01-02T12:27:56.199+0000] {font_manager.py:1333} WARNING - findfont: Generic family 'sans-serif' not found because none of the following families were found: Arial, Liberation Sans, Bitstream Vera Sans, sans-serif
[2026-01-02T12:27:56.206+0000] {font_manager.py:1333} WARNING - findfont: Generic family 'sans-serif' not found because none of the following families were found: Arial, Liberation Sans, Bitstream Vera Sans, sans-serif
[2026-01-02T12:27:56.209+0000] {font_manager.py:1333} WARNING - findfont: Generic family 'sans-serif' not found because none of the following families were found: Arial, Liberation Sans, Bitstream Vera Sans, sans-serif
[2026-01-02T12:27:56.221+0000] {font_manager.py:1333} WARNING - findfont: Generic family 'sans-serif' not found because none of the following families were found: Arial, Liberation Sans, Bitstream Vera Sans, sans-serif
[2026-01-02T12:27:56.229+0000] {font_manager.py:1333} WARNING - findfont: Generic family 'sans-serif' not found because none of the following families were found: Arial, Liberation Sans, Bitstream Vera Sans, sans-serif
[2026-01-02T12:27:56.245+0000] {font_manager.py:1333} WARNING - findfont: Generic family 'sans-serif' not found because none of the following families were found: Arial, Liberation Sans, Bitstream Vera Sans, sans-serif
[2026-01-02T12:27:57.972+0000] {font_manager.py:1333} WARNING - findfont: Generic family 'sans-serif' not found because none of the following families were found: Arial, Liberation Sans, Bitstream Vera Sans, sans-serif
[2026-01-02T12:27:57.974+0000] {font_manager.py:1333} WARNING - findfont: Generic family 'sans-serif' not found because none of the following families were found: Arial, Liberation Sans, Bitstream Vera Sans, sans-serif
[2026-01-02T12:27:57.976+0000] {font_manager.py:1333} WARNING - findfont: Generic family 'sans-serif' not found because none of the following families were found: Arial, Liberation Sans, Bitstream Vera Sans, sans-serif
[2026-01-02T12:27:57.978+0000] {font_manager.py:1333} WARNING - findfont: Generic family 'sans-serif' not found because none of the following families were found: Arial, Liberation Sans, Bitstream Vera Sans, sans-serif
[2026-01-02T12:27:57.980+0000] {font_manager.py:1333} WARNING - findfont: Generic family 'sans-serif' not found because none of the following families were found: Arial, Liberation Sans, Bitstream Vera Sans, sans-serif
[2026-01-02T12:27:57.982+0000] {font_manager.py:1333} WARNING - findfont: Generic family 'sans-serif' not found because none of the following families were found: Arial, Liberation Sans, Bitstream Vera Sans, sans-serif
[2026-01-02T12:27:57.988+0000] {font_manager.py:1333} WARNING - findfont: Generic family 'sans-serif' not found because none of the following families were found: Arial, Liberation Sans, Bitstream Vera Sans, sans-serif
[2026-01-02T12:27:57.990+0000] {font_manager.py:1333} WARNING - findfont: Generic family 'sans-serif' not found because none of the following families were found: Arial, Liberation Sans, Bitstream Vera Sans, sans-serif
[2026-01-02T12:27:58.007+0000] {font_manager.py:1333} WARNING - findfont: Generic family 'sans-serif' not found because none of the following families were found: Arial, Liberation Sans, Bitstream Vera Sans, sans-serif
[2026-01-02T12:27:58.011+0000] {font_manager.py:1400} WARNING - findfont: Font family ['sans-serif'] not found. Falling back to DejaVu Sans.
[2026-01-02T12:27:58.011+0000] {font_manager.py:1405} WARNING - findfont: Generic family 'sans-serif' not found because none of the following families were found: Arial, Liberation Sans, Bitstream Vera Sans, sans-serif
[2026-01-02T12:27:58.021+0000] {font_manager.py:1333} WARNING - findfont: Generic family 'sans-serif' not found because none of the following families were found: Arial, Liberation Sans, Bitstream Vera Sans, sans-serif
[2026-01-02T12:27:58.025+0000] {font_manager.py:1333} WARNING - findfont: Generic family 'sans-serif' not found because none of the following families were found: Arial, Liberation Sans, Bitstream Vera Sans, sans-serif
[2026-01-02T12:27:58.237+0000] {font_manager.py:1333} WARNING - findfont: Generic family 'sans-serif' not found because none of the following families were found: Arial, Liberation Sans, Bitstream Vera Sans, sans-serif
[2026-01-02T12:27:58.244+0000] {font_manager.py:1333} WARNING - findfont: Generic family 'sans-serif' not found because none of the following families were found: Arial, Liberation Sans, Bitstream Vera Sans, sans-serif
[2026-01-02T12:27:58.244+0000] {font_manager.py:1333} WARNING - findfont: Generic family 'sans-serif' not found because none of the following families were found: Arial, Liberation Sans, Bitstream Vera Sans, sans-serif
[2026-01-02T12:27:58.245+0000] {font_manager.py:1333} WARNING - findfont: Generic family 'sans-serif' not found because none of the following families were found: Arial, Liberation Sans, Bitstream Vera Sans, sans-serif
[2026-01-02T12:27:58.246+0000] {font_manager.py:1333} WARNING - findfont: Generic family 'sans-serif' not found because none of the following families were found: Arial, Liberation Sans, Bitstream Vera Sans, sans-serif
[2026-01-02T12:27:58.251+0000] {font_manager.py:1333} WARNING - findfont: Generic family 'sans-serif' not found because none of the following families were found: Arial, Liberation Sans, Bitstream Vera Sans, sans-serif
[2026-01-02T12:27:58.252+0000] {font_manager.py:1333} WARNING - findfont: Generic family 'sans-serif' not found because none of the following families were found: Arial, Liberation Sans, Bitstream Vera Sans, sans-serif
[2026-01-02T12:27:58.252+0000] {font_manager.py:1333} WARNING - findfont: Generic family 'sans-serif' not found because none of the following families were found: Arial, Liberation Sans, Bitstream Vera Sans, sans-serif
[2026-01-02T12:27:58.265+0000] {font_manager.py:1333} WARNING - findfont: Generic family 'sans-serif' not found because none of the following families were found: Arial, Liberation Sans, Bitstream Vera Sans, sans-serif
[2026-01-02T12:27:58.272+0000] {font_manager.py:1333} WARNING - findfont: Generic family 'sans-serif' not found because none of the following families were found: Arial, Liberation Sans, Bitstream Vera Sans, sans-serif
[2026-01-02T12:27:58.274+0000] {font_manager.py:1333} WARNING - findfont: Generic family 'sans-serif' not found because none of the following families were found: Arial, Liberation Sans, Bitstream Vera Sans, sans-serif
[2026-01-02T12:27:58.276+0000] {font_manager.py:1333} WARNING - findfont: Generic family 'sans-serif' not found because none of the following families were found: Arial, Liberation Sans, Bitstream Vera Sans, sans-serif
[2026-01-02T12:27:58.278+0000] {font_manager.py:1333} WARNING - findfont: Generic family 'sans-serif' not found because none of the following families were found: Arial, Liberation Sans, Bitstream Vera Sans, sans-serif
[2026-01-02T12:27:58.279+0000] {font_manager.py:1333} WARNING - findfont: Generic family 'sans-serif' not found because none of the following families were found: Arial, Liberation Sans, Bitstream Vera Sans, sans-serif
[2026-01-02T12:27:58.286+0000] {font_manager.py:1333} WARNING - findfont: Generic family 'sans-serif' not found because none of the following families were found: Arial, Liberation Sans, Bitstream Vera Sans, sans-serif
[2026-01-02T12:27:58.302+0000] {font_manager.py:1333} WARNING - findfont: Generic family 'sans-serif' not found because none of the following families were found: Arial, Liberation Sans, Bitstream Vera Sans, sans-serif
[2026-01-02T12:27:58.310+0000] {font_manager.py:1333} WARNING - findfont: Generic family 'sans-serif' not found because none of the following families were found: Arial, Liberation Sans, Bitstream Vera Sans, sans-serif
[2026-01-02T12:27:58.385+0000] {font_manager.py:1333} WARNING - findfont: Generic family 'sans-serif' not found because none of the following families were found: Arial, Liberation Sans, Bitstream Vera Sans, sans-serif
[2026-01-02T12:27:58.388+0000] {font_manager.py:1333} WARNING - findfont: Generic family 'sans-serif' not found because none of the following families were found: Arial, Liberation Sans, Bitstream Vera Sans, sans-serif
[2026-01-02T12:27:58.390+0000] {font_manager.py:1333} WARNING - findfont: Generic family 'sans-serif' not found because none of the following families were found: Arial, Liberation Sans, Bitstream Vera Sans, sans-serif
[2026-01-02T12:27:58.412+0000] {font_manager.py:1333} WARNING - findfont: Generic family 'sans-serif' not found because none of the following families were found: Arial, Liberation Sans, Bitstream Vera Sans, sans-serif
[2026-01-02T12:27:58.413+0000] {font_manager.py:1333} WARNING - findfont: Generic family 'sans-serif' not found because none of the following families were found: Arial, Liberation Sans, Bitstream Vera Sans, sans-serif
[2026-01-02T12:27:58.414+0000] {font_manager.py:1333} WARNING - findfont: Generic family 'sans-serif' not found because none of the following families were found: Arial, Liberation Sans, Bitstream Vera Sans, sans-serif
[2026-01-02T12:27:58.498+0000] {font_manager.py:1333} WARNING - findfont: Generic family 'sans-serif' not found because none of the following families were found: Arial, Liberation Sans, Bitstream Vera Sans, sans-serif
[2026-01-02T12:27:58.499+0000] {font_manager.py:1333} WARNING - findfont: Generic family 'sans-serif' not found because none of the following families were found: Arial, Liberation Sans, Bitstream Vera Sans, sans-serif
[2026-01-02T12:27:58.500+0000] {font_manager.py:1333} WARNING - findfont: Generic family 'sans-serif' not found because none of the following families were found: Arial, Liberation Sans, Bitstream Vera Sans, sans-serif
[2026-01-02T12:27:58.514+0000] {font_manager.py:1333} WARNING - findfont: Generic family 'sans-serif' not found because none of the following families were found: Arial, Liberation Sans, Bitstream Vera Sans, sans-serif
[2026-01-02T12:27:58.515+0000] {font_manager.py:1333} WARNING - findfont: Generic family 'sans-serif' not found because none of the following families were found: Arial, Liberation Sans, Bitstream Vera Sans, sans-serif
[2026-01-02T12:27:58.516+0000] {font_manager.py:1333} WARNING - findfont: Generic family 'sans-serif' not found because none of the following families were found: Arial, Liberation Sans, Bitstream Vera Sans, sans-serif
[2026-01-02T12:27:58.516+0000] {font_manager.py:1333} WARNING - findfont: Generic family 'sans-serif' not found because none of the following families were found: Arial, Liberation Sans, Bitstream Vera Sans, sans-serif
[2026-01-02T12:27:58.517+0000] {font_manager.py:1333} WARNING - findfont: Generic family 'sans-serif' not found because none of the following families were found: Arial, Liberation Sans, Bitstream Vera Sans, sans-serif
[2026-01-02T12:27:58.518+0000] {font_manager.py:1333} WARNING - findfont: Generic family 'sans-serif' not found because none of the following families were found: Arial, Liberation Sans, Bitstream Vera Sans, sans-serif
[2026-01-02T12:27:58.519+0000] {font_manager.py:1333} WARNING - findfont: Generic family 'sans-serif' not found because none of the following families were found: Arial, Liberation Sans, Bitstream Vera Sans, sans-serif
[2026-01-02T12:27:58.520+0000] {font_manager.py:1333} WARNING - findfont: Generic family 'sans-serif' not found because none of the following families were found: Arial, Liberation Sans, Bitstream Vera Sans, sans-serif
[2026-01-02T12:27:58.529+0000] {font_manager.py:1333} WARNING - findfont: Generic family 'sans-serif' not found because none of the following families were found: Arial, Liberation Sans, Bitstream Vera Sans, sans-serif
[2026-01-02T12:27:58.534+0000] {font_manager.py:1333} WARNING - findfont: Generic family 'sans-serif' not found because none of the following families were found: Arial, Liberation Sans, Bitstream Vera Sans, sans-serif
[2026-01-02T12:27:58.534+0000] {font_manager.py:1333} WARNING - findfont: Generic family 'sans-serif' not found because none of the following families were found: Arial, Liberation Sans, Bitstream Vera Sans, sans-serif
[2026-01-02T12:27:58.544+0000] {font_manager.py:1333} WARNING - findfont: Generic family 'sans-serif' not found because none of the following families were found: Arial, Liberation Sans, Bitstream Vera Sans, sans-serif
[2026-01-02T12:27:58.546+0000] {font_manager.py:1333} WARNING - findfont: Generic family 'sans-serif' not found because none of the following families were found: Arial, Liberation Sans, Bitstream Vera Sans, sans-serif
[2026-01-02T12:27:58.548+0000] {font_manager.py:1333} WARNING - findfont: Generic family 'sans-serif' not found because none of the following families were found: Arial, Liberation Sans, Bitstream Vera Sans, sans-serif
[2026-01-02T12:27:58.550+0000] {font_manager.py:1333} WARNING - findfont: Generic family 'sans-serif' not found because none of the following families were found: Arial, Liberation Sans, Bitstream Vera Sans, sans-serif
[2026-01-02T12:27:58.553+0000] {font_manager.py:1333} WARNING - findfont: Generic family 'sans-serif' not found because none of the following families were found: Arial, Liberation Sans, Bitstream Vera Sans, sans-serif
[2026-01-02T12:27:58.555+0000] {font_manager.py:1333} WARNING - findfont: Generic family 'sans-serif' not found because none of the following families were found: Arial, Liberation Sans, Bitstream Vera Sans, sans-serif
[2026-01-02T12:27:58.557+0000] {font_manager.py:1333} WARNING - findfont: Generic family 'sans-serif' not found because none of the following families were found: Arial, Liberation Sans, Bitstream Vera Sans, sans-serif
[2026-01-02T12:27:58.577+0000] {font_manager.py:1333} WARNING - findfont: Generic family 'sans-serif' not found because none of the following families were found: Arial, Liberation Sans, Bitstream Vera Sans, sans-serif
[2026-01-02T12:27:58.579+0000] {font_manager.py:1333} WARNING - findfont: Generic family 'sans-serif' not found because none of the following families were found: Arial, Liberation Sans, Bitstream Vera Sans, sans-serif
[2026-01-02T12:27:58.582+0000] {font_manager.py:1333} WARNING - findfont: Generic family 'sans-serif' not found because none of the following families were found: Arial, Liberation Sans, Bitstream Vera Sans, sans-serif
[2026-01-02T12:27:58.584+0000] {font_manager.py:1333} WARNING - findfont: Generic family 'sans-serif' not found because none of the following families were found: Arial, Liberation Sans, Bitstream Vera Sans, sans-serif
[2026-01-02T12:27:58.587+0000] {font_manager.py:1333} WARNING - findfont: Generic family 'sans-serif' not found because none of the following families were found: Arial, Liberation Sans, Bitstream Vera Sans, sans-serif
[2026-01-02T12:27:58.589+0000] {font_manager.py:1333} WARNING - findfont: Generic family 'sans-serif' not found because none of the following families were found: Arial, Liberation Sans, Bitstream Vera Sans, sans-serif
[2026-01-02T12:27:58.591+0000] {font_manager.py:1333} WARNING - findfont: Generic family 'sans-serif' not found because none of the following families were found: Arial, Liberation Sans, Bitstream Vera Sans, sans-serif
[2026-01-02T12:27:58.617+0000] {font_manager.py:1333} WARNING - findfont: Generic family 'sans-serif' not found because none of the following families were found: Arial, Liberation Sans, Bitstream Vera Sans, sans-serif
[2026-01-02T12:27:58.619+0000] {font_manager.py:1333} WARNING - findfont: Generic family 'sans-serif' not found because none of the following families were found: Arial, Liberation Sans, Bitstream Vera Sans, sans-serif
[2026-01-02T12:27:58.625+0000] {font_manager.py:1333} WARNING - findfont: Generic family 'sans-serif' not found because none of the following families were found: Arial, Liberation Sans, Bitstream Vera Sans, sans-serif
[2026-01-02T12:27:58.625+0000] {font_manager.py:1333} WARNING - findfont: Generic family 'sans-serif' not found because none of the following families were found: Arial, Liberation Sans, Bitstream Vera Sans, sans-serif
[2026-01-02T12:27:58.626+0000] {font_manager.py:1333} WARNING - findfont: Generic family 'sans-serif' not found because none of the following families were found: Arial, Liberation Sans, Bitstream Vera Sans, sans-serif
[2026-01-02T12:27:58.626+0000] {font_manager.py:1333} WARNING - findfont: Generic family 'sans-serif' not found because none of the following families were found: Arial, Liberation Sans, Bitstream Vera Sans, sans-serif
[2026-01-02T12:27:58.631+0000] {font_manager.py:1333} WARNING - findfont: Generic family 'sans-serif' not found because none of the following families were found: Arial, Liberation Sans, Bitstream Vera Sans, sans-serif
[2026-01-02T12:27:58.631+0000] {font_manager.py:1333} WARNING - findfont: Generic family 'sans-serif' not found because none of the following families were found: Arial, Liberation Sans, Bitstream Vera Sans, sans-serif
[2026-01-02T12:27:58.632+0000] {font_manager.py:1333} WARNING - findfont: Generic family 'sans-serif' not found because none of the following families were found: Arial, Liberation Sans, Bitstream Vera Sans, sans-serif
[2026-01-02T12:27:58.636+0000] {font_manager.py:1333} WARNING - findfont: Generic family 'sans-serif' not found because none of the following families were found: Arial, Liberation Sans, Bitstream Vera Sans, sans-serif
[2026-01-02T12:27:58.637+0000] {font_manager.py:1333} WARNING - findfont: Generic family 'sans-serif' not found because none of the following families were found: Arial, Liberation Sans, Bitstream Vera Sans, sans-serif
[2026-01-02T12:27:58.637+0000] {font_manager.py:1333} WARNING - findfont: Generic family 'sans-serif' not found because none of the following families were found: Arial, Liberation Sans, Bitstream Vera Sans, sans-serif
[2026-01-02T12:27:58.639+0000] {font_manager.py:1333} WARNING - findfont: Generic family 'sans-serif' not found because none of the following families were found: Arial, Liberation Sans, Bitstream Vera Sans, sans-serif
[2026-01-02T12:27:58.640+0000] {font_manager.py:1333} WARNING - findfont: Generic family 'sans-serif' not found because none of the following families were found: Arial, Liberation Sans, Bitstream Vera Sans, sans-serif
[2026-01-02T12:27:58.640+0000] {font_manager.py:1333} WARNING - findfont: Generic family 'sans-serif' not found because none of the following families were found: Arial, Liberation Sans, Bitstream Vera Sans, sans-serif
[2026-01-02T12:27:58.641+0000] {font_manager.py:1333} WARNING - findfont: Generic family 'sans-serif' not found because none of the following families were found: Arial, Liberation Sans, Bitstream Vera Sans, sans-serif
[2026-01-02T12:27:58.645+0000] {font_manager.py:1333} WARNING - findfont: Generic family 'sans-serif' not found because none of the following families were found: Arial, Liberation Sans, Bitstream Vera Sans, sans-serif
[2026-01-02T12:27:58.646+0000] {font_manager.py:1333} WARNING - findfont: Generic family 'sans-serif' not found because none of the following families were found: Arial, Liberation Sans, Bitstream Vera Sans, sans-serif
[2026-01-02T12:27:58.647+0000] {font_manager.py:1333} WARNING - findfont: Generic family 'sans-serif' not found because none of the following families were found: Arial, Liberation Sans, Bitstream Vera Sans, sans-serif
[2026-01-02T12:27:58.648+0000] {font_manager.py:1333} WARNING - findfont: Generic family 'sans-serif' not found because none of the following families were found: Arial, Liberation Sans, Bitstream Vera Sans, sans-serif
[2026-01-02T12:27:58.675+0000] {font_manager.py:1333} WARNING - findfont: Generic family 'sans-serif' not found because none of the following families were found: Arial, Liberation Sans, Bitstream Vera Sans, sans-serif
[2026-01-02T12:27:58.676+0000] {font_manager.py:1333} WARNING - findfont: Generic family 'sans-serif' not found because none of the following families were found: Arial, Liberation Sans, Bitstream Vera Sans, sans-serif
[2026-01-02T12:27:58.677+0000] {font_manager.py:1333} WARNING - findfont: Generic family 'sans-serif' not found because none of the following families were found: Arial, Liberation Sans, Bitstream Vera Sans, sans-serif
[2026-01-02T12:27:58.678+0000] {font_manager.py:1333} WARNING - findfont: Generic family 'sans-serif' not found because none of the following families were found: Arial, Liberation Sans, Bitstream Vera Sans, sans-serif
[2026-01-02T12:27:58.761+0000] {font_manager.py:1333} WARNING - findfont: Generic family 'sans-serif' not found because none of the following families were found: Arial, Liberation Sans, Bitstream Vera Sans, sans-serif
[2026-01-02T12:27:58.766+0000] {font_manager.py:1333} WARNING - findfont: Generic family 'sans-serif' not found because none of the following families were found: Arial, Liberation Sans, Bitstream Vera Sans, sans-serif
[2026-01-02T12:27:58.770+0000] {font_manager.py:1333} WARNING - findfont: Generic family 'sans-serif' not found because none of the following families were found: Arial, Liberation Sans, Bitstream Vera Sans, sans-serif
[2026-01-02T12:27:58.773+0000] {font_manager.py:1333} WARNING - findfont: Generic family 'sans-serif' not found because none of the following families were found: Arial, Liberation Sans, Bitstream Vera Sans, sans-serif
[2026-01-02T12:27:58.789+0000] {font_manager.py:1333} WARNING - findfont: Generic family 'sans-serif' not found because none of the following families were found: Arial, Liberation Sans, Bitstream Vera Sans, sans-serif
[2026-01-02T12:27:58.803+0000] {font_manager.py:1333} WARNING - findfont: Generic family 'sans-serif' not found because none of the following families were found: Arial, Liberation Sans, Bitstream Vera Sans, sans-serif
[2026-01-02T12:27:58.806+0000] {font_manager.py:1333} WARNING - findfont: Generic family 'sans-serif' not found because none of the following families were found: Arial, Liberation Sans, Bitstream Vera Sans, sans-serif
[2026-01-02T12:27:58.833+0000] {font_manager.py:1333} WARNING - findfont: Generic family 'sans-serif' not found because none of the following families were found: Arial, Liberation Sans, Bitstream Vera Sans, sans-serif
[2026-01-02T12:27:58.839+0000] {font_manager.py:1333} WARNING - findfont: Generic family 'sans-serif' not found because none of the following families were found: Arial, Liberation Sans, Bitstream Vera Sans, sans-serif
[2026-01-02T12:27:58.842+0000] {font_manager.py:1333} WARNING - findfont: Generic family 'sans-serif' not found because none of the following families were found: Arial, Liberation Sans, Bitstream Vera Sans, sans-serif
[2026-01-02T12:27:58.845+0000] {font_manager.py:1333} WARNING - findfont: Generic family 'sans-serif' not found because none of the following families were found: Arial, Liberation Sans, Bitstream Vera Sans, sans-serif
[2026-01-02T12:27:58.848+0000] {font_manager.py:1333} WARNING - findfont: Generic family 'sans-serif' not found because none of the following families were found: Arial, Liberation Sans, Bitstream Vera Sans, sans-serif
[2026-01-02T12:27:58.851+0000] {font_manager.py:1333} WARNING - findfont: Generic family 'sans-serif' not found because none of the following families were found: Arial, Liberation Sans, Bitstream Vera Sans, sans-serif
[2026-01-02T12:27:58.853+0000] {font_manager.py:1333} WARNING - findfont: Generic family 'sans-serif' not found because none of the following families were found: Arial, Liberation Sans, Bitstream Vera Sans, sans-serif
[2026-01-02T12:27:58.900+0000] {font_manager.py:1333} WARNING - findfont: Generic family 'sans-serif' not found because none of the following families were found: Arial, Liberation Sans, Bitstream Vera Sans, sans-serif
[2026-01-02T12:27:58.908+0000] {font_manager.py:1333} WARNING - findfont: Generic family 'sans-serif' not found because none of the following families were found: Arial, Liberation Sans, Bitstream Vera Sans, sans-serif
[2026-01-02T12:27:58.915+0000] {font_manager.py:1333} WARNING - findfont: Generic family 'sans-serif' not found because none of the following families were found: Arial, Liberation Sans, Bitstream Vera Sans, sans-serif
[2026-01-02T12:27:58.920+0000] {font_manager.py:1333} WARNING - findfont: Generic family 'sans-serif' not found because none of the following families were found: Arial, Liberation Sans, Bitstream Vera Sans, sans-serif
[2026-01-02T12:27:58.927+0000] {font_manager.py:1333} WARNING - findfont: Generic family 'sans-serif' not found because none of the following families were found: Arial, Liberation Sans, Bitstream Vera Sans, sans-serif
[2026-01-02T12:27:58.931+0000] {font_manager.py:1333} WARNING - findfont: Generic family 'sans-serif' not found because none of the following families were found: Arial, Liberation Sans, Bitstream Vera Sans, sans-serif
[2026-01-02T12:27:58.937+0000] {font_manager.py:1333} WARNING - findfont: Generic family 'sans-serif' not found because none of the following families were found: Arial, Liberation Sans, Bitstream Vera Sans, sans-serif
[2026-01-02T12:27:59.001+0000] {font_manager.py:1333} WARNING - findfont: Generic family 'sans-serif' not found because none of the following families were found: Arial, Liberation Sans, Bitstream Vera Sans, sans-serif
[2026-01-02T12:27:59.011+0000] {font_manager.py:1333} WARNING - findfont: Generic family 'sans-serif' not found because none of the following families were found: Arial, Liberation Sans, Bitstream Vera Sans, sans-serif
[2026-01-02T12:27:59.026+0000] {font_manager.py:1333} WARNING - findfont: Generic family 'sans-serif' not found because none of the following families were found: Arial, Liberation Sans, Bitstream Vera Sans, sans-serif
[2026-01-02T12:27:59.027+0000] {font_manager.py:1333} WARNING - findfont: Generic family 'sans-serif' not found because none of the following families were found: Arial, Liberation Sans, Bitstream Vera Sans, sans-serif
[2026-01-02T12:27:59.029+0000] {font_manager.py:1333} WARNING - findfont: Generic family 'sans-serif' not found because none of the following families were found: Arial, Liberation Sans, Bitstream Vera Sans, sans-serif
[2026-01-02T12:27:59.030+0000] {font_manager.py:1333} WARNING - findfont: Generic family 'sans-serif' not found because none of the following families were found: Arial, Liberation Sans, Bitstream Vera Sans, sans-serif
[2026-01-02T12:27:59.053+0000] {font_manager.py:1333} WARNING - findfont: Generic family 'sans-serif' not found because none of the following families were found: Arial, Liberation Sans, Bitstream Vera Sans, sans-serif
[2026-01-02T12:27:59.059+0000] {font_manager.py:1333} WARNING - findfont: Generic family 'sans-serif' not found because none of the following families were found: Arial, Liberation Sans, Bitstream Vera Sans, sans-serif
[2026-01-02T12:27:59.061+0000] {font_manager.py:1333} WARNING - findfont: Generic family 'sans-serif' not found because none of the following families were found: Arial, Liberation Sans, Bitstream Vera Sans, sans-serif
[2026-01-02T12:27:59.080+0000] {font_manager.py:1333} WARNING - findfont: Generic family 'sans-serif' not found because none of the following families were found: Arial, Liberation Sans, Bitstream Vera Sans, sans-serif
[2026-01-02T12:27:59.082+0000] {font_manager.py:1333} WARNING - findfont: Generic family 'sans-serif' not found because none of the following families were found: Arial, Liberation Sans, Bitstream Vera Sans, sans-serif
[2026-01-02T12:27:59.084+0000] {font_manager.py:1333} WARNING - findfont: Generic family 'sans-serif' not found because none of the following families were found: Arial, Liberation Sans, Bitstream Vera Sans, sans-serif
[2026-01-02T12:27:59.093+0000] {font_manager.py:1333} WARNING - findfont: Generic family 'sans-serif' not found because none of the following families were found: Arial, Liberation Sans, Bitstream Vera Sans, sans-serif
[2026-01-02T12:27:59.097+0000] {font_manager.py:1333} WARNING - findfont: Generic family 'sans-serif' not found because none of the following families were found: Arial, Liberation Sans, Bitstream Vera Sans, sans-serif
[2026-01-02T12:27:59.100+0000] {font_manager.py:1333} WARNING - findfont: Generic family 'sans-serif' not found because none of the following families were found: Arial, Liberation Sans, Bitstream Vera Sans, sans-serif
[2026-01-02T12:27:59.104+0000] {font_manager.py:1333} WARNING - findfont: Generic family 'sans-serif' not found because none of the following families were found: Arial, Liberation Sans, Bitstream Vera Sans, sans-serif
[2026-01-02T12:27:59.120+0000] {font_manager.py:1333} WARNING - findfont: Generic family 'sans-serif' not found because none of the following families were found: Arial, Liberation Sans, Bitstream Vera Sans, sans-serif
[2026-01-02T12:27:59.131+0000] {font_manager.py:1333} WARNING - findfont: Generic family 'sans-serif' not found because none of the following families were found: Arial, Liberation Sans, Bitstream Vera Sans, sans-serif
[2026-01-02T12:27:59.133+0000] {font_manager.py:1333} WARNING - findfont: Generic family 'sans-serif' not found because none of the following families were found: Arial, Liberation Sans, Bitstream Vera Sans, sans-serif
[2026-01-02T12:27:59.140+0000] {font_manager.py:1333} WARNING - findfont: Generic family 'sans-serif' not found because none of the following families were found: Arial, Liberation Sans, Bitstream Vera Sans, sans-serif
[2026-01-02T12:28:00.261+0000] {font_manager.py:1333} WARNING - findfont: Generic family 'sans-serif' not found because none of the following families were found: Arial, Liberation Sans, Bitstream Vera Sans, sans-serif
[2026-01-02T12:28:00.262+0000] {font_manager.py:1333} WARNING - findfont: Generic family 'sans-serif' not found because none of the following families were found: Arial, Liberation Sans, Bitstream Vera Sans, sans-serif
[2026-01-02T12:28:00.265+0000] {font_manager.py:1333} WARNING - findfont: Generic family 'sans-serif' not found because none of the following families were found: Arial, Liberation Sans, Bitstream Vera Sans, sans-serif
[2026-01-02T12:28:00.270+0000] {font_manager.py:1333} WARNING - findfont: Generic family 'sans-serif' not found because none of the following families were found: Arial, Liberation Sans, Bitstream Vera Sans, sans-serif
[2026-01-02T12:28:00.286+0000] {font_manager.py:1333} WARNING - findfont: Generic family 'sans-serif' not found because none of the following families were found: Arial, Liberation Sans, Bitstream Vera Sans, sans-serif
[2026-01-02T12:28:00.295+0000] {font_manager.py:1333} WARNING - findfont: Generic family 'sans-serif' not found because none of the following families were found: Arial, Liberation Sans, Bitstream Vera Sans, sans-serif
[2026-01-02T12:28:00.313+0000] {font_manager.py:1333} WARNING - findfont: Generic family 'sans-serif' not found because none of the following families were found: Arial, Liberation Sans, Bitstream Vera Sans, sans-serif
[2026-01-02T12:28:00.318+0000] {font_manager.py:1333} WARNING - findfont: Generic family 'sans-serif' not found because none of the following families were found: Arial, Liberation Sans, Bitstream Vera Sans, sans-serif
[2026-01-02T12:28:00.325+0000] {font_manager.py:1333} WARNING - findfont: Generic family 'sans-serif' not found because none of the following families were found: Arial, Liberation Sans, Bitstream Vera Sans, sans-serif
[2026-01-02T12:28:00.332+0000] {font_manager.py:1333} WARNING - findfont: Generic family 'sans-serif' not found because none of the following families were found: Arial, Liberation Sans, Bitstream Vera Sans, sans-serif
[2026-01-02T12:28:00.338+0000] {font_manager.py:1333} WARNING - findfont: Generic family 'sans-serif' not found because none of the following families were found: Arial, Liberation Sans, Bitstream Vera Sans, sans-serif
[2026-01-02T12:28:00.354+0000] {font_manager.py:1333} WARNING - findfont: Generic family 'sans-serif' not found because none of the following families were found: Arial, Liberation Sans, Bitstream Vera Sans, sans-serif
[2026-01-02T12:28:00.356+0000] {font_manager.py:1333} WARNING - findfont: Generic family 'sans-serif' not found because none of the following families were found: Arial, Liberation Sans, Bitstream Vera Sans, sans-serif
[2026-01-02T12:28:00.363+0000] {font_manager.py:1333} WARNING - findfont: Generic family 'sans-serif' not found because none of the following families were found: Arial, Liberation Sans, Bitstream Vera Sans, sans-serif
[2026-01-02T12:28:00.367+0000] {font_manager.py:1333} WARNING - findfont: Generic family 'sans-serif' not found because none of the following families were found: Arial, Liberation Sans, Bitstream Vera Sans, sans-serif
[2026-01-02T12:28:00.619+0000] {font_manager.py:1333} WARNING - findfont: Generic family 'sans-serif' not found because none of the following families were found: Arial, Liberation Sans, Bitstream Vera Sans, sans-serif
[2026-01-02T12:28:00.624+0000] {font_manager.py:1333} WARNING - findfont: Generic family 'sans-serif' not found because none of the following families were found: Arial, Liberation Sans, Bitstream Vera Sans, sans-serif
[2026-01-02T12:28:00.625+0000] {font_manager.py:1333} WARNING - findfont: Generic family 'sans-serif' not found because none of the following families were found: Arial, Liberation Sans, Bitstream Vera Sans, sans-serif
[2026-01-02T12:28:00.629+0000] {font_manager.py:1333} WARNING - findfont: Generic family 'sans-serif' not found because none of the following families were found: Arial, Liberation Sans, Bitstream Vera Sans, sans-serif
[2026-01-02T12:28:00.633+0000] {font_manager.py:1333} WARNING - findfont: Generic family 'sans-serif' not found because none of the following families were found: Arial, Liberation Sans, Bitstream Vera Sans, sans-serif
[2026-01-02T12:28:00.634+0000] {font_manager.py:1333} WARNING - findfont: Generic family 'sans-serif' not found because none of the following families were found: Arial, Liberation Sans, Bitstream Vera Sans, sans-serif
[2026-01-02T12:28:00.636+0000] {font_manager.py:1333} WARNING - findfont: Generic family 'sans-serif' not found because none of the following families were found: Arial, Liberation Sans, Bitstream Vera Sans, sans-serif
[2026-01-02T12:28:00.637+0000] {font_manager.py:1333} WARNING - findfont: Generic family 'sans-serif' not found because none of the following families were found: Arial, Liberation Sans, Bitstream Vera Sans, sans-serif
[2026-01-02T12:28:00.706+0000] {font_manager.py:1333} WARNING - findfont: Generic family 'sans-serif' not found because none of the following families were found: Arial, Liberation Sans, Bitstream Vera Sans, sans-serif
[2026-01-02T12:28:00.878+0000] {font_manager.py:1333} WARNING - findfont: Generic family 'sans-serif' not found because none of the following families were found: Arial, Liberation Sans, Bitstream Vera Sans, sans-serif
[2026-01-02T12:28:00.879+0000] {font_manager.py:1333} WARNING - findfont: Generic family 'sans-serif' not found because none of the following families were found: Arial, Liberation Sans, Bitstream Vera Sans, sans-serif
[2026-01-02T12:28:00.881+0000] {font_manager.py:1333} WARNING - findfont: Generic family 'sans-serif' not found because none of the following families were found: Arial, Liberation Sans, Bitstream Vera Sans, sans-serif
[2026-01-02T12:28:00.883+0000] {font_manager.py:1333} WARNING - findfont: Generic family 'sans-serif' not found because none of the following families were found: Arial, Liberation Sans, Bitstream Vera Sans, sans-serif
[2026-01-02T12:28:00.885+0000] {font_manager.py:1333} WARNING - findfont: Generic family 'sans-serif' not found because none of the following families were found: Arial, Liberation Sans, Bitstream Vera Sans, sans-serif
[2026-01-02T12:28:00.886+0000] {font_manager.py:1333} WARNING - findfont: Generic family 'sans-serif' not found because none of the following families were found: Arial, Liberation Sans, Bitstream Vera Sans, sans-serif
[2026-01-02T12:28:00.890+0000] {font_manager.py:1333} WARNING - findfont: Generic family 'sans-serif' not found because none of the following families were found: Arial, Liberation Sans, Bitstream Vera Sans, sans-serif
[2026-01-02T12:28:00.892+0000] {font_manager.py:1333} WARNING - findfont: Generic family 'sans-serif' not found because none of the following families were found: Arial, Liberation Sans, Bitstream Vera Sans, sans-serif
[2026-01-02T12:28:00.893+0000] {font_manager.py:1333} WARNING - findfont: Generic family 'sans-serif' not found because none of the following families were found: Arial, Liberation Sans, Bitstream Vera Sans, sans-serif
[2026-01-02T12:28:00.895+0000] {font_manager.py:1333} WARNING - findfont: Generic family 'sans-serif' not found because none of the following families were found: Arial, Liberation Sans, Bitstream Vera Sans, sans-serif
[2026-01-02T12:28:00.897+0000] {font_manager.py:1333} WARNING - findfont: Generic family 'sans-serif' not found because none of the following families were found: Arial, Liberation Sans, Bitstream Vera Sans, sans-serif
[2026-01-02T12:28:00.916+0000] {font_manager.py:1333} WARNING - findfont: Generic family 'sans-serif' not found because none of the following families were found: Arial, Liberation Sans, Bitstream Vera Sans, sans-serif
[2026-01-02T12:28:00.918+0000] {font_manager.py:1333} WARNING - findfont: Generic family 'sans-serif' not found because none of the following families were found: Arial, Liberation Sans, Bitstream Vera Sans, sans-serif
[2026-01-02T12:28:00.921+0000] {font_manager.py:1333} WARNING - findfont: Generic family 'sans-serif' not found because none of the following families were found: Arial, Liberation Sans, Bitstream Vera Sans, sans-serif
[2026-01-02T12:28:00.923+0000] {font_manager.py:1333} WARNING - findfont: Generic family 'sans-serif' not found because none of the following families were found: Arial, Liberation Sans, Bitstream Vera Sans, sans-serif
[2026-01-02T12:28:00.929+0000] {font_manager.py:1333} WARNING - findfont: Generic family 'sans-serif' not found because none of the following families were found: Arial, Liberation Sans, Bitstream Vera Sans, sans-serif
[2026-01-02T12:28:00.933+0000] {font_manager.py:1333} WARNING - findfont: Generic family 'sans-serif' not found because none of the following families were found: Arial, Liberation Sans, Bitstream Vera Sans, sans-serif
[2026-01-02T12:28:00.936+0000] {font_manager.py:1333} WARNING - findfont: Generic family 'sans-serif' not found because none of the following families were found: Arial, Liberation Sans, Bitstream Vera Sans, sans-serif
[2026-01-02T12:28:00.938+0000] {font_manager.py:1333} WARNING - findfont: Generic family 'sans-serif' not found because none of the following families were found: Arial, Liberation Sans, Bitstream Vera Sans, sans-serif
[2026-01-02T12:28:00.940+0000] {font_manager.py:1333} WARNING - findfont: Generic family 'sans-serif' not found because none of the following families were found: Arial, Liberation Sans, Bitstream Vera Sans, sans-serif
[2026-01-02T12:28:00.943+0000] {font_manager.py:1333} WARNING - findfont: Generic family 'sans-serif' not found because none of the following families were found: Arial, Liberation Sans, Bitstream Vera Sans, sans-serif
[2026-01-02T12:28:00.945+0000] {font_manager.py:1333} WARNING - findfont: Generic family 'sans-serif' not found because none of the following families were found: Arial, Liberation Sans, Bitstream Vera Sans, sans-serif
[2026-01-02T12:28:00.947+0000] {font_manager.py:1333} WARNING - findfont: Generic family 'sans-serif' not found because none of the following families were found: Arial, Liberation Sans, Bitstream Vera Sans, sans-serif
[2026-01-02T12:28:00.951+0000] {font_manager.py:1333} WARNING - findfont: Generic family 'sans-serif' not found because none of the following families were found: Arial, Liberation Sans, Bitstream Vera Sans, sans-serif
[2026-01-02T12:28:00.953+0000] {font_manager.py:1333} WARNING - findfont: Generic family 'sans-serif' not found because none of the following families were found: Arial, Liberation Sans, Bitstream Vera Sans, sans-serif
[2026-01-02T12:28:00.956+0000] {font_manager.py:1333} WARNING - findfont: Generic family 'sans-serif' not found because none of the following families were found: Arial, Liberation Sans, Bitstream Vera Sans, sans-serif
[2026-01-02T12:28:00.959+0000] {font_manager.py:1333} WARNING - findfont: Generic family 'sans-serif' not found because none of the following families were found: Arial, Liberation Sans, Bitstream Vera Sans, sans-serif
[2026-01-02T12:28:00.962+0000] {font_manager.py:1333} WARNING - findfont: Generic family 'sans-serif' not found because none of the following families were found: Arial, Liberation Sans, Bitstream Vera Sans, sans-serif
[2026-01-02T12:28:00.968+0000] {font_manager.py:1333} WARNING - findfont: Generic family 'sans-serif' not found because none of the following families were found: Arial, Liberation Sans, Bitstream Vera Sans, sans-serif
[2026-01-02T12:28:00.977+0000] {font_manager.py:1333} WARNING - findfont: Generic family 'sans-serif' not found because none of the following families were found: Arial, Liberation Sans, Bitstream Vera Sans, sans-serif
[2026-01-02T12:28:00.990+0000] {font_manager.py:1333} WARNING - findfont: Generic family 'sans-serif' not found because none of the following families were found: Arial, Liberation Sans, Bitstream Vera Sans, sans-serif
[2026-01-02T12:28:01.025+0000] {font_manager.py:1333} WARNING - findfont: Generic family 'sans-serif' not found because none of the following families were found: Arial, Liberation Sans, Bitstream Vera Sans, sans-serif
[2026-01-02T12:28:01.028+0000] {font_manager.py:1333} WARNING - findfont: Generic family 'sans-serif' not found because none of the following families were found: Arial, Liberation Sans, Bitstream Vera Sans, sans-serif
[2026-01-02T12:28:01.045+0000] {font_manager.py:1333} WARNING - findfont: Generic family 'sans-serif' not found because none of the following families were found: Arial, Liberation Sans, Bitstream Vera Sans, sans-serif
[2026-01-02T12:28:01.054+0000] {font_manager.py:1333} WARNING - findfont: Generic family 'sans-serif' not found because none of the following families were found: Arial, Liberation Sans, Bitstream Vera Sans, sans-serif
[2026-01-02T12:28:01.060+0000] {font_manager.py:1333} WARNING - findfont: Generic family 'sans-serif' not found because none of the following families were found: Arial, Liberation Sans, Bitstream Vera Sans, sans-serif
[2026-01-02T12:28:01.064+0000] {font_manager.py:1333} WARNING - findfont: Generic family 'sans-serif' not found because none of the following families were found: Arial, Liberation Sans, Bitstream Vera Sans, sans-serif
[2026-01-02T12:28:01.067+0000] {font_manager.py:1333} WARNING - findfont: Generic family 'sans-serif' not found because none of the following families were found: Arial, Liberation Sans, Bitstream Vera Sans, sans-serif
[2026-01-02T12:28:01.071+0000] {font_manager.py:1333} WARNING - findfont: Generic family 'sans-serif' not found because none of the following families were found: Arial, Liberation Sans, Bitstream Vera Sans, sans-serif
[2026-01-02T12:28:01.095+0000] {font_manager.py:1333} WARNING - findfont: Generic family 'sans-serif' not found because none of the following families were found: Arial, Liberation Sans, Bitstream Vera Sans, sans-serif
[2026-01-02T12:28:01.105+0000] {font_manager.py:1333} WARNING - findfont: Generic family 'sans-serif' not found because none of the following families were found: Arial, Liberation Sans, Bitstream Vera Sans, sans-serif
[2026-01-02T12:28:01.118+0000] {font_manager.py:1333} WARNING - findfont: Generic family 'sans-serif' not found because none of the following families were found: Arial, Liberation Sans, Bitstream Vera Sans, sans-serif
[2026-01-02T12:28:01.127+0000] {font_manager.py:1333} WARNING - findfont: Generic family 'sans-serif' not found because none of the following families were found: Arial, Liberation Sans, Bitstream Vera Sans, sans-serif
[2026-01-02T12:28:01.172+0000] {font_manager.py:1333} WARNING - findfont: Generic family 'sans-serif' not found because none of the following families were found: Arial, Liberation Sans, Bitstream Vera Sans, sans-serif
[2026-01-02T12:28:01.180+0000] {font_manager.py:1333} WARNING - findfont: Generic family 'sans-serif' not found because none of the following families were found: Arial, Liberation Sans, Bitstream Vera Sans, sans-serif
[2026-01-02T12:28:01.233+0000] {font_manager.py:1333} WARNING - findfont: Generic family 'sans-serif' not found because none of the following families were found: Arial, Liberation Sans, Bitstream Vera Sans, sans-serif
[2026-01-02T12:28:01.235+0000] {font_manager.py:1333} WARNING - findfont: Generic family 'sans-serif' not found because none of the following families were found: Arial, Liberation Sans, Bitstream Vera Sans, sans-serif
[2026-01-02T12:28:01.238+0000] {font_manager.py:1333} WARNING - findfont: Generic family 'sans-serif' not found because none of the following families were found: Arial, Liberation Sans, Bitstream Vera Sans, sans-serif
[2026-01-02T12:28:01.241+0000] {font_manager.py:1333} WARNING - findfont: Generic family 'sans-serif' not found because none of the following families were found: Arial, Liberation Sans, Bitstream Vera Sans, sans-serif
[2026-01-02T12:28:01.245+0000] {font_manager.py:1333} WARNING - findfont: Generic family 'sans-serif' not found because none of the following families were found: Arial, Liberation Sans, Bitstream Vera Sans, sans-serif
[2026-01-02T12:28:01.250+0000] {font_manager.py:1333} WARNING - findfont: Generic family 'sans-serif' not found because none of the following families were found: Arial, Liberation Sans, Bitstream Vera Sans, sans-serif
[2026-01-02T12:28:01.252+0000] {font_manager.py:1333} WARNING - findfont: Generic family 'sans-serif' not found because none of the following families were found: Arial, Liberation Sans, Bitstream Vera Sans, sans-serif
[2026-01-02T12:28:01.254+0000] {font_manager.py:1333} WARNING - findfont: Generic family 'sans-serif' not found because none of the following families were found: Arial, Liberation Sans, Bitstream Vera Sans, sans-serif
[2026-01-02T12:28:01.257+0000] {font_manager.py:1333} WARNING - findfont: Generic family 'sans-serif' not found because none of the following families were found: Arial, Liberation Sans, Bitstream Vera Sans, sans-serif
[2026-01-02T12:28:01.265+0000] {font_manager.py:1333} WARNING - findfont: Generic family 'sans-serif' not found because none of the following families were found: Arial, Liberation Sans, Bitstream Vera Sans, sans-serif
[2026-01-02T12:28:01.267+0000] {font_manager.py:1333} WARNING - findfont: Generic family 'sans-serif' not found because none of the following families were found: Arial, Liberation Sans, Bitstream Vera Sans, sans-serif
[2026-01-02T12:28:01.274+0000] {font_manager.py:1333} WARNING - findfont: Generic family 'sans-serif' not found because none of the following families were found: Arial, Liberation Sans, Bitstream Vera Sans, sans-serif
[2026-01-02T12:28:01.277+0000] {font_manager.py:1333} WARNING - findfont: Generic family 'sans-serif' not found because none of the following families were found: Arial, Liberation Sans, Bitstream Vera Sans, sans-serif
[2026-01-02T12:28:01.279+0000] {font_manager.py:1333} WARNING - findfont: Generic family 'sans-serif' not found because none of the following families were found: Arial, Liberation Sans, Bitstream Vera Sans, sans-serif
[2026-01-02T12:28:01.281+0000] {font_manager.py:1333} WARNING - findfont: Generic family 'sans-serif' not found because none of the following families were found: Arial, Liberation Sans, Bitstream Vera Sans, sans-serif
[2026-01-02T12:28:01.285+0000] {font_manager.py:1333} WARNING - findfont: Generic family 'sans-serif' not found because none of the following families were found: Arial, Liberation Sans, Bitstream Vera Sans, sans-serif
[2026-01-02T12:28:01.294+0000] {font_manager.py:1333} WARNING - findfont: Generic family 'sans-serif' not found because none of the following families were found: Arial, Liberation Sans, Bitstream Vera Sans, sans-serif
[2026-01-02T12:28:01.301+0000] {font_manager.py:1333} WARNING - findfont: Generic family 'sans-serif' not found because none of the following families were found: Arial, Liberation Sans, Bitstream Vera Sans, sans-serif
[2026-01-02T12:28:01.303+0000] {font_manager.py:1333} WARNING - findfont: Generic family 'sans-serif' not found because none of the following families were found: Arial, Liberation Sans, Bitstream Vera Sans, sans-serif
[2026-01-02T12:28:01.306+0000] {font_manager.py:1333} WARNING - findfont: Generic family 'sans-serif' not found because none of the following families were found: Arial, Liberation Sans, Bitstream Vera Sans, sans-serif
[2026-01-02T12:28:01.308+0000] {font_manager.py:1333} WARNING - findfont: Generic family 'sans-serif' not found because none of the following families were found: Arial, Liberation Sans, Bitstream Vera Sans, sans-serif
[2026-01-02T12:28:01.314+0000] {font_manager.py:1333} WARNING - findfont: Generic family 'sans-serif' not found because none of the following families were found: Arial, Liberation Sans, Bitstream Vera Sans, sans-serif
[2026-01-02T12:28:01.317+0000] {font_manager.py:1333} WARNING - findfont: Generic family 'sans-serif' not found because none of the following families were found: Arial, Liberation Sans, Bitstream Vera Sans, sans-serif
[2026-01-02T12:28:01.322+0000] {font_manager.py:1333} WARNING - findfont: Generic family 'sans-serif' not found because none of the following families were found: Arial, Liberation Sans, Bitstream Vera Sans, sans-serif
[2026-01-02T12:28:01.329+0000] {font_manager.py:1333} WARNING - findfont: Generic family 'sans-serif' not found because none of the following families were found: Arial, Liberation Sans, Bitstream Vera Sans, sans-serif
[2026-01-02T12:28:01.343+0000] {font_manager.py:1333} WARNING - findfont: Generic family 'sans-serif' not found because none of the following families were found: Arial, Liberation Sans, Bitstream Vera Sans, sans-serif
[2026-01-02T12:28:01.348+0000] {font_manager.py:1333} WARNING - findfont: Generic family 'sans-serif' not found because none of the following families were found: Arial, Liberation Sans, Bitstream Vera Sans, sans-serif
[2026-01-02T12:28:01.353+0000] {font_manager.py:1333} WARNING - findfont: Generic family 'sans-serif' not found because none of the following families were found: Arial, Liberation Sans, Bitstream Vera Sans, sans-serif
[2026-01-02T12:28:01.354+0000] {font_manager.py:1333} WARNING - findfont: Generic family 'sans-serif' not found because none of the following families were found: Arial, Liberation Sans, Bitstream Vera Sans, sans-serif
[2026-01-02T12:28:01.362+0000] {font_manager.py:1333} WARNING - findfont: Generic family 'sans-serif' not found because none of the following families were found: Arial, Liberation Sans, Bitstream Vera Sans, sans-serif
[2026-01-02T12:28:01.366+0000] {font_manager.py:1333} WARNING - findfont: Generic family 'sans-serif' not found because none of the following families were found: Arial, Liberation Sans, Bitstream Vera Sans, sans-serif
[2026-01-02T12:28:01.419+0000] {font_manager.py:1333} WARNING - findfont: Generic family 'sans-serif' not found because none of the following families were found: Arial, Liberation Sans, Bitstream Vera Sans, sans-serif
[2026-01-02T12:28:01.428+0000] {font_manager.py:1333} WARNING - findfont: Generic family 'sans-serif' not found because none of the following families were found: Arial, Liberation Sans, Bitstream Vera Sans, sans-serif
[2026-01-02T12:28:01.453+0000] {font_manager.py:1333} WARNING - findfont: Generic family 'sans-serif' not found because none of the following families were found: Arial, Liberation Sans, Bitstream Vera Sans, sans-serif
[2026-01-02T12:28:01.459+0000] {font_manager.py:1333} WARNING - findfont: Generic family 'sans-serif' not found because none of the following families were found: Arial, Liberation Sans, Bitstream Vera Sans, sans-serif
[2026-01-02T12:28:01.468+0000] {font_manager.py:1333} WARNING - findfont: Generic family 'sans-serif' not found because none of the following families were found: Arial, Liberation Sans, Bitstream Vera Sans, sans-serif
[2026-01-02T12:28:01.474+0000] {font_manager.py:1333} WARNING - findfont: Generic family 'sans-serif' not found because none of the following families were found: Arial, Liberation Sans, Bitstream Vera Sans, sans-serif
[2026-01-02T12:28:01.481+0000] {font_manager.py:1333} WARNING - findfont: Generic family 'sans-serif' not found because none of the following families were found: Arial, Liberation Sans, Bitstream Vera Sans, sans-serif
[2026-01-02T12:28:01.485+0000] {font_manager.py:1333} WARNING - findfont: Generic family 'sans-serif' not found because none of the following families were found: Arial, Liberation Sans, Bitstream Vera Sans, sans-serif
[2026-01-02T12:28:01.489+0000] {font_manager.py:1333} WARNING - findfont: Generic family 'sans-serif' not found because none of the following families were found: Arial, Liberation Sans, Bitstream Vera Sans, sans-serif
[2026-01-02T12:28:01.493+0000] {font_manager.py:1333} WARNING - findfont: Generic family 'sans-serif' not found because none of the following families were found: Arial, Liberation Sans, Bitstream Vera Sans, sans-serif
[2026-01-02T12:28:01.503+0000] {font_manager.py:1333} WARNING - findfont: Generic family 'sans-serif' not found because none of the following families were found: Arial, Liberation Sans, Bitstream Vera Sans, sans-serif
[2026-01-02T12:28:01.512+0000] {font_manager.py:1333} WARNING - findfont: Generic family 'sans-serif' not found because none of the following families were found: Arial, Liberation Sans, Bitstream Vera Sans, sans-serif
[2026-01-02T12:28:01.530+0000] {font_manager.py:1333} WARNING - findfont: Generic family 'sans-serif' not found because none of the following families were found: Arial, Liberation Sans, Bitstream Vera Sans, sans-serif
[2026-01-02T12:28:01.535+0000] {font_manager.py:1333} WARNING - findfont: Generic family 'sans-serif' not found because none of the following families were found: Arial, Liberation Sans, Bitstream Vera Sans, sans-serif
[2026-01-02T12:28:08.735+0000] {logging_mixin.py:188} INFO -                          Model        MAE           MSE       RMSE      R2  \
rf     Random Forest Regressor   396.6028  6.197277e+05   774.2556  0.9609   
ridge         Ridge Regression  1190.2094  2.837234e+06  1673.0093  0.8200   
lr           Linear Regression  1191.5625  2.835380e+06  1672.5072  0.8201   

        RMSLE    MAPE  TT (Sec)  
rf     0.1447  0.1082     2.066  
ridge  0.7121  0.6764     0.920  
lr     0.7271  0.6790     0.772  
[2026-01-02T12:28:08.783+0000] {logging_mixin.py:188} INFO - Training has finished, successfully!
[2026-01-02T12:28:08.785+0000] {python.py:237} INFO - Done. Returned value was: None
[2026-01-02T12:28:08.786+0000] {taskinstance.py:441} INFO - ::group::Post task execution logs
[2026-01-02T12:28:08.812+0000] {taskinstance.py:1206} INFO - Marking task as SUCCESS. dag_id=main_pipeline, task_id=train_model, run_id=manual__2026-01-02T12:26:55.532478+00:00, execution_date=20260102T122655, start_date=20260102T122712, end_date=20260102T122808
[2026-01-02T12:28:08.847+0000] {logging_mixin.py:188} WARNING - 
[2026-01-02T12:28:09.036+0000] {local_task_job_runner.py:243} INFO - Task exited with return code 0
[2026-01-02T12:28:09.104+0000] {taskinstance.py:3503} INFO - 1 downstream tasks scheduled from follow-on schedule check
[2026-01-02T12:28:09.138+0000] {local_task_job_runner.py:222} INFO - ::endgroup::
