[2026-01-03T14:54:36.728+0000] {local_task_job_runner.py:120} INFO - ::group::Pre task execution logs
[2026-01-03T14:54:36.921+0000] {taskinstance.py:2076} INFO - Dependencies all met for dep_context=non-requeueable deps ti=<TaskInstance: main_pipeline.check_drift manual__2026-01-03T14:53:31.139176+00:00 [queued]>
[2026-01-03T14:54:36.969+0000] {taskinstance.py:2076} INFO - Dependencies all met for dep_context=requeueable deps ti=<TaskInstance: main_pipeline.check_drift manual__2026-01-03T14:53:31.139176+00:00 [queued]>
[2026-01-03T14:54:36.971+0000] {taskinstance.py:2306} INFO - Starting attempt 1 of 1
[2026-01-03T14:54:37.089+0000] {taskinstance.py:2330} INFO - Executing <Task(_BranchPythonDecoratedOperator): check_drift> on 2026-01-03 14:53:31.139176+00:00
[2026-01-03T14:54:37.177+0000] {standard_task_runner.py:64} INFO - Started process 5416 to run task
[2026-01-03T14:54:37.200+0000] {standard_task_runner.py:90} INFO - Running: ['***', 'tasks', 'run', 'main_pipeline', 'check_drift', 'manual__2026-01-03T14:53:31.139176+00:00', '--job-id', '263', '--raw', '--subdir', 'DAGS_FOLDER/pipeline/main.py', '--cfg-path', '/tmp/tmp08pbzadg']
[2026-01-03T14:54:37.219+0000] {standard_task_runner.py:91} INFO - Job 263: Subtask check_drift
[2026-01-03T14:54:37.554+0000] {task_command.py:426} INFO - Running <TaskInstance: main_pipeline.check_drift manual__2026-01-03T14:53:31.139176+00:00 [running]> on host 8574a19215f6
[2026-01-03T14:54:40.136+0000] {taskinstance.py:2648} INFO - Exporting env vars: AIRFLOW_CTX_DAG_OWNER='***' AIRFLOW_CTX_DAG_ID='main_pipeline' AIRFLOW_CTX_TASK_ID='check_drift' AIRFLOW_CTX_EXECUTION_DATE='2026-01-03T14:53:31.139176+00:00' AIRFLOW_CTX_TRY_NUMBER='1' AIRFLOW_CTX_DAG_RUN_ID='manual__2026-01-03T14:53:31.139176+00:00'
[2026-01-03T14:54:40.139+0000] {taskinstance.py:430} INFO - ::endgroup::
[2026-01-03T14:54:40.142+0000] {python.py:237} INFO - Done. Returned value was: end_model_setup
[2026-01-03T14:54:40.155+0000] {branch.py:36} INFO - Branch into end_model_setup
[2026-01-03T14:54:40.156+0000] {skipmixin.py:178} INFO - Following branch end_model_setup
[2026-01-03T14:54:40.308+0000] {skipmixin.py:246} INFO - Skipping tasks [('train_new_model', -1)]
[2026-01-03T14:54:40.606+0000] {taskinstance.py:441} INFO - ::group::Post task execution logs
[2026-01-03T14:54:40.827+0000] {taskinstance.py:1206} INFO - Marking task as SUCCESS. dag_id=main_pipeline, task_id=check_drift, run_id=manual__2026-01-03T14:53:31.139176+00:00, execution_date=20260103T145331, start_date=20260103T145436, end_date=20260103T145440
[2026-01-03T14:54:41.082+0000] {local_task_job_runner.py:243} INFO - Task exited with return code 0
[2026-01-03T14:54:41.395+0000] {taskinstance.py:3503} INFO - 0 downstream tasks scheduled from follow-on schedule check
[2026-01-03T14:54:41.444+0000] {local_task_job_runner.py:222} INFO - ::endgroup::
