[2026-01-03T06:13:23.767+0000] {local_task_job_runner.py:120} INFO - ::group::Pre task execution logs
[2026-01-03T06:13:23.897+0000] {taskinstance.py:2076} INFO - Dependencies all met for dep_context=non-requeueable deps ti=<TaskInstance: main_pipeline.train_compare scheduled__2026-01-02T00:00:00+00:00 [queued]>
[2026-01-03T06:13:23.925+0000] {taskinstance.py:2076} INFO - Dependencies all met for dep_context=requeueable deps ti=<TaskInstance: main_pipeline.train_compare scheduled__2026-01-02T00:00:00+00:00 [queued]>
[2026-01-03T06:13:23.926+0000] {taskinstance.py:2306} INFO - Starting attempt 1 of 1
[2026-01-03T06:13:23.951+0000] {taskinstance.py:2330} INFO - Executing <Task(_BranchPythonDecoratedOperator): train_compare> on 2026-01-02 00:00:00+00:00
[2026-01-03T06:13:23.994+0000] {standard_task_runner.py:64} INFO - Started process 204 to run task
[2026-01-03T06:13:24.034+0000] {standard_task_runner.py:90} INFO - Running: ['***', 'tasks', 'run', 'main_pipeline', 'train_compare', 'scheduled__2026-01-02T00:00:00+00:00', '--job-id', '186', '--raw', '--subdir', 'DAGS_FOLDER/pipeline/main.py', '--cfg-path', '/tmp/tmpa2px_gau']
[2026-01-03T06:13:24.056+0000] {standard_task_runner.py:91} INFO - Job 186: Subtask train_compare
[2026-01-03T06:13:24.482+0000] {task_command.py:426} INFO - Running <TaskInstance: main_pipeline.train_compare scheduled__2026-01-02T00:00:00+00:00 [running]> on host e163b62ba314
[2026-01-03T06:13:25.304+0000] {taskinstance.py:2648} INFO - Exporting env vars: AIRFLOW_CTX_DAG_OWNER='***' AIRFLOW_CTX_DAG_ID='main_pipeline' AIRFLOW_CTX_TASK_ID='train_compare' AIRFLOW_CTX_EXECUTION_DATE='2026-01-02T00:00:00+00:00' AIRFLOW_CTX_TRY_NUMBER='1' AIRFLOW_CTX_DAG_RUN_ID='scheduled__2026-01-02T00:00:00+00:00'
[2026-01-03T06:13:25.318+0000] {taskinstance.py:430} INFO - ::endgroup::
[2026-01-03T06:13:25.322+0000] {logging_mixin.py:188} INFO - Current production version 5
[2026-01-03T06:13:25.323+0000] {logging_mixin.py:188} INFO - Next task - data drift check
[2026-01-03T06:13:25.326+0000] {python.py:237} INFO - Done. Returned value was: compare_distributions
[2026-01-03T06:13:25.332+0000] {branch.py:36} INFO - Branch into compare_distributions
[2026-01-03T06:13:25.332+0000] {skipmixin.py:178} INFO - Following branch compare_distributions
[2026-01-03T06:13:25.432+0000] {skipmixin.py:246} INFO - Skipping tasks [('train_initial_model', -1)]
[2026-01-03T06:13:25.637+0000] {taskinstance.py:441} INFO - ::group::Post task execution logs
[2026-01-03T06:13:25.726+0000] {taskinstance.py:1206} INFO - Marking task as SUCCESS. dag_id=main_pipeline, task_id=train_compare, run_id=scheduled__2026-01-02T00:00:00+00:00, execution_date=20260102T000000, start_date=20260103T061323, end_date=20260103T061325
[2026-01-03T06:13:25.838+0000] {local_task_job_runner.py:243} INFO - Task exited with return code 0
[2026-01-03T06:13:25.941+0000] {taskinstance.py:3503} INFO - 1 downstream tasks scheduled from follow-on schedule check
[2026-01-03T06:13:25.955+0000] {local_task_job_runner.py:222} INFO - ::endgroup::
