[2026-01-03T17:05:29.008+0000] {local_task_job_runner.py:120} INFO - ::group::Pre task execution logs
[2026-01-03T17:05:29.245+0000] {taskinstance.py:2076} INFO - Dependencies all met for dep_context=non-requeueable deps ti=<TaskInstance: main_pipeline.compare_distributions manual__2026-01-03T17:04:45.536093+00:00 [queued]>
[2026-01-03T17:05:29.348+0000] {taskinstance.py:2076} INFO - Dependencies all met for dep_context=requeueable deps ti=<TaskInstance: main_pipeline.compare_distributions manual__2026-01-03T17:04:45.536093+00:00 [queued]>
[2026-01-03T17:05:29.354+0000] {taskinstance.py:2306} INFO - Starting attempt 1 of 1
[2026-01-03T17:05:29.498+0000] {taskinstance.py:2330} INFO - Executing <Task(_PythonDecoratedOperator): compare_distributions> on 2026-01-03 17:04:45.536093+00:00
[2026-01-03T17:05:29.590+0000] {standard_task_runner.py:64} INFO - Started process 12384 to run task
[2026-01-03T17:05:29.636+0000] {standard_task_runner.py:90} INFO - Running: ['***', 'tasks', 'run', 'main_pipeline', 'compare_distributions', 'manual__2026-01-03T17:04:45.536093+00:00', '--job-id', '336', '--raw', '--subdir', 'DAGS_FOLDER/pipeline/main.py', '--cfg-path', '/tmp/tmpgc3hfgkb']
[2026-01-03T17:05:29.673+0000] {standard_task_runner.py:91} INFO - Job 336: Subtask compare_distributions
[2026-01-03T17:05:29.966+0000] {task_command.py:426} INFO - Running <TaskInstance: main_pipeline.compare_distributions manual__2026-01-03T17:04:45.536093+00:00 [running]> on host 8574a19215f6
[2026-01-03T17:05:30.328+0000] {taskinstance.py:2648} INFO - Exporting env vars: AIRFLOW_CTX_DAG_OWNER='***' AIRFLOW_CTX_DAG_ID='main_pipeline' AIRFLOW_CTX_TASK_ID='compare_distributions' AIRFLOW_CTX_EXECUTION_DATE='2026-01-03T17:04:45.536093+00:00' AIRFLOW_CTX_TRY_NUMBER='1' AIRFLOW_CTX_DAG_RUN_ID='manual__2026-01-03T17:04:45.536093+00:00'
[2026-01-03T17:05:30.335+0000] {taskinstance.py:430} INFO - ::endgroup::
[2026-01-03T17:05:33.175+0000] {credentials.py:1147} INFO - Found credentials in environment variables.
[2026-01-03T17:05:33.959+0000] {logging_mixin.py:188} WARNING - Downloading artifacts:   0%|          | 0/1 [00:00<?, ?it/s]
[2026-01-03T17:05:33.972+0000] {logging_mixin.py:188} WARNING - Downloading artifacts: 100%|##########| 1/1 [00:00<00:00, 135.35it/s]
[2026-01-03T17:05:33.974+0000] {logging_mixin.py:188} WARNING - Downloading artifacts: 100%|##########| 1/1 [00:00<00:00, 107.22it/s]
[2026-01-03T17:05:34.178+0000] {logging_mixin.py:188} INFO - {"status":"updated","traffic":{"a":0.5,"b":0.5,"data_size":5000,"drift_cols":["x","carat"]}}
[2026-01-03T17:05:35.846+0000] {logging_mixin.py:188} INFO - {'data':          carat        cut color clarity  ...   price          x     y     z
0     0.720000      Ideal     E     SI1  ...  2847.0   5.830000  5.85  3.52
1     0.371373      Ideal     F     SI2  ...  5277.0   6.650000  6.68  4.12
2     1.216518  Very Good     D     SI1  ...  4466.0   3.648285  6.14  3.87
3     1.471628       Good     I      I1  ...  6474.0   7.520000  7.48  4.77
4     1.607074    Premium     I     SI1  ...  3276.0   0.982338  6.24  3.76
...        ...        ...   ...     ...  ...     ...        ...   ...   ...
4995  0.217409  Very Good     G     SI1  ...  3445.0  11.553466  6.11  3.87
4996  0.900000      Ideal     D     SI1  ...  4919.0   6.220000  6.17  3.83
4997  1.220000      Ideal     G     VS2  ...  8485.0   7.010000  6.97  4.19
4998  0.240000    Premium     H    VVS2  ...   554.0   4.070000  4.04  2.46
4999  1.063660    Premium     F     SI2  ...  1890.0   5.700000  5.64  3.52

[5000 rows x 10 columns], 'drift_info': {'carat': [4.20499775724749e-18, 1], 'depth': [0.6957177913208407, 0], 'table': [4.5500797922290684e-98, 1], 'x': [3.594859699768998e-46, 1], 'y': [0.09741393761651947, 0], 'z': [0.09992361328729861, 0], 'price': [0.16150034270153468, 0], 'cut': [0.0026431458954709174, 0], 'color': [0.002552226020542118, 0], 'clarity': [0.0016839551708911897, 0]}}
[2026-01-03T17:05:35.849+0000] {python.py:237} INFO - Done. Returned value was: {'data':          carat        cut color clarity  ...   price          x     y     z
0     0.720000      Ideal     E     SI1  ...  2847.0   5.830000  5.85  3.52
1     0.371373      Ideal     F     SI2  ...  5277.0   6.650000  6.68  4.12
2     1.216518  Very Good     D     SI1  ...  4466.0   3.648285  6.14  3.87
3     1.471628       Good     I      I1  ...  6474.0   7.520000  7.48  4.77
4     1.607074    Premium     I     SI1  ...  3276.0   0.982338  6.24  3.76
...        ...        ...   ...     ...  ...     ...        ...   ...   ...
4995  0.217409  Very Good     G     SI1  ...  3445.0  11.553466  6.11  3.87
4996  0.900000      Ideal     D     SI1  ...  4919.0   6.220000  6.17  3.83
4997  1.220000      Ideal     G     VS2  ...  8485.0   7.010000  6.97  4.19
4998  0.240000    Premium     H    VVS2  ...   554.0   4.070000  4.04  2.46
4999  1.063660    Premium     F     SI2  ...  1890.0   5.700000  5.64  3.52

[5000 rows x 10 columns], 'drift_info': {'carat': [4.20499775724749e-18, 1], 'depth': [0.6957177913208407, 0], 'table': [4.5500797922290684e-98, 1], 'x': [3.594859699768998e-46, 1], 'y': [0.09741393761651947, 0], 'z': [0.09992361328729861, 0], 'price': [0.16150034270153468, 0], 'cut': [0.0026431458954709174, 0], 'color': [0.002552226020542118, 0], 'clarity': [0.0016839551708911897, 0]}}
[2026-01-03T17:05:35.979+0000] {taskinstance.py:441} INFO - ::group::Post task execution logs
[2026-01-03T17:05:36.716+0000] {taskinstance.py:1206} INFO - Marking task as SUCCESS. dag_id=main_pipeline, task_id=compare_distributions, run_id=manual__2026-01-03T17:04:45.536093+00:00, execution_date=20260103T170445, start_date=20260103T170529, end_date=20260103T170536
[2026-01-03T17:05:37.034+0000] {local_task_job_runner.py:243} INFO - Task exited with return code 0
[2026-01-03T17:05:37.259+0000] {taskinstance.py:3503} INFO - 1 downstream tasks scheduled from follow-on schedule check
[2026-01-03T17:05:37.280+0000] {local_task_job_runner.py:222} INFO - ::endgroup::
