[2026-01-03T13:01:34.509+0000] {local_task_job_runner.py:120} INFO - ::group::Pre task execution logs
[2026-01-03T13:01:34.618+0000] {taskinstance.py:2076} INFO - Dependencies all met for dep_context=non-requeueable deps ti=<TaskInstance: main_pipeline.compare_distributions manual__2026-01-03T13:01:06.987105+00:00 [queued]>
[2026-01-03T13:01:34.647+0000] {taskinstance.py:2076} INFO - Dependencies all met for dep_context=requeueable deps ti=<TaskInstance: main_pipeline.compare_distributions manual__2026-01-03T13:01:06.987105+00:00 [queued]>
[2026-01-03T13:01:34.648+0000] {taskinstance.py:2306} INFO - Starting attempt 1 of 1
[2026-01-03T13:01:34.691+0000] {taskinstance.py:2330} INFO - Executing <Task(_PythonDecoratedOperator): compare_distributions> on 2026-01-03 13:01:06.987105+00:00
[2026-01-03T13:01:34.729+0000] {standard_task_runner.py:64} INFO - Started process 317 to run task
[2026-01-03T13:01:34.738+0000] {standard_task_runner.py:90} INFO - Running: ['***', 'tasks', 'run', 'main_pipeline', 'compare_distributions', 'manual__2026-01-03T13:01:06.987105+00:00', '--job-id', '222', '--raw', '--subdir', 'DAGS_FOLDER/pipeline/main.py', '--cfg-path', '/tmp/tmp7134lsqx']
[2026-01-03T13:01:34.750+0000] {standard_task_runner.py:91} INFO - Job 222: Subtask compare_distributions
[2026-01-03T13:01:35.041+0000] {task_command.py:426} INFO - Running <TaskInstance: main_pipeline.compare_distributions manual__2026-01-03T13:01:06.987105+00:00 [running]> on host 8574a19215f6
[2026-01-03T13:01:35.502+0000] {taskinstance.py:2648} INFO - Exporting env vars: AIRFLOW_CTX_DAG_OWNER='***' AIRFLOW_CTX_DAG_ID='main_pipeline' AIRFLOW_CTX_TASK_ID='compare_distributions' AIRFLOW_CTX_EXECUTION_DATE='2026-01-03T13:01:06.987105+00:00' AIRFLOW_CTX_TRY_NUMBER='1' AIRFLOW_CTX_DAG_RUN_ID='manual__2026-01-03T13:01:06.987105+00:00'
[2026-01-03T13:01:35.506+0000] {taskinstance.py:430} INFO - ::endgroup::
[2026-01-03T13:01:44.058+0000] {credentials.py:1147} INFO - Found credentials in environment variables.
[2026-01-03T13:01:46.544+0000] {logging_mixin.py:188} WARNING - Downloading artifacts:   0%|          | 0/1 [00:00<?, ?it/s]
[2026-01-03T13:01:46.545+0000] {logging_mixin.py:188} WARNING - Downloading artifacts: 100%|##########| 1/1 [00:00<00:00, 4987.28it/s]
[2026-01-03T13:01:46.546+0000] {logging_mixin.py:188} WARNING - Downloading artifacts: 100%|##########| 1/1 [00:00<00:00, 833.86it/s] 
[2026-01-03T13:01:46.578+0000] {logging_mixin.py:188} INFO - {"status":"updated","traffic":{"a":0.5,"b":0.5,"data_size":5000,"drift_cols":["price","color"]}}
[2026-01-03T13:01:47.226+0000] {logging_mixin.py:188} INFO - {'data':       carat        cut color clarity  ...         price     x     y     z
0      1.01       Good     E     VS1  ...   5862.518530  6.48  6.44  3.90
1      0.32      Ideal     G     SI1  ...    479.391249  4.42  4.47  2.65
2      2.01    Premium     E     SI2  ...  23666.331006  8.31  8.26  4.89
3      0.23  Very Good     D    VVS1  ...    485.000000  3.94  3.97  2.44
4      0.70       Good     H     SI2  ...    537.033541  5.61  5.55  3.55
...     ...        ...   ...     ...  ...           ...   ...   ...   ...
4995   1.86  Very Good     G     VS2  ...  10798.000000  7.81  7.90  4.91
4996   0.66      Ideal     H     VS2  ...   2178.000000  5.62  5.65  3.46
4997   0.70       Fair     G     VS2  ...   2273.000000  5.78  5.84  3.33
4998   0.53       Good     I     VS1  ...    737.527448  5.14  5.18  3.26
4999   2.20    Premium     D     VS2  ...  17905.000000  8.63  8.52  5.05

[5000 rows x 10 columns], 'drift_info': {'carat': [0.9999999998921532, 0], 'depth': [0.9785008152741705, 0], 'table': [0.9999999990417221, 0], 'x': [0.9999999998558476, 0], 'y': [1.0, 0], 'z': [0.999999999999963, 0], 'price': [7.397036533524918e-05, 1], 'cut': [0.0005854905536634745, 0], 'color': [0.15871478754688975, 1], 'clarity': [0.0006445407755306702, 0]}}
[2026-01-03T13:01:47.226+0000] {python.py:237} INFO - Done. Returned value was: {'data':       carat        cut color clarity  ...         price     x     y     z
0      1.01       Good     E     VS1  ...   5862.518530  6.48  6.44  3.90
1      0.32      Ideal     G     SI1  ...    479.391249  4.42  4.47  2.65
2      2.01    Premium     E     SI2  ...  23666.331006  8.31  8.26  4.89
3      0.23  Very Good     D    VVS1  ...    485.000000  3.94  3.97  2.44
4      0.70       Good     H     SI2  ...    537.033541  5.61  5.55  3.55
...     ...        ...   ...     ...  ...           ...   ...   ...   ...
4995   1.86  Very Good     G     VS2  ...  10798.000000  7.81  7.90  4.91
4996   0.66      Ideal     H     VS2  ...   2178.000000  5.62  5.65  3.46
4997   0.70       Fair     G     VS2  ...   2273.000000  5.78  5.84  3.33
4998   0.53       Good     I     VS1  ...    737.527448  5.14  5.18  3.26
4999   2.20    Premium     D     VS2  ...  17905.000000  8.63  8.52  5.05

[5000 rows x 10 columns], 'drift_info': {'carat': [0.9999999998921532, 0], 'depth': [0.9785008152741705, 0], 'table': [0.9999999990417221, 0], 'x': [0.9999999998558476, 0], 'y': [1.0, 0], 'z': [0.999999999999963, 0], 'price': [7.397036533524918e-05, 1], 'cut': [0.0005854905536634745, 0], 'color': [0.15871478754688975, 1], 'clarity': [0.0006445407755306702, 0]}}
[2026-01-03T13:01:47.241+0000] {taskinstance.py:441} INFO - ::group::Post task execution logs
[2026-01-03T13:01:48.290+0000] {taskinstance.py:1206} INFO - Marking task as SUCCESS. dag_id=main_pipeline, task_id=compare_distributions, run_id=manual__2026-01-03T13:01:06.987105+00:00, execution_date=20260103T130106, start_date=20260103T130134, end_date=20260103T130148
[2026-01-03T13:01:48.415+0000] {local_task_job_runner.py:243} INFO - Task exited with return code 0
[2026-01-03T13:01:48.548+0000] {taskinstance.py:3503} INFO - 1 downstream tasks scheduled from follow-on schedule check
[2026-01-03T13:01:48.564+0000] {local_task_job_runner.py:222} INFO - ::endgroup::
