[2026-01-03T16:17:22.651+0000] {local_task_job_runner.py:120} INFO - ::group::Pre task execution logs
[2026-01-03T16:17:22.890+0000] {taskinstance.py:2076} INFO - Dependencies all met for dep_context=non-requeueable deps ti=<TaskInstance: main_pipeline.check_drift manual__2026-01-03T16:16:37.740139+00:00 [queued]>
[2026-01-03T16:17:22.922+0000] {taskinstance.py:2076} INFO - Dependencies all met for dep_context=requeueable deps ti=<TaskInstance: main_pipeline.check_drift manual__2026-01-03T16:16:37.740139+00:00 [queued]>
[2026-01-03T16:17:22.922+0000] {taskinstance.py:2306} INFO - Starting attempt 1 of 1
[2026-01-03T16:17:22.972+0000] {taskinstance.py:2330} INFO - Executing <Task(_BranchPythonDecoratedOperator): check_drift> on 2026-01-03 16:16:37.740139+00:00
[2026-01-03T16:17:23.020+0000] {standard_task_runner.py:64} INFO - Started process 9819 to run task
[2026-01-03T16:17:23.040+0000] {standard_task_runner.py:90} INFO - Running: ['***', 'tasks', 'run', 'main_pipeline', 'check_drift', 'manual__2026-01-03T16:16:37.740139+00:00', '--job-id', '319', '--raw', '--subdir', 'DAGS_FOLDER/pipeline/main.py', '--cfg-path', '/tmp/tmp9ggxpsvv']
[2026-01-03T16:17:23.049+0000] {standard_task_runner.py:91} INFO - Job 319: Subtask check_drift
[2026-01-03T16:17:23.345+0000] {task_command.py:426} INFO - Running <TaskInstance: main_pipeline.check_drift manual__2026-01-03T16:16:37.740139+00:00 [running]> on host 8574a19215f6
[2026-01-03T16:17:24.824+0000] {taskinstance.py:2648} INFO - Exporting env vars: AIRFLOW_CTX_DAG_OWNER='***' AIRFLOW_CTX_DAG_ID='main_pipeline' AIRFLOW_CTX_TASK_ID='check_drift' AIRFLOW_CTX_EXECUTION_DATE='2026-01-03T16:16:37.740139+00:00' AIRFLOW_CTX_TRY_NUMBER='1' AIRFLOW_CTX_DAG_RUN_ID='manual__2026-01-03T16:16:37.740139+00:00'
[2026-01-03T16:17:24.825+0000] {taskinstance.py:430} INFO - ::endgroup::
[2026-01-03T16:17:24.826+0000] {logging_mixin.py:188} INFO - Data drift detected in depth
[2026-01-03T16:17:24.826+0000] {logging_mixin.py:188} INFO - Data drift detected in y
[2026-01-03T16:17:24.827+0000] {python.py:237} INFO - Done. Returned value was: train_new_model
[2026-01-03T16:17:24.827+0000] {branch.py:36} INFO - Branch into train_new_model
[2026-01-03T16:17:24.827+0000] {skipmixin.py:178} INFO - Following branch train_new_model
[2026-01-03T16:17:24.914+0000] {skipmixin.py:246} INFO - Skipping tasks [('check_end', -1)]
[2026-01-03T16:17:25.011+0000] {taskinstance.py:441} INFO - ::group::Post task execution logs
[2026-01-03T16:17:25.097+0000] {taskinstance.py:1206} INFO - Marking task as SUCCESS. dag_id=main_pipeline, task_id=check_drift, run_id=manual__2026-01-03T16:16:37.740139+00:00, execution_date=20260103T161637, start_date=20260103T161722, end_date=20260103T161725
[2026-01-03T16:17:25.237+0000] {local_task_job_runner.py:243} INFO - Task exited with return code 0
[2026-01-03T16:17:25.368+0000] {taskinstance.py:3503} INFO - 1 downstream tasks scheduled from follow-on schedule check
[2026-01-03T16:17:25.382+0000] {local_task_job_runner.py:222} INFO - ::endgroup::
