[2026-01-02T11:01:07.723+0000] {local_task_job_runner.py:120} INFO - ::group::Pre task execution logs
[2026-01-02T11:01:08.058+0000] {taskinstance.py:2076} INFO - Dependencies all met for dep_context=non-requeueable deps ti=<TaskInstance: main_pipeline.train_compare manual__2026-01-02T11:00:40.762572+00:00 [queued]>
[2026-01-02T11:01:08.143+0000] {taskinstance.py:2076} INFO - Dependencies all met for dep_context=requeueable deps ti=<TaskInstance: main_pipeline.train_compare manual__2026-01-02T11:00:40.762572+00:00 [queued]>
[2026-01-02T11:01:08.144+0000] {taskinstance.py:2306} INFO - Starting attempt 1 of 1
[2026-01-02T11:01:08.233+0000] {taskinstance.py:2330} INFO - Executing <Task(_BranchPythonDecoratedOperator): train_compare> on 2026-01-02 11:00:40.762572+00:00
[2026-01-02T11:01:08.318+0000] {standard_task_runner.py:64} INFO - Started process 675 to run task
[2026-01-02T11:01:08.341+0000] {standard_task_runner.py:90} INFO - Running: ['***', 'tasks', 'run', 'main_pipeline', 'train_compare', 'manual__2026-01-02T11:00:40.762572+00:00', '--job-id', '11', '--raw', '--subdir', 'DAGS_FOLDER/pipeline/main.py', '--cfg-path', '/tmp/tmpyml7zi7f']
[2026-01-02T11:01:08.347+0000] {standard_task_runner.py:91} INFO - Job 11: Subtask train_compare
[2026-01-02T11:01:08.858+0000] {task_command.py:426} INFO - Running <TaskInstance: main_pipeline.train_compare manual__2026-01-02T11:00:40.762572+00:00 [running]> on host 11cfdbba07aa
[2026-01-02T11:01:09.789+0000] {taskinstance.py:2648} INFO - Exporting env vars: AIRFLOW_CTX_DAG_OWNER='***' AIRFLOW_CTX_DAG_ID='main_pipeline' AIRFLOW_CTX_TASK_ID='train_compare' AIRFLOW_CTX_EXECUTION_DATE='2026-01-02T11:00:40.762572+00:00' AIRFLOW_CTX_TRY_NUMBER='1' AIRFLOW_CTX_DAG_RUN_ID='manual__2026-01-02T11:00:40.762572+00:00'
[2026-01-02T11:01:09.799+0000] {taskinstance.py:430} INFO - ::endgroup::
[2026-01-02T11:01:09.800+0000] {logging_mixin.py:188} INFO - No production models found, the training begins
[2026-01-02T11:01:09.801+0000] {python.py:237} INFO - Done. Returned value was: train_model
[2026-01-02T11:01:09.803+0000] {branch.py:36} INFO - Branch into train_model
[2026-01-02T11:01:09.814+0000] {skipmixin.py:178} INFO - Following branch train_model
[2026-01-02T11:01:10.081+0000] {skipmixin.py:246} INFO - Skipping tasks [('compare_distributions', -1)]
[2026-01-02T11:01:10.362+0000] {taskinstance.py:441} INFO - ::group::Post task execution logs
[2026-01-02T11:01:10.614+0000] {taskinstance.py:1206} INFO - Marking task as SUCCESS. dag_id=main_pipeline, task_id=train_compare, run_id=manual__2026-01-02T11:00:40.762572+00:00, execution_date=20260102T110040, start_date=20260102T110108, end_date=20260102T110110
[2026-01-02T11:01:10.826+0000] {local_task_job_runner.py:243} INFO - Task exited with return code 0
[2026-01-02T11:01:10.971+0000] {taskinstance.py:3503} INFO - 1 downstream tasks scheduled from follow-on schedule check
[2026-01-02T11:01:10.985+0000] {local_task_job_runner.py:222} INFO - ::endgroup::
