[2026-01-02T14:18:07.873+0000] {local_task_job_runner.py:120} INFO - ::group::Pre task execution logs
[2026-01-02T14:18:08.000+0000] {taskinstance.py:2076} INFO - Dependencies all met for dep_context=non-requeueable deps ti=<TaskInstance: main_pipeline.train_compare manual__2026-01-02T14:17:53.271713+00:00 [queued]>
[2026-01-02T14:18:08.029+0000] {taskinstance.py:2076} INFO - Dependencies all met for dep_context=requeueable deps ti=<TaskInstance: main_pipeline.train_compare manual__2026-01-02T14:17:53.271713+00:00 [queued]>
[2026-01-02T14:18:08.033+0000] {taskinstance.py:2306} INFO - Starting attempt 1 of 1
[2026-01-02T14:18:08.096+0000] {taskinstance.py:2330} INFO - Executing <Task(_BranchPythonDecoratedOperator): train_compare> on 2026-01-02 14:17:53.271713+00:00
[2026-01-02T14:18:08.144+0000] {standard_task_runner.py:64} INFO - Started process 9479 to run task
[2026-01-02T14:18:08.148+0000] {standard_task_runner.py:90} INFO - Running: ['***', 'tasks', 'run', 'main_pipeline', 'train_compare', 'manual__2026-01-02T14:17:53.271713+00:00', '--job-id', '94', '--raw', '--subdir', 'DAGS_FOLDER/pipeline/main.py', '--cfg-path', '/tmp/tmpwxcqymkp']
[2026-01-02T14:18:08.156+0000] {standard_task_runner.py:91} INFO - Job 94: Subtask train_compare
[2026-01-02T14:18:08.363+0000] {task_command.py:426} INFO - Running <TaskInstance: main_pipeline.train_compare manual__2026-01-02T14:17:53.271713+00:00 [running]> on host b2cc83381b06
[2026-01-02T14:18:08.716+0000] {taskinstance.py:2648} INFO - Exporting env vars: AIRFLOW_CTX_DAG_OWNER='***' AIRFLOW_CTX_DAG_ID='main_pipeline' AIRFLOW_CTX_TASK_ID='train_compare' AIRFLOW_CTX_EXECUTION_DATE='2026-01-02T14:17:53.271713+00:00' AIRFLOW_CTX_TRY_NUMBER='1' AIRFLOW_CTX_DAG_RUN_ID='manual__2026-01-02T14:17:53.271713+00:00'
[2026-01-02T14:18:08.718+0000] {taskinstance.py:430} INFO - ::endgroup::
[2026-01-02T14:18:08.719+0000] {logging_mixin.py:188} INFO - Current production version 4
[2026-01-02T14:18:08.719+0000] {logging_mixin.py:188} INFO - Next task - data drift check
[2026-01-02T14:18:08.720+0000] {python.py:237} INFO - Done. Returned value was: compare_distributions
[2026-01-02T14:18:08.720+0000] {branch.py:36} INFO - Branch into compare_distributions
[2026-01-02T14:18:08.720+0000] {skipmixin.py:178} INFO - Following branch compare_distributions
[2026-01-02T14:18:08.832+0000] {skipmixin.py:246} INFO - Skipping tasks [('train_model', -1)]
[2026-01-02T14:18:08.946+0000] {taskinstance.py:441} INFO - ::group::Post task execution logs
[2026-01-02T14:18:09.050+0000] {taskinstance.py:1206} INFO - Marking task as SUCCESS. dag_id=main_pipeline, task_id=train_compare, run_id=manual__2026-01-02T14:17:53.271713+00:00, execution_date=20260102T141753, start_date=20260102T141808, end_date=20260102T141809
[2026-01-02T14:18:09.189+0000] {local_task_job_runner.py:243} INFO - Task exited with return code 0
[2026-01-02T14:18:09.328+0000] {taskinstance.py:3503} INFO - 1 downstream tasks scheduled from follow-on schedule check
[2026-01-02T14:18:09.354+0000] {local_task_job_runner.py:222} INFO - ::endgroup::
