[2026-01-03T17:08:31.360+0000] {local_task_job_runner.py:120} INFO - ::group::Pre task execution logs
[2026-01-03T17:08:31.566+0000] {taskinstance.py:2076} INFO - Dependencies all met for dep_context=non-requeueable deps ti=<TaskInstance: main_pipeline.set_staging_model manual__2026-01-03T17:04:45.536093+00:00 [queued]>
[2026-01-03T17:08:31.663+0000] {taskinstance.py:2076} INFO - Dependencies all met for dep_context=requeueable deps ti=<TaskInstance: main_pipeline.set_staging_model manual__2026-01-03T17:04:45.536093+00:00 [queued]>
[2026-01-03T17:08:31.666+0000] {taskinstance.py:2306} INFO - Starting attempt 1 of 1
[2026-01-03T17:08:31.795+0000] {taskinstance.py:2330} INFO - Executing <Task(_PythonDecoratedOperator): set_staging_model> on 2026-01-03 17:04:45.536093+00:00
[2026-01-03T17:08:31.863+0000] {standard_task_runner.py:64} INFO - Started process 12773 to run task
[2026-01-03T17:08:31.925+0000] {standard_task_runner.py:90} INFO - Running: ['***', 'tasks', 'run', 'main_pipeline', 'set_staging_model', 'manual__2026-01-03T17:04:45.536093+00:00', '--job-id', '339', '--raw', '--subdir', 'DAGS_FOLDER/pipeline/main.py', '--cfg-path', '/tmp/tmp5yf5yx_p']
[2026-01-03T17:08:31.936+0000] {standard_task_runner.py:91} INFO - Job 339: Subtask set_staging_model
[2026-01-03T17:08:32.307+0000] {task_command.py:426} INFO - Running <TaskInstance: main_pipeline.set_staging_model manual__2026-01-03T17:04:45.536093+00:00 [running]> on host 8574a19215f6
[2026-01-03T17:08:32.998+0000] {taskinstance.py:2648} INFO - Exporting env vars: AIRFLOW_CTX_DAG_OWNER='***' AIRFLOW_CTX_DAG_ID='main_pipeline' AIRFLOW_CTX_TASK_ID='set_staging_model' AIRFLOW_CTX_EXECUTION_DATE='2026-01-03T17:04:45.536093+00:00' AIRFLOW_CTX_TRY_NUMBER='1' AIRFLOW_CTX_DAG_RUN_ID='manual__2026-01-03T17:04:45.536093+00:00'
[2026-01-03T17:08:33.004+0000] {taskinstance.py:430} INFO - ::endgroup::
[2026-01-03T17:08:36.532+0000] {logging_mixin.py:188} INFO - 2ff3a22630964965870dd3c724599b76
[2026-01-03T17:08:36.896+0000] {logging_mixin.py:188} WARNING - Registered model 'price_prediction' already exists. Creating a new version of this model...
[2026-01-03T17:08:37.194+0000] {logging_mixin.py:188} WARNING - 2026/01/03 17:08:37 INFO mlflow.tracking._model_registry.client: Waiting up to 300 seconds for model version to finish creation. Model name: price_prediction, version 26
[2026-01-03T17:08:37.199+0000] {logging_mixin.py:188} WARNING - Created version '26' of model 'price_prediction'.
[2026-01-03T17:08:38.252+0000] {logging_mixin.py:188} INFO - 2ff3a22630964965870dd3c724599b76
[2026-01-03T17:08:38.428+0000] {logging_mixin.py:188} WARNING - Registered model 'price_prediction' already exists. Creating a new version of this model...
[2026-01-03T17:08:38.681+0000] {logging_mixin.py:188} WARNING - 2026/01/03 17:08:38 INFO mlflow.tracking._model_registry.client: Waiting up to 300 seconds for model version to finish creation. Model name: price_prediction, version 27
[2026-01-03T17:08:38.683+0000] {logging_mixin.py:188} WARNING - Created version '27' of model 'price_prediction'.
[2026-01-03T17:08:38.977+0000] {logging_mixin.py:188} INFO - New model was set to Staging!
[2026-01-03T17:08:38.978+0000] {python.py:237} INFO - Done. Returned value was: None
[2026-01-03T17:08:38.980+0000] {taskinstance.py:441} INFO - ::group::Post task execution logs
[2026-01-03T17:08:39.064+0000] {taskinstance.py:1206} INFO - Marking task as SUCCESS. dag_id=main_pipeline, task_id=set_staging_model, run_id=manual__2026-01-03T17:04:45.536093+00:00, execution_date=20260103T170445, start_date=20260103T170831, end_date=20260103T170839
[2026-01-03T17:08:39.332+0000] {local_task_job_runner.py:243} INFO - Task exited with return code 0
[2026-01-03T17:08:39.526+0000] {taskinstance.py:3503} INFO - 0 downstream tasks scheduled from follow-on schedule check
[2026-01-03T17:08:39.536+0000] {local_task_job_runner.py:222} INFO - ::endgroup::
