[2026-01-03T06:14:59.325+0000] {local_task_job_runner.py:120} INFO - ::group::Pre task execution logs
[2026-01-03T06:14:59.535+0000] {taskinstance.py:2076} INFO - Dependencies all met for dep_context=non-requeueable deps ti=<TaskInstance: main_pipeline.set_staging_model scheduled__2026-01-02T00:00:00+00:00 [queued]>
[2026-01-03T06:14:59.556+0000] {taskinstance.py:2076} INFO - Dependencies all met for dep_context=requeueable deps ti=<TaskInstance: main_pipeline.set_staging_model scheduled__2026-01-02T00:00:00+00:00 [queued]>
[2026-01-03T06:14:59.561+0000] {taskinstance.py:2306} INFO - Starting attempt 1 of 1
[2026-01-03T06:14:59.631+0000] {taskinstance.py:2330} INFO - Executing <Task(_PythonDecoratedOperator): set_staging_model> on 2026-01-02 00:00:00+00:00
[2026-01-03T06:14:59.664+0000] {standard_task_runner.py:64} INFO - Started process 565 to run task
[2026-01-03T06:14:59.685+0000] {standard_task_runner.py:90} INFO - Running: ['***', 'tasks', 'run', 'main_pipeline', 'set_staging_model', 'scheduled__2026-01-02T00:00:00+00:00', '--job-id', '190', '--raw', '--subdir', 'DAGS_FOLDER/pipeline/main.py', '--cfg-path', '/tmp/tmp6iv458aj']
[2026-01-03T06:14:59.693+0000] {standard_task_runner.py:91} INFO - Job 190: Subtask set_staging_model
[2026-01-03T06:15:00.008+0000] {task_command.py:426} INFO - Running <TaskInstance: main_pipeline.set_staging_model scheduled__2026-01-02T00:00:00+00:00 [running]> on host e163b62ba314
[2026-01-03T06:15:00.629+0000] {taskinstance.py:2648} INFO - Exporting env vars: AIRFLOW_CTX_DAG_OWNER='***' AIRFLOW_CTX_DAG_ID='main_pipeline' AIRFLOW_CTX_TASK_ID='set_staging_model' AIRFLOW_CTX_EXECUTION_DATE='2026-01-02T00:00:00+00:00' AIRFLOW_CTX_TRY_NUMBER='1' AIRFLOW_CTX_DAG_RUN_ID='scheduled__2026-01-02T00:00:00+00:00'
[2026-01-03T06:15:00.630+0000] {taskinstance.py:430} INFO - ::endgroup::
[2026-01-03T06:15:04.128+0000] {logging_mixin.py:188} WARNING - /home/***/.local/lib/python3.11/site-packages/pydantic/_internal/_fields.py:161 UserWarning: Field "model_server_url" has conflict with protected namespace "model_".

You may be able to resolve this warning by setting `model_config['protected_namespaces'] = ()`.
[2026-01-03T06:15:04.174+0000] {logging_mixin.py:188} WARNING - /home/***/.local/lib/python3.11/site-packages/pydantic/_internal/_config.py:341 UserWarning: Valid config keys have changed in V2:
* 'schema_extra' has been renamed to 'json_schema_extra'
[2026-01-03T06:15:08.106+0000] {logging_mixin.py:188} INFO - 06ec354d1c5b4b2fb1cefe8dedba203e
[2026-01-03T06:15:08.599+0000] {logging_mixin.py:188} WARNING - Registered model 'price_prediction' already exists. Creating a new version of this model...
[2026-01-03T06:15:08.881+0000] {logging_mixin.py:188} WARNING - 2026/01/03 06:15:08 INFO mlflow.tracking._model_registry.client: Waiting up to 300 seconds for model version to finish creation. Model name: price_prediction, version 8
[2026-01-03T06:15:08.885+0000] {logging_mixin.py:188} WARNING - Created version '8' of model 'price_prediction'.
[2026-01-03T06:15:09.212+0000] {logging_mixin.py:188} INFO - 06ec354d1c5b4b2fb1cefe8dedba203e
[2026-01-03T06:15:09.326+0000] {logging_mixin.py:188} WARNING - Registered model 'price_prediction' already exists. Creating a new version of this model...
[2026-01-03T06:15:09.569+0000] {logging_mixin.py:188} WARNING - 2026/01/03 06:15:09 INFO mlflow.tracking._model_registry.client: Waiting up to 300 seconds for model version to finish creation. Model name: price_prediction, version 9
[2026-01-03T06:15:09.570+0000] {logging_mixin.py:188} WARNING - Created version '9' of model 'price_prediction'.
[2026-01-03T06:15:09.811+0000] {logging_mixin.py:188} INFO - New model was set to Staging!
[2026-01-03T06:15:09.815+0000] {python.py:237} INFO - Done. Returned value was: None
[2026-01-03T06:15:09.820+0000] {taskinstance.py:441} INFO - ::group::Post task execution logs
[2026-01-03T06:15:09.883+0000] {taskinstance.py:1206} INFO - Marking task as SUCCESS. dag_id=main_pipeline, task_id=set_staging_model, run_id=scheduled__2026-01-02T00:00:00+00:00, execution_date=20260102T000000, start_date=20260103T061459, end_date=20260103T061509
[2026-01-03T06:15:10.127+0000] {local_task_job_runner.py:243} INFO - Task exited with return code 0
[2026-01-03T06:15:10.239+0000] {taskinstance.py:3503} INFO - 0 downstream tasks scheduled from follow-on schedule check
[2026-01-03T06:15:10.246+0000] {local_task_job_runner.py:222} INFO - ::endgroup::
