[2025-12-30T13:07:32.224+0000] {local_task_job_runner.py:120} INFO - ::group::Pre task execution logs
[2025-12-30T13:07:32.502+0000] {taskinstance.py:2076} INFO - Dependencies all met for dep_context=non-requeueable deps ti=<TaskInstance: main_pipeline.check_prod_model manual__2025-12-30T13:07:26.418059+00:00 [queued]>
[2025-12-30T13:07:32.555+0000] {taskinstance.py:2076} INFO - Dependencies all met for dep_context=requeueable deps ti=<TaskInstance: main_pipeline.check_prod_model manual__2025-12-30T13:07:26.418059+00:00 [queued]>
[2025-12-30T13:07:32.556+0000] {taskinstance.py:2306} INFO - Starting attempt 1 of 1
[2025-12-30T13:07:32.625+0000] {taskinstance.py:2330} INFO - Executing <Task(_PythonDecoratedOperator): check_prod_model> on 2025-12-30 13:07:26.418059+00:00
[2025-12-30T13:07:32.670+0000] {standard_task_runner.py:64} INFO - Started process 7156 to run task
[2025-12-30T13:07:32.705+0000] {standard_task_runner.py:90} INFO - Running: ['***', 'tasks', 'run', 'main_pipeline', 'check_prod_model', 'manual__2025-12-30T13:07:26.418059+00:00', '--job-id', '93', '--raw', '--subdir', 'DAGS_FOLDER/pipeline/main.py', '--cfg-path', '/tmp/tmpdj_6cx4p']
[2025-12-30T13:07:32.744+0000] {standard_task_runner.py:91} INFO - Job 93: Subtask check_prod_model
[2025-12-30T13:07:32.977+0000] {task_command.py:426} INFO - Running <TaskInstance: main_pipeline.check_prod_model manual__2025-12-30T13:07:26.418059+00:00 [running]> on host f5d1d4eaa079
[2025-12-30T13:07:33.627+0000] {taskinstance.py:2648} INFO - Exporting env vars: AIRFLOW_CTX_DAG_OWNER='***' AIRFLOW_CTX_DAG_ID='main_pipeline' AIRFLOW_CTX_TASK_ID='check_prod_model' AIRFLOW_CTX_EXECUTION_DATE='2025-12-30T13:07:26.418059+00:00' AIRFLOW_CTX_TRY_NUMBER='1' AIRFLOW_CTX_DAG_RUN_ID='manual__2025-12-30T13:07:26.418059+00:00'
[2025-12-30T13:07:33.631+0000] {taskinstance.py:430} INFO - ::endgroup::
[2025-12-30T13:07:39.377+0000] {logging_mixin.py:188} WARNING - /home/***/.local/lib/python3.11/site-packages/pydantic/_internal/_fields.py:161 UserWarning: Field "model_server_url" has conflict with protected namespace "model_".

You may be able to resolve this warning by setting `model_config['protected_namespaces'] = ()`.
[2025-12-30T13:07:39.406+0000] {logging_mixin.py:188} WARNING - /home/***/.local/lib/python3.11/site-packages/pydantic/_internal/_config.py:341 UserWarning: Valid config keys have changed in V2:
* 'schema_extra' has been renamed to 'json_schema_extra'
[2025-12-30T13:07:40.208+0000] {logging_mixin.py:188} INFO - Found production version
[2025-12-30T13:07:40.209+0000] {python.py:237} INFO - Done. Returned value was: {'production_version': '1'}
[2025-12-30T13:07:40.210+0000] {taskinstance.py:441} INFO - ::group::Post task execution logs
[2025-12-30T13:07:40.570+0000] {taskinstance.py:1206} INFO - Marking task as SUCCESS. dag_id=main_pipeline, task_id=check_prod_model, run_id=manual__2025-12-30T13:07:26.418059+00:00, execution_date=20251230T130726, start_date=20251230T130732, end_date=20251230T130740
[2025-12-30T13:07:40.853+0000] {local_task_job_runner.py:243} INFO - Task exited with return code 0
[2025-12-30T13:07:41.049+0000] {taskinstance.py:3503} INFO - 1 downstream tasks scheduled from follow-on schedule check
[2025-12-30T13:07:41.057+0000] {local_task_job_runner.py:222} INFO - ::endgroup::
