[2026-01-03T14:59:09.939+0000] {local_task_job_runner.py:120} INFO - ::group::Pre task execution logs
[2026-01-03T14:59:10.034+0000] {taskinstance.py:2076} INFO - Dependencies all met for dep_context=non-requeueable deps ti=<TaskInstance: main_pipeline.compare_distributions manual__2026-01-03T14:58:47.579063+00:00 [queued]>
[2026-01-03T14:59:10.065+0000] {taskinstance.py:2076} INFO - Dependencies all met for dep_context=requeueable deps ti=<TaskInstance: main_pipeline.compare_distributions manual__2026-01-03T14:58:47.579063+00:00 [queued]>
[2026-01-03T14:59:10.066+0000] {taskinstance.py:2306} INFO - Starting attempt 1 of 1
[2026-01-03T14:59:10.099+0000] {taskinstance.py:2330} INFO - Executing <Task(_PythonDecoratedOperator): compare_distributions> on 2026-01-03 14:58:47.579063+00:00
[2026-01-03T14:59:10.140+0000] {standard_task_runner.py:64} INFO - Started process 5701 to run task
[2026-01-03T14:59:10.148+0000] {standard_task_runner.py:90} INFO - Running: ['***', 'tasks', 'run', 'main_pipeline', 'compare_distributions', 'manual__2026-01-03T14:58:47.579063+00:00', '--job-id', '270', '--raw', '--subdir', 'DAGS_FOLDER/pipeline/main.py', '--cfg-path', '/tmp/tmpzs7y1cs0']
[2026-01-03T14:59:10.154+0000] {standard_task_runner.py:91} INFO - Job 270: Subtask compare_distributions
[2026-01-03T14:59:10.343+0000] {task_command.py:426} INFO - Running <TaskInstance: main_pipeline.compare_distributions manual__2026-01-03T14:58:47.579063+00:00 [running]> on host 8574a19215f6
[2026-01-03T14:59:10.639+0000] {taskinstance.py:2648} INFO - Exporting env vars: AIRFLOW_CTX_DAG_OWNER='***' AIRFLOW_CTX_DAG_ID='main_pipeline' AIRFLOW_CTX_TASK_ID='compare_distributions' AIRFLOW_CTX_EXECUTION_DATE='2026-01-03T14:58:47.579063+00:00' AIRFLOW_CTX_TRY_NUMBER='1' AIRFLOW_CTX_DAG_RUN_ID='manual__2026-01-03T14:58:47.579063+00:00'
[2026-01-03T14:59:10.641+0000] {taskinstance.py:430} INFO - ::endgroup::
[2026-01-03T14:59:11.934+0000] {credentials.py:1147} INFO - Found credentials in environment variables.
[2026-01-03T14:59:12.264+0000] {logging_mixin.py:188} WARNING - Downloading artifacts:   0%|          | 0/1 [00:00<?, ?it/s]
[2026-01-03T14:59:12.299+0000] {logging_mixin.py:188} WARNING - Downloading artifacts: 100%|##########| 1/1 [00:00<00:00, 29.07it/s]
[2026-01-03T14:59:12.303+0000] {logging_mixin.py:188} WARNING - Downloading artifacts: 100%|##########| 1/1 [00:00<00:00, 27.29it/s]
[2026-01-03T14:59:12.320+0000] {logging_mixin.py:188} INFO - {"status":"updated","traffic":{"a":0.5,"b":0.5,"data_size":5000,"drift_cols":["price","color"]}}
[2026-01-03T14:59:12.806+0000] {logging_mixin.py:188} INFO - {'data':       carat        cut color clarity  ...         price     x     y     z
0      0.33      Ideal     F    VVS1  ...   1416.909880  4.44  4.46  2.75
1      0.38      Ideal     F     VS1  ...    493.539221  4.70  4.65  2.86
2      0.78       Good     D     VS2  ...   1552.224821  5.82  5.86  3.74
3      0.41       Good     G     VS2  ...    755.000000  4.77  4.66  2.99
4      2.09  Very Good     F     VS1  ...  12175.989613  8.09  8.13  5.10
...     ...        ...   ...     ...  ...           ...   ...   ...   ...
4995   0.35  Very Good     J     SI1  ...    785.043373  4.53  4.50  2.86
4996   2.08  Very Good     I     VS2  ...  13732.000000  8.24  8.34  5.02
4997   0.30    Premium     F     SI1  ...    215.200401  4.33  4.37  2.65
4998   0.51    Premium     D     VS1  ...   1831.000000  5.10  5.15  3.17
4999   0.31      Ideal     H      IF  ...   1068.032130  4.42  4.45  2.69

[5000 rows x 10 columns], 'drift_info': {'carat': [0.44493754205105635, 0], 'depth': [0.385782460032211, 0], 'table': [0.8219458860429147, 0], 'x': [0.3929048466551145, 0], 'y': [0.4984384077025645, 0], 'z': [0.4565606025571411, 0], 'price': [0.09495701349431757, 0], 'cut': [0.006056401214828734, 0], 'color': [0.001736504556657467, 0], 'clarity': [0.000985217153058281, 0]}}
[2026-01-03T14:59:12.807+0000] {python.py:237} INFO - Done. Returned value was: {'data':       carat        cut color clarity  ...         price     x     y     z
0      0.33      Ideal     F    VVS1  ...   1416.909880  4.44  4.46  2.75
1      0.38      Ideal     F     VS1  ...    493.539221  4.70  4.65  2.86
2      0.78       Good     D     VS2  ...   1552.224821  5.82  5.86  3.74
3      0.41       Good     G     VS2  ...    755.000000  4.77  4.66  2.99
4      2.09  Very Good     F     VS1  ...  12175.989613  8.09  8.13  5.10
...     ...        ...   ...     ...  ...           ...   ...   ...   ...
4995   0.35  Very Good     J     SI1  ...    785.043373  4.53  4.50  2.86
4996   2.08  Very Good     I     VS2  ...  13732.000000  8.24  8.34  5.02
4997   0.30    Premium     F     SI1  ...    215.200401  4.33  4.37  2.65
4998   0.51    Premium     D     VS1  ...   1831.000000  5.10  5.15  3.17
4999   0.31      Ideal     H      IF  ...   1068.032130  4.42  4.45  2.69

[5000 rows x 10 columns], 'drift_info': {'carat': [0.44493754205105635, 0], 'depth': [0.385782460032211, 0], 'table': [0.8219458860429147, 0], 'x': [0.3929048466551145, 0], 'y': [0.4984384077025645, 0], 'z': [0.4565606025571411, 0], 'price': [0.09495701349431757, 0], 'cut': [0.006056401214828734, 0], 'color': [0.001736504556657467, 0], 'clarity': [0.000985217153058281, 0]}}
[2026-01-03T14:59:12.827+0000] {taskinstance.py:441} INFO - ::group::Post task execution logs
[2026-01-03T14:59:13.074+0000] {taskinstance.py:1206} INFO - Marking task as SUCCESS. dag_id=main_pipeline, task_id=compare_distributions, run_id=manual__2026-01-03T14:58:47.579063+00:00, execution_date=20260103T145847, start_date=20260103T145910, end_date=20260103T145913
[2026-01-03T14:59:13.199+0000] {local_task_job_runner.py:243} INFO - Task exited with return code 0
[2026-01-03T14:59:13.323+0000] {taskinstance.py:3503} INFO - 1 downstream tasks scheduled from follow-on schedule check
[2026-01-03T14:59:13.331+0000] {local_task_job_runner.py:222} INFO - ::endgroup::
