[2026-01-03T15:21:09.705+0000] {local_task_job_runner.py:120} INFO - ::group::Pre task execution logs
[2026-01-03T15:21:09.934+0000] {taskinstance.py:2076} INFO - Dependencies all met for dep_context=non-requeueable deps ti=<TaskInstance: main_pipeline.compare_distributions manual__2026-01-03T15:20:26.056116+00:00 [queued]>
[2026-01-03T15:21:10.007+0000] {taskinstance.py:2076} INFO - Dependencies all met for dep_context=requeueable deps ti=<TaskInstance: main_pipeline.compare_distributions manual__2026-01-03T15:20:26.056116+00:00 [queued]>
[2026-01-03T15:21:10.008+0000] {taskinstance.py:2306} INFO - Starting attempt 1 of 1
[2026-01-03T15:21:10.058+0000] {taskinstance.py:2330} INFO - Executing <Task(_PythonDecoratedOperator): compare_distributions> on 2026-01-03 15:20:26.056116+00:00
[2026-01-03T15:21:10.147+0000] {standard_task_runner.py:64} INFO - Started process 6770 to run task
[2026-01-03T15:21:10.158+0000] {standard_task_runner.py:90} INFO - Running: ['***', 'tasks', 'run', 'main_pipeline', 'compare_distributions', 'manual__2026-01-03T15:20:26.056116+00:00', '--job-id', '288', '--raw', '--subdir', 'DAGS_FOLDER/pipeline/main.py', '--cfg-path', '/tmp/tmpghxj8xds']
[2026-01-03T15:21:10.162+0000] {standard_task_runner.py:91} INFO - Job 288: Subtask compare_distributions
[2026-01-03T15:21:10.535+0000] {task_command.py:426} INFO - Running <TaskInstance: main_pipeline.compare_distributions manual__2026-01-03T15:20:26.056116+00:00 [running]> on host 8574a19215f6
[2026-01-03T15:21:11.293+0000] {taskinstance.py:2648} INFO - Exporting env vars: AIRFLOW_CTX_DAG_OWNER='***' AIRFLOW_CTX_DAG_ID='main_pipeline' AIRFLOW_CTX_TASK_ID='compare_distributions' AIRFLOW_CTX_EXECUTION_DATE='2026-01-03T15:20:26.056116+00:00' AIRFLOW_CTX_TRY_NUMBER='1' AIRFLOW_CTX_DAG_RUN_ID='manual__2026-01-03T15:20:26.056116+00:00'
[2026-01-03T15:21:11.306+0000] {taskinstance.py:430} INFO - ::endgroup::
[2026-01-03T15:21:16.469+0000] {credentials.py:1147} INFO - Found credentials in environment variables.
[2026-01-03T15:21:17.570+0000] {logging_mixin.py:188} WARNING - Downloading artifacts:   0%|          | 0/1 [00:00<?, ?it/s]
[2026-01-03T15:21:17.585+0000] {logging_mixin.py:188} WARNING - Downloading artifacts: 100%|##########| 1/1 [00:00<00:00, 124.29it/s]
[2026-01-03T15:21:17.586+0000] {logging_mixin.py:188} WARNING - Downloading artifacts: 100%|##########| 1/1 [00:00<00:00, 112.68it/s]
[2026-01-03T15:21:17.588+0000] {logging_mixin.py:188} INFO - ['price', 'color']
[2026-01-03T15:21:17.639+0000] {logging_mixin.py:188} INFO - {"status":"updated","traffic":{"a":0.5,"b":0.5,"data_size":5000,"drift_cols":["price","color"]}}
[2026-01-03T15:21:18.870+0000] {logging_mixin.py:188} INFO - {'data':       carat        cut color clarity  ...         price     x     y     z
0      0.50  Very Geod     I     SI1  ...    688.325868  5.08  5.04  3.13
1      0.70    Premium     J     SI2  ...   2596.000000  5.72  5.56  3.50
2      1.02      Ideal     H    VVS2  ...  11765.000000  6.52  6.55  3.99
3      0.83  Very Good     E     SI2  ...   4717.455433  5.99  6.02  3.72
4      1.01  Very Good     D     SI2  ...   4694.493809  6.43  6.30  4.02
...     ...        ...   ...     ...  ...           ...   ...   ...   ...
4995   0.55      Ideal     I     VS1  ...   2119.000000  5.29  5.32  3.28
4996   0.46       Fair     E     SI1  ...    984.000000  4.86  4.79  3.20
4997   1.01  Very Good     J     SI1  ...   3832.000000  6.43  6.47  4.00
4998   0.37      Ideal     J      IF  ...   1056.000000  4.63  4.66  2.85
4999   0.62       Fair     J     SI2  ...   1343.714195  5.70  5.51  3.26

[5000 rows x 10 columns], 'drift_info': {'carat': [0.5045626439730739, 0], 'depth': [0.3317429187802419, 0], 'table': [0.7108760894165355, 0], 'x': [0.514842127933272, 0], 'y': [0.6783021273746375, 0], 'z': [0.49437426836280784, 0], 'price': [0.37699252752463286, 0], 'cut': [0.003647190627491692, 0], 'color': [0.0038395875545142576, 0], 'clarity': [0.004300428498804009, 0]}}
[2026-01-03T15:21:18.876+0000] {python.py:237} INFO - Done. Returned value was: {'data':       carat        cut color clarity  ...         price     x     y     z
0      0.50  Very Geod     I     SI1  ...    688.325868  5.08  5.04  3.13
1      0.70    Premium     J     SI2  ...   2596.000000  5.72  5.56  3.50
2      1.02      Ideal     H    VVS2  ...  11765.000000  6.52  6.55  3.99
3      0.83  Very Good     E     SI2  ...   4717.455433  5.99  6.02  3.72
4      1.01  Very Good     D     SI2  ...   4694.493809  6.43  6.30  4.02
...     ...        ...   ...     ...  ...           ...   ...   ...   ...
4995   0.55      Ideal     I     VS1  ...   2119.000000  5.29  5.32  3.28
4996   0.46       Fair     E     SI1  ...    984.000000  4.86  4.79  3.20
4997   1.01  Very Good     J     SI1  ...   3832.000000  6.43  6.47  4.00
4998   0.37      Ideal     J      IF  ...   1056.000000  4.63  4.66  2.85
4999   0.62       Fair     J     SI2  ...   1343.714195  5.70  5.51  3.26

[5000 rows x 10 columns], 'drift_info': {'carat': [0.5045626439730739, 0], 'depth': [0.3317429187802419, 0], 'table': [0.7108760894165355, 0], 'x': [0.514842127933272, 0], 'y': [0.6783021273746375, 0], 'z': [0.49437426836280784, 0], 'price': [0.37699252752463286, 0], 'cut': [0.003647190627491692, 0], 'color': [0.0038395875545142576, 0], 'clarity': [0.004300428498804009, 0]}}
[2026-01-03T15:21:18.979+0000] {taskinstance.py:441} INFO - ::group::Post task execution logs
[2026-01-03T15:21:19.410+0000] {taskinstance.py:1206} INFO - Marking task as SUCCESS. dag_id=main_pipeline, task_id=compare_distributions, run_id=manual__2026-01-03T15:20:26.056116+00:00, execution_date=20260103T152026, start_date=20260103T152109, end_date=20260103T152119
[2026-01-03T15:21:19.807+0000] {local_task_job_runner.py:243} INFO - Task exited with return code 0
[2026-01-03T15:21:20.199+0000] {taskinstance.py:3503} INFO - 1 downstream tasks scheduled from follow-on schedule check
[2026-01-03T15:21:20.302+0000] {local_task_job_runner.py:222} INFO - ::endgroup::
