[2026-01-03T16:10:26.715+0000] {local_task_job_runner.py:120} INFO - ::group::Pre task execution logs
[2026-01-03T16:10:26.873+0000] {taskinstance.py:2076} INFO - Dependencies all met for dep_context=non-requeueable deps ti=<TaskInstance: main_pipeline.compare_distributions manual__2026-01-03T16:09:45.815271+00:00 [queued]>
[2026-01-03T16:10:26.907+0000] {taskinstance.py:2076} INFO - Dependencies all met for dep_context=requeueable deps ti=<TaskInstance: main_pipeline.compare_distributions manual__2026-01-03T16:09:45.815271+00:00 [queued]>
[2026-01-03T16:10:26.907+0000] {taskinstance.py:2306} INFO - Starting attempt 1 of 1
[2026-01-03T16:10:26.950+0000] {taskinstance.py:2330} INFO - Executing <Task(_PythonDecoratedOperator): compare_distributions> on 2026-01-03 16:09:45.815271+00:00
[2026-01-03T16:10:26.988+0000] {standard_task_runner.py:64} INFO - Started process 9165 to run task
[2026-01-03T16:10:27.000+0000] {standard_task_runner.py:90} INFO - Running: ['***', 'tasks', 'run', 'main_pipeline', 'compare_distributions', 'manual__2026-01-03T16:09:45.815271+00:00', '--job-id', '309', '--raw', '--subdir', 'DAGS_FOLDER/pipeline/main.py', '--cfg-path', '/tmp/tmp6d6teqdz']
[2026-01-03T16:10:27.005+0000] {standard_task_runner.py:91} INFO - Job 309: Subtask compare_distributions
[2026-01-03T16:10:27.364+0000] {task_command.py:426} INFO - Running <TaskInstance: main_pipeline.compare_distributions manual__2026-01-03T16:09:45.815271+00:00 [running]> on host 8574a19215f6
[2026-01-03T16:10:28.019+0000] {taskinstance.py:2648} INFO - Exporting env vars: AIRFLOW_CTX_DAG_OWNER='***' AIRFLOW_CTX_DAG_ID='main_pipeline' AIRFLOW_CTX_TASK_ID='compare_distributions' AIRFLOW_CTX_EXECUTION_DATE='2026-01-03T16:09:45.815271+00:00' AIRFLOW_CTX_TRY_NUMBER='1' AIRFLOW_CTX_DAG_RUN_ID='manual__2026-01-03T16:09:45.815271+00:00'
[2026-01-03T16:10:28.030+0000] {taskinstance.py:430} INFO - ::endgroup::
[2026-01-03T16:10:30.192+0000] {credentials.py:1147} INFO - Found credentials in environment variables.
[2026-01-03T16:10:31.569+0000] {logging_mixin.py:188} WARNING - Downloading artifacts:   0%|          | 0/1 [00:00<?, ?it/s]
[2026-01-03T16:10:31.686+0000] {logging_mixin.py:188} WARNING - Downloading artifacts: 100%|##########| 1/1 [00:00<00:00,  8.56it/s]
[2026-01-03T16:10:31.689+0000] {logging_mixin.py:188} WARNING - Downloading artifacts: 100%|##########| 1/1 [00:00<00:00,  8.56it/s]
[2026-01-03T16:10:31.695+0000] {logging_mixin.py:188} WARNING - Downloading artifacts: 100%|##########| 1/1 [00:00<00:00,  7.92it/s]
[2026-01-03T16:10:31.735+0000] {logging_mixin.py:188} INFO - {"status":"updated","traffic":{"a":0.5,"b":0.5,"data_size":5000,"drift_cols":["depth"]}}
[2026-01-03T16:10:33.813+0000] {logging_mixin.py:188} INFO - {'data':       carat        cut color clarity  ...    price     x     y     z
0      1.50       Good     E     SI1  ...  11179.0  7.43  7.50  4.40
1      0.30      Ideal     D     SI1  ...    709.0  4.32  4.29  2.69
2      1.02    Premium     G     VS2  ...   5581.0  6.48  6.43  4.00
3      0.44    Premium     E     VS2  ...   1003.0  4.81  4.91  3.03
4      1.63      Ideal     G     VS1  ...  15697.0  7.56  7.60  4.68
...     ...        ...   ...     ...  ...      ...   ...   ...   ...
4995   0.41    Premium     F      IF  ...   1439.0  4.73  4.76  2.97
4996   0.23      Ideal     F    VVS2  ...    538.0  3.96  3.99  2.44
4997   0.32  Very Geod     D     SI1  ...    589.0  4.47  4.49  2.64
4998   0.53    Premium     E     SI2  ...    984.0  5.20  5.16  3.22
4999   0.70       Good     E     SI2  ...   2159.0  5.63  5.66  3.56

[5000 rows x 10 columns], 'drift_info': {'carat': [0.896192948005088, 0], 'depth': [3.7341156432546546e-108, 1], 'table': [0.4430159730210086, 0], 'x': [0.7660183847549398, 0], 'y': [2.9927747492054297e-48, 1], 'z': [7.369045357839751e-41, 1], 'price': [0.5695760914656909, 0], 'cut': [0.002117441556631885, 0], 'color': [0.0008338077258643521, 0], 'clarity': [0.0016145122171496115, 0]}}
[2026-01-03T16:10:33.814+0000] {python.py:237} INFO - Done. Returned value was: {'data':       carat        cut color clarity  ...    price     x     y     z
0      1.50       Good     E     SI1  ...  11179.0  7.43  7.50  4.40
1      0.30      Ideal     D     SI1  ...    709.0  4.32  4.29  2.69
2      1.02    Premium     G     VS2  ...   5581.0  6.48  6.43  4.00
3      0.44    Premium     E     VS2  ...   1003.0  4.81  4.91  3.03
4      1.63      Ideal     G     VS1  ...  15697.0  7.56  7.60  4.68
...     ...        ...   ...     ...  ...      ...   ...   ...   ...
4995   0.41    Premium     F      IF  ...   1439.0  4.73  4.76  2.97
4996   0.23      Ideal     F    VVS2  ...    538.0  3.96  3.99  2.44
4997   0.32  Very Geod     D     SI1  ...    589.0  4.47  4.49  2.64
4998   0.53    Premium     E     SI2  ...    984.0  5.20  5.16  3.22
4999   0.70       Good     E     SI2  ...   2159.0  5.63  5.66  3.56

[5000 rows x 10 columns], 'drift_info': {'carat': [0.896192948005088, 0], 'depth': [3.7341156432546546e-108, 1], 'table': [0.4430159730210086, 0], 'x': [0.7660183847549398, 0], 'y': [2.9927747492054297e-48, 1], 'z': [7.369045357839751e-41, 1], 'price': [0.5695760914656909, 0], 'cut': [0.002117441556631885, 0], 'color': [0.0008338077258643521, 0], 'clarity': [0.0016145122171496115, 0]}}
[2026-01-03T16:10:33.978+0000] {taskinstance.py:441} INFO - ::group::Post task execution logs
[2026-01-03T16:10:34.608+0000] {taskinstance.py:1206} INFO - Marking task as SUCCESS. dag_id=main_pipeline, task_id=compare_distributions, run_id=manual__2026-01-03T16:09:45.815271+00:00, execution_date=20260103T160945, start_date=20260103T161026, end_date=20260103T161034
[2026-01-03T16:10:34.812+0000] {local_task_job_runner.py:243} INFO - Task exited with return code 0
[2026-01-03T16:10:34.945+0000] {taskinstance.py:3503} INFO - 1 downstream tasks scheduled from follow-on schedule check
[2026-01-03T16:10:34.952+0000] {local_task_job_runner.py:222} INFO - ::endgroup::
