[2026-01-01T15:39:57.460+0000] {local_task_job_runner.py:120} INFO - ::group::Pre task execution logs
[2026-01-01T15:39:57.561+0000] {taskinstance.py:2076} INFO - Dependencies all met for dep_context=non-requeueable deps ti=<TaskInstance: main_pipeline.check_prod_model scheduled__2025-12-31T00:00:00+00:00 [queued]>
[2026-01-01T15:39:57.577+0000] {taskinstance.py:2076} INFO - Dependencies all met for dep_context=requeueable deps ti=<TaskInstance: main_pipeline.check_prod_model scheduled__2025-12-31T00:00:00+00:00 [queued]>
[2026-01-01T15:39:57.577+0000] {taskinstance.py:2306} INFO - Starting attempt 1 of 1
[2026-01-01T15:39:57.662+0000] {taskinstance.py:2330} INFO - Executing <Task(_PythonDecoratedOperator): check_prod_model> on 2025-12-31 00:00:00+00:00
[2026-01-01T15:39:57.732+0000] {standard_task_runner.py:64} INFO - Started process 208 to run task
[2026-01-01T15:39:57.836+0000] {standard_task_runner.py:90} INFO - Running: ['***', 'tasks', 'run', 'main_pipeline', 'check_prod_model', 'scheduled__2025-12-31T00:00:00+00:00', '--job-id', '110', '--raw', '--subdir', 'DAGS_FOLDER/pipeline/main.py', '--cfg-path', '/tmp/tmpmgrz0uaf']
[2026-01-01T15:39:57.939+0000] {standard_task_runner.py:91} INFO - Job 110: Subtask check_prod_model
[2026-01-01T15:39:58.798+0000] {task_command.py:426} INFO - Running <TaskInstance: main_pipeline.check_prod_model scheduled__2025-12-31T00:00:00+00:00 [running]> on host f5d1d4eaa079
[2026-01-01T15:39:59.461+0000] {taskinstance.py:2648} INFO - Exporting env vars: AIRFLOW_CTX_DAG_OWNER='***' AIRFLOW_CTX_DAG_ID='main_pipeline' AIRFLOW_CTX_TASK_ID='check_prod_model' AIRFLOW_CTX_EXECUTION_DATE='2025-12-31T00:00:00+00:00' AIRFLOW_CTX_TRY_NUMBER='1' AIRFLOW_CTX_DAG_RUN_ID='scheduled__2025-12-31T00:00:00+00:00'
[2026-01-01T15:39:59.478+0000] {taskinstance.py:430} INFO - ::endgroup::
[2026-01-01T15:40:10.087+0000] {logging_mixin.py:188} WARNING - /home/***/.local/lib/python3.11/site-packages/pydantic/_internal/_fields.py:161 UserWarning: Field "model_server_url" has conflict with protected namespace "model_".

You may be able to resolve this warning by setting `model_config['protected_namespaces'] = ()`.
[2026-01-01T15:40:10.115+0000] {logging_mixin.py:188} WARNING - /home/***/.local/lib/python3.11/site-packages/pydantic/_internal/_config.py:341 UserWarning: Valid config keys have changed in V2:
* 'schema_extra' has been renamed to 'json_schema_extra'
[2026-01-01T15:40:13.555+0000] {logging_mixin.py:188} INFO - Found production version
[2026-01-01T15:40:13.559+0000] {python.py:237} INFO - Done. Returned value was: {'production_version': '1'}
[2026-01-01T15:40:13.563+0000] {taskinstance.py:441} INFO - ::group::Post task execution logs
[2026-01-01T15:40:13.744+0000] {taskinstance.py:1206} INFO - Marking task as SUCCESS. dag_id=main_pipeline, task_id=check_prod_model, run_id=scheduled__2025-12-31T00:00:00+00:00, execution_date=20251231T000000, start_date=20260101T153957, end_date=20260101T154013
[2026-01-01T15:40:13.978+0000] {local_task_job_runner.py:243} INFO - Task exited with return code 0
[2026-01-01T15:40:14.105+0000] {taskinstance.py:3503} INFO - 1 downstream tasks scheduled from follow-on schedule check
[2026-01-01T15:40:14.113+0000] {local_task_job_runner.py:222} INFO - ::endgroup::
