[2026-01-02T12:16:13.578+0000] {local_task_job_runner.py:120} INFO - ::group::Pre task execution logs
[2026-01-02T12:16:13.764+0000] {taskinstance.py:2076} INFO - Dependencies all met for dep_context=non-requeueable deps ti=<TaskInstance: main_pipeline.train_model manual__2026-01-02T12:15:43.230755+00:00 [queued]>
[2026-01-02T12:16:13.813+0000] {taskinstance.py:2076} INFO - Dependencies all met for dep_context=requeueable deps ti=<TaskInstance: main_pipeline.train_model manual__2026-01-02T12:15:43.230755+00:00 [queued]>
[2026-01-02T12:16:13.814+0000] {taskinstance.py:2306} INFO - Starting attempt 1 of 1
[2026-01-02T12:16:13.867+0000] {taskinstance.py:2330} INFO - Executing <Task(_PythonDecoratedOperator): train_model> on 2026-01-02 12:15:43.230755+00:00
[2026-01-02T12:16:13.912+0000] {standard_task_runner.py:64} INFO - Started process 2576 to run task
[2026-01-02T12:16:13.926+0000] {standard_task_runner.py:90} INFO - Running: ['***', 'tasks', 'run', 'main_pipeline', 'train_model', 'manual__2026-01-02T12:15:43.230755+00:00', '--job-id', '53', '--raw', '--subdir', 'DAGS_FOLDER/pipeline/main.py', '--cfg-path', '/tmp/tmpcykid06c']
[2026-01-02T12:16:13.934+0000] {standard_task_runner.py:91} INFO - Job 53: Subtask train_model
[2026-01-02T12:16:14.238+0000] {task_command.py:426} INFO - Running <TaskInstance: main_pipeline.train_model manual__2026-01-02T12:15:43.230755+00:00 [running]> on host b2cc83381b06
[2026-01-02T12:16:14.726+0000] {taskinstance.py:2648} INFO - Exporting env vars: AIRFLOW_CTX_DAG_OWNER='***' AIRFLOW_CTX_DAG_ID='main_pipeline' AIRFLOW_CTX_TASK_ID='train_model' AIRFLOW_CTX_EXECUTION_DATE='2026-01-02T12:15:43.230755+00:00' AIRFLOW_CTX_TRY_NUMBER='1' AIRFLOW_CTX_DAG_RUN_ID='manual__2026-01-02T12:15:43.230755+00:00'
[2026-01-02T12:16:14.731+0000] {taskinstance.py:430} INFO - ::endgroup::
[2026-01-02T12:16:17.756+0000] {logging_mixin.py:188} WARNING - /home/***/.local/lib/python3.11/site-packages/pydantic/_internal/_fields.py:161 UserWarning: Field "model_server_url" has conflict with protected namespace "model_".

You may be able to resolve this warning by setting `model_config['protected_namespaces'] = ()`.
[2026-01-02T12:16:17.800+0000] {logging_mixin.py:188} WARNING - /home/***/.local/lib/python3.11/site-packages/pydantic/_internal/_config.py:341 UserWarning: Valid config keys have changed in V2:
* 'schema_extra' has been renamed to 'json_schema_extra'
[2026-01-02T12:16:39.395+0000] {logging_mixin.py:188} INFO -                     Description             Value
0                    Session id                42
1                        Target             price
2                   Target type        Regression
3           Original data shape        (5000, 10)
4        Transformed data shape        (5000, 28)
5   Transformed train set shape        (3500, 28)
6    Transformed test set shape        (1500, 28)
7              Numeric features                 6
8          Categorical features                 3
9                    Preprocess              True
10              Imputation type            simple
11           Numeric imputation              mean
12       Categorical imputation              mode
13     Maximum one-hot encoding                25
14              Encoding method              None
15                    Normalize              True
16             Normalize method            zscore
17               Fold Generator             KFold
18                  Fold Number                 5
19                     CPU Jobs                -1
20                      Use GPU             False
21               Log Experiment      MlflowLogger
22              Experiment Name  price_prediction
23                          USI              a4b9
[2026-01-02T12:16:40.454+0000] {logging_mixin.py:188} WARNING - 2026/01/02 12:16:40 WARNING mlflow.utils.git_utils: Failed to import Git (the Git executable is probably not on your PATH), so Git SHA is not available. Error: Failed to initialize: Bad git executable.
The git executable must be specified in one of the following ways:
    - be included in your $PATH
    - be set via $GIT_PYTHON_GIT_EXECUTABLE
    - explicitly set via git.refresh(<full-path-to-git-executable>)

All git commands will error until this is rectified.

This initial message can be silenced or aggravated in the future by setting the
$GIT_PYTHON_REFRESH environment variable. Use one of the following values:
    - quiet|q|silence|s|silent|none|n|0: for no message or exception
    - warn|w|warning|log|l|1: for a warning message (logging level CRITICAL, displayed by default)
    - error|e|exception|raise|r|2: for a raised exception

Example:
    export GIT_PYTHON_REFRESH=quiet
[2026-01-02T12:16:42.928+0000] {credentials.py:1147} INFO - Found credentials in environment variables.
[2026-01-02T12:16:46.072+0000] {logging_mixin.py:188} WARNING - Processing:   0%|          | 0/17 [00:00<?, ?it/s]
[2026-01-02T12:16:50.532+0000] {logging_mixin.py:188} WARNING - Processing:  29%|##9       | 5/17 [00:04<00:10,  1.12it/s]
[2026-01-02T12:16:51.035+0000] {logging_mixin.py:188} WARNING - Processing:  41%|####1     | 7/17 [00:04<00:06,  1.52it/s]
[2026-01-02T12:16:55.781+0000] {logging_mixin.py:188} WARNING - Processing:  53%|#####2    | 9/17 [00:09<00:09,  1.24s/it]
[2026-01-02T12:16:56.492+0000] {logging_mixin.py:188} WARNING - Processing:  65%|######4   | 11/17 [00:10<00:05,  1.05it/s]
[2026-01-02T12:17:10.960+0000] {logging_mixin.py:188} WARNING - Processing:  76%|#######6  | 13/17 [00:24<00:11,  2.96s/it]
[2026-01-02T12:17:11.696+0000] {logging_mixin.py:188} WARNING - Processing:  88%|########8 | 15/17 [00:25<00:04,  2.15s/it]
[2026-01-02T12:17:13.680+0000] {logging_mixin.py:188} WARNING - Processing: 100%|##########| 17/17 [00:27<00:00,  1.79s/it]
[2026-01-02T12:17:13.681+0000] {logging_mixin.py:188} WARNING -                                                            
[2026-01-02T12:17:17.414+0000] {font_manager.py:1333} WARNING - findfont: Generic family 'sans-serif' not found because none of the following families were found: Arial, Liberation Sans, Bitstream Vera Sans, sans-serif
[2026-01-02T12:17:17.436+0000] {font_manager.py:1333} WARNING - findfont: Generic family 'sans-serif' not found because none of the following families were found: Arial, Liberation Sans, Bitstream Vera Sans, sans-serif
[2026-01-02T12:17:17.439+0000] {font_manager.py:1333} WARNING - findfont: Generic family 'sans-serif' not found because none of the following families were found: Arial, Liberation Sans, Bitstream Vera Sans, sans-serif
[2026-01-02T12:17:17.440+0000] {font_manager.py:1333} WARNING - findfont: Generic family 'sans-serif' not found because none of the following families were found: Arial, Liberation Sans, Bitstream Vera Sans, sans-serif
[2026-01-02T12:17:17.441+0000] {font_manager.py:1333} WARNING - findfont: Generic family 'sans-serif' not found because none of the following families were found: Arial, Liberation Sans, Bitstream Vera Sans, sans-serif
[2026-01-02T12:17:17.442+0000] {font_manager.py:1333} WARNING - findfont: Generic family 'sans-serif' not found because none of the following families were found: Arial, Liberation Sans, Bitstream Vera Sans, sans-serif
[2026-01-02T12:17:17.455+0000] {font_manager.py:1333} WARNING - findfont: Generic family 'sans-serif' not found because none of the following families were found: Arial, Liberation Sans, Bitstream Vera Sans, sans-serif
[2026-01-02T12:17:17.457+0000] {font_manager.py:1333} WARNING - findfont: Generic family 'sans-serif' not found because none of the following families were found: Arial, Liberation Sans, Bitstream Vera Sans, sans-serif
[2026-01-02T12:17:17.460+0000] {font_manager.py:1333} WARNING - findfont: Generic family 'sans-serif' not found because none of the following families were found: Arial, Liberation Sans, Bitstream Vera Sans, sans-serif
[2026-01-02T12:17:17.465+0000] {font_manager.py:1333} WARNING - findfont: Generic family 'sans-serif' not found because none of the following families were found: Arial, Liberation Sans, Bitstream Vera Sans, sans-serif
[2026-01-02T12:17:17.581+0000] {font_manager.py:1333} WARNING - findfont: Generic family 'sans-serif' not found because none of the following families were found: Arial, Liberation Sans, Bitstream Vera Sans, sans-serif
[2026-01-02T12:17:17.591+0000] {font_manager.py:1333} WARNING - findfont: Generic family 'sans-serif' not found because none of the following families were found: Arial, Liberation Sans, Bitstream Vera Sans, sans-serif
[2026-01-02T12:17:17.594+0000] {font_manager.py:1333} WARNING - findfont: Generic family 'sans-serif' not found because none of the following families were found: Arial, Liberation Sans, Bitstream Vera Sans, sans-serif
[2026-01-02T12:17:17.596+0000] {font_manager.py:1333} WARNING - findfont: Generic family 'sans-serif' not found because none of the following families were found: Arial, Liberation Sans, Bitstream Vera Sans, sans-serif
[2026-01-02T12:17:17.597+0000] {font_manager.py:1333} WARNING - findfont: Generic family 'sans-serif' not found because none of the following families were found: Arial, Liberation Sans, Bitstream Vera Sans, sans-serif
[2026-01-02T12:17:17.600+0000] {font_manager.py:1333} WARNING - findfont: Generic family 'sans-serif' not found because none of the following families were found: Arial, Liberation Sans, Bitstream Vera Sans, sans-serif
[2026-01-02T12:17:17.602+0000] {font_manager.py:1333} WARNING - findfont: Generic family 'sans-serif' not found because none of the following families were found: Arial, Liberation Sans, Bitstream Vera Sans, sans-serif
[2026-01-02T12:17:17.668+0000] {font_manager.py:1333} WARNING - findfont: Generic family 'sans-serif' not found because none of the following families were found: Arial, Liberation Sans, Bitstream Vera Sans, sans-serif
[2026-01-02T12:17:17.778+0000] {font_manager.py:1333} WARNING - findfont: Generic family 'sans-serif' not found because none of the following families were found: Arial, Liberation Sans, Bitstream Vera Sans, sans-serif
[2026-01-02T12:17:17.782+0000] {font_manager.py:1400} WARNING - findfont: Font family ['sans-serif'] not found. Falling back to DejaVu Sans.
[2026-01-02T12:17:17.783+0000] {font_manager.py:1405} WARNING - findfont: Generic family 'sans-serif' not found because none of the following families were found: Arial, Liberation Sans, Bitstream Vera Sans, sans-serif
[2026-01-02T12:17:17.948+0000] {font_manager.py:1333} WARNING - findfont: Generic family 'sans-serif' not found because none of the following families were found: Arial, Liberation Sans, Bitstream Vera Sans, sans-serif
[2026-01-02T12:17:17.991+0000] {font_manager.py:1333} WARNING - findfont: Generic family 'sans-serif' not found because none of the following families were found: Arial, Liberation Sans, Bitstream Vera Sans, sans-serif
[2026-01-02T12:17:17.997+0000] {font_manager.py:1333} WARNING - findfont: Generic family 'sans-serif' not found because none of the following families were found: Arial, Liberation Sans, Bitstream Vera Sans, sans-serif
[2026-01-02T12:17:18.021+0000] {font_manager.py:1333} WARNING - findfont: Generic family 'sans-serif' not found because none of the following families were found: Arial, Liberation Sans, Bitstream Vera Sans, sans-serif
[2026-01-02T12:17:18.023+0000] {font_manager.py:1333} WARNING - findfont: Generic family 'sans-serif' not found because none of the following families were found: Arial, Liberation Sans, Bitstream Vera Sans, sans-serif
[2026-01-02T12:17:18.027+0000] {font_manager.py:1333} WARNING - findfont: Generic family 'sans-serif' not found because none of the following families were found: Arial, Liberation Sans, Bitstream Vera Sans, sans-serif
[2026-01-02T12:17:18.028+0000] {font_manager.py:1333} WARNING - findfont: Generic family 'sans-serif' not found because none of the following families were found: Arial, Liberation Sans, Bitstream Vera Sans, sans-serif
[2026-01-02T12:17:18.030+0000] {font_manager.py:1333} WARNING - findfont: Generic family 'sans-serif' not found because none of the following families were found: Arial, Liberation Sans, Bitstream Vera Sans, sans-serif
[2026-01-02T12:17:18.039+0000] {font_manager.py:1333} WARNING - findfont: Generic family 'sans-serif' not found because none of the following families were found: Arial, Liberation Sans, Bitstream Vera Sans, sans-serif
[2026-01-02T12:17:18.074+0000] {font_manager.py:1333} WARNING - findfont: Generic family 'sans-serif' not found because none of the following families were found: Arial, Liberation Sans, Bitstream Vera Sans, sans-serif
[2026-01-02T12:17:18.096+0000] {font_manager.py:1333} WARNING - findfont: Generic family 'sans-serif' not found because none of the following families were found: Arial, Liberation Sans, Bitstream Vera Sans, sans-serif
[2026-01-02T12:17:18.318+0000] {font_manager.py:1333} WARNING - findfont: Generic family 'sans-serif' not found because none of the following families were found: Arial, Liberation Sans, Bitstream Vera Sans, sans-serif
[2026-01-02T12:17:18.322+0000] {font_manager.py:1333} WARNING - findfont: Generic family 'sans-serif' not found because none of the following families were found: Arial, Liberation Sans, Bitstream Vera Sans, sans-serif
[2026-01-02T12:17:18.398+0000] {font_manager.py:1333} WARNING - findfont: Generic family 'sans-serif' not found because none of the following families were found: Arial, Liberation Sans, Bitstream Vera Sans, sans-serif
[2026-01-02T12:17:18.400+0000] {font_manager.py:1333} WARNING - findfont: Generic family 'sans-serif' not found because none of the following families were found: Arial, Liberation Sans, Bitstream Vera Sans, sans-serif
[2026-01-02T12:17:18.489+0000] {font_manager.py:1333} WARNING - findfont: Generic family 'sans-serif' not found because none of the following families were found: Arial, Liberation Sans, Bitstream Vera Sans, sans-serif
[2026-01-02T12:17:18.493+0000] {font_manager.py:1333} WARNING - findfont: Generic family 'sans-serif' not found because none of the following families were found: Arial, Liberation Sans, Bitstream Vera Sans, sans-serif
[2026-01-02T12:17:18.572+0000] {font_manager.py:1333} WARNING - findfont: Generic family 'sans-serif' not found because none of the following families were found: Arial, Liberation Sans, Bitstream Vera Sans, sans-serif
[2026-01-02T12:17:18.573+0000] {font_manager.py:1333} WARNING - findfont: Generic family 'sans-serif' not found because none of the following families were found: Arial, Liberation Sans, Bitstream Vera Sans, sans-serif
[2026-01-02T12:17:18.575+0000] {font_manager.py:1333} WARNING - findfont: Generic family 'sans-serif' not found because none of the following families were found: Arial, Liberation Sans, Bitstream Vera Sans, sans-serif
[2026-01-02T12:17:18.578+0000] {font_manager.py:1333} WARNING - findfont: Generic family 'sans-serif' not found because none of the following families were found: Arial, Liberation Sans, Bitstream Vera Sans, sans-serif
[2026-01-02T12:17:18.580+0000] {font_manager.py:1333} WARNING - findfont: Generic family 'sans-serif' not found because none of the following families were found: Arial, Liberation Sans, Bitstream Vera Sans, sans-serif
[2026-01-02T12:17:18.582+0000] {font_manager.py:1333} WARNING - findfont: Generic family 'sans-serif' not found because none of the following families were found: Arial, Liberation Sans, Bitstream Vera Sans, sans-serif
[2026-01-02T12:17:18.601+0000] {font_manager.py:1333} WARNING - findfont: Generic family 'sans-serif' not found because none of the following families were found: Arial, Liberation Sans, Bitstream Vera Sans, sans-serif
[2026-01-02T12:17:18.602+0000] {font_manager.py:1333} WARNING - findfont: Generic family 'sans-serif' not found because none of the following families were found: Arial, Liberation Sans, Bitstream Vera Sans, sans-serif
[2026-01-02T12:17:18.606+0000] {font_manager.py:1333} WARNING - findfont: Generic family 'sans-serif' not found because none of the following families were found: Arial, Liberation Sans, Bitstream Vera Sans, sans-serif
[2026-01-02T12:17:18.607+0000] {font_manager.py:1333} WARNING - findfont: Generic family 'sans-serif' not found because none of the following families were found: Arial, Liberation Sans, Bitstream Vera Sans, sans-serif
[2026-01-02T12:17:18.618+0000] {font_manager.py:1333} WARNING - findfont: Generic family 'sans-serif' not found because none of the following families were found: Arial, Liberation Sans, Bitstream Vera Sans, sans-serif
[2026-01-02T12:17:18.620+0000] {font_manager.py:1333} WARNING - findfont: Generic family 'sans-serif' not found because none of the following families were found: Arial, Liberation Sans, Bitstream Vera Sans, sans-serif
[2026-01-02T12:17:18.622+0000] {font_manager.py:1333} WARNING - findfont: Generic family 'sans-serif' not found because none of the following families were found: Arial, Liberation Sans, Bitstream Vera Sans, sans-serif
[2026-01-02T12:17:18.624+0000] {font_manager.py:1333} WARNING - findfont: Generic family 'sans-serif' not found because none of the following families were found: Arial, Liberation Sans, Bitstream Vera Sans, sans-serif
[2026-01-02T12:17:18.625+0000] {font_manager.py:1333} WARNING - findfont: Generic family 'sans-serif' not found because none of the following families were found: Arial, Liberation Sans, Bitstream Vera Sans, sans-serif
[2026-01-02T12:17:18.631+0000] {font_manager.py:1333} WARNING - findfont: Generic family 'sans-serif' not found because none of the following families were found: Arial, Liberation Sans, Bitstream Vera Sans, sans-serif
[2026-01-02T12:17:18.634+0000] {font_manager.py:1333} WARNING - findfont: Generic family 'sans-serif' not found because none of the following families were found: Arial, Liberation Sans, Bitstream Vera Sans, sans-serif
[2026-01-02T12:17:18.638+0000] {font_manager.py:1333} WARNING - findfont: Generic family 'sans-serif' not found because none of the following families were found: Arial, Liberation Sans, Bitstream Vera Sans, sans-serif
[2026-01-02T12:17:18.642+0000] {font_manager.py:1333} WARNING - findfont: Generic family 'sans-serif' not found because none of the following families were found: Arial, Liberation Sans, Bitstream Vera Sans, sans-serif
[2026-01-02T12:17:18.647+0000] {font_manager.py:1333} WARNING - findfont: Generic family 'sans-serif' not found because none of the following families were found: Arial, Liberation Sans, Bitstream Vera Sans, sans-serif
[2026-01-02T12:17:18.657+0000] {font_manager.py:1333} WARNING - findfont: Generic family 'sans-serif' not found because none of the following families were found: Arial, Liberation Sans, Bitstream Vera Sans, sans-serif
[2026-01-02T12:17:18.664+0000] {font_manager.py:1333} WARNING - findfont: Generic family 'sans-serif' not found because none of the following families were found: Arial, Liberation Sans, Bitstream Vera Sans, sans-serif
[2026-01-02T12:17:18.671+0000] {font_manager.py:1333} WARNING - findfont: Generic family 'sans-serif' not found because none of the following families were found: Arial, Liberation Sans, Bitstream Vera Sans, sans-serif
[2026-01-02T12:17:18.676+0000] {font_manager.py:1333} WARNING - findfont: Generic family 'sans-serif' not found because none of the following families were found: Arial, Liberation Sans, Bitstream Vera Sans, sans-serif
[2026-01-02T12:17:18.685+0000] {font_manager.py:1333} WARNING - findfont: Generic family 'sans-serif' not found because none of the following families were found: Arial, Liberation Sans, Bitstream Vera Sans, sans-serif
[2026-01-02T12:17:18.706+0000] {font_manager.py:1333} WARNING - findfont: Generic family 'sans-serif' not found because none of the following families were found: Arial, Liberation Sans, Bitstream Vera Sans, sans-serif
[2026-01-02T12:17:18.708+0000] {font_manager.py:1333} WARNING - findfont: Generic family 'sans-serif' not found because none of the following families were found: Arial, Liberation Sans, Bitstream Vera Sans, sans-serif
[2026-01-02T12:17:18.728+0000] {font_manager.py:1333} WARNING - findfont: Generic family 'sans-serif' not found because none of the following families were found: Arial, Liberation Sans, Bitstream Vera Sans, sans-serif
[2026-01-02T12:17:18.734+0000] {font_manager.py:1333} WARNING - findfont: Generic family 'sans-serif' not found because none of the following families were found: Arial, Liberation Sans, Bitstream Vera Sans, sans-serif
[2026-01-02T12:17:18.739+0000] {font_manager.py:1333} WARNING - findfont: Generic family 'sans-serif' not found because none of the following families were found: Arial, Liberation Sans, Bitstream Vera Sans, sans-serif
[2026-01-02T12:17:18.743+0000] {font_manager.py:1333} WARNING - findfont: Generic family 'sans-serif' not found because none of the following families were found: Arial, Liberation Sans, Bitstream Vera Sans, sans-serif
[2026-01-02T12:17:18.749+0000] {font_manager.py:1333} WARNING - findfont: Generic family 'sans-serif' not found because none of the following families were found: Arial, Liberation Sans, Bitstream Vera Sans, sans-serif
[2026-01-02T12:17:18.766+0000] {font_manager.py:1333} WARNING - findfont: Generic family 'sans-serif' not found because none of the following families were found: Arial, Liberation Sans, Bitstream Vera Sans, sans-serif
[2026-01-02T12:17:18.841+0000] {font_manager.py:1333} WARNING - findfont: Generic family 'sans-serif' not found because none of the following families were found: Arial, Liberation Sans, Bitstream Vera Sans, sans-serif
[2026-01-02T12:17:18.848+0000] {font_manager.py:1333} WARNING - findfont: Generic family 'sans-serif' not found because none of the following families were found: Arial, Liberation Sans, Bitstream Vera Sans, sans-serif
[2026-01-02T12:17:18.863+0000] {font_manager.py:1333} WARNING - findfont: Generic family 'sans-serif' not found because none of the following families were found: Arial, Liberation Sans, Bitstream Vera Sans, sans-serif
[2026-01-02T12:17:18.891+0000] {font_manager.py:1333} WARNING - findfont: Generic family 'sans-serif' not found because none of the following families were found: Arial, Liberation Sans, Bitstream Vera Sans, sans-serif
[2026-01-02T12:17:18.894+0000] {font_manager.py:1333} WARNING - findfont: Generic family 'sans-serif' not found because none of the following families were found: Arial, Liberation Sans, Bitstream Vera Sans, sans-serif
[2026-01-02T12:17:18.921+0000] {font_manager.py:1333} WARNING - findfont: Generic family 'sans-serif' not found because none of the following families were found: Arial, Liberation Sans, Bitstream Vera Sans, sans-serif
[2026-01-02T12:17:18.931+0000] {font_manager.py:1333} WARNING - findfont: Generic family 'sans-serif' not found because none of the following families were found: Arial, Liberation Sans, Bitstream Vera Sans, sans-serif
[2026-01-02T12:17:18.934+0000] {font_manager.py:1333} WARNING - findfont: Generic family 'sans-serif' not found because none of the following families were found: Arial, Liberation Sans, Bitstream Vera Sans, sans-serif
[2026-01-02T12:17:18.935+0000] {font_manager.py:1333} WARNING - findfont: Generic family 'sans-serif' not found because none of the following families were found: Arial, Liberation Sans, Bitstream Vera Sans, sans-serif
[2026-01-02T12:17:18.938+0000] {font_manager.py:1333} WARNING - findfont: Generic family 'sans-serif' not found because none of the following families were found: Arial, Liberation Sans, Bitstream Vera Sans, sans-serif
[2026-01-02T12:17:18.943+0000] {font_manager.py:1333} WARNING - findfont: Generic family 'sans-serif' not found because none of the following families were found: Arial, Liberation Sans, Bitstream Vera Sans, sans-serif
[2026-01-02T12:17:18.967+0000] {font_manager.py:1333} WARNING - findfont: Generic family 'sans-serif' not found because none of the following families were found: Arial, Liberation Sans, Bitstream Vera Sans, sans-serif
[2026-01-02T12:17:18.972+0000] {font_manager.py:1333} WARNING - findfont: Generic family 'sans-serif' not found because none of the following families were found: Arial, Liberation Sans, Bitstream Vera Sans, sans-serif
[2026-01-02T12:17:18.977+0000] {font_manager.py:1333} WARNING - findfont: Generic family 'sans-serif' not found because none of the following families were found: Arial, Liberation Sans, Bitstream Vera Sans, sans-serif
[2026-01-02T12:17:19.012+0000] {font_manager.py:1333} WARNING - findfont: Generic family 'sans-serif' not found because none of the following families were found: Arial, Liberation Sans, Bitstream Vera Sans, sans-serif
[2026-01-02T12:17:19.017+0000] {font_manager.py:1333} WARNING - findfont: Generic family 'sans-serif' not found because none of the following families were found: Arial, Liberation Sans, Bitstream Vera Sans, sans-serif
[2026-01-02T12:17:19.044+0000] {font_manager.py:1333} WARNING - findfont: Generic family 'sans-serif' not found because none of the following families were found: Arial, Liberation Sans, Bitstream Vera Sans, sans-serif
[2026-01-02T12:17:19.059+0000] {font_manager.py:1333} WARNING - findfont: Generic family 'sans-serif' not found because none of the following families were found: Arial, Liberation Sans, Bitstream Vera Sans, sans-serif
[2026-01-02T12:17:19.078+0000] {font_manager.py:1333} WARNING - findfont: Generic family 'sans-serif' not found because none of the following families were found: Arial, Liberation Sans, Bitstream Vera Sans, sans-serif
[2026-01-02T12:17:19.094+0000] {font_manager.py:1333} WARNING - findfont: Generic family 'sans-serif' not found because none of the following families were found: Arial, Liberation Sans, Bitstream Vera Sans, sans-serif
[2026-01-02T12:17:19.104+0000] {font_manager.py:1333} WARNING - findfont: Generic family 'sans-serif' not found because none of the following families were found: Arial, Liberation Sans, Bitstream Vera Sans, sans-serif
[2026-01-02T12:17:19.376+0000] {font_manager.py:1333} WARNING - findfont: Generic family 'sans-serif' not found because none of the following families were found: Arial, Liberation Sans, Bitstream Vera Sans, sans-serif
[2026-01-02T12:17:19.377+0000] {font_manager.py:1333} WARNING - findfont: Generic family 'sans-serif' not found because none of the following families were found: Arial, Liberation Sans, Bitstream Vera Sans, sans-serif
[2026-01-02T12:17:19.379+0000] {font_manager.py:1333} WARNING - findfont: Generic family 'sans-serif' not found because none of the following families were found: Arial, Liberation Sans, Bitstream Vera Sans, sans-serif
[2026-01-02T12:17:19.381+0000] {font_manager.py:1333} WARNING - findfont: Generic family 'sans-serif' not found because none of the following families were found: Arial, Liberation Sans, Bitstream Vera Sans, sans-serif
[2026-01-02T12:17:19.383+0000] {font_manager.py:1333} WARNING - findfont: Generic family 'sans-serif' not found because none of the following families were found: Arial, Liberation Sans, Bitstream Vera Sans, sans-serif
[2026-01-02T12:17:19.384+0000] {font_manager.py:1333} WARNING - findfont: Generic family 'sans-serif' not found because none of the following families were found: Arial, Liberation Sans, Bitstream Vera Sans, sans-serif
[2026-01-02T12:17:19.396+0000] {font_manager.py:1333} WARNING - findfont: Generic family 'sans-serif' not found because none of the following families were found: Arial, Liberation Sans, Bitstream Vera Sans, sans-serif
[2026-01-02T12:17:19.402+0000] {font_manager.py:1333} WARNING - findfont: Generic family 'sans-serif' not found because none of the following families were found: Arial, Liberation Sans, Bitstream Vera Sans, sans-serif
[2026-01-02T12:17:19.404+0000] {font_manager.py:1333} WARNING - findfont: Generic family 'sans-serif' not found because none of the following families were found: Arial, Liberation Sans, Bitstream Vera Sans, sans-serif
[2026-01-02T12:17:19.405+0000] {font_manager.py:1333} WARNING - findfont: Generic family 'sans-serif' not found because none of the following families were found: Arial, Liberation Sans, Bitstream Vera Sans, sans-serif
[2026-01-02T12:17:19.412+0000] {font_manager.py:1333} WARNING - findfont: Generic family 'sans-serif' not found because none of the following families were found: Arial, Liberation Sans, Bitstream Vera Sans, sans-serif
[2026-01-02T12:17:19.415+0000] {font_manager.py:1333} WARNING - findfont: Generic family 'sans-serif' not found because none of the following families were found: Arial, Liberation Sans, Bitstream Vera Sans, sans-serif
[2026-01-02T12:17:19.416+0000] {font_manager.py:1333} WARNING - findfont: Generic family 'sans-serif' not found because none of the following families were found: Arial, Liberation Sans, Bitstream Vera Sans, sans-serif
[2026-01-02T12:17:19.418+0000] {font_manager.py:1333} WARNING - findfont: Generic family 'sans-serif' not found because none of the following families were found: Arial, Liberation Sans, Bitstream Vera Sans, sans-serif
[2026-01-02T12:17:19.423+0000] {font_manager.py:1333} WARNING - findfont: Generic family 'sans-serif' not found because none of the following families were found: Arial, Liberation Sans, Bitstream Vera Sans, sans-serif
[2026-01-02T12:17:19.425+0000] {font_manager.py:1333} WARNING - findfont: Generic family 'sans-serif' not found because none of the following families were found: Arial, Liberation Sans, Bitstream Vera Sans, sans-serif
[2026-01-02T12:17:19.426+0000] {font_manager.py:1333} WARNING - findfont: Generic family 'sans-serif' not found because none of the following families were found: Arial, Liberation Sans, Bitstream Vera Sans, sans-serif
[2026-01-02T12:17:19.430+0000] {font_manager.py:1333} WARNING - findfont: Generic family 'sans-serif' not found because none of the following families were found: Arial, Liberation Sans, Bitstream Vera Sans, sans-serif
[2026-01-02T12:17:19.435+0000] {font_manager.py:1333} WARNING - findfont: Generic family 'sans-serif' not found because none of the following families were found: Arial, Liberation Sans, Bitstream Vera Sans, sans-serif
[2026-01-02T12:17:19.440+0000] {font_manager.py:1333} WARNING - findfont: Generic family 'sans-serif' not found because none of the following families were found: Arial, Liberation Sans, Bitstream Vera Sans, sans-serif
[2026-01-02T12:17:19.444+0000] {font_manager.py:1333} WARNING - findfont: Generic family 'sans-serif' not found because none of the following families were found: Arial, Liberation Sans, Bitstream Vera Sans, sans-serif
[2026-01-02T12:17:19.449+0000] {font_manager.py:1333} WARNING - findfont: Generic family 'sans-serif' not found because none of the following families were found: Arial, Liberation Sans, Bitstream Vera Sans, sans-serif
[2026-01-02T12:17:19.454+0000] {font_manager.py:1333} WARNING - findfont: Generic family 'sans-serif' not found because none of the following families were found: Arial, Liberation Sans, Bitstream Vera Sans, sans-serif
[2026-01-02T12:17:19.458+0000] {font_manager.py:1333} WARNING - findfont: Generic family 'sans-serif' not found because none of the following families were found: Arial, Liberation Sans, Bitstream Vera Sans, sans-serif
[2026-01-02T12:17:19.461+0000] {font_manager.py:1333} WARNING - findfont: Generic family 'sans-serif' not found because none of the following families were found: Arial, Liberation Sans, Bitstream Vera Sans, sans-serif
[2026-01-02T12:17:19.492+0000] {font_manager.py:1333} WARNING - findfont: Generic family 'sans-serif' not found because none of the following families were found: Arial, Liberation Sans, Bitstream Vera Sans, sans-serif
[2026-01-02T12:17:19.496+0000] {font_manager.py:1333} WARNING - findfont: Generic family 'sans-serif' not found because none of the following families were found: Arial, Liberation Sans, Bitstream Vera Sans, sans-serif
[2026-01-02T12:17:19.506+0000] {font_manager.py:1333} WARNING - findfont: Generic family 'sans-serif' not found because none of the following families were found: Arial, Liberation Sans, Bitstream Vera Sans, sans-serif
[2026-01-02T12:17:19.511+0000] {font_manager.py:1333} WARNING - findfont: Generic family 'sans-serif' not found because none of the following families were found: Arial, Liberation Sans, Bitstream Vera Sans, sans-serif
[2026-01-02T12:17:19.516+0000] {font_manager.py:1333} WARNING - findfont: Generic family 'sans-serif' not found because none of the following families were found: Arial, Liberation Sans, Bitstream Vera Sans, sans-serif
[2026-01-02T12:17:19.520+0000] {font_manager.py:1333} WARNING - findfont: Generic family 'sans-serif' not found because none of the following families were found: Arial, Liberation Sans, Bitstream Vera Sans, sans-serif
[2026-01-02T12:17:19.523+0000] {font_manager.py:1333} WARNING - findfont: Generic family 'sans-serif' not found because none of the following families were found: Arial, Liberation Sans, Bitstream Vera Sans, sans-serif
[2026-01-02T12:17:19.546+0000] {font_manager.py:1333} WARNING - findfont: Generic family 'sans-serif' not found because none of the following families were found: Arial, Liberation Sans, Bitstream Vera Sans, sans-serif
[2026-01-02T12:17:19.610+0000] {font_manager.py:1333} WARNING - findfont: Generic family 'sans-serif' not found because none of the following families were found: Arial, Liberation Sans, Bitstream Vera Sans, sans-serif
[2026-01-02T12:17:19.614+0000] {font_manager.py:1333} WARNING - findfont: Generic family 'sans-serif' not found because none of the following families were found: Arial, Liberation Sans, Bitstream Vera Sans, sans-serif
[2026-01-02T12:17:19.623+0000] {font_manager.py:1333} WARNING - findfont: Generic family 'sans-serif' not found because none of the following families were found: Arial, Liberation Sans, Bitstream Vera Sans, sans-serif
[2026-01-02T12:17:19.645+0000] {font_manager.py:1333} WARNING - findfont: Generic family 'sans-serif' not found because none of the following families were found: Arial, Liberation Sans, Bitstream Vera Sans, sans-serif
[2026-01-02T12:17:19.647+0000] {font_manager.py:1333} WARNING - findfont: Generic family 'sans-serif' not found because none of the following families were found: Arial, Liberation Sans, Bitstream Vera Sans, sans-serif
[2026-01-02T12:17:19.663+0000] {font_manager.py:1333} WARNING - findfont: Generic family 'sans-serif' not found because none of the following families were found: Arial, Liberation Sans, Bitstream Vera Sans, sans-serif
[2026-01-02T12:17:19.665+0000] {font_manager.py:1333} WARNING - findfont: Generic family 'sans-serif' not found because none of the following families were found: Arial, Liberation Sans, Bitstream Vera Sans, sans-serif
[2026-01-02T12:17:19.668+0000] {font_manager.py:1333} WARNING - findfont: Generic family 'sans-serif' not found because none of the following families were found: Arial, Liberation Sans, Bitstream Vera Sans, sans-serif
[2026-01-02T12:17:19.672+0000] {font_manager.py:1333} WARNING - findfont: Generic family 'sans-serif' not found because none of the following families were found: Arial, Liberation Sans, Bitstream Vera Sans, sans-serif
[2026-01-02T12:17:19.677+0000] {font_manager.py:1333} WARNING - findfont: Generic family 'sans-serif' not found because none of the following families were found: Arial, Liberation Sans, Bitstream Vera Sans, sans-serif
[2026-01-02T12:17:19.682+0000] {font_manager.py:1333} WARNING - findfont: Generic family 'sans-serif' not found because none of the following families were found: Arial, Liberation Sans, Bitstream Vera Sans, sans-serif
[2026-01-02T12:17:19.699+0000] {font_manager.py:1333} WARNING - findfont: Generic family 'sans-serif' not found because none of the following families were found: Arial, Liberation Sans, Bitstream Vera Sans, sans-serif
[2026-01-02T12:17:19.704+0000] {font_manager.py:1333} WARNING - findfont: Generic family 'sans-serif' not found because none of the following families were found: Arial, Liberation Sans, Bitstream Vera Sans, sans-serif
[2026-01-02T12:17:19.710+0000] {font_manager.py:1333} WARNING - findfont: Generic family 'sans-serif' not found because none of the following families were found: Arial, Liberation Sans, Bitstream Vera Sans, sans-serif
[2026-01-02T12:17:19.738+0000] {font_manager.py:1333} WARNING - findfont: Generic family 'sans-serif' not found because none of the following families were found: Arial, Liberation Sans, Bitstream Vera Sans, sans-serif
[2026-01-02T12:17:19.741+0000] {font_manager.py:1333} WARNING - findfont: Generic family 'sans-serif' not found because none of the following families were found: Arial, Liberation Sans, Bitstream Vera Sans, sans-serif
[2026-01-02T12:17:19.765+0000] {font_manager.py:1333} WARNING - findfont: Generic family 'sans-serif' not found because none of the following families were found: Arial, Liberation Sans, Bitstream Vera Sans, sans-serif
[2026-01-02T12:17:19.774+0000] {font_manager.py:1333} WARNING - findfont: Generic family 'sans-serif' not found because none of the following families were found: Arial, Liberation Sans, Bitstream Vera Sans, sans-serif
[2026-01-02T12:17:19.787+0000] {font_manager.py:1333} WARNING - findfont: Generic family 'sans-serif' not found because none of the following families were found: Arial, Liberation Sans, Bitstream Vera Sans, sans-serif
[2026-01-02T12:17:19.792+0000] {font_manager.py:1333} WARNING - findfont: Generic family 'sans-serif' not found because none of the following families were found: Arial, Liberation Sans, Bitstream Vera Sans, sans-serif
[2026-01-02T12:17:19.797+0000] {font_manager.py:1333} WARNING - findfont: Generic family 'sans-serif' not found because none of the following families were found: Arial, Liberation Sans, Bitstream Vera Sans, sans-serif
[2026-01-02T12:17:21.258+0000] {font_manager.py:1333} WARNING - findfont: Generic family 'sans-serif' not found because none of the following families were found: Arial, Liberation Sans, Bitstream Vera Sans, sans-serif
[2026-01-02T12:17:21.260+0000] {font_manager.py:1333} WARNING - findfont: Generic family 'sans-serif' not found because none of the following families were found: Arial, Liberation Sans, Bitstream Vera Sans, sans-serif
[2026-01-02T12:17:21.267+0000] {font_manager.py:1333} WARNING - findfont: Generic family 'sans-serif' not found because none of the following families were found: Arial, Liberation Sans, Bitstream Vera Sans, sans-serif
[2026-01-02T12:17:21.273+0000] {font_manager.py:1333} WARNING - findfont: Generic family 'sans-serif' not found because none of the following families were found: Arial, Liberation Sans, Bitstream Vera Sans, sans-serif
[2026-01-02T12:17:21.276+0000] {font_manager.py:1333} WARNING - findfont: Generic family 'sans-serif' not found because none of the following families were found: Arial, Liberation Sans, Bitstream Vera Sans, sans-serif
[2026-01-02T12:17:21.279+0000] {font_manager.py:1333} WARNING - findfont: Generic family 'sans-serif' not found because none of the following families were found: Arial, Liberation Sans, Bitstream Vera Sans, sans-serif
[2026-01-02T12:17:21.286+0000] {font_manager.py:1333} WARNING - findfont: Generic family 'sans-serif' not found because none of the following families were found: Arial, Liberation Sans, Bitstream Vera Sans, sans-serif
[2026-01-02T12:17:21.289+0000] {font_manager.py:1333} WARNING - findfont: Generic family 'sans-serif' not found because none of the following families were found: Arial, Liberation Sans, Bitstream Vera Sans, sans-serif
[2026-01-02T12:17:21.332+0000] {font_manager.py:1333} WARNING - findfont: Generic family 'sans-serif' not found because none of the following families were found: Arial, Liberation Sans, Bitstream Vera Sans, sans-serif
[2026-01-02T12:17:21.334+0000] {font_manager.py:1400} WARNING - findfont: Font family ['sans-serif'] not found. Falling back to DejaVu Sans.
[2026-01-02T12:17:21.335+0000] {font_manager.py:1405} WARNING - findfont: Generic family 'sans-serif' not found because none of the following families were found: Arial, Liberation Sans, Bitstream Vera Sans, sans-serif
[2026-01-02T12:17:21.348+0000] {font_manager.py:1333} WARNING - findfont: Generic family 'sans-serif' not found because none of the following families were found: Arial, Liberation Sans, Bitstream Vera Sans, sans-serif
[2026-01-02T12:17:21.351+0000] {font_manager.py:1333} WARNING - findfont: Generic family 'sans-serif' not found because none of the following families were found: Arial, Liberation Sans, Bitstream Vera Sans, sans-serif
[2026-01-02T12:17:21.625+0000] {font_manager.py:1333} WARNING - findfont: Generic family 'sans-serif' not found because none of the following families were found: Arial, Liberation Sans, Bitstream Vera Sans, sans-serif
[2026-01-02T12:17:21.640+0000] {font_manager.py:1333} WARNING - findfont: Generic family 'sans-serif' not found because none of the following families were found: Arial, Liberation Sans, Bitstream Vera Sans, sans-serif
[2026-01-02T12:17:21.641+0000] {font_manager.py:1333} WARNING - findfont: Generic family 'sans-serif' not found because none of the following families were found: Arial, Liberation Sans, Bitstream Vera Sans, sans-serif
[2026-01-02T12:17:21.642+0000] {font_manager.py:1333} WARNING - findfont: Generic family 'sans-serif' not found because none of the following families were found: Arial, Liberation Sans, Bitstream Vera Sans, sans-serif
[2026-01-02T12:17:21.643+0000] {font_manager.py:1333} WARNING - findfont: Generic family 'sans-serif' not found because none of the following families were found: Arial, Liberation Sans, Bitstream Vera Sans, sans-serif
[2026-01-02T12:17:21.666+0000] {font_manager.py:1333} WARNING - findfont: Generic family 'sans-serif' not found because none of the following families were found: Arial, Liberation Sans, Bitstream Vera Sans, sans-serif
[2026-01-02T12:17:21.668+0000] {font_manager.py:1333} WARNING - findfont: Generic family 'sans-serif' not found because none of the following families were found: Arial, Liberation Sans, Bitstream Vera Sans, sans-serif
[2026-01-02T12:17:21.670+0000] {font_manager.py:1333} WARNING - findfont: Generic family 'sans-serif' not found because none of the following families were found: Arial, Liberation Sans, Bitstream Vera Sans, sans-serif
[2026-01-02T12:17:21.683+0000] {font_manager.py:1333} WARNING - findfont: Generic family 'sans-serif' not found because none of the following families were found: Arial, Liberation Sans, Bitstream Vera Sans, sans-serif
[2026-01-02T12:17:21.684+0000] {font_manager.py:1333} WARNING - findfont: Generic family 'sans-serif' not found because none of the following families were found: Arial, Liberation Sans, Bitstream Vera Sans, sans-serif
[2026-01-02T12:17:21.686+0000] {font_manager.py:1333} WARNING - findfont: Generic family 'sans-serif' not found because none of the following families were found: Arial, Liberation Sans, Bitstream Vera Sans, sans-serif
[2026-01-02T12:17:21.688+0000] {font_manager.py:1333} WARNING - findfont: Generic family 'sans-serif' not found because none of the following families were found: Arial, Liberation Sans, Bitstream Vera Sans, sans-serif
[2026-01-02T12:17:21.689+0000] {font_manager.py:1333} WARNING - findfont: Generic family 'sans-serif' not found because none of the following families were found: Arial, Liberation Sans, Bitstream Vera Sans, sans-serif
[2026-01-02T12:17:21.690+0000] {font_manager.py:1333} WARNING - findfont: Generic family 'sans-serif' not found because none of the following families were found: Arial, Liberation Sans, Bitstream Vera Sans, sans-serif
[2026-01-02T12:17:21.692+0000] {font_manager.py:1333} WARNING - findfont: Generic family 'sans-serif' not found because none of the following families were found: Arial, Liberation Sans, Bitstream Vera Sans, sans-serif
[2026-01-02T12:17:21.697+0000] {font_manager.py:1333} WARNING - findfont: Generic family 'sans-serif' not found because none of the following families were found: Arial, Liberation Sans, Bitstream Vera Sans, sans-serif
[2026-01-02T12:17:21.699+0000] {font_manager.py:1333} WARNING - findfont: Generic family 'sans-serif' not found because none of the following families were found: Arial, Liberation Sans, Bitstream Vera Sans, sans-serif
[2026-01-02T12:17:21.736+0000] {font_manager.py:1333} WARNING - findfont: Generic family 'sans-serif' not found because none of the following families were found: Arial, Liberation Sans, Bitstream Vera Sans, sans-serif
[2026-01-02T12:17:21.738+0000] {font_manager.py:1333} WARNING - findfont: Generic family 'sans-serif' not found because none of the following families were found: Arial, Liberation Sans, Bitstream Vera Sans, sans-serif
[2026-01-02T12:17:21.739+0000] {font_manager.py:1333} WARNING - findfont: Generic family 'sans-serif' not found because none of the following families were found: Arial, Liberation Sans, Bitstream Vera Sans, sans-serif
[2026-01-02T12:17:21.749+0000] {font_manager.py:1333} WARNING - findfont: Generic family 'sans-serif' not found because none of the following families were found: Arial, Liberation Sans, Bitstream Vera Sans, sans-serif
[2026-01-02T12:17:21.750+0000] {font_manager.py:1333} WARNING - findfont: Generic family 'sans-serif' not found because none of the following families were found: Arial, Liberation Sans, Bitstream Vera Sans, sans-serif
[2026-01-02T12:17:21.751+0000] {font_manager.py:1333} WARNING - findfont: Generic family 'sans-serif' not found because none of the following families were found: Arial, Liberation Sans, Bitstream Vera Sans, sans-serif
[2026-01-02T12:17:21.874+0000] {font_manager.py:1333} WARNING - findfont: Generic family 'sans-serif' not found because none of the following families were found: Arial, Liberation Sans, Bitstream Vera Sans, sans-serif
[2026-01-02T12:17:21.882+0000] {font_manager.py:1333} WARNING - findfont: Generic family 'sans-serif' not found because none of the following families were found: Arial, Liberation Sans, Bitstream Vera Sans, sans-serif
[2026-01-02T12:17:21.884+0000] {font_manager.py:1333} WARNING - findfont: Generic family 'sans-serif' not found because none of the following families were found: Arial, Liberation Sans, Bitstream Vera Sans, sans-serif
[2026-01-02T12:17:21.923+0000] {font_manager.py:1333} WARNING - findfont: Generic family 'sans-serif' not found because none of the following families were found: Arial, Liberation Sans, Bitstream Vera Sans, sans-serif
[2026-01-02T12:17:21.926+0000] {font_manager.py:1333} WARNING - findfont: Generic family 'sans-serif' not found because none of the following families were found: Arial, Liberation Sans, Bitstream Vera Sans, sans-serif
[2026-01-02T12:17:21.928+0000] {font_manager.py:1333} WARNING - findfont: Generic family 'sans-serif' not found because none of the following families were found: Arial, Liberation Sans, Bitstream Vera Sans, sans-serif
[2026-01-02T12:17:21.930+0000] {font_manager.py:1333} WARNING - findfont: Generic family 'sans-serif' not found because none of the following families were found: Arial, Liberation Sans, Bitstream Vera Sans, sans-serif
[2026-01-02T12:17:21.932+0000] {font_manager.py:1333} WARNING - findfont: Generic family 'sans-serif' not found because none of the following families were found: Arial, Liberation Sans, Bitstream Vera Sans, sans-serif
[2026-01-02T12:17:21.933+0000] {font_manager.py:1333} WARNING - findfont: Generic family 'sans-serif' not found because none of the following families were found: Arial, Liberation Sans, Bitstream Vera Sans, sans-serif
[2026-01-02T12:17:21.937+0000] {font_manager.py:1333} WARNING - findfont: Generic family 'sans-serif' not found because none of the following families were found: Arial, Liberation Sans, Bitstream Vera Sans, sans-serif
[2026-01-02T12:17:21.938+0000] {font_manager.py:1333} WARNING - findfont: Generic family 'sans-serif' not found because none of the following families were found: Arial, Liberation Sans, Bitstream Vera Sans, sans-serif
[2026-01-02T12:17:21.952+0000] {font_manager.py:1333} WARNING - findfont: Generic family 'sans-serif' not found because none of the following families were found: Arial, Liberation Sans, Bitstream Vera Sans, sans-serif
[2026-01-02T12:17:21.960+0000] {font_manager.py:1333} WARNING - findfont: Generic family 'sans-serif' not found because none of the following families were found: Arial, Liberation Sans, Bitstream Vera Sans, sans-serif
[2026-01-02T12:17:21.961+0000] {font_manager.py:1333} WARNING - findfont: Generic family 'sans-serif' not found because none of the following families were found: Arial, Liberation Sans, Bitstream Vera Sans, sans-serif
[2026-01-02T12:17:21.976+0000] {font_manager.py:1333} WARNING - findfont: Generic family 'sans-serif' not found because none of the following families were found: Arial, Liberation Sans, Bitstream Vera Sans, sans-serif
[2026-01-02T12:17:21.983+0000] {font_manager.py:1333} WARNING - findfont: Generic family 'sans-serif' not found because none of the following families were found: Arial, Liberation Sans, Bitstream Vera Sans, sans-serif
[2026-01-02T12:17:21.995+0000] {font_manager.py:1333} WARNING - findfont: Generic family 'sans-serif' not found because none of the following families were found: Arial, Liberation Sans, Bitstream Vera Sans, sans-serif
[2026-01-02T12:17:22.011+0000] {font_manager.py:1333} WARNING - findfont: Generic family 'sans-serif' not found because none of the following families were found: Arial, Liberation Sans, Bitstream Vera Sans, sans-serif
[2026-01-02T12:17:22.027+0000] {font_manager.py:1333} WARNING - findfont: Generic family 'sans-serif' not found because none of the following families were found: Arial, Liberation Sans, Bitstream Vera Sans, sans-serif
[2026-01-02T12:17:22.037+0000] {font_manager.py:1333} WARNING - findfont: Generic family 'sans-serif' not found because none of the following families were found: Arial, Liberation Sans, Bitstream Vera Sans, sans-serif
[2026-01-02T12:17:22.045+0000] {font_manager.py:1333} WARNING - findfont: Generic family 'sans-serif' not found because none of the following families were found: Arial, Liberation Sans, Bitstream Vera Sans, sans-serif
[2026-01-02T12:17:22.083+0000] {font_manager.py:1333} WARNING - findfont: Generic family 'sans-serif' not found because none of the following families were found: Arial, Liberation Sans, Bitstream Vera Sans, sans-serif
[2026-01-02T12:17:22.090+0000] {font_manager.py:1333} WARNING - findfont: Generic family 'sans-serif' not found because none of the following families were found: Arial, Liberation Sans, Bitstream Vera Sans, sans-serif
[2026-01-02T12:17:22.095+0000] {font_manager.py:1333} WARNING - findfont: Generic family 'sans-serif' not found because none of the following families were found: Arial, Liberation Sans, Bitstream Vera Sans, sans-serif
[2026-01-02T12:17:22.100+0000] {font_manager.py:1333} WARNING - findfont: Generic family 'sans-serif' not found because none of the following families were found: Arial, Liberation Sans, Bitstream Vera Sans, sans-serif
[2026-01-02T12:17:22.109+0000] {font_manager.py:1333} WARNING - findfont: Generic family 'sans-serif' not found because none of the following families were found: Arial, Liberation Sans, Bitstream Vera Sans, sans-serif
[2026-01-02T12:17:22.115+0000] {font_manager.py:1333} WARNING - findfont: Generic family 'sans-serif' not found because none of the following families were found: Arial, Liberation Sans, Bitstream Vera Sans, sans-serif
[2026-01-02T12:17:22.121+0000] {font_manager.py:1333} WARNING - findfont: Generic family 'sans-serif' not found because none of the following families were found: Arial, Liberation Sans, Bitstream Vera Sans, sans-serif
[2026-01-02T12:17:22.198+0000] {font_manager.py:1333} WARNING - findfont: Generic family 'sans-serif' not found because none of the following families were found: Arial, Liberation Sans, Bitstream Vera Sans, sans-serif
[2026-01-02T12:17:22.205+0000] {font_manager.py:1333} WARNING - findfont: Generic family 'sans-serif' not found because none of the following families were found: Arial, Liberation Sans, Bitstream Vera Sans, sans-serif
[2026-01-02T12:17:22.216+0000] {font_manager.py:1333} WARNING - findfont: Generic family 'sans-serif' not found because none of the following families were found: Arial, Liberation Sans, Bitstream Vera Sans, sans-serif
[2026-01-02T12:17:22.218+0000] {font_manager.py:1333} WARNING - findfont: Generic family 'sans-serif' not found because none of the following families were found: Arial, Liberation Sans, Bitstream Vera Sans, sans-serif
[2026-01-02T12:17:22.222+0000] {font_manager.py:1333} WARNING - findfont: Generic family 'sans-serif' not found because none of the following families were found: Arial, Liberation Sans, Bitstream Vera Sans, sans-serif
[2026-01-02T12:17:22.225+0000] {font_manager.py:1333} WARNING - findfont: Generic family 'sans-serif' not found because none of the following families were found: Arial, Liberation Sans, Bitstream Vera Sans, sans-serif
[2026-01-02T12:17:22.235+0000] {font_manager.py:1333} WARNING - findfont: Generic family 'sans-serif' not found because none of the following families were found: Arial, Liberation Sans, Bitstream Vera Sans, sans-serif
[2026-01-02T12:17:22.240+0000] {font_manager.py:1333} WARNING - findfont: Generic family 'sans-serif' not found because none of the following families were found: Arial, Liberation Sans, Bitstream Vera Sans, sans-serif
[2026-01-02T12:17:22.241+0000] {font_manager.py:1333} WARNING - findfont: Generic family 'sans-serif' not found because none of the following families were found: Arial, Liberation Sans, Bitstream Vera Sans, sans-serif
[2026-01-02T12:17:22.250+0000] {font_manager.py:1333} WARNING - findfont: Generic family 'sans-serif' not found because none of the following families were found: Arial, Liberation Sans, Bitstream Vera Sans, sans-serif
[2026-01-02T12:17:22.255+0000] {font_manager.py:1333} WARNING - findfont: Generic family 'sans-serif' not found because none of the following families were found: Arial, Liberation Sans, Bitstream Vera Sans, sans-serif
[2026-01-02T12:17:22.260+0000] {font_manager.py:1333} WARNING - findfont: Generic family 'sans-serif' not found because none of the following families were found: Arial, Liberation Sans, Bitstream Vera Sans, sans-serif
[2026-01-02T12:17:22.262+0000] {font_manager.py:1333} WARNING - findfont: Generic family 'sans-serif' not found because none of the following families were found: Arial, Liberation Sans, Bitstream Vera Sans, sans-serif
[2026-01-02T12:17:22.264+0000] {font_manager.py:1333} WARNING - findfont: Generic family 'sans-serif' not found because none of the following families were found: Arial, Liberation Sans, Bitstream Vera Sans, sans-serif
[2026-01-02T12:17:22.265+0000] {font_manager.py:1333} WARNING - findfont: Generic family 'sans-serif' not found because none of the following families were found: Arial, Liberation Sans, Bitstream Vera Sans, sans-serif
[2026-01-02T12:17:22.267+0000] {font_manager.py:1333} WARNING - findfont: Generic family 'sans-serif' not found because none of the following families were found: Arial, Liberation Sans, Bitstream Vera Sans, sans-serif
[2026-01-02T12:17:22.280+0000] {font_manager.py:1333} WARNING - findfont: Generic family 'sans-serif' not found because none of the following families were found: Arial, Liberation Sans, Bitstream Vera Sans, sans-serif
[2026-01-02T12:17:22.284+0000] {font_manager.py:1333} WARNING - findfont: Generic family 'sans-serif' not found because none of the following families were found: Arial, Liberation Sans, Bitstream Vera Sans, sans-serif
[2026-01-02T12:17:22.285+0000] {font_manager.py:1333} WARNING - findfont: Generic family 'sans-serif' not found because none of the following families were found: Arial, Liberation Sans, Bitstream Vera Sans, sans-serif
[2026-01-02T12:17:22.289+0000] {font_manager.py:1333} WARNING - findfont: Generic family 'sans-serif' not found because none of the following families were found: Arial, Liberation Sans, Bitstream Vera Sans, sans-serif
[2026-01-02T12:17:22.351+0000] {font_manager.py:1333} WARNING - findfont: Generic family 'sans-serif' not found because none of the following families were found: Arial, Liberation Sans, Bitstream Vera Sans, sans-serif
[2026-01-02T12:17:22.352+0000] {font_manager.py:1333} WARNING - findfont: Generic family 'sans-serif' not found because none of the following families were found: Arial, Liberation Sans, Bitstream Vera Sans, sans-serif
[2026-01-02T12:17:22.363+0000] {font_manager.py:1333} WARNING - findfont: Generic family 'sans-serif' not found because none of the following families were found: Arial, Liberation Sans, Bitstream Vera Sans, sans-serif
[2026-01-02T12:17:22.366+0000] {font_manager.py:1333} WARNING - findfont: Generic family 'sans-serif' not found because none of the following families were found: Arial, Liberation Sans, Bitstream Vera Sans, sans-serif
[2026-01-02T12:17:22.368+0000] {font_manager.py:1333} WARNING - findfont: Generic family 'sans-serif' not found because none of the following families were found: Arial, Liberation Sans, Bitstream Vera Sans, sans-serif
[2026-01-02T12:17:22.378+0000] {font_manager.py:1333} WARNING - findfont: Generic family 'sans-serif' not found because none of the following families were found: Arial, Liberation Sans, Bitstream Vera Sans, sans-serif
[2026-01-02T12:17:22.382+0000] {font_manager.py:1333} WARNING - findfont: Generic family 'sans-serif' not found because none of the following families were found: Arial, Liberation Sans, Bitstream Vera Sans, sans-serif
[2026-01-02T12:17:22.383+0000] {font_manager.py:1333} WARNING - findfont: Generic family 'sans-serif' not found because none of the following families were found: Arial, Liberation Sans, Bitstream Vera Sans, sans-serif
[2026-01-02T12:17:22.415+0000] {font_manager.py:1333} WARNING - findfont: Generic family 'sans-serif' not found because none of the following families were found: Arial, Liberation Sans, Bitstream Vera Sans, sans-serif
[2026-01-02T12:17:22.428+0000] {font_manager.py:1333} WARNING - findfont: Generic family 'sans-serif' not found because none of the following families were found: Arial, Liberation Sans, Bitstream Vera Sans, sans-serif
[2026-01-02T12:17:22.433+0000] {font_manager.py:1333} WARNING - findfont: Generic family 'sans-serif' not found because none of the following families were found: Arial, Liberation Sans, Bitstream Vera Sans, sans-serif
[2026-01-02T12:17:22.481+0000] {font_manager.py:1333} WARNING - findfont: Generic family 'sans-serif' not found because none of the following families were found: Arial, Liberation Sans, Bitstream Vera Sans, sans-serif
[2026-01-02T12:17:22.490+0000] {font_manager.py:1333} WARNING - findfont: Generic family 'sans-serif' not found because none of the following families were found: Arial, Liberation Sans, Bitstream Vera Sans, sans-serif
[2026-01-02T12:17:22.503+0000] {font_manager.py:1333} WARNING - findfont: Generic family 'sans-serif' not found because none of the following families were found: Arial, Liberation Sans, Bitstream Vera Sans, sans-serif
[2026-01-02T12:17:22.509+0000] {font_manager.py:1333} WARNING - findfont: Generic family 'sans-serif' not found because none of the following families were found: Arial, Liberation Sans, Bitstream Vera Sans, sans-serif
[2026-01-02T12:17:22.524+0000] {font_manager.py:1333} WARNING - findfont: Generic family 'sans-serif' not found because none of the following families were found: Arial, Liberation Sans, Bitstream Vera Sans, sans-serif
[2026-01-02T12:17:22.538+0000] {font_manager.py:1333} WARNING - findfont: Generic family 'sans-serif' not found because none of the following families were found: Arial, Liberation Sans, Bitstream Vera Sans, sans-serif
[2026-01-02T12:17:22.561+0000] {font_manager.py:1333} WARNING - findfont: Generic family 'sans-serif' not found because none of the following families were found: Arial, Liberation Sans, Bitstream Vera Sans, sans-serif
[2026-01-02T12:17:22.637+0000] {font_manager.py:1333} WARNING - findfont: Generic family 'sans-serif' not found because none of the following families were found: Arial, Liberation Sans, Bitstream Vera Sans, sans-serif
[2026-01-02T12:17:22.641+0000] {font_manager.py:1333} WARNING - findfont: Generic family 'sans-serif' not found because none of the following families were found: Arial, Liberation Sans, Bitstream Vera Sans, sans-serif
[2026-01-02T12:17:22.645+0000] {font_manager.py:1333} WARNING - findfont: Generic family 'sans-serif' not found because none of the following families were found: Arial, Liberation Sans, Bitstream Vera Sans, sans-serif
[2026-01-02T12:17:22.650+0000] {font_manager.py:1333} WARNING - findfont: Generic family 'sans-serif' not found because none of the following families were found: Arial, Liberation Sans, Bitstream Vera Sans, sans-serif
[2026-01-02T12:17:22.664+0000] {font_manager.py:1333} WARNING - findfont: Generic family 'sans-serif' not found because none of the following families were found: Arial, Liberation Sans, Bitstream Vera Sans, sans-serif
[2026-01-02T12:17:22.670+0000] {font_manager.py:1333} WARNING - findfont: Generic family 'sans-serif' not found because none of the following families were found: Arial, Liberation Sans, Bitstream Vera Sans, sans-serif
[2026-01-02T12:17:22.678+0000] {font_manager.py:1333} WARNING - findfont: Generic family 'sans-serif' not found because none of the following families were found: Arial, Liberation Sans, Bitstream Vera Sans, sans-serif
[2026-01-02T12:17:22.747+0000] {font_manager.py:1333} WARNING - findfont: Generic family 'sans-serif' not found because none of the following families were found: Arial, Liberation Sans, Bitstream Vera Sans, sans-serif
[2026-01-02T12:17:22.751+0000] {font_manager.py:1333} WARNING - findfont: Generic family 'sans-serif' not found because none of the following families were found: Arial, Liberation Sans, Bitstream Vera Sans, sans-serif
[2026-01-02T12:17:22.758+0000] {font_manager.py:1333} WARNING - findfont: Generic family 'sans-serif' not found because none of the following families were found: Arial, Liberation Sans, Bitstream Vera Sans, sans-serif
[2026-01-02T12:17:22.762+0000] {font_manager.py:1333} WARNING - findfont: Generic family 'sans-serif' not found because none of the following families were found: Arial, Liberation Sans, Bitstream Vera Sans, sans-serif
[2026-01-02T12:17:22.768+0000] {font_manager.py:1333} WARNING - findfont: Generic family 'sans-serif' not found because none of the following families were found: Arial, Liberation Sans, Bitstream Vera Sans, sans-serif
[2026-01-02T12:17:22.768+0000] {font_manager.py:1333} WARNING - findfont: Generic family 'sans-serif' not found because none of the following families were found: Arial, Liberation Sans, Bitstream Vera Sans, sans-serif
[2026-01-02T12:17:22.780+0000] {font_manager.py:1333} WARNING - findfont: Generic family 'sans-serif' not found because none of the following families were found: Arial, Liberation Sans, Bitstream Vera Sans, sans-serif
[2026-01-02T12:17:22.781+0000] {font_manager.py:1333} WARNING - findfont: Generic family 'sans-serif' not found because none of the following families were found: Arial, Liberation Sans, Bitstream Vera Sans, sans-serif
[2026-01-02T12:17:22.783+0000] {font_manager.py:1333} WARNING - findfont: Generic family 'sans-serif' not found because none of the following families were found: Arial, Liberation Sans, Bitstream Vera Sans, sans-serif
[2026-01-02T12:17:22.789+0000] {font_manager.py:1333} WARNING - findfont: Generic family 'sans-serif' not found because none of the following families were found: Arial, Liberation Sans, Bitstream Vera Sans, sans-serif
[2026-01-02T12:17:22.790+0000] {font_manager.py:1333} WARNING - findfont: Generic family 'sans-serif' not found because none of the following families were found: Arial, Liberation Sans, Bitstream Vera Sans, sans-serif
[2026-01-02T12:17:22.793+0000] {font_manager.py:1333} WARNING - findfont: Generic family 'sans-serif' not found because none of the following families were found: Arial, Liberation Sans, Bitstream Vera Sans, sans-serif
[2026-01-02T12:17:22.799+0000] {font_manager.py:1333} WARNING - findfont: Generic family 'sans-serif' not found because none of the following families were found: Arial, Liberation Sans, Bitstream Vera Sans, sans-serif
[2026-01-02T12:17:22.801+0000] {font_manager.py:1333} WARNING - findfont: Generic family 'sans-serif' not found because none of the following families were found: Arial, Liberation Sans, Bitstream Vera Sans, sans-serif
[2026-01-02T12:17:22.802+0000] {font_manager.py:1333} WARNING - findfont: Generic family 'sans-serif' not found because none of the following families were found: Arial, Liberation Sans, Bitstream Vera Sans, sans-serif
[2026-01-02T12:17:22.802+0000] {font_manager.py:1333} WARNING - findfont: Generic family 'sans-serif' not found because none of the following families were found: Arial, Liberation Sans, Bitstream Vera Sans, sans-serif
[2026-01-02T12:17:22.815+0000] {font_manager.py:1333} WARNING - findfont: Generic family 'sans-serif' not found because none of the following families were found: Arial, Liberation Sans, Bitstream Vera Sans, sans-serif
[2026-01-02T12:17:22.820+0000] {font_manager.py:1333} WARNING - findfont: Generic family 'sans-serif' not found because none of the following families were found: Arial, Liberation Sans, Bitstream Vera Sans, sans-serif
[2026-01-02T12:17:22.822+0000] {font_manager.py:1333} WARNING - findfont: Generic family 'sans-serif' not found because none of the following families were found: Arial, Liberation Sans, Bitstream Vera Sans, sans-serif
[2026-01-02T12:17:22.836+0000] {font_manager.py:1333} WARNING - findfont: Generic family 'sans-serif' not found because none of the following families were found: Arial, Liberation Sans, Bitstream Vera Sans, sans-serif
[2026-01-02T12:17:24.320+0000] {font_manager.py:1333} WARNING - findfont: Generic family 'sans-serif' not found because none of the following families were found: Arial, Liberation Sans, Bitstream Vera Sans, sans-serif
[2026-01-02T12:17:24.323+0000] {font_manager.py:1333} WARNING - findfont: Generic family 'sans-serif' not found because none of the following families were found: Arial, Liberation Sans, Bitstream Vera Sans, sans-serif
[2026-01-02T12:17:24.327+0000] {font_manager.py:1333} WARNING - findfont: Generic family 'sans-serif' not found because none of the following families were found: Arial, Liberation Sans, Bitstream Vera Sans, sans-serif
[2026-01-02T12:17:24.333+0000] {font_manager.py:1333} WARNING - findfont: Generic family 'sans-serif' not found because none of the following families were found: Arial, Liberation Sans, Bitstream Vera Sans, sans-serif
[2026-01-02T12:17:24.335+0000] {font_manager.py:1333} WARNING - findfont: Generic family 'sans-serif' not found because none of the following families were found: Arial, Liberation Sans, Bitstream Vera Sans, sans-serif
[2026-01-02T12:17:24.337+0000] {font_manager.py:1333} WARNING - findfont: Generic family 'sans-serif' not found because none of the following families were found: Arial, Liberation Sans, Bitstream Vera Sans, sans-serif
[2026-01-02T12:17:24.343+0000] {font_manager.py:1333} WARNING - findfont: Generic family 'sans-serif' not found because none of the following families were found: Arial, Liberation Sans, Bitstream Vera Sans, sans-serif
[2026-01-02T12:17:24.346+0000] {font_manager.py:1333} WARNING - findfont: Generic family 'sans-serif' not found because none of the following families were found: Arial, Liberation Sans, Bitstream Vera Sans, sans-serif
[2026-01-02T12:17:24.350+0000] {font_manager.py:1333} WARNING - findfont: Generic family 'sans-serif' not found because none of the following families were found: Arial, Liberation Sans, Bitstream Vera Sans, sans-serif
[2026-01-02T12:17:24.353+0000] {font_manager.py:1333} WARNING - findfont: Generic family 'sans-serif' not found because none of the following families were found: Arial, Liberation Sans, Bitstream Vera Sans, sans-serif
[2026-01-02T12:17:24.357+0000] {font_manager.py:1333} WARNING - findfont: Generic family 'sans-serif' not found because none of the following families were found: Arial, Liberation Sans, Bitstream Vera Sans, sans-serif
[2026-01-02T12:17:24.367+0000] {font_manager.py:1333} WARNING - findfont: Generic family 'sans-serif' not found because none of the following families were found: Arial, Liberation Sans, Bitstream Vera Sans, sans-serif
[2026-01-02T12:17:24.368+0000] {font_manager.py:1333} WARNING - findfont: Generic family 'sans-serif' not found because none of the following families were found: Arial, Liberation Sans, Bitstream Vera Sans, sans-serif
[2026-01-02T12:17:24.370+0000] {font_manager.py:1333} WARNING - findfont: Generic family 'sans-serif' not found because none of the following families were found: Arial, Liberation Sans, Bitstream Vera Sans, sans-serif
[2026-01-02T12:17:24.374+0000] {font_manager.py:1333} WARNING - findfont: Generic family 'sans-serif' not found because none of the following families were found: Arial, Liberation Sans, Bitstream Vera Sans, sans-serif
[2026-01-02T12:17:24.512+0000] {font_manager.py:1333} WARNING - findfont: Generic family 'sans-serif' not found because none of the following families were found: Arial, Liberation Sans, Bitstream Vera Sans, sans-serif
[2026-01-02T12:17:24.525+0000] {font_manager.py:1333} WARNING - findfont: Generic family 'sans-serif' not found because none of the following families were found: Arial, Liberation Sans, Bitstream Vera Sans, sans-serif
[2026-01-02T12:17:24.528+0000] {font_manager.py:1333} WARNING - findfont: Generic family 'sans-serif' not found because none of the following families were found: Arial, Liberation Sans, Bitstream Vera Sans, sans-serif
[2026-01-02T12:17:24.529+0000] {font_manager.py:1333} WARNING - findfont: Generic family 'sans-serif' not found because none of the following families were found: Arial, Liberation Sans, Bitstream Vera Sans, sans-serif
[2026-01-02T12:17:24.530+0000] {font_manager.py:1333} WARNING - findfont: Generic family 'sans-serif' not found because none of the following families were found: Arial, Liberation Sans, Bitstream Vera Sans, sans-serif
[2026-01-02T12:17:24.532+0000] {font_manager.py:1333} WARNING - findfont: Generic family 'sans-serif' not found because none of the following families were found: Arial, Liberation Sans, Bitstream Vera Sans, sans-serif
[2026-01-02T12:17:24.533+0000] {font_manager.py:1333} WARNING - findfont: Generic family 'sans-serif' not found because none of the following families were found: Arial, Liberation Sans, Bitstream Vera Sans, sans-serif
[2026-01-02T12:17:24.588+0000] {font_manager.py:1333} WARNING - findfont: Generic family 'sans-serif' not found because none of the following families were found: Arial, Liberation Sans, Bitstream Vera Sans, sans-serif
[2026-01-02T12:17:24.782+0000] {font_manager.py:1333} WARNING - findfont: Generic family 'sans-serif' not found because none of the following families were found: Arial, Liberation Sans, Bitstream Vera Sans, sans-serif
[2026-01-02T12:17:24.784+0000] {font_manager.py:1333} WARNING - findfont: Generic family 'sans-serif' not found because none of the following families were found: Arial, Liberation Sans, Bitstream Vera Sans, sans-serif
[2026-01-02T12:17:24.785+0000] {font_manager.py:1333} WARNING - findfont: Generic family 'sans-serif' not found because none of the following families were found: Arial, Liberation Sans, Bitstream Vera Sans, sans-serif
[2026-01-02T12:17:24.788+0000] {font_manager.py:1333} WARNING - findfont: Generic family 'sans-serif' not found because none of the following families were found: Arial, Liberation Sans, Bitstream Vera Sans, sans-serif
[2026-01-02T12:17:24.792+0000] {font_manager.py:1333} WARNING - findfont: Generic family 'sans-serif' not found because none of the following families were found: Arial, Liberation Sans, Bitstream Vera Sans, sans-serif
[2026-01-02T12:17:24.793+0000] {font_manager.py:1333} WARNING - findfont: Generic family 'sans-serif' not found because none of the following families were found: Arial, Liberation Sans, Bitstream Vera Sans, sans-serif
[2026-01-02T12:17:24.796+0000] {font_manager.py:1333} WARNING - findfont: Generic family 'sans-serif' not found because none of the following families were found: Arial, Liberation Sans, Bitstream Vera Sans, sans-serif
[2026-01-02T12:17:24.798+0000] {font_manager.py:1333} WARNING - findfont: Generic family 'sans-serif' not found because none of the following families were found: Arial, Liberation Sans, Bitstream Vera Sans, sans-serif
[2026-01-02T12:17:24.800+0000] {font_manager.py:1333} WARNING - findfont: Generic family 'sans-serif' not found because none of the following families were found: Arial, Liberation Sans, Bitstream Vera Sans, sans-serif
[2026-01-02T12:17:24.801+0000] {font_manager.py:1333} WARNING - findfont: Generic family 'sans-serif' not found because none of the following families were found: Arial, Liberation Sans, Bitstream Vera Sans, sans-serif
[2026-01-02T12:17:24.803+0000] {font_manager.py:1333} WARNING - findfont: Generic family 'sans-serif' not found because none of the following families were found: Arial, Liberation Sans, Bitstream Vera Sans, sans-serif
[2026-01-02T12:17:24.814+0000] {font_manager.py:1333} WARNING - findfont: Generic family 'sans-serif' not found because none of the following families were found: Arial, Liberation Sans, Bitstream Vera Sans, sans-serif
[2026-01-02T12:17:24.814+0000] {font_manager.py:1333} WARNING - findfont: Generic family 'sans-serif' not found because none of the following families were found: Arial, Liberation Sans, Bitstream Vera Sans, sans-serif
[2026-01-02T12:17:24.816+0000] {font_manager.py:1333} WARNING - findfont: Generic family 'sans-serif' not found because none of the following families were found: Arial, Liberation Sans, Bitstream Vera Sans, sans-serif
[2026-01-02T12:17:24.820+0000] {font_manager.py:1333} WARNING - findfont: Generic family 'sans-serif' not found because none of the following families were found: Arial, Liberation Sans, Bitstream Vera Sans, sans-serif
[2026-01-02T12:17:24.838+0000] {font_manager.py:1333} WARNING - findfont: Generic family 'sans-serif' not found because none of the following families were found: Arial, Liberation Sans, Bitstream Vera Sans, sans-serif
[2026-01-02T12:17:24.843+0000] {font_manager.py:1333} WARNING - findfont: Generic family 'sans-serif' not found because none of the following families were found: Arial, Liberation Sans, Bitstream Vera Sans, sans-serif
[2026-01-02T12:17:24.848+0000] {font_manager.py:1333} WARNING - findfont: Generic family 'sans-serif' not found because none of the following families were found: Arial, Liberation Sans, Bitstream Vera Sans, sans-serif
[2026-01-02T12:17:24.851+0000] {font_manager.py:1333} WARNING - findfont: Generic family 'sans-serif' not found because none of the following families were found: Arial, Liberation Sans, Bitstream Vera Sans, sans-serif
[2026-01-02T12:17:24.859+0000] {font_manager.py:1333} WARNING - findfont: Generic family 'sans-serif' not found because none of the following families were found: Arial, Liberation Sans, Bitstream Vera Sans, sans-serif
[2026-01-02T12:17:24.862+0000] {font_manager.py:1333} WARNING - findfont: Generic family 'sans-serif' not found because none of the following families were found: Arial, Liberation Sans, Bitstream Vera Sans, sans-serif
[2026-01-02T12:17:24.868+0000] {font_manager.py:1333} WARNING - findfont: Generic family 'sans-serif' not found because none of the following families were found: Arial, Liberation Sans, Bitstream Vera Sans, sans-serif
[2026-01-02T12:17:24.871+0000] {font_manager.py:1333} WARNING - findfont: Generic family 'sans-serif' not found because none of the following families were found: Arial, Liberation Sans, Bitstream Vera Sans, sans-serif
[2026-01-02T12:17:24.874+0000] {font_manager.py:1333} WARNING - findfont: Generic family 'sans-serif' not found because none of the following families were found: Arial, Liberation Sans, Bitstream Vera Sans, sans-serif
[2026-01-02T12:17:24.877+0000] {font_manager.py:1333} WARNING - findfont: Generic family 'sans-serif' not found because none of the following families were found: Arial, Liberation Sans, Bitstream Vera Sans, sans-serif
[2026-01-02T12:17:24.879+0000] {font_manager.py:1333} WARNING - findfont: Generic family 'sans-serif' not found because none of the following families were found: Arial, Liberation Sans, Bitstream Vera Sans, sans-serif
[2026-01-02T12:17:24.881+0000] {font_manager.py:1333} WARNING - findfont: Generic family 'sans-serif' not found because none of the following families were found: Arial, Liberation Sans, Bitstream Vera Sans, sans-serif
[2026-01-02T12:17:24.883+0000] {font_manager.py:1333} WARNING - findfont: Generic family 'sans-serif' not found because none of the following families were found: Arial, Liberation Sans, Bitstream Vera Sans, sans-serif
[2026-01-02T12:17:24.886+0000] {font_manager.py:1333} WARNING - findfont: Generic family 'sans-serif' not found because none of the following families were found: Arial, Liberation Sans, Bitstream Vera Sans, sans-serif
[2026-01-02T12:17:24.897+0000] {font_manager.py:1333} WARNING - findfont: Generic family 'sans-serif' not found because none of the following families were found: Arial, Liberation Sans, Bitstream Vera Sans, sans-serif
[2026-01-02T12:17:24.899+0000] {font_manager.py:1333} WARNING - findfont: Generic family 'sans-serif' not found because none of the following families were found: Arial, Liberation Sans, Bitstream Vera Sans, sans-serif
[2026-01-02T12:17:24.908+0000] {font_manager.py:1333} WARNING - findfont: Generic family 'sans-serif' not found because none of the following families were found: Arial, Liberation Sans, Bitstream Vera Sans, sans-serif
[2026-01-02T12:17:24.911+0000] {font_manager.py:1333} WARNING - findfont: Generic family 'sans-serif' not found because none of the following families were found: Arial, Liberation Sans, Bitstream Vera Sans, sans-serif
[2026-01-02T12:17:24.938+0000] {font_manager.py:1333} WARNING - findfont: Generic family 'sans-serif' not found because none of the following families were found: Arial, Liberation Sans, Bitstream Vera Sans, sans-serif
[2026-01-02T12:17:24.941+0000] {font_manager.py:1333} WARNING - findfont: Generic family 'sans-serif' not found because none of the following families were found: Arial, Liberation Sans, Bitstream Vera Sans, sans-serif
[2026-01-02T12:17:24.943+0000] {font_manager.py:1333} WARNING - findfont: Generic family 'sans-serif' not found because none of the following families were found: Arial, Liberation Sans, Bitstream Vera Sans, sans-serif
[2026-01-02T12:17:24.946+0000] {font_manager.py:1333} WARNING - findfont: Generic family 'sans-serif' not found because none of the following families were found: Arial, Liberation Sans, Bitstream Vera Sans, sans-serif
[2026-01-02T12:17:24.948+0000] {font_manager.py:1333} WARNING - findfont: Generic family 'sans-serif' not found because none of the following families were found: Arial, Liberation Sans, Bitstream Vera Sans, sans-serif
[2026-01-02T12:17:24.951+0000] {font_manager.py:1333} WARNING - findfont: Generic family 'sans-serif' not found because none of the following families were found: Arial, Liberation Sans, Bitstream Vera Sans, sans-serif
[2026-01-02T12:17:24.953+0000] {font_manager.py:1333} WARNING - findfont: Generic family 'sans-serif' not found because none of the following families were found: Arial, Liberation Sans, Bitstream Vera Sans, sans-serif
[2026-01-02T12:17:24.955+0000] {font_manager.py:1333} WARNING - findfont: Generic family 'sans-serif' not found because none of the following families were found: Arial, Liberation Sans, Bitstream Vera Sans, sans-serif
[2026-01-02T12:17:24.965+0000] {font_manager.py:1333} WARNING - findfont: Generic family 'sans-serif' not found because none of the following families were found: Arial, Liberation Sans, Bitstream Vera Sans, sans-serif
[2026-01-02T12:17:24.968+0000] {font_manager.py:1333} WARNING - findfont: Generic family 'sans-serif' not found because none of the following families were found: Arial, Liberation Sans, Bitstream Vera Sans, sans-serif
[2026-01-02T12:17:24.987+0000] {font_manager.py:1333} WARNING - findfont: Generic family 'sans-serif' not found because none of the following families were found: Arial, Liberation Sans, Bitstream Vera Sans, sans-serif
[2026-01-02T12:17:24.988+0000] {font_manager.py:1333} WARNING - findfont: Generic family 'sans-serif' not found because none of the following families were found: Arial, Liberation Sans, Bitstream Vera Sans, sans-serif
[2026-01-02T12:17:24.989+0000] {font_manager.py:1333} WARNING - findfont: Generic family 'sans-serif' not found because none of the following families were found: Arial, Liberation Sans, Bitstream Vera Sans, sans-serif
[2026-01-02T12:17:24.990+0000] {font_manager.py:1333} WARNING - findfont: Generic family 'sans-serif' not found because none of the following families were found: Arial, Liberation Sans, Bitstream Vera Sans, sans-serif
[2026-01-02T12:17:24.991+0000] {font_manager.py:1333} WARNING - findfont: Generic family 'sans-serif' not found because none of the following families were found: Arial, Liberation Sans, Bitstream Vera Sans, sans-serif
[2026-01-02T12:17:24.992+0000] {font_manager.py:1333} WARNING - findfont: Generic family 'sans-serif' not found because none of the following families were found: Arial, Liberation Sans, Bitstream Vera Sans, sans-serif
[2026-01-02T12:17:24.993+0000] {font_manager.py:1333} WARNING - findfont: Generic family 'sans-serif' not found because none of the following families were found: Arial, Liberation Sans, Bitstream Vera Sans, sans-serif
[2026-01-02T12:17:24.994+0000] {font_manager.py:1333} WARNING - findfont: Generic family 'sans-serif' not found because none of the following families were found: Arial, Liberation Sans, Bitstream Vera Sans, sans-serif
[2026-01-02T12:17:24.995+0000] {font_manager.py:1333} WARNING - findfont: Generic family 'sans-serif' not found because none of the following families were found: Arial, Liberation Sans, Bitstream Vera Sans, sans-serif
[2026-01-02T12:17:25.019+0000] {font_manager.py:1333} WARNING - findfont: Generic family 'sans-serif' not found because none of the following families were found: Arial, Liberation Sans, Bitstream Vera Sans, sans-serif
[2026-01-02T12:17:25.022+0000] {font_manager.py:1333} WARNING - findfont: Generic family 'sans-serif' not found because none of the following families were found: Arial, Liberation Sans, Bitstream Vera Sans, sans-serif
[2026-01-02T12:17:25.037+0000] {font_manager.py:1333} WARNING - findfont: Generic family 'sans-serif' not found because none of the following families were found: Arial, Liberation Sans, Bitstream Vera Sans, sans-serif
[2026-01-02T12:17:25.041+0000] {font_manager.py:1333} WARNING - findfont: Generic family 'sans-serif' not found because none of the following families were found: Arial, Liberation Sans, Bitstream Vera Sans, sans-serif
[2026-01-02T12:17:25.049+0000] {font_manager.py:1333} WARNING - findfont: Generic family 'sans-serif' not found because none of the following families were found: Arial, Liberation Sans, Bitstream Vera Sans, sans-serif
[2026-01-02T12:17:25.050+0000] {font_manager.py:1333} WARNING - findfont: Generic family 'sans-serif' not found because none of the following families were found: Arial, Liberation Sans, Bitstream Vera Sans, sans-serif
[2026-01-02T12:17:25.055+0000] {font_manager.py:1333} WARNING - findfont: Generic family 'sans-serif' not found because none of the following families were found: Arial, Liberation Sans, Bitstream Vera Sans, sans-serif
[2026-01-02T12:17:25.056+0000] {font_manager.py:1333} WARNING - findfont: Generic family 'sans-serif' not found because none of the following families were found: Arial, Liberation Sans, Bitstream Vera Sans, sans-serif
[2026-01-02T12:17:25.056+0000] {font_manager.py:1333} WARNING - findfont: Generic family 'sans-serif' not found because none of the following families were found: Arial, Liberation Sans, Bitstream Vera Sans, sans-serif
[2026-01-02T12:17:25.057+0000] {font_manager.py:1333} WARNING - findfont: Generic family 'sans-serif' not found because none of the following families were found: Arial, Liberation Sans, Bitstream Vera Sans, sans-serif
[2026-01-02T12:17:25.058+0000] {font_manager.py:1333} WARNING - findfont: Generic family 'sans-serif' not found because none of the following families were found: Arial, Liberation Sans, Bitstream Vera Sans, sans-serif
[2026-01-02T12:17:25.059+0000] {font_manager.py:1333} WARNING - findfont: Generic family 'sans-serif' not found because none of the following families were found: Arial, Liberation Sans, Bitstream Vera Sans, sans-serif
[2026-01-02T12:17:25.059+0000] {font_manager.py:1333} WARNING - findfont: Generic family 'sans-serif' not found because none of the following families were found: Arial, Liberation Sans, Bitstream Vera Sans, sans-serif
[2026-01-02T12:17:25.061+0000] {font_manager.py:1333} WARNING - findfont: Generic family 'sans-serif' not found because none of the following families were found: Arial, Liberation Sans, Bitstream Vera Sans, sans-serif
[2026-01-02T12:17:25.062+0000] {font_manager.py:1333} WARNING - findfont: Generic family 'sans-serif' not found because none of the following families were found: Arial, Liberation Sans, Bitstream Vera Sans, sans-serif
[2026-01-02T12:17:25.063+0000] {font_manager.py:1333} WARNING - findfont: Generic family 'sans-serif' not found because none of the following families were found: Arial, Liberation Sans, Bitstream Vera Sans, sans-serif
[2026-01-02T12:17:25.064+0000] {font_manager.py:1333} WARNING - findfont: Generic family 'sans-serif' not found because none of the following families were found: Arial, Liberation Sans, Bitstream Vera Sans, sans-serif
[2026-01-02T12:17:25.066+0000] {font_manager.py:1333} WARNING - findfont: Generic family 'sans-serif' not found because none of the following families were found: Arial, Liberation Sans, Bitstream Vera Sans, sans-serif
[2026-01-02T12:17:25.067+0000] {font_manager.py:1333} WARNING - findfont: Generic family 'sans-serif' not found because none of the following families were found: Arial, Liberation Sans, Bitstream Vera Sans, sans-serif
[2026-01-02T12:17:25.068+0000] {font_manager.py:1333} WARNING - findfont: Generic family 'sans-serif' not found because none of the following families were found: Arial, Liberation Sans, Bitstream Vera Sans, sans-serif
[2026-01-02T12:17:25.074+0000] {font_manager.py:1333} WARNING - findfont: Generic family 'sans-serif' not found because none of the following families were found: Arial, Liberation Sans, Bitstream Vera Sans, sans-serif
[2026-01-02T12:17:25.075+0000] {font_manager.py:1333} WARNING - findfont: Generic family 'sans-serif' not found because none of the following families were found: Arial, Liberation Sans, Bitstream Vera Sans, sans-serif
[2026-01-02T12:17:25.079+0000] {font_manager.py:1333} WARNING - findfont: Generic family 'sans-serif' not found because none of the following families were found: Arial, Liberation Sans, Bitstream Vera Sans, sans-serif
[2026-01-02T12:17:25.080+0000] {font_manager.py:1333} WARNING - findfont: Generic family 'sans-serif' not found because none of the following families were found: Arial, Liberation Sans, Bitstream Vera Sans, sans-serif
[2026-01-02T12:17:25.081+0000] {font_manager.py:1333} WARNING - findfont: Generic family 'sans-serif' not found because none of the following families were found: Arial, Liberation Sans, Bitstream Vera Sans, sans-serif
[2026-01-02T12:17:25.083+0000] {font_manager.py:1333} WARNING - findfont: Generic family 'sans-serif' not found because none of the following families were found: Arial, Liberation Sans, Bitstream Vera Sans, sans-serif
[2026-01-02T12:17:25.084+0000] {font_manager.py:1333} WARNING - findfont: Generic family 'sans-serif' not found because none of the following families were found: Arial, Liberation Sans, Bitstream Vera Sans, sans-serif
[2026-01-02T12:17:25.085+0000] {font_manager.py:1333} WARNING - findfont: Generic family 'sans-serif' not found because none of the following families were found: Arial, Liberation Sans, Bitstream Vera Sans, sans-serif
[2026-01-02T12:17:25.087+0000] {font_manager.py:1333} WARNING - findfont: Generic family 'sans-serif' not found because none of the following families were found: Arial, Liberation Sans, Bitstream Vera Sans, sans-serif
[2026-01-02T12:17:25.088+0000] {font_manager.py:1333} WARNING - findfont: Generic family 'sans-serif' not found because none of the following families were found: Arial, Liberation Sans, Bitstream Vera Sans, sans-serif
[2026-01-02T12:17:25.089+0000] {font_manager.py:1333} WARNING - findfont: Generic family 'sans-serif' not found because none of the following families were found: Arial, Liberation Sans, Bitstream Vera Sans, sans-serif
[2026-01-02T12:17:25.090+0000] {font_manager.py:1333} WARNING - findfont: Generic family 'sans-serif' not found because none of the following families were found: Arial, Liberation Sans, Bitstream Vera Sans, sans-serif
[2026-01-02T12:17:25.094+0000] {font_manager.py:1333} WARNING - findfont: Generic family 'sans-serif' not found because none of the following families were found: Arial, Liberation Sans, Bitstream Vera Sans, sans-serif
[2026-01-02T12:17:25.096+0000] {font_manager.py:1333} WARNING - findfont: Generic family 'sans-serif' not found because none of the following families were found: Arial, Liberation Sans, Bitstream Vera Sans, sans-serif
[2026-01-02T12:17:32.621+0000] {logging_mixin.py:188} INFO -                          Model        MAE           MSE       RMSE      R2  \
rf     Random Forest Regressor   407.7491  6.284096e+05   790.9602  0.9620   
ridge         Ridge Regression  1249.4629  3.539275e+06  1825.1885  0.7863   
lr           Linear Regression  1256.1590  4.369728e+06  1960.7460  0.7367   

        RMSLE    MAPE  TT (Sec)  
rf     0.1388  0.1058     2.890  
ridge  0.7004  0.7393     0.946  
lr     0.6938  0.7417     0.882  
[2026-01-02T12:17:32.697+0000] {logging_mixin.py:188} INFO - Training has finished, successfully!
[2026-01-02T12:17:32.700+0000] {python.py:237} INFO - Done. Returned value was: None
[2026-01-02T12:17:32.702+0000] {taskinstance.py:441} INFO - ::group::Post task execution logs
[2026-01-02T12:17:32.745+0000] {taskinstance.py:1206} INFO - Marking task as SUCCESS. dag_id=main_pipeline, task_id=train_model, run_id=manual__2026-01-02T12:15:43.230755+00:00, execution_date=20260102T121543, start_date=20260102T121613, end_date=20260102T121732
[2026-01-02T12:17:32.783+0000] {logging_mixin.py:188} WARNING - 
[2026-01-02T12:17:32.977+0000] {local_task_job_runner.py:243} INFO - Task exited with return code 0
[2026-01-02T12:17:33.058+0000] {taskinstance.py:3503} INFO - 1 downstream tasks scheduled from follow-on schedule check
[2026-01-02T12:17:33.064+0000] {local_task_job_runner.py:222} INFO - ::endgroup::
