[2025-12-30T10:03:16.393+0000] {local_task_job_runner.py:120} INFO - ::group::Pre task execution logs
[2025-12-30T10:03:16.592+0000] {taskinstance.py:2076} INFO - Dependencies all met for dep_context=non-requeueable deps ti=<TaskInstance: main_pipeline.check_prod_model manual__2025-12-30T10:03:11.580031+00:00 [queued]>
[2025-12-30T10:03:16.642+0000] {taskinstance.py:2076} INFO - Dependencies all met for dep_context=requeueable deps ti=<TaskInstance: main_pipeline.check_prod_model manual__2025-12-30T10:03:11.580031+00:00 [queued]>
[2025-12-30T10:03:16.644+0000] {taskinstance.py:2306} INFO - Starting attempt 1 of 1
[2025-12-30T10:03:16.733+0000] {taskinstance.py:2330} INFO - Executing <Task(_PythonDecoratedOperator): check_prod_model> on 2025-12-30 10:03:11.580031+00:00
[2025-12-30T10:03:16.815+0000] {standard_task_runner.py:64} INFO - Started process 1046 to run task
[2025-12-30T10:03:16.844+0000] {standard_task_runner.py:90} INFO - Running: ['***', 'tasks', 'run', 'main_pipeline', 'check_prod_model', 'manual__2025-12-30T10:03:11.580031+00:00', '--job-id', '87', '--raw', '--subdir', 'DAGS_FOLDER/pipeline/main.py', '--cfg-path', '/tmp/tmpbrj64ka7']
[2025-12-30T10:03:16.859+0000] {standard_task_runner.py:91} INFO - Job 87: Subtask check_prod_model
[2025-12-30T10:03:17.109+0000] {task_command.py:426} INFO - Running <TaskInstance: main_pipeline.check_prod_model manual__2025-12-30T10:03:11.580031+00:00 [running]> on host e773b468278c
[2025-12-30T10:03:17.464+0000] {taskinstance.py:2648} INFO - Exporting env vars: AIRFLOW_CTX_DAG_OWNER='***' AIRFLOW_CTX_DAG_ID='main_pipeline' AIRFLOW_CTX_TASK_ID='check_prod_model' AIRFLOW_CTX_EXECUTION_DATE='2025-12-30T10:03:11.580031+00:00' AIRFLOW_CTX_TRY_NUMBER='1' AIRFLOW_CTX_DAG_RUN_ID='manual__2025-12-30T10:03:11.580031+00:00'
[2025-12-30T10:03:17.467+0000] {taskinstance.py:430} INFO - ::endgroup::
[2025-12-30T10:03:21.073+0000] {logging_mixin.py:188} WARNING - /home/***/.local/lib/python3.11/site-packages/pydantic/_internal/_fields.py:161 UserWarning: Field "model_server_url" has conflict with protected namespace "model_".

You may be able to resolve this warning by setting `model_config['protected_namespaces'] = ()`.
[2025-12-30T10:03:21.132+0000] {logging_mixin.py:188} WARNING - /home/***/.local/lib/python3.11/site-packages/pydantic/_internal/_config.py:341 UserWarning: Valid config keys have changed in V2:
* 'schema_extra' has been renamed to 'json_schema_extra'
[2025-12-30T10:03:21.171+0000] {logging_mixin.py:188} INFO - PRINT HERE
[2025-12-30T10:03:21.171+0000] {logging_mixin.py:188} INFO - http://mlflow:5000
[2025-12-30T10:03:21.178+0000] {logging_mixin.py:188} INFO - price_prediction
[2025-12-30T10:03:21.180+0000] {logging_mixin.py:188} INFO - DONE
[2025-12-30T10:03:21.653+0000] {logging_mixin.py:188} INFO - [<ModelVersion: aliases=[], creation_timestamp=1767033018477, current_stage='Production', description='', last_updated_timestamp=1767033643867, name='price_prediction', run_id='d26589a21da54da695f390d817e1abcd', run_link='', source='mlflow-artifacts:/2/d26589a21da54da695f390d817e1abcd/artifacts/model', status='READY', status_message='', tags={}, user_id='', version='1'>]
[2025-12-30T10:03:21.654+0000] {python.py:237} INFO - Done. Returned value was: None
[2025-12-30T10:03:21.656+0000] {taskinstance.py:441} INFO - ::group::Post task execution logs
[2025-12-30T10:03:21.692+0000] {taskinstance.py:1206} INFO - Marking task as SUCCESS. dag_id=main_pipeline, task_id=check_prod_model, run_id=manual__2025-12-30T10:03:11.580031+00:00, execution_date=20251230T100311, start_date=20251230T100316, end_date=20251230T100321
[2025-12-30T10:03:21.823+0000] {local_task_job_runner.py:243} INFO - Task exited with return code 0
[2025-12-30T10:03:21.890+0000] {taskinstance.py:3503} INFO - 0 downstream tasks scheduled from follow-on schedule check
[2025-12-30T10:03:21.898+0000] {local_task_job_runner.py:222} INFO - ::endgroup::
