[2026-01-02T18:28:22.283+0000] {local_task_job_runner.py:120} INFO - ::group::Pre task execution logs
[2026-01-02T18:28:22.435+0000] {taskinstance.py:2076} INFO - Dependencies all met for dep_context=non-requeueable deps ti=<TaskInstance: main_pipeline.train_compare manual__2026-01-02T18:27:54.501282+00:00 [queued]>
[2026-01-02T18:28:22.471+0000] {taskinstance.py:2076} INFO - Dependencies all met for dep_context=requeueable deps ti=<TaskInstance: main_pipeline.train_compare manual__2026-01-02T18:27:54.501282+00:00 [queued]>
[2026-01-02T18:28:22.472+0000] {taskinstance.py:2306} INFO - Starting attempt 1 of 1
[2026-01-02T18:28:22.524+0000] {taskinstance.py:2330} INFO - Executing <Task(_BranchPythonDecoratedOperator): train_compare> on 2026-01-02 18:27:54.501282+00:00
[2026-01-02T18:28:22.638+0000] {standard_task_runner.py:64} INFO - Started process 2332 to run task
[2026-01-02T18:28:22.648+0000] {standard_task_runner.py:90} INFO - Running: ['***', 'tasks', 'run', 'main_pipeline', 'train_compare', 'manual__2026-01-02T18:27:54.501282+00:00', '--job-id', '163', '--raw', '--subdir', 'DAGS_FOLDER/pipeline/main.py', '--cfg-path', '/tmp/tmp7e4dxa16']
[2026-01-02T18:28:22.669+0000] {standard_task_runner.py:91} INFO - Job 163: Subtask train_compare
[2026-01-02T18:28:22.986+0000] {task_command.py:426} INFO - Running <TaskInstance: main_pipeline.train_compare manual__2026-01-02T18:27:54.501282+00:00 [running]> on host 634f416f74b0
[2026-01-02T18:28:23.741+0000] {taskinstance.py:2648} INFO - Exporting env vars: AIRFLOW_CTX_DAG_OWNER='***' AIRFLOW_CTX_DAG_ID='main_pipeline' AIRFLOW_CTX_TASK_ID='train_compare' AIRFLOW_CTX_EXECUTION_DATE='2026-01-02T18:27:54.501282+00:00' AIRFLOW_CTX_TRY_NUMBER='1' AIRFLOW_CTX_DAG_RUN_ID='manual__2026-01-02T18:27:54.501282+00:00'
[2026-01-02T18:28:23.750+0000] {taskinstance.py:430} INFO - ::endgroup::
[2026-01-02T18:28:23.752+0000] {logging_mixin.py:188} INFO - Current production version 5
[2026-01-02T18:28:23.761+0000] {logging_mixin.py:188} INFO - Next task - data drift check
[2026-01-02T18:28:23.765+0000] {python.py:237} INFO - Done. Returned value was: compare_distributions
[2026-01-02T18:28:23.766+0000] {branch.py:36} INFO - Branch into compare_distributions
[2026-01-02T18:28:23.767+0000] {skipmixin.py:178} INFO - Following branch compare_distributions
[2026-01-02T18:28:23.903+0000] {skipmixin.py:246} INFO - Skipping tasks [('train_model', -1)]
[2026-01-02T18:28:24.154+0000] {taskinstance.py:441} INFO - ::group::Post task execution logs
[2026-01-02T18:28:24.261+0000] {taskinstance.py:1206} INFO - Marking task as SUCCESS. dag_id=main_pipeline, task_id=train_compare, run_id=manual__2026-01-02T18:27:54.501282+00:00, execution_date=20260102T182754, start_date=20260102T182822, end_date=20260102T182824
[2026-01-02T18:28:24.432+0000] {local_task_job_runner.py:243} INFO - Task exited with return code 0
[2026-01-02T18:28:24.596+0000] {taskinstance.py:3503} INFO - 1 downstream tasks scheduled from follow-on schedule check
[2026-01-02T18:28:24.604+0000] {local_task_job_runner.py:222} INFO - ::endgroup::
