[2026-01-03T14:18:39.782+0000] {local_task_job_runner.py:120} INFO - ::group::Pre task execution logs
[2026-01-03T14:18:40.013+0000] {taskinstance.py:2076} INFO - Dependencies all met for dep_context=non-requeueable deps ti=<TaskInstance: main_pipeline.compare_distributions manual__2026-01-03T14:17:40.510235+00:00 [queued]>
[2026-01-03T14:18:40.053+0000] {taskinstance.py:2076} INFO - Dependencies all met for dep_context=requeueable deps ti=<TaskInstance: main_pipeline.compare_distributions manual__2026-01-03T14:17:40.510235+00:00 [queued]>
[2026-01-03T14:18:40.054+0000] {taskinstance.py:2306} INFO - Starting attempt 1 of 1
[2026-01-03T14:18:40.097+0000] {taskinstance.py:2330} INFO - Executing <Task(_PythonDecoratedOperator): compare_distributions> on 2026-01-03 14:17:40.510235+00:00
[2026-01-03T14:18:40.175+0000] {standard_task_runner.py:64} INFO - Started process 3660 to run task
[2026-01-03T14:18:40.219+0000] {standard_task_runner.py:90} INFO - Running: ['***', 'tasks', 'run', 'main_pipeline', 'compare_distributions', 'manual__2026-01-03T14:17:40.510235+00:00', '--job-id', '234', '--raw', '--subdir', 'DAGS_FOLDER/pipeline/main.py', '--cfg-path', '/tmp/tmp0b6ci59p']
[2026-01-03T14:18:40.235+0000] {standard_task_runner.py:91} INFO - Job 234: Subtask compare_distributions
[2026-01-03T14:18:40.685+0000] {task_command.py:426} INFO - Running <TaskInstance: main_pipeline.compare_distributions manual__2026-01-03T14:17:40.510235+00:00 [running]> on host 8574a19215f6
[2026-01-03T14:18:41.532+0000] {taskinstance.py:2648} INFO - Exporting env vars: AIRFLOW_CTX_DAG_OWNER='***' AIRFLOW_CTX_DAG_ID='main_pipeline' AIRFLOW_CTX_TASK_ID='compare_distributions' AIRFLOW_CTX_EXECUTION_DATE='2026-01-03T14:17:40.510235+00:00' AIRFLOW_CTX_TRY_NUMBER='1' AIRFLOW_CTX_DAG_RUN_ID='manual__2026-01-03T14:17:40.510235+00:00'
[2026-01-03T14:18:41.557+0000] {taskinstance.py:430} INFO - ::endgroup::
[2026-01-03T14:18:45.795+0000] {credentials.py:1147} INFO - Found credentials in environment variables.
[2026-01-03T14:18:47.469+0000] {logging_mixin.py:188} WARNING - Downloading artifacts:   0%|          | 0/1 [00:00<?, ?it/s]
[2026-01-03T14:18:47.473+0000] {logging_mixin.py:188} WARNING - Downloading artifacts: 100%|##########| 1/1 [00:00<00:00, 794.83it/s]
[2026-01-03T14:18:47.475+0000] {logging_mixin.py:188} WARNING - Downloading artifacts: 100%|##########| 1/1 [00:00<00:00, 202.10it/s]
[2026-01-03T14:18:47.529+0000] {logging_mixin.py:188} INFO - {"status":"updated","traffic":{"a":0.5,"b":0.5,"data_size":5000,"drift_cols":["price","color"]}}
[2026-01-03T14:18:48.721+0000] {logging_mixin.py:188} INFO - {'data':       carat        cut color clarity  ...        price     x     y     z
0      0.33      Ideal     J    VVS2  ...  1244.486281  4.48  4.51  2.77
1      0.92      Ideal     H      IF  ...  5758.000000  6.25  6.30  3.92
2      1.13    Premium     J    VVS1  ...  6872.130273  6.87  6.79  4.05
3      0.50    Premium     J     VS2  ...  1758.000000  5.03  5.00  3.15
4      1.51    Premium     D     VS1  ...  5775.407295  7.28  7.32  4.55
...     ...        ...   ...     ...  ...          ...   ...   ...   ...
4995   1.50       Good     D     VS2  ...  8920.000000  7.31  7.38  4.50
4996   1.08      Ideal     H     VS1  ...  8405.000000  6.61  6.69  4.08
4997   0.31    Premium     D     SI2  ...   408.000000  4.35  4.37  2.63
4998   0.43  Very Geod     E      IF  ...   644.550904  4.90  4.93  3.00
4999   0.73      Ideal     I    VVS2  ...   842.426496  5.80  5.84  3.60

[5000 rows x 10 columns], 'drift_info': {'carat': [0.8915920484572021, 0], 'depth': [0.4984384077025645, 0], 'table': [0.996055333153631, 0], 'x': [0.5738619243501007, 0], 'y': [0.514842127933272, 0], 'z': [0.7597800220530123, 0], 'price': [0.4334763401476299, 0], 'cut': [0.0050368588825088715, 0], 'color': [0.005150775113518222, 0], 'clarity': [0.0012853201270116507, 0]}}
[2026-01-03T14:18:48.724+0000] {python.py:237} INFO - Done. Returned value was: {'data':       carat        cut color clarity  ...        price     x     y     z
0      0.33      Ideal     J    VVS2  ...  1244.486281  4.48  4.51  2.77
1      0.92      Ideal     H      IF  ...  5758.000000  6.25  6.30  3.92
2      1.13    Premium     J    VVS1  ...  6872.130273  6.87  6.79  4.05
3      0.50    Premium     J     VS2  ...  1758.000000  5.03  5.00  3.15
4      1.51    Premium     D     VS1  ...  5775.407295  7.28  7.32  4.55
...     ...        ...   ...     ...  ...          ...   ...   ...   ...
4995   1.50       Good     D     VS2  ...  8920.000000  7.31  7.38  4.50
4996   1.08      Ideal     H     VS1  ...  8405.000000  6.61  6.69  4.08
4997   0.31    Premium     D     SI2  ...   408.000000  4.35  4.37  2.63
4998   0.43  Very Geod     E      IF  ...   644.550904  4.90  4.93  3.00
4999   0.73      Ideal     I    VVS2  ...   842.426496  5.80  5.84  3.60

[5000 rows x 10 columns], 'drift_info': {'carat': [0.8915920484572021, 0], 'depth': [0.4984384077025645, 0], 'table': [0.996055333153631, 0], 'x': [0.5738619243501007, 0], 'y': [0.514842127933272, 0], 'z': [0.7597800220530123, 0], 'price': [0.4334763401476299, 0], 'cut': [0.0050368588825088715, 0], 'color': [0.005150775113518222, 0], 'clarity': [0.0012853201270116507, 0]}}
[2026-01-03T14:18:48.800+0000] {taskinstance.py:441} INFO - ::group::Post task execution logs
[2026-01-03T14:18:49.546+0000] {taskinstance.py:1206} INFO - Marking task as SUCCESS. dag_id=main_pipeline, task_id=compare_distributions, run_id=manual__2026-01-03T14:17:40.510235+00:00, execution_date=20260103T141740, start_date=20260103T141840, end_date=20260103T141849
[2026-01-03T14:18:49.843+0000] {local_task_job_runner.py:243} INFO - Task exited with return code 0
[2026-01-03T14:18:50.099+0000] {taskinstance.py:3503} INFO - 1 downstream tasks scheduled from follow-on schedule check
[2026-01-03T14:18:50.114+0000] {local_task_job_runner.py:222} INFO - ::endgroup::
