[2026-01-03T14:54:18.175+0000] {local_task_job_runner.py:120} INFO - ::group::Pre task execution logs
[2026-01-03T14:54:18.384+0000] {taskinstance.py:2076} INFO - Dependencies all met for dep_context=non-requeueable deps ti=<TaskInstance: main_pipeline.compare_distributions manual__2026-01-03T14:53:31.139176+00:00 [queued]>
[2026-01-03T14:54:18.436+0000] {taskinstance.py:2076} INFO - Dependencies all met for dep_context=requeueable deps ti=<TaskInstance: main_pipeline.compare_distributions manual__2026-01-03T14:53:31.139176+00:00 [queued]>
[2026-01-03T14:54:18.437+0000] {taskinstance.py:2306} INFO - Starting attempt 1 of 1
[2026-01-03T14:54:18.516+0000] {taskinstance.py:2330} INFO - Executing <Task(_PythonDecoratedOperator): compare_distributions> on 2026-01-03 14:53:31.139176+00:00
[2026-01-03T14:54:18.597+0000] {standard_task_runner.py:64} INFO - Started process 5396 to run task
[2026-01-03T14:54:18.603+0000] {standard_task_runner.py:90} INFO - Running: ['***', 'tasks', 'run', 'main_pipeline', 'compare_distributions', 'manual__2026-01-03T14:53:31.139176+00:00', '--job-id', '262', '--raw', '--subdir', 'DAGS_FOLDER/pipeline/main.py', '--cfg-path', '/tmp/tmpl9mpp1rx']
[2026-01-03T14:54:18.640+0000] {standard_task_runner.py:91} INFO - Job 262: Subtask compare_distributions
[2026-01-03T14:54:18.979+0000] {task_command.py:426} INFO - Running <TaskInstance: main_pipeline.compare_distributions manual__2026-01-03T14:53:31.139176+00:00 [running]> on host 8574a19215f6
[2026-01-03T14:54:19.559+0000] {taskinstance.py:2648} INFO - Exporting env vars: AIRFLOW_CTX_DAG_OWNER='***' AIRFLOW_CTX_DAG_ID='main_pipeline' AIRFLOW_CTX_TASK_ID='compare_distributions' AIRFLOW_CTX_EXECUTION_DATE='2026-01-03T14:53:31.139176+00:00' AIRFLOW_CTX_TRY_NUMBER='1' AIRFLOW_CTX_DAG_RUN_ID='manual__2026-01-03T14:53:31.139176+00:00'
[2026-01-03T14:54:19.561+0000] {taskinstance.py:430} INFO - ::endgroup::
[2026-01-03T14:54:22.324+0000] {credentials.py:1147} INFO - Found credentials in environment variables.
[2026-01-03T14:54:23.292+0000] {logging_mixin.py:188} WARNING - Downloading artifacts:   0%|          | 0/1 [00:00<?, ?it/s]
[2026-01-03T14:54:23.294+0000] {logging_mixin.py:188} WARNING - Downloading artifacts: 100%|##########| 1/1 [00:00<00:00, 4211.15it/s]
[2026-01-03T14:54:23.304+0000] {logging_mixin.py:188} WARNING - Downloading artifacts: 100%|##########| 1/1 [00:00<00:00, 92.76it/s]  
[2026-01-03T14:54:23.378+0000] {logging_mixin.py:188} INFO - {"status":"updated","traffic":{"a":0.5,"b":0.5,"data_size":5000,"drift_cols":["price","color"]}}
[2026-01-03T14:54:24.515+0000] {logging_mixin.py:188} INFO - {'data':       carat        cut color clarity  ...        price     x     y     z
0      0.40    Premium     D    VVS2  ...   980.000000  4.78  4.74  2.92
1      1.01  Very Good     D     VS2  ...  6773.000000  6.39  6.46  3.96
2      0.34      Ideal     I    VVS2  ...  1806.046802  4.49  4.47  2.77
3      0.30      Ideal     F    VVS1  ...   747.000000  4.31  4.35  2.67
4      0.55      Ideal     H     SI1  ...   199.228934  5.31  5.34  3.24
...     ...        ...   ...     ...  ...          ...   ...   ...   ...
4995   0.50       Fair     J     SI1  ...   480.890466  4.87  4.90  3.25
4996   1.51       Fair     F     SI1  ...  8869.000000  7.16  7.09  4.65
4997   0.30  Very Good     F    VVS2  ...   754.000000  4.29  4.31  2.71
4998   0.72  Very Good     F    VVS2  ...  2386.000000  5.74  5.80  3.62
4999   0.32      Ideal     E    VVS1  ...   973.000000  4.40  4.37  2.71

[5000 rows x 10 columns], 'drift_info': {'carat': [0.08564085267394417, 0], 'depth': [0.3564161811627914, 0], 'table': [0.7555998880020527, 0], 'x': [0.12578250865471502, 0], 'y': [0.19164125524968667, 0], 'z': [0.15595054431653282, 0], 'price': [0.06700373658077954, 0], 'cut': [0.0012816697077998678, 0], 'color': [0.00449003811174299, 0], 'clarity': [0.002343300253121074, 0]}}
[2026-01-03T14:54:24.519+0000] {python.py:237} INFO - Done. Returned value was: {'data':       carat        cut color clarity  ...        price     x     y     z
0      0.40    Premium     D    VVS2  ...   980.000000  4.78  4.74  2.92
1      1.01  Very Good     D     VS2  ...  6773.000000  6.39  6.46  3.96
2      0.34      Ideal     I    VVS2  ...  1806.046802  4.49  4.47  2.77
3      0.30      Ideal     F    VVS1  ...   747.000000  4.31  4.35  2.67
4      0.55      Ideal     H     SI1  ...   199.228934  5.31  5.34  3.24
...     ...        ...   ...     ...  ...          ...   ...   ...   ...
4995   0.50       Fair     J     SI1  ...   480.890466  4.87  4.90  3.25
4996   1.51       Fair     F     SI1  ...  8869.000000  7.16  7.09  4.65
4997   0.30  Very Good     F    VVS2  ...   754.000000  4.29  4.31  2.71
4998   0.72  Very Good     F    VVS2  ...  2386.000000  5.74  5.80  3.62
4999   0.32      Ideal     E    VVS1  ...   973.000000  4.40  4.37  2.71

[5000 rows x 10 columns], 'drift_info': {'carat': [0.08564085267394417, 0], 'depth': [0.3564161811627914, 0], 'table': [0.7555998880020527, 0], 'x': [0.12578250865471502, 0], 'y': [0.19164125524968667, 0], 'z': [0.15595054431653282, 0], 'price': [0.06700373658077954, 0], 'cut': [0.0012816697077998678, 0], 'color': [0.00449003811174299, 0], 'clarity': [0.002343300253121074, 0]}}
[2026-01-03T14:54:24.614+0000] {taskinstance.py:441} INFO - ::group::Post task execution logs
[2026-01-03T14:54:25.165+0000] {taskinstance.py:1206} INFO - Marking task as SUCCESS. dag_id=main_pipeline, task_id=compare_distributions, run_id=manual__2026-01-03T14:53:31.139176+00:00, execution_date=20260103T145331, start_date=20260103T145418, end_date=20260103T145425
[2026-01-03T14:54:25.432+0000] {local_task_job_runner.py:243} INFO - Task exited with return code 0
[2026-01-03T14:54:25.660+0000] {taskinstance.py:3503} INFO - 1 downstream tasks scheduled from follow-on schedule check
[2026-01-03T14:54:25.670+0000] {local_task_job_runner.py:222} INFO - ::endgroup::
