[2026-01-02T14:07:34.589+0000] {local_task_job_runner.py:120} INFO - ::group::Pre task execution logs
[2026-01-02T14:07:34.736+0000] {taskinstance.py:2076} INFO - Dependencies all met for dep_context=non-requeueable deps ti=<TaskInstance: main_pipeline.train_compare manual__2026-01-02T14:07:22.338250+00:00 [queued]>
[2026-01-02T14:07:34.779+0000] {taskinstance.py:2076} INFO - Dependencies all met for dep_context=requeueable deps ti=<TaskInstance: main_pipeline.train_compare manual__2026-01-02T14:07:22.338250+00:00 [queued]>
[2026-01-02T14:07:34.779+0000] {taskinstance.py:2306} INFO - Starting attempt 1 of 1
[2026-01-02T14:07:34.849+0000] {taskinstance.py:2330} INFO - Executing <Task(_BranchPythonDecoratedOperator): train_compare> on 2026-01-02 14:07:22.338250+00:00
[2026-01-02T14:07:34.900+0000] {standard_task_runner.py:64} INFO - Started process 8756 to run task
[2026-01-02T14:07:34.911+0000] {standard_task_runner.py:90} INFO - Running: ['***', 'tasks', 'run', 'main_pipeline', 'train_compare', 'manual__2026-01-02T14:07:22.338250+00:00', '--job-id', '88', '--raw', '--subdir', 'DAGS_FOLDER/pipeline/main.py', '--cfg-path', '/tmp/tmpj8vn3udr']
[2026-01-02T14:07:34.914+0000] {standard_task_runner.py:91} INFO - Job 88: Subtask train_compare
[2026-01-02T14:07:35.156+0000] {task_command.py:426} INFO - Running <TaskInstance: main_pipeline.train_compare manual__2026-01-02T14:07:22.338250+00:00 [running]> on host b2cc83381b06
[2026-01-02T14:07:35.794+0000] {taskinstance.py:2648} INFO - Exporting env vars: AIRFLOW_CTX_DAG_OWNER='***' AIRFLOW_CTX_DAG_ID='main_pipeline' AIRFLOW_CTX_TASK_ID='train_compare' AIRFLOW_CTX_EXECUTION_DATE='2026-01-02T14:07:22.338250+00:00' AIRFLOW_CTX_TRY_NUMBER='1' AIRFLOW_CTX_DAG_RUN_ID='manual__2026-01-02T14:07:22.338250+00:00'
[2026-01-02T14:07:35.797+0000] {taskinstance.py:430} INFO - ::endgroup::
[2026-01-02T14:07:35.800+0000] {logging_mixin.py:188} INFO - No production models found, the training begins
[2026-01-02T14:07:35.801+0000] {python.py:237} INFO - Done. Returned value was: train_model
[2026-01-02T14:07:35.801+0000] {branch.py:36} INFO - Branch into train_model
[2026-01-02T14:07:35.802+0000] {skipmixin.py:178} INFO - Following branch train_model
[2026-01-02T14:07:35.882+0000] {skipmixin.py:246} INFO - Skipping tasks [('compare_distributions', -1)]
[2026-01-02T14:07:35.996+0000] {taskinstance.py:441} INFO - ::group::Post task execution logs
[2026-01-02T14:07:36.084+0000] {taskinstance.py:1206} INFO - Marking task as SUCCESS. dag_id=main_pipeline, task_id=train_compare, run_id=manual__2026-01-02T14:07:22.338250+00:00, execution_date=20260102T140722, start_date=20260102T140734, end_date=20260102T140736
[2026-01-02T14:07:36.208+0000] {local_task_job_runner.py:243} INFO - Task exited with return code 0
[2026-01-02T14:07:36.327+0000] {local_task_job_runner.py:222} INFO - ::endgroup::
