[2026-01-02T18:28:32.688+0000] {local_task_job_runner.py:120} INFO - ::group::Pre task execution logs
[2026-01-02T18:28:32.908+0000] {taskinstance.py:2076} INFO - Dependencies all met for dep_context=non-requeueable deps ti=<TaskInstance: main_pipeline.compare_distributions manual__2026-01-02T18:27:54.501282+00:00 [queued]>
[2026-01-02T18:28:32.971+0000] {taskinstance.py:2076} INFO - Dependencies all met for dep_context=requeueable deps ti=<TaskInstance: main_pipeline.compare_distributions manual__2026-01-02T18:27:54.501282+00:00 [queued]>
[2026-01-02T18:28:32.972+0000] {taskinstance.py:2306} INFO - Starting attempt 1 of 1
[2026-01-02T18:28:33.032+0000] {taskinstance.py:2330} INFO - Executing <Task(_PythonDecoratedOperator): compare_distributions> on 2026-01-02 18:27:54.501282+00:00
[2026-01-02T18:28:33.086+0000] {standard_task_runner.py:64} INFO - Started process 2362 to run task
[2026-01-02T18:28:33.105+0000] {standard_task_runner.py:90} INFO - Running: ['***', 'tasks', 'run', 'main_pipeline', 'compare_distributions', 'manual__2026-01-02T18:27:54.501282+00:00', '--job-id', '164', '--raw', '--subdir', 'DAGS_FOLDER/pipeline/main.py', '--cfg-path', '/tmp/tmpba1h59uh']
[2026-01-02T18:28:33.122+0000] {standard_task_runner.py:91} INFO - Job 164: Subtask compare_distributions
[2026-01-02T18:28:33.479+0000] {task_command.py:426} INFO - Running <TaskInstance: main_pipeline.compare_distributions manual__2026-01-02T18:27:54.501282+00:00 [running]> on host 634f416f74b0
[2026-01-02T18:28:34.319+0000] {taskinstance.py:2648} INFO - Exporting env vars: AIRFLOW_CTX_DAG_OWNER='***' AIRFLOW_CTX_DAG_ID='main_pipeline' AIRFLOW_CTX_TASK_ID='compare_distributions' AIRFLOW_CTX_EXECUTION_DATE='2026-01-02T18:27:54.501282+00:00' AIRFLOW_CTX_TRY_NUMBER='1' AIRFLOW_CTX_DAG_RUN_ID='manual__2026-01-02T18:27:54.501282+00:00'
[2026-01-02T18:28:34.324+0000] {taskinstance.py:430} INFO - ::endgroup::
[2026-01-02T18:28:34.416+0000] {logging_mixin.py:188} INFO - <Response [200]>
[2026-01-02T18:28:35.435+0000] {logging_mixin.py:188} INFO - {'data':       carat        cut color clarity  ...        price     x     y     z
0      0.72      Ideal     F     SI2  ...  2466.000000  5.74  5.79  3.52
1      0.40    Premium     G     SI1  ...   221.815429  4.68  4.74  2.95
2      0.70       Good     H    VVS2  ...   927.405753  5.61  5.67  3.57
3      0.32    Premium     J     VS2  ...  1397.997228  4.42  4.38  2.73
4      1.25    Premium     G     VS1  ...  9282.000000  7.01  6.93  4.23
...     ...        ...   ...     ...  ...          ...   ...   ...   ...
4995   0.52  Very Geod     D     VS1  ...  1320.000000  5.25  5.34  3.15
4996   0.77      Ideal     H     SI1  ...  2898.000000  5.92  5.81  3.67
4997   0.90    Premium     G     SI2  ...  3105.000000  6.11  6.03  3.79
4998   0.52    Premium     E     SI1  ...   701.305781  5.26  5.19  3.12
4999   0.24      Ideal     D    VVS2  ...   678.000000  4.05  4.08  2.48

[5000 rows x 10 columns], 'drift_info': {'carat': [0.22843292796376025, 0], 'depth': [0.999831361432055, 0], 'table': [0.6695697916331272, 0], 'x': [0.12578250865471502, 0], 'y': [0.13607530369737666, 0], 'z': [0.1948819240566366, 0], 'price': [0.0006009210570560124, 1], 'cut': [0.004263491152926206, 0], 'color': [0.12184692103197164, 1], 'clarity': [0.002704750530145443, 0]}}
[2026-01-02T18:28:35.436+0000] {python.py:237} INFO - Done. Returned value was: {'data':       carat        cut color clarity  ...        price     x     y     z
0      0.72      Ideal     F     SI2  ...  2466.000000  5.74  5.79  3.52
1      0.40    Premium     G     SI1  ...   221.815429  4.68  4.74  2.95
2      0.70       Good     H    VVS2  ...   927.405753  5.61  5.67  3.57
3      0.32    Premium     J     VS2  ...  1397.997228  4.42  4.38  2.73
4      1.25    Premium     G     VS1  ...  9282.000000  7.01  6.93  4.23
...     ...        ...   ...     ...  ...          ...   ...   ...   ...
4995   0.52  Very Geod     D     VS1  ...  1320.000000  5.25  5.34  3.15
4996   0.77      Ideal     H     SI1  ...  2898.000000  5.92  5.81  3.67
4997   0.90    Premium     G     SI2  ...  3105.000000  6.11  6.03  3.79
4998   0.52    Premium     E     SI1  ...   701.305781  5.26  5.19  3.12
4999   0.24      Ideal     D    VVS2  ...   678.000000  4.05  4.08  2.48

[5000 rows x 10 columns], 'drift_info': {'carat': [0.22843292796376025, 0], 'depth': [0.999831361432055, 0], 'table': [0.6695697916331272, 0], 'x': [0.12578250865471502, 0], 'y': [0.13607530369737666, 0], 'z': [0.1948819240566366, 0], 'price': [0.0006009210570560124, 1], 'cut': [0.004263491152926206, 0], 'color': [0.12184692103197164, 1], 'clarity': [0.002704750530145443, 0]}}
[2026-01-02T18:28:35.558+0000] {taskinstance.py:441} INFO - ::group::Post task execution logs
[2026-01-02T18:28:36.103+0000] {taskinstance.py:1206} INFO - Marking task as SUCCESS. dag_id=main_pipeline, task_id=compare_distributions, run_id=manual__2026-01-02T18:27:54.501282+00:00, execution_date=20260102T182754, start_date=20260102T182832, end_date=20260102T182836
[2026-01-02T18:28:36.288+0000] {local_task_job_runner.py:243} INFO - Task exited with return code 0
[2026-01-02T18:28:36.542+0000] {taskinstance.py:3503} INFO - 1 downstream tasks scheduled from follow-on schedule check
[2026-01-02T18:28:36.566+0000] {local_task_job_runner.py:222} INFO - ::endgroup::
