[2026-01-02T11:46:29.369+0000] {local_task_job_runner.py:120} INFO - ::group::Pre task execution logs
[2026-01-02T11:46:29.468+0000] {taskinstance.py:2076} INFO - Dependencies all met for dep_context=non-requeueable deps ti=<TaskInstance: main_pipeline.check_prod_model manual__2026-01-02T11:46:24.914386+00:00 [queued]>
[2026-01-02T11:46:29.484+0000] {taskinstance.py:2076} INFO - Dependencies all met for dep_context=requeueable deps ti=<TaskInstance: main_pipeline.check_prod_model manual__2026-01-02T11:46:24.914386+00:00 [queued]>
[2026-01-02T11:46:29.484+0000] {taskinstance.py:2306} INFO - Starting attempt 1 of 1
[2026-01-02T11:46:29.518+0000] {taskinstance.py:2330} INFO - Executing <Task(_PythonDecoratedOperator): check_prod_model> on 2026-01-02 11:46:24.914386+00:00
[2026-01-02T11:46:29.553+0000] {standard_task_runner.py:64} INFO - Started process 234 to run task
[2026-01-02T11:46:29.565+0000] {standard_task_runner.py:90} INFO - Running: ['***', 'tasks', 'run', 'main_pipeline', 'check_prod_model', 'manual__2026-01-02T11:46:24.914386+00:00', '--job-id', '36', '--raw', '--subdir', 'DAGS_FOLDER/pipeline/main.py', '--cfg-path', '/tmp/tmpud7pin1s']
[2026-01-02T11:46:29.570+0000] {standard_task_runner.py:91} INFO - Job 36: Subtask check_prod_model
[2026-01-02T11:46:29.780+0000] {task_command.py:426} INFO - Running <TaskInstance: main_pipeline.check_prod_model manual__2026-01-02T11:46:24.914386+00:00 [running]> on host b2cc83381b06
[2026-01-02T11:46:30.134+0000] {taskinstance.py:2648} INFO - Exporting env vars: AIRFLOW_CTX_DAG_OWNER='***' AIRFLOW_CTX_DAG_ID='main_pipeline' AIRFLOW_CTX_TASK_ID='check_prod_model' AIRFLOW_CTX_EXECUTION_DATE='2026-01-02T11:46:24.914386+00:00' AIRFLOW_CTX_TRY_NUMBER='1' AIRFLOW_CTX_DAG_RUN_ID='manual__2026-01-02T11:46:24.914386+00:00'
[2026-01-02T11:46:30.144+0000] {taskinstance.py:430} INFO - ::endgroup::
[2026-01-02T11:46:33.704+0000] {logging_mixin.py:188} WARNING - /home/***/.local/lib/python3.11/site-packages/pydantic/_internal/_fields.py:161 UserWarning: Field "model_server_url" has conflict with protected namespace "model_".

You may be able to resolve this warning by setting `model_config['protected_namespaces'] = ()`.
[2026-01-02T11:46:33.776+0000] {logging_mixin.py:188} WARNING - /home/***/.local/lib/python3.11/site-packages/pydantic/_internal/_config.py:341 UserWarning: Valid config keys have changed in V2:
* 'schema_extra' has been renamed to 'json_schema_extra'
[2026-01-02T11:46:35.026+0000] {logging_mixin.py:188} INFO - Production model not found
[2026-01-02T11:46:35.027+0000] {python.py:237} INFO - Done. Returned value was: {}
[2026-01-02T11:46:35.028+0000] {taskinstance.py:441} INFO - ::group::Post task execution logs
[2026-01-02T11:46:35.180+0000] {taskinstance.py:1206} INFO - Marking task as SUCCESS. dag_id=main_pipeline, task_id=check_prod_model, run_id=manual__2026-01-02T11:46:24.914386+00:00, execution_date=20260102T114624, start_date=20260102T114629, end_date=20260102T114635
[2026-01-02T11:46:35.347+0000] {local_task_job_runner.py:243} INFO - Task exited with return code 0
[2026-01-02T11:46:35.487+0000] {taskinstance.py:3503} INFO - 1 downstream tasks scheduled from follow-on schedule check
[2026-01-02T11:46:35.495+0000] {local_task_job_runner.py:222} INFO - ::endgroup::
