[2025-12-28T18:12:25.111+0000] {local_task_job_runner.py:120} INFO - ::group::Pre task execution logs
[2025-12-28T18:12:26.957+0000] {taskinstance.py:2076} INFO - Dependencies all met for dep_context=non-requeueable deps ti=<TaskInstance: data_distribution_comparison.handle_report manual__2025-12-28T18:10:06.298606+00:00 [queued]>
[2025-12-28T18:12:27.597+0000] {taskinstance.py:2076} INFO - Dependencies all met for dep_context=requeueable deps ti=<TaskInstance: data_distribution_comparison.handle_report manual__2025-12-28T18:10:06.298606+00:00 [queued]>
[2025-12-28T18:12:27.597+0000] {taskinstance.py:2306} INFO - Starting attempt 1 of 1
[2025-12-28T18:12:28.164+0000] {taskinstance.py:2330} INFO - Executing <Task(_PythonDecoratedOperator): handle_report> on 2025-12-28 18:10:06.298606+00:00
[2025-12-28T18:12:28.443+0000] {standard_task_runner.py:64} INFO - Started process 5193 to run task
[2025-12-28T18:12:28.500+0000] {standard_task_runner.py:90} INFO - Running: ['***', 'tasks', 'run', 'data_distribution_comparison', 'handle_report', 'manual__2025-12-28T18:10:06.298606+00:00', '--job-id', '46', '--raw', '--subdir', 'DAGS_FOLDER/dag_test/dag_test.py', '--cfg-path', '/tmp/tmpz4ee08cu']
[2025-12-28T18:12:28.638+0000] {standard_task_runner.py:91} INFO - Job 46: Subtask handle_report
[2025-12-28T18:12:29.780+0000] {task_command.py:426} INFO - Running <TaskInstance: data_distribution_comparison.handle_report manual__2025-12-28T18:10:06.298606+00:00 [running]> on host 72b76ef3d5d8
[2025-12-28T18:12:30.801+0000] {taskinstance.py:2648} INFO - Exporting env vars: AIRFLOW_CTX_DAG_OWNER='***' AIRFLOW_CTX_DAG_ID='data_distribution_comparison' AIRFLOW_CTX_TASK_ID='handle_report' AIRFLOW_CTX_EXECUTION_DATE='2025-12-28T18:10:06.298606+00:00' AIRFLOW_CTX_TRY_NUMBER='1' AIRFLOW_CTX_DAG_RUN_ID='manual__2025-12-28T18:10:06.298606+00:00'
[2025-12-28T18:12:30.824+0000] {taskinstance.py:430} INFO - ::endgroup::
[2025-12-28T18:13:26.690+0000] {logging_mixin.py:188} WARNING - /home/***/.local/lib/python3.11/site-packages/pydantic/_internal/_fields.py:161 UserWarning: Field "model_server_url" has conflict with protected namespace "model_".

You may be able to resolve this warning by setting `model_config['protected_namespaces'] = ()`.
[2025-12-28T18:13:26.719+0000] {logging_mixin.py:188} WARNING - /home/***/.local/lib/python3.11/site-packages/pydantic/_internal/_config.py:341 UserWarning: Valid config keys have changed in V2:
* 'schema_extra' has been renamed to 'json_schema_extra'
[2025-12-28T18:13:27.091+0000] {logging_mixin.py:188} INFO - Connected to MLFlow
[2025-12-28T18:13:29.875+0000] {logging_mixin.py:188} WARNING - 2025/12/28 18:13:29 WARNING mlflow.utils.git_utils: Failed to import Git (the Git executable is probably not on your PATH), so Git SHA is not available. Error: Failed to initialize: Bad git executable.
The git executable must be specified in one of the following ways:
    - be included in your $PATH
    - be set via $GIT_PYTHON_GIT_EXECUTABLE
    - explicitly set via git.refresh(<full-path-to-git-executable>)

All git commands will error until this is rectified.

This initial message can be silenced or aggravated in the future by setting the
$GIT_PYTHON_REFRESH environment variable. Use one of the following values:
    - quiet|q|silence|s|silent|none|n|0: for no message or exception
    - warn|w|warning|log|l|1: for a warning message (logging level CRITICAL, displayed by default)
    - error|e|exception|raise|r|2: for a raised exception

Example:
    export GIT_PYTHON_REFRESH=quiet
[2025-12-28T18:13:30.343+0000] {logging_mixin.py:188} INFO - No data drift detected
[2025-12-28T18:13:30.344+0000] {python.py:237} INFO - Done. Returned value was: {}
[2025-12-28T18:13:30.344+0000] {taskinstance.py:441} INFO - ::group::Post task execution logs
[2025-12-28T18:13:30.675+0000] {taskinstance.py:1206} INFO - Marking task as SUCCESS. dag_id=data_distribution_comparison, task_id=handle_report, run_id=manual__2025-12-28T18:10:06.298606+00:00, execution_date=20251228T181006, start_date=20251228T181226, end_date=20251228T181330
[2025-12-28T18:13:31.159+0000] {local_task_job_runner.py:243} INFO - Task exited with return code 0
[2025-12-28T18:13:31.322+0000] {taskinstance.py:3503} INFO - 0 downstream tasks scheduled from follow-on schedule check
[2025-12-28T18:13:31.333+0000] {local_task_job_runner.py:222} INFO - ::endgroup::
