[2026-01-03T15:15:43.607+0000] {local_task_job_runner.py:120} INFO - ::group::Pre task execution logs
[2026-01-03T15:15:43.758+0000] {taskinstance.py:2076} INFO - Dependencies all met for dep_context=non-requeueable deps ti=<TaskInstance: main_pipeline.compare_distributions manual__2026-01-03T15:15:20.574645+00:00 [queued]>
[2026-01-03T15:15:43.831+0000] {taskinstance.py:2076} INFO - Dependencies all met for dep_context=requeueable deps ti=<TaskInstance: main_pipeline.compare_distributions manual__2026-01-03T15:15:20.574645+00:00 [queued]>
[2026-01-03T15:15:43.832+0000] {taskinstance.py:2306} INFO - Starting attempt 1 of 1
[2026-01-03T15:15:43.950+0000] {taskinstance.py:2330} INFO - Executing <Task(_PythonDecoratedOperator): compare_distributions> on 2026-01-03 15:15:20.574645+00:00
[2026-01-03T15:15:44.054+0000] {standard_task_runner.py:64} INFO - Started process 6490 to run task
[2026-01-03T15:15:44.096+0000] {standard_task_runner.py:90} INFO - Running: ['***', 'tasks', 'run', 'main_pipeline', 'compare_distributions', 'manual__2026-01-03T15:15:20.574645+00:00', '--job-id', '283', '--raw', '--subdir', 'DAGS_FOLDER/pipeline/main.py', '--cfg-path', '/tmp/tmp664nfdpn']
[2026-01-03T15:15:44.114+0000] {standard_task_runner.py:91} INFO - Job 283: Subtask compare_distributions
[2026-01-03T15:15:44.541+0000] {task_command.py:426} INFO - Running <TaskInstance: main_pipeline.compare_distributions manual__2026-01-03T15:15:20.574645+00:00 [running]> on host 8574a19215f6
[2026-01-03T15:15:45.298+0000] {taskinstance.py:2648} INFO - Exporting env vars: AIRFLOW_CTX_DAG_OWNER='***' AIRFLOW_CTX_DAG_ID='main_pipeline' AIRFLOW_CTX_TASK_ID='compare_distributions' AIRFLOW_CTX_EXECUTION_DATE='2026-01-03T15:15:20.574645+00:00' AIRFLOW_CTX_TRY_NUMBER='1' AIRFLOW_CTX_DAG_RUN_ID='manual__2026-01-03T15:15:20.574645+00:00'
[2026-01-03T15:15:45.332+0000] {taskinstance.py:430} INFO - ::endgroup::
[2026-01-03T15:15:49.430+0000] {credentials.py:1147} INFO - Found credentials in environment variables.
[2026-01-03T15:15:50.167+0000] {logging_mixin.py:188} WARNING - Downloading artifacts:   0%|          | 0/1 [00:00<?, ?it/s]
[2026-01-03T15:15:50.169+0000] {logging_mixin.py:188} WARNING - Downloading artifacts: 100%|##########| 1/1 [00:00<00:00, 1727.47it/s]
[2026-01-03T15:15:50.170+0000] {logging_mixin.py:188} WARNING - Downloading artifacts: 100%|##########| 1/1 [00:00<00:00, 534.99it/s] 
[2026-01-03T15:15:50.191+0000] {logging_mixin.py:188} INFO - {"status":"updated","traffic":{"a":0.5,"b":0.5,"data_size":5000,"drift_cols":["price","color"]}}
[2026-01-03T15:15:51.207+0000] {logging_mixin.py:188} INFO - {'data':       carat      cut color clarity  depth  table        price     x     y     z
0      1.55  Premium     E     SI1   62.5   60.0  3672.440728  7.35  7.33  4.59
1      0.59    Ideal     H      IF   59.5   58.0  2551.000000  5.49  5.57  3.29
2      0.23    Ideal     E    VVS2   62.3   56.0   994.222407  3.95  4.01  2.48
3      0.51    Ideal     J     VS1   62.7   56.0  2703.024213  5.10  5.14  3.21
4      0.51     Good     F     SI1   64.0   58.0  1255.000000  5.03  5.06  3.23
...     ...      ...   ...     ...    ...    ...          ...   ...   ...   ...
4995   0.70  Premium     H     SI1   59.5   57.0   967.720712  5.81  5.79  3.45
4996   0.51    Ideal     H     SI1   61.6   56.0  1281.000000  5.19  5.14  3.18
4997   0.40    Ideal     F     VS2   62.9   56.0  1035.000000  4.72  4.69  2.96
4998   0.80    Ideal     G     SI2   62.5   55.0  2861.297063  5.89  5.92  3.69
4999   1.19    Ideal     H     SI1   63.7   57.0  5331.000000  6.73  6.69  4.28

[5000 rows x 10 columns], 'drift_info': {'carat': [0.47031866171164954, 0], 'depth': [0.2647948122905509, 0], 'table': [0.17109817091701798, 0], 'x': [0.3365837034738361, 0], 'y': [0.3683294082395326, 0], 'z': [0.29619918908429654, 0], 'price': [0.28593278344460615, 0], 'cut': [0.004022872282892074, 0], 'color': [0.005997528250394589, 0], 'clarity': [0.001961840066886555, 0]}}
[2026-01-03T15:15:51.208+0000] {python.py:237} INFO - Done. Returned value was: {'data':       carat      cut color clarity  depth  table        price     x     y     z
0      1.55  Premium     E     SI1   62.5   60.0  3672.440728  7.35  7.33  4.59
1      0.59    Ideal     H      IF   59.5   58.0  2551.000000  5.49  5.57  3.29
2      0.23    Ideal     E    VVS2   62.3   56.0   994.222407  3.95  4.01  2.48
3      0.51    Ideal     J     VS1   62.7   56.0  2703.024213  5.10  5.14  3.21
4      0.51     Good     F     SI1   64.0   58.0  1255.000000  5.03  5.06  3.23
...     ...      ...   ...     ...    ...    ...          ...   ...   ...   ...
4995   0.70  Premium     H     SI1   59.5   57.0   967.720712  5.81  5.79  3.45
4996   0.51    Ideal     H     SI1   61.6   56.0  1281.000000  5.19  5.14  3.18
4997   0.40    Ideal     F     VS2   62.9   56.0  1035.000000  4.72  4.69  2.96
4998   0.80    Ideal     G     SI2   62.5   55.0  2861.297063  5.89  5.92  3.69
4999   1.19    Ideal     H     SI1   63.7   57.0  5331.000000  6.73  6.69  4.28

[5000 rows x 10 columns], 'drift_info': {'carat': [0.47031866171164954, 0], 'depth': [0.2647948122905509, 0], 'table': [0.17109817091701798, 0], 'x': [0.3365837034738361, 0], 'y': [0.3683294082395326, 0], 'z': [0.29619918908429654, 0], 'price': [0.28593278344460615, 0], 'cut': [0.004022872282892074, 0], 'color': [0.005997528250394589, 0], 'clarity': [0.001961840066886555, 0]}}
[2026-01-03T15:15:51.239+0000] {taskinstance.py:441} INFO - ::group::Post task execution logs
[2026-01-03T15:15:51.602+0000] {taskinstance.py:1206} INFO - Marking task as SUCCESS. dag_id=main_pipeline, task_id=compare_distributions, run_id=manual__2026-01-03T15:15:20.574645+00:00, execution_date=20260103T151520, start_date=20260103T151543, end_date=20260103T151551
[2026-01-03T15:15:51.719+0000] {local_task_job_runner.py:243} INFO - Task exited with return code 0
[2026-01-03T15:15:51.787+0000] {taskinstance.py:3503} INFO - 1 downstream tasks scheduled from follow-on schedule check
[2026-01-03T15:15:51.794+0000] {local_task_job_runner.py:222} INFO - ::endgroup::
