[2026-01-02T12:33:28.183+0000] {local_task_job_runner.py:120} INFO - ::group::Pre task execution logs
[2026-01-02T12:33:28.311+0000] {taskinstance.py:2076} INFO - Dependencies all met for dep_context=non-requeueable deps ti=<TaskInstance: main_pipeline.set_initial_model manual__2026-01-02T12:32:10.499726+00:00 [queued]>
[2026-01-02T12:33:28.332+0000] {taskinstance.py:2076} INFO - Dependencies all met for dep_context=requeueable deps ti=<TaskInstance: main_pipeline.set_initial_model manual__2026-01-02T12:32:10.499726+00:00 [queued]>
[2026-01-02T12:33:28.333+0000] {taskinstance.py:2306} INFO - Starting attempt 1 of 1
[2026-01-02T12:33:28.372+0000] {taskinstance.py:2330} INFO - Executing <Task(_PythonDecoratedOperator): set_initial_model> on 2026-01-02 12:32:10.499726+00:00
[2026-01-02T12:33:28.403+0000] {standard_task_runner.py:64} INFO - Started process 4067 to run task
[2026-01-02T12:33:28.413+0000] {standard_task_runner.py:90} INFO - Running: ['***', 'tasks', 'run', 'main_pipeline', 'set_initial_model', 'manual__2026-01-02T12:32:10.499726+00:00', '--job-id', '62', '--raw', '--subdir', 'DAGS_FOLDER/pipeline/main.py', '--cfg-path', '/tmp/tmp75xzxqeu']
[2026-01-02T12:33:28.420+0000] {standard_task_runner.py:91} INFO - Job 62: Subtask set_initial_model
[2026-01-02T12:33:28.610+0000] {task_command.py:426} INFO - Running <TaskInstance: main_pipeline.set_initial_model manual__2026-01-02T12:32:10.499726+00:00 [running]> on host b2cc83381b06
[2026-01-02T12:33:28.997+0000] {taskinstance.py:2648} INFO - Exporting env vars: AIRFLOW_CTX_DAG_OWNER='***' AIRFLOW_CTX_DAG_ID='main_pipeline' AIRFLOW_CTX_TASK_ID='set_initial_model' AIRFLOW_CTX_EXECUTION_DATE='2026-01-02T12:32:10.499726+00:00' AIRFLOW_CTX_TRY_NUMBER='1' AIRFLOW_CTX_DAG_RUN_ID='manual__2026-01-02T12:32:10.499726+00:00'
[2026-01-02T12:33:29.006+0000] {taskinstance.py:430} INFO - ::endgroup::
[2026-01-02T12:33:31.011+0000] {logging_mixin.py:188} WARNING - /home/***/.local/lib/python3.11/site-packages/pydantic/_internal/_fields.py:161 UserWarning: Field "model_server_url" has conflict with protected namespace "model_".

You may be able to resolve this warning by setting `model_config['protected_namespaces'] = ()`.
[2026-01-02T12:33:31.044+0000] {logging_mixin.py:188} WARNING - /home/***/.local/lib/python3.11/site-packages/pydantic/_internal/_config.py:341 UserWarning: Valid config keys have changed in V2:
* 'schema_extra' has been renamed to 'json_schema_extra'
[2026-01-02T12:33:31.294+0000] {logging_mixin.py:188} INFO - cce660dd6106442bbfc17e1155b4f14e
[2026-01-02T12:33:31.445+0000] {logging_mixin.py:188} WARNING - Successfully registered model 'price_prediction'.
[2026-01-02T12:33:31.603+0000] {logging_mixin.py:188} WARNING - 2026/01/02 12:33:31 INFO mlflow.tracking._model_registry.client: Waiting up to 300 seconds for model version to finish creation. Model name: price_prediction, version 1
[2026-01-02T12:33:31.604+0000] {logging_mixin.py:188} WARNING - Created version '1' of model 'price_prediction'.
[2026-01-02T12:33:31.680+0000] {logging_mixin.py:188} INFO - !!!!!!!!!!!!!!!!!!!!!!!!!!!!!!!!!!!!!!!!!!!!!!!!!!
[2026-01-02T12:33:31.681+0000] {logging_mixin.py:188} INFO - [<ModelVersion: aliases=[], creation_timestamp=1767357211521, current_stage='None', description='', last_updated_timestamp=1767357211521, name='price_prediction', run_id='cce660dd6106442bbfc17e1155b4f14e', run_link='', source='s3://mlflow/1/cce660dd6106442bbfc17e1155b4f14e/artifacts/model', status='READY', status_message='', tags={}, user_id='', version='1'>]
[2026-01-02T12:33:31.682+0000] {logging_mixin.py:188} INFO - 1
[2026-01-02T12:33:31.682+0000] {logging_mixin.py:188} INFO - !!!!!!!!!!!!!!!!!!!!!!!!!!!!!!!!!!!!!!!!!!!!!!!!!!
[2026-01-02T12:33:31.773+0000] {logging_mixin.py:188} INFO - Initial production model was set!
[2026-01-02T12:33:31.774+0000] {python.py:237} INFO - Done. Returned value was: None
[2026-01-02T12:33:31.775+0000] {taskinstance.py:441} INFO - ::group::Post task execution logs
[2026-01-02T12:33:31.820+0000] {taskinstance.py:1206} INFO - Marking task as SUCCESS. dag_id=main_pipeline, task_id=set_initial_model, run_id=manual__2026-01-02T12:32:10.499726+00:00, execution_date=20260102T123210, start_date=20260102T123328, end_date=20260102T123331
[2026-01-02T12:33:31.927+0000] {local_task_job_runner.py:243} INFO - Task exited with return code 0
[2026-01-02T12:33:31.982+0000] {taskinstance.py:3503} INFO - 0 downstream tasks scheduled from follow-on schedule check
[2026-01-02T12:33:31.989+0000] {local_task_job_runner.py:222} INFO - ::endgroup::
