[2026-01-02T19:17:04.802+0000] {local_task_job_runner.py:120} INFO - ::group::Pre task execution logs
[2026-01-02T19:17:04.985+0000] {taskinstance.py:2076} INFO - Dependencies all met for dep_context=non-requeueable deps ti=<TaskInstance: main_pipeline.train_new_model manual__2026-01-02T19:16:01.778138+00:00 [queued]>
[2026-01-02T19:17:05.024+0000] {taskinstance.py:2076} INFO - Dependencies all met for dep_context=requeueable deps ti=<TaskInstance: main_pipeline.train_new_model manual__2026-01-02T19:16:01.778138+00:00 [queued]>
[2026-01-02T19:17:05.024+0000] {taskinstance.py:2306} INFO - Starting attempt 1 of 1
[2026-01-02T19:17:05.060+0000] {taskinstance.py:2330} INFO - Executing <Task(_PythonDecoratedOperator): train_new_model> on 2026-01-02 19:16:01.778138+00:00
[2026-01-02T19:17:05.096+0000] {standard_task_runner.py:64} INFO - Started process 2169 to run task
[2026-01-02T19:17:05.120+0000] {standard_task_runner.py:90} INFO - Running: ['***', 'tasks', 'run', 'main_pipeline', 'train_new_model', 'manual__2026-01-02T19:16:01.778138+00:00', '--job-id', '182', '--raw', '--subdir', 'DAGS_FOLDER/pipeline/main.py', '--cfg-path', '/tmp/tmp4qnrewlo']
[2026-01-02T19:17:05.130+0000] {standard_task_runner.py:91} INFO - Job 182: Subtask train_new_model
[2026-01-02T19:17:05.313+0000] {task_command.py:426} INFO - Running <TaskInstance: main_pipeline.train_new_model manual__2026-01-02T19:16:01.778138+00:00 [running]> on host e163b62ba314
[2026-01-02T19:17:05.953+0000] {taskinstance.py:2648} INFO - Exporting env vars: AIRFLOW_CTX_DAG_OWNER='***' AIRFLOW_CTX_DAG_ID='main_pipeline' AIRFLOW_CTX_TASK_ID='train_new_model' AIRFLOW_CTX_EXECUTION_DATE='2026-01-02T19:16:01.778138+00:00' AIRFLOW_CTX_TRY_NUMBER='1' AIRFLOW_CTX_DAG_RUN_ID='manual__2026-01-02T19:16:01.778138+00:00'
[2026-01-02T19:17:05.956+0000] {taskinstance.py:430} INFO - ::endgroup::
[2026-01-02T19:17:13.072+0000] {logging_mixin.py:188} WARNING - /home/***/.local/lib/python3.11/site-packages/pydantic/_internal/_fields.py:161 UserWarning: Field "model_server_url" has conflict with protected namespace "model_".

You may be able to resolve this warning by setting `model_config['protected_namespaces'] = ()`.
[2026-01-02T19:17:13.106+0000] {logging_mixin.py:188} WARNING - /home/***/.local/lib/python3.11/site-packages/pydantic/_internal/_config.py:341 UserWarning: Valid config keys have changed in V2:
* 'schema_extra' has been renamed to 'json_schema_extra'
[2026-01-02T19:17:32.591+0000] {logging_mixin.py:188} INFO -                     Description             Value
0                    Session id                42
1                        Target             price
2                   Target type        Regression
3           Original data shape        (5000, 10)
4        Transformed data shape        (5000, 28)
5   Transformed train set shape        (3500, 28)
6    Transformed test set shape        (1500, 28)
7              Numeric features                 6
8          Categorical features                 3
9                    Preprocess              True
10              Imputation type            simple
11           Numeric imputation              mean
12       Categorical imputation              mode
13     Maximum one-hot encoding                25
14              Encoding method              None
15                    Normalize              True
16             Normalize method            zscore
17               Fold Generator             KFold
18                  Fold Number                 5
19                     CPU Jobs                -1
20                      Use GPU             False
21               Log Experiment      MlflowLogger
22              Experiment Name  price_prediction
23                          USI              8930
[2026-01-02T19:17:33.468+0000] {logging_mixin.py:188} WARNING - 2026/01/02 19:17:33 WARNING mlflow.utils.git_utils: Failed to import Git (the Git executable is probably not on your PATH), so Git SHA is not available. Error: Failed to initialize: Bad git executable.
The git executable must be specified in one of the following ways:
    - be included in your $PATH
    - be set via $GIT_PYTHON_GIT_EXECUTABLE
    - explicitly set via git.refresh(<full-path-to-git-executable>)

All git commands will error until this is rectified.

This initial message can be silenced or aggravated in the future by setting the
$GIT_PYTHON_REFRESH environment variable. Use one of the following values:
    - quiet|q|silence|s|silent|none|n|0: for no message or exception
    - warn|w|warning|log|l|1: for a warning message (logging level CRITICAL, displayed by default)
    - error|e|exception|raise|r|2: for a raised exception

Example:
    export GIT_PYTHON_REFRESH=quiet
[2026-01-02T19:17:35.118+0000] {credentials.py:1147} INFO - Found credentials in environment variables.
[2026-01-02T19:17:35.774+0000] {logging_mixin.py:188} WARNING - Processing:   0%|          | 0/17 [00:00<?, ?it/s]
[2026-01-02T19:17:40.406+0000] {logging_mixin.py:188} WARNING - Processing:  29%|##9       | 5/17 [00:04<00:11,  1.08it/s]
[2026-01-02T19:17:41.301+0000] {logging_mixin.py:188} WARNING - Processing:  41%|####1     | 7/17 [00:05<00:07,  1.33it/s]
[2026-01-02T19:17:47.389+0000] {logging_mixin.py:188} WARNING - Processing:  53%|#####2    | 9/17 [00:11<00:12,  1.54s/it]
[2026-01-02T19:17:48.119+0000] {logging_mixin.py:188} WARNING - Processing:  65%|######4   | 11/17 [00:12<00:06,  1.15s/it]
[2026-01-02T19:18:00.081+0000] {logging_mixin.py:188} WARNING - Processing:  76%|#######6  | 13/17 [00:24<00:10,  2.69s/it]
[2026-01-02T19:18:00.721+0000] {logging_mixin.py:188} WARNING - Processing:  88%|########8 | 15/17 [00:24<00:03,  1.95s/it]
[2026-01-02T19:18:03.675+0000] {logging_mixin.py:188} WARNING - Processing: 100%|##########| 17/17 [00:27<00:00,  1.80s/it]
[2026-01-02T19:18:03.686+0000] {logging_mixin.py:188} WARNING -                                                            
[2026-01-02T19:18:08.189+0000] {font_manager.py:1333} WARNING - findfont: Generic family 'sans-serif' not found because none of the following families were found: Arial, Liberation Sans, Bitstream Vera Sans, sans-serif
[2026-01-02T19:18:08.219+0000] {font_manager.py:1333} WARNING - findfont: Generic family 'sans-serif' not found because none of the following families were found: Arial, Liberation Sans, Bitstream Vera Sans, sans-serif
[2026-01-02T19:18:08.222+0000] {font_manager.py:1333} WARNING - findfont: Generic family 'sans-serif' not found because none of the following families were found: Arial, Liberation Sans, Bitstream Vera Sans, sans-serif
[2026-01-02T19:18:08.231+0000] {font_manager.py:1333} WARNING - findfont: Generic family 'sans-serif' not found because none of the following families were found: Arial, Liberation Sans, Bitstream Vera Sans, sans-serif
[2026-01-02T19:18:08.233+0000] {font_manager.py:1333} WARNING - findfont: Generic family 'sans-serif' not found because none of the following families were found: Arial, Liberation Sans, Bitstream Vera Sans, sans-serif
[2026-01-02T19:18:08.237+0000] {font_manager.py:1333} WARNING - findfont: Generic family 'sans-serif' not found because none of the following families were found: Arial, Liberation Sans, Bitstream Vera Sans, sans-serif
[2026-01-02T19:18:08.240+0000] {font_manager.py:1333} WARNING - findfont: Generic family 'sans-serif' not found because none of the following families were found: Arial, Liberation Sans, Bitstream Vera Sans, sans-serif
[2026-01-02T19:18:08.247+0000] {font_manager.py:1333} WARNING - findfont: Generic family 'sans-serif' not found because none of the following families were found: Arial, Liberation Sans, Bitstream Vera Sans, sans-serif
[2026-01-02T19:18:08.252+0000] {font_manager.py:1333} WARNING - findfont: Generic family 'sans-serif' not found because none of the following families were found: Arial, Liberation Sans, Bitstream Vera Sans, sans-serif
[2026-01-02T19:18:08.270+0000] {font_manager.py:1333} WARNING - findfont: Generic family 'sans-serif' not found because none of the following families were found: Arial, Liberation Sans, Bitstream Vera Sans, sans-serif
[2026-01-02T19:18:08.273+0000] {font_manager.py:1333} WARNING - findfont: Generic family 'sans-serif' not found because none of the following families were found: Arial, Liberation Sans, Bitstream Vera Sans, sans-serif
[2026-01-02T19:18:08.275+0000] {font_manager.py:1333} WARNING - findfont: Generic family 'sans-serif' not found because none of the following families were found: Arial, Liberation Sans, Bitstream Vera Sans, sans-serif
[2026-01-02T19:18:08.277+0000] {font_manager.py:1333} WARNING - findfont: Generic family 'sans-serif' not found because none of the following families were found: Arial, Liberation Sans, Bitstream Vera Sans, sans-serif
[2026-01-02T19:18:08.367+0000] {font_manager.py:1333} WARNING - findfont: Generic family 'sans-serif' not found because none of the following families were found: Arial, Liberation Sans, Bitstream Vera Sans, sans-serif
[2026-01-02T19:18:08.370+0000] {font_manager.py:1333} WARNING - findfont: Generic family 'sans-serif' not found because none of the following families were found: Arial, Liberation Sans, Bitstream Vera Sans, sans-serif
[2026-01-02T19:18:08.408+0000] {font_manager.py:1333} WARNING - findfont: Generic family 'sans-serif' not found because none of the following families were found: Arial, Liberation Sans, Bitstream Vera Sans, sans-serif
[2026-01-02T19:18:08.564+0000] {font_manager.py:1333} WARNING - findfont: Generic family 'sans-serif' not found because none of the following families were found: Arial, Liberation Sans, Bitstream Vera Sans, sans-serif
[2026-01-02T19:18:08.566+0000] {font_manager.py:1400} WARNING - findfont: Font family ['sans-serif'] not found. Falling back to DejaVu Sans.
[2026-01-02T19:18:08.567+0000] {font_manager.py:1405} WARNING - findfont: Generic family 'sans-serif' not found because none of the following families were found: Arial, Liberation Sans, Bitstream Vera Sans, sans-serif
[2026-01-02T19:18:08.738+0000] {font_manager.py:1333} WARNING - findfont: Generic family 'sans-serif' not found because none of the following families were found: Arial, Liberation Sans, Bitstream Vera Sans, sans-serif
[2026-01-02T19:18:08.769+0000] {font_manager.py:1333} WARNING - findfont: Generic family 'sans-serif' not found because none of the following families were found: Arial, Liberation Sans, Bitstream Vera Sans, sans-serif
[2026-01-02T19:18:08.774+0000] {font_manager.py:1333} WARNING - findfont: Generic family 'sans-serif' not found because none of the following families were found: Arial, Liberation Sans, Bitstream Vera Sans, sans-serif
[2026-01-02T19:18:08.791+0000] {font_manager.py:1333} WARNING - findfont: Generic family 'sans-serif' not found because none of the following families were found: Arial, Liberation Sans, Bitstream Vera Sans, sans-serif
[2026-01-02T19:18:08.793+0000] {font_manager.py:1333} WARNING - findfont: Generic family 'sans-serif' not found because none of the following families were found: Arial, Liberation Sans, Bitstream Vera Sans, sans-serif
[2026-01-02T19:18:08.799+0000] {font_manager.py:1333} WARNING - findfont: Generic family 'sans-serif' not found because none of the following families were found: Arial, Liberation Sans, Bitstream Vera Sans, sans-serif
[2026-01-02T19:18:08.801+0000] {font_manager.py:1333} WARNING - findfont: Generic family 'sans-serif' not found because none of the following families were found: Arial, Liberation Sans, Bitstream Vera Sans, sans-serif
[2026-01-02T19:18:08.804+0000] {font_manager.py:1333} WARNING - findfont: Generic family 'sans-serif' not found because none of the following families were found: Arial, Liberation Sans, Bitstream Vera Sans, sans-serif
[2026-01-02T19:18:08.810+0000] {font_manager.py:1333} WARNING - findfont: Generic family 'sans-serif' not found because none of the following families were found: Arial, Liberation Sans, Bitstream Vera Sans, sans-serif
[2026-01-02T19:18:08.837+0000] {font_manager.py:1333} WARNING - findfont: Generic family 'sans-serif' not found because none of the following families were found: Arial, Liberation Sans, Bitstream Vera Sans, sans-serif
[2026-01-02T19:18:08.878+0000] {font_manager.py:1333} WARNING - findfont: Generic family 'sans-serif' not found because none of the following families were found: Arial, Liberation Sans, Bitstream Vera Sans, sans-serif
[2026-01-02T19:18:09.130+0000] {font_manager.py:1333} WARNING - findfont: Generic family 'sans-serif' not found because none of the following families were found: Arial, Liberation Sans, Bitstream Vera Sans, sans-serif
[2026-01-02T19:18:09.135+0000] {font_manager.py:1333} WARNING - findfont: Generic family 'sans-serif' not found because none of the following families were found: Arial, Liberation Sans, Bitstream Vera Sans, sans-serif
[2026-01-02T19:18:09.221+0000] {font_manager.py:1333} WARNING - findfont: Generic family 'sans-serif' not found because none of the following families were found: Arial, Liberation Sans, Bitstream Vera Sans, sans-serif
[2026-01-02T19:18:09.223+0000] {font_manager.py:1333} WARNING - findfont: Generic family 'sans-serif' not found because none of the following families were found: Arial, Liberation Sans, Bitstream Vera Sans, sans-serif
[2026-01-02T19:18:09.332+0000] {font_manager.py:1333} WARNING - findfont: Generic family 'sans-serif' not found because none of the following families were found: Arial, Liberation Sans, Bitstream Vera Sans, sans-serif
[2026-01-02T19:18:09.334+0000] {font_manager.py:1333} WARNING - findfont: Generic family 'sans-serif' not found because none of the following families were found: Arial, Liberation Sans, Bitstream Vera Sans, sans-serif
[2026-01-02T19:18:09.566+0000] {font_manager.py:1333} WARNING - findfont: Generic family 'sans-serif' not found because none of the following families were found: Arial, Liberation Sans, Bitstream Vera Sans, sans-serif
[2026-01-02T19:18:09.568+0000] {font_manager.py:1333} WARNING - findfont: Generic family 'sans-serif' not found because none of the following families were found: Arial, Liberation Sans, Bitstream Vera Sans, sans-serif
[2026-01-02T19:18:09.570+0000] {font_manager.py:1333} WARNING - findfont: Generic family 'sans-serif' not found because none of the following families were found: Arial, Liberation Sans, Bitstream Vera Sans, sans-serif
[2026-01-02T19:18:09.572+0000] {font_manager.py:1333} WARNING - findfont: Generic family 'sans-serif' not found because none of the following families were found: Arial, Liberation Sans, Bitstream Vera Sans, sans-serif
[2026-01-02T19:18:09.575+0000] {font_manager.py:1333} WARNING - findfont: Generic family 'sans-serif' not found because none of the following families were found: Arial, Liberation Sans, Bitstream Vera Sans, sans-serif
[2026-01-02T19:18:09.578+0000] {font_manager.py:1333} WARNING - findfont: Generic family 'sans-serif' not found because none of the following families were found: Arial, Liberation Sans, Bitstream Vera Sans, sans-serif
[2026-01-02T19:18:09.580+0000] {font_manager.py:1333} WARNING - findfont: Generic family 'sans-serif' not found because none of the following families were found: Arial, Liberation Sans, Bitstream Vera Sans, sans-serif
[2026-01-02T19:18:09.583+0000] {font_manager.py:1333} WARNING - findfont: Generic family 'sans-serif' not found because none of the following families were found: Arial, Liberation Sans, Bitstream Vera Sans, sans-serif
[2026-01-02T19:18:09.584+0000] {font_manager.py:1333} WARNING - findfont: Generic family 'sans-serif' not found because none of the following families were found: Arial, Liberation Sans, Bitstream Vera Sans, sans-serif
[2026-01-02T19:18:09.598+0000] {font_manager.py:1333} WARNING - findfont: Generic family 'sans-serif' not found because none of the following families were found: Arial, Liberation Sans, Bitstream Vera Sans, sans-serif
[2026-01-02T19:18:09.598+0000] {font_manager.py:1333} WARNING - findfont: Generic family 'sans-serif' not found because none of the following families were found: Arial, Liberation Sans, Bitstream Vera Sans, sans-serif
[2026-01-02T19:18:09.601+0000] {font_manager.py:1333} WARNING - findfont: Generic family 'sans-serif' not found because none of the following families were found: Arial, Liberation Sans, Bitstream Vera Sans, sans-serif
[2026-01-02T19:18:09.601+0000] {font_manager.py:1333} WARNING - findfont: Generic family 'sans-serif' not found because none of the following families were found: Arial, Liberation Sans, Bitstream Vera Sans, sans-serif
[2026-01-02T19:18:09.621+0000] {font_manager.py:1333} WARNING - findfont: Generic family 'sans-serif' not found because none of the following families were found: Arial, Liberation Sans, Bitstream Vera Sans, sans-serif
[2026-01-02T19:18:09.623+0000] {font_manager.py:1333} WARNING - findfont: Generic family 'sans-serif' not found because none of the following families were found: Arial, Liberation Sans, Bitstream Vera Sans, sans-serif
[2026-01-02T19:18:09.627+0000] {font_manager.py:1333} WARNING - findfont: Generic family 'sans-serif' not found because none of the following families were found: Arial, Liberation Sans, Bitstream Vera Sans, sans-serif
[2026-01-02T19:18:09.632+0000] {font_manager.py:1333} WARNING - findfont: Generic family 'sans-serif' not found because none of the following families were found: Arial, Liberation Sans, Bitstream Vera Sans, sans-serif
[2026-01-02T19:18:09.641+0000] {font_manager.py:1333} WARNING - findfont: Generic family 'sans-serif' not found because none of the following families were found: Arial, Liberation Sans, Bitstream Vera Sans, sans-serif
[2026-01-02T19:18:09.650+0000] {font_manager.py:1333} WARNING - findfont: Generic family 'sans-serif' not found because none of the following families were found: Arial, Liberation Sans, Bitstream Vera Sans, sans-serif
[2026-01-02T19:18:09.655+0000] {font_manager.py:1333} WARNING - findfont: Generic family 'sans-serif' not found because none of the following families were found: Arial, Liberation Sans, Bitstream Vera Sans, sans-serif
[2026-01-02T19:18:09.662+0000] {font_manager.py:1333} WARNING - findfont: Generic family 'sans-serif' not found because none of the following families were found: Arial, Liberation Sans, Bitstream Vera Sans, sans-serif
[2026-01-02T19:18:09.714+0000] {font_manager.py:1333} WARNING - findfont: Generic family 'sans-serif' not found because none of the following families were found: Arial, Liberation Sans, Bitstream Vera Sans, sans-serif
[2026-01-02T19:18:09.721+0000] {font_manager.py:1333} WARNING - findfont: Generic family 'sans-serif' not found because none of the following families were found: Arial, Liberation Sans, Bitstream Vera Sans, sans-serif
[2026-01-02T19:18:09.760+0000] {font_manager.py:1333} WARNING - findfont: Generic family 'sans-serif' not found because none of the following families were found: Arial, Liberation Sans, Bitstream Vera Sans, sans-serif
[2026-01-02T19:18:09.773+0000] {font_manager.py:1333} WARNING - findfont: Generic family 'sans-serif' not found because none of the following families were found: Arial, Liberation Sans, Bitstream Vera Sans, sans-serif
[2026-01-02T19:18:09.785+0000] {font_manager.py:1333} WARNING - findfont: Generic family 'sans-serif' not found because none of the following families were found: Arial, Liberation Sans, Bitstream Vera Sans, sans-serif
[2026-01-02T19:18:09.794+0000] {font_manager.py:1333} WARNING - findfont: Generic family 'sans-serif' not found because none of the following families were found: Arial, Liberation Sans, Bitstream Vera Sans, sans-serif
[2026-01-02T19:18:09.801+0000] {font_manager.py:1333} WARNING - findfont: Generic family 'sans-serif' not found because none of the following families were found: Arial, Liberation Sans, Bitstream Vera Sans, sans-serif
[2026-01-02T19:18:09.806+0000] {font_manager.py:1333} WARNING - findfont: Generic family 'sans-serif' not found because none of the following families were found: Arial, Liberation Sans, Bitstream Vera Sans, sans-serif
[2026-01-02T19:18:09.813+0000] {font_manager.py:1333} WARNING - findfont: Generic family 'sans-serif' not found because none of the following families were found: Arial, Liberation Sans, Bitstream Vera Sans, sans-serif
[2026-01-02T19:18:09.820+0000] {font_manager.py:1333} WARNING - findfont: Generic family 'sans-serif' not found because none of the following families were found: Arial, Liberation Sans, Bitstream Vera Sans, sans-serif
[2026-01-02T19:18:09.858+0000] {font_manager.py:1333} WARNING - findfont: Generic family 'sans-serif' not found because none of the following families were found: Arial, Liberation Sans, Bitstream Vera Sans, sans-serif
[2026-01-02T19:18:09.951+0000] {font_manager.py:1333} WARNING - findfont: Generic family 'sans-serif' not found because none of the following families were found: Arial, Liberation Sans, Bitstream Vera Sans, sans-serif
[2026-01-02T19:18:09.955+0000] {font_manager.py:1333} WARNING - findfont: Generic family 'sans-serif' not found because none of the following families were found: Arial, Liberation Sans, Bitstream Vera Sans, sans-serif
[2026-01-02T19:18:09.971+0000] {font_manager.py:1333} WARNING - findfont: Generic family 'sans-serif' not found because none of the following families were found: Arial, Liberation Sans, Bitstream Vera Sans, sans-serif
[2026-01-02T19:18:09.997+0000] {font_manager.py:1333} WARNING - findfont: Generic family 'sans-serif' not found because none of the following families were found: Arial, Liberation Sans, Bitstream Vera Sans, sans-serif
[2026-01-02T19:18:09.999+0000] {font_manager.py:1333} WARNING - findfont: Generic family 'sans-serif' not found because none of the following families were found: Arial, Liberation Sans, Bitstream Vera Sans, sans-serif
[2026-01-02T19:18:10.010+0000] {font_manager.py:1333} WARNING - findfont: Generic family 'sans-serif' not found because none of the following families were found: Arial, Liberation Sans, Bitstream Vera Sans, sans-serif
[2026-01-02T19:18:10.015+0000] {font_manager.py:1333} WARNING - findfont: Generic family 'sans-serif' not found because none of the following families were found: Arial, Liberation Sans, Bitstream Vera Sans, sans-serif
[2026-01-02T19:18:10.016+0000] {font_manager.py:1333} WARNING - findfont: Generic family 'sans-serif' not found because none of the following families were found: Arial, Liberation Sans, Bitstream Vera Sans, sans-serif
[2026-01-02T19:18:10.018+0000] {font_manager.py:1333} WARNING - findfont: Generic family 'sans-serif' not found because none of the following families were found: Arial, Liberation Sans, Bitstream Vera Sans, sans-serif
[2026-01-02T19:18:10.020+0000] {font_manager.py:1333} WARNING - findfont: Generic family 'sans-serif' not found because none of the following families were found: Arial, Liberation Sans, Bitstream Vera Sans, sans-serif
[2026-01-02T19:18:10.024+0000] {font_manager.py:1333} WARNING - findfont: Generic family 'sans-serif' not found because none of the following families were found: Arial, Liberation Sans, Bitstream Vera Sans, sans-serif
[2026-01-02T19:18:10.036+0000] {font_manager.py:1333} WARNING - findfont: Generic family 'sans-serif' not found because none of the following families were found: Arial, Liberation Sans, Bitstream Vera Sans, sans-serif
[2026-01-02T19:18:10.040+0000] {font_manager.py:1333} WARNING - findfont: Generic family 'sans-serif' not found because none of the following families were found: Arial, Liberation Sans, Bitstream Vera Sans, sans-serif
[2026-01-02T19:18:10.046+0000] {font_manager.py:1333} WARNING - findfont: Generic family 'sans-serif' not found because none of the following families were found: Arial, Liberation Sans, Bitstream Vera Sans, sans-serif
[2026-01-02T19:18:10.065+0000] {font_manager.py:1333} WARNING - findfont: Generic family 'sans-serif' not found because none of the following families were found: Arial, Liberation Sans, Bitstream Vera Sans, sans-serif
[2026-01-02T19:18:10.071+0000] {font_manager.py:1333} WARNING - findfont: Generic family 'sans-serif' not found because none of the following families were found: Arial, Liberation Sans, Bitstream Vera Sans, sans-serif
[2026-01-02T19:18:10.113+0000] {font_manager.py:1333} WARNING - findfont: Generic family 'sans-serif' not found because none of the following families were found: Arial, Liberation Sans, Bitstream Vera Sans, sans-serif
[2026-01-02T19:18:10.133+0000] {font_manager.py:1333} WARNING - findfont: Generic family 'sans-serif' not found because none of the following families were found: Arial, Liberation Sans, Bitstream Vera Sans, sans-serif
[2026-01-02T19:18:10.137+0000] {font_manager.py:1333} WARNING - findfont: Generic family 'sans-serif' not found because none of the following families were found: Arial, Liberation Sans, Bitstream Vera Sans, sans-serif
[2026-01-02T19:18:10.144+0000] {font_manager.py:1333} WARNING - findfont: Generic family 'sans-serif' not found because none of the following families were found: Arial, Liberation Sans, Bitstream Vera Sans, sans-serif
[2026-01-02T19:18:10.150+0000] {font_manager.py:1333} WARNING - findfont: Generic family 'sans-serif' not found because none of the following families were found: Arial, Liberation Sans, Bitstream Vera Sans, sans-serif
[2026-01-02T19:18:10.154+0000] {font_manager.py:1333} WARNING - findfont: Generic family 'sans-serif' not found because none of the following families were found: Arial, Liberation Sans, Bitstream Vera Sans, sans-serif
[2026-01-02T19:18:10.158+0000] {font_manager.py:1333} WARNING - findfont: Generic family 'sans-serif' not found because none of the following families were found: Arial, Liberation Sans, Bitstream Vera Sans, sans-serif
[2026-01-02T19:18:10.162+0000] {font_manager.py:1333} WARNING - findfont: Generic family 'sans-serif' not found because none of the following families were found: Arial, Liberation Sans, Bitstream Vera Sans, sans-serif
[2026-01-02T19:18:10.386+0000] {font_manager.py:1333} WARNING - findfont: Generic family 'sans-serif' not found because none of the following families were found: Arial, Liberation Sans, Bitstream Vera Sans, sans-serif
[2026-01-02T19:18:10.388+0000] {font_manager.py:1333} WARNING - findfont: Generic family 'sans-serif' not found because none of the following families were found: Arial, Liberation Sans, Bitstream Vera Sans, sans-serif
[2026-01-02T19:18:10.390+0000] {font_manager.py:1333} WARNING - findfont: Generic family 'sans-serif' not found because none of the following families were found: Arial, Liberation Sans, Bitstream Vera Sans, sans-serif
[2026-01-02T19:18:10.393+0000] {font_manager.py:1333} WARNING - findfont: Generic family 'sans-serif' not found because none of the following families were found: Arial, Liberation Sans, Bitstream Vera Sans, sans-serif
[2026-01-02T19:18:10.398+0000] {font_manager.py:1333} WARNING - findfont: Generic family 'sans-serif' not found because none of the following families were found: Arial, Liberation Sans, Bitstream Vera Sans, sans-serif
[2026-01-02T19:18:10.400+0000] {font_manager.py:1333} WARNING - findfont: Generic family 'sans-serif' not found because none of the following families were found: Arial, Liberation Sans, Bitstream Vera Sans, sans-serif
[2026-01-02T19:18:10.402+0000] {font_manager.py:1333} WARNING - findfont: Generic family 'sans-serif' not found because none of the following families were found: Arial, Liberation Sans, Bitstream Vera Sans, sans-serif
[2026-01-02T19:18:10.406+0000] {font_manager.py:1333} WARNING - findfont: Generic family 'sans-serif' not found because none of the following families were found: Arial, Liberation Sans, Bitstream Vera Sans, sans-serif
[2026-01-02T19:18:10.413+0000] {font_manager.py:1333} WARNING - findfont: Generic family 'sans-serif' not found because none of the following families were found: Arial, Liberation Sans, Bitstream Vera Sans, sans-serif
[2026-01-02T19:18:10.424+0000] {font_manager.py:1333} WARNING - findfont: Generic family 'sans-serif' not found because none of the following families were found: Arial, Liberation Sans, Bitstream Vera Sans, sans-serif
[2026-01-02T19:18:10.425+0000] {font_manager.py:1333} WARNING - findfont: Generic family 'sans-serif' not found because none of the following families were found: Arial, Liberation Sans, Bitstream Vera Sans, sans-serif
[2026-01-02T19:18:10.428+0000] {font_manager.py:1333} WARNING - findfont: Generic family 'sans-serif' not found because none of the following families were found: Arial, Liberation Sans, Bitstream Vera Sans, sans-serif
[2026-01-02T19:18:10.431+0000] {font_manager.py:1333} WARNING - findfont: Generic family 'sans-serif' not found because none of the following families were found: Arial, Liberation Sans, Bitstream Vera Sans, sans-serif
[2026-01-02T19:18:10.440+0000] {font_manager.py:1333} WARNING - findfont: Generic family 'sans-serif' not found because none of the following families were found: Arial, Liberation Sans, Bitstream Vera Sans, sans-serif
[2026-01-02T19:18:10.442+0000] {font_manager.py:1333} WARNING - findfont: Generic family 'sans-serif' not found because none of the following families were found: Arial, Liberation Sans, Bitstream Vera Sans, sans-serif
[2026-01-02T19:18:10.446+0000] {font_manager.py:1333} WARNING - findfont: Generic family 'sans-serif' not found because none of the following families were found: Arial, Liberation Sans, Bitstream Vera Sans, sans-serif
[2026-01-02T19:18:10.461+0000] {font_manager.py:1333} WARNING - findfont: Generic family 'sans-serif' not found because none of the following families were found: Arial, Liberation Sans, Bitstream Vera Sans, sans-serif
[2026-01-02T19:18:10.466+0000] {font_manager.py:1333} WARNING - findfont: Generic family 'sans-serif' not found because none of the following families were found: Arial, Liberation Sans, Bitstream Vera Sans, sans-serif
[2026-01-02T19:18:10.470+0000] {font_manager.py:1333} WARNING - findfont: Generic family 'sans-serif' not found because none of the following families were found: Arial, Liberation Sans, Bitstream Vera Sans, sans-serif
[2026-01-02T19:18:10.475+0000] {font_manager.py:1333} WARNING - findfont: Generic family 'sans-serif' not found because none of the following families were found: Arial, Liberation Sans, Bitstream Vera Sans, sans-serif
[2026-01-02T19:18:10.483+0000] {font_manager.py:1333} WARNING - findfont: Generic family 'sans-serif' not found because none of the following families were found: Arial, Liberation Sans, Bitstream Vera Sans, sans-serif
[2026-01-02T19:18:10.505+0000] {font_manager.py:1333} WARNING - findfont: Generic family 'sans-serif' not found because none of the following families were found: Arial, Liberation Sans, Bitstream Vera Sans, sans-serif
[2026-01-02T19:18:10.507+0000] {font_manager.py:1333} WARNING - findfont: Generic family 'sans-serif' not found because none of the following families were found: Arial, Liberation Sans, Bitstream Vera Sans, sans-serif
[2026-01-02T19:18:10.520+0000] {font_manager.py:1333} WARNING - findfont: Generic family 'sans-serif' not found because none of the following families were found: Arial, Liberation Sans, Bitstream Vera Sans, sans-serif
[2026-01-02T19:18:10.525+0000] {font_manager.py:1333} WARNING - findfont: Generic family 'sans-serif' not found because none of the following families were found: Arial, Liberation Sans, Bitstream Vera Sans, sans-serif
[2026-01-02T19:18:10.531+0000] {font_manager.py:1333} WARNING - findfont: Generic family 'sans-serif' not found because none of the following families were found: Arial, Liberation Sans, Bitstream Vera Sans, sans-serif
[2026-01-02T19:18:10.533+0000] {font_manager.py:1333} WARNING - findfont: Generic family 'sans-serif' not found because none of the following families were found: Arial, Liberation Sans, Bitstream Vera Sans, sans-serif
[2026-01-02T19:18:10.542+0000] {font_manager.py:1333} WARNING - findfont: Generic family 'sans-serif' not found because none of the following families were found: Arial, Liberation Sans, Bitstream Vera Sans, sans-serif
[2026-01-02T19:18:10.547+0000] {font_manager.py:1333} WARNING - findfont: Generic family 'sans-serif' not found because none of the following families were found: Arial, Liberation Sans, Bitstream Vera Sans, sans-serif
[2026-01-02T19:18:10.552+0000] {font_manager.py:1333} WARNING - findfont: Generic family 'sans-serif' not found because none of the following families were found: Arial, Liberation Sans, Bitstream Vera Sans, sans-serif
[2026-01-02T19:18:10.555+0000] {font_manager.py:1333} WARNING - findfont: Generic family 'sans-serif' not found because none of the following families were found: Arial, Liberation Sans, Bitstream Vera Sans, sans-serif
[2026-01-02T19:18:10.585+0000] {font_manager.py:1333} WARNING - findfont: Generic family 'sans-serif' not found because none of the following families were found: Arial, Liberation Sans, Bitstream Vera Sans, sans-serif
[2026-01-02T19:18:10.644+0000] {font_manager.py:1333} WARNING - findfont: Generic family 'sans-serif' not found because none of the following families were found: Arial, Liberation Sans, Bitstream Vera Sans, sans-serif
[2026-01-02T19:18:10.653+0000] {font_manager.py:1333} WARNING - findfont: Generic family 'sans-serif' not found because none of the following families were found: Arial, Liberation Sans, Bitstream Vera Sans, sans-serif
[2026-01-02T19:18:10.667+0000] {font_manager.py:1333} WARNING - findfont: Generic family 'sans-serif' not found because none of the following families were found: Arial, Liberation Sans, Bitstream Vera Sans, sans-serif
[2026-01-02T19:18:10.702+0000] {font_manager.py:1333} WARNING - findfont: Generic family 'sans-serif' not found because none of the following families were found: Arial, Liberation Sans, Bitstream Vera Sans, sans-serif
[2026-01-02T19:18:10.705+0000] {font_manager.py:1333} WARNING - findfont: Generic family 'sans-serif' not found because none of the following families were found: Arial, Liberation Sans, Bitstream Vera Sans, sans-serif
[2026-01-02T19:18:10.717+0000] {font_manager.py:1333} WARNING - findfont: Generic family 'sans-serif' not found because none of the following families were found: Arial, Liberation Sans, Bitstream Vera Sans, sans-serif
[2026-01-02T19:18:10.719+0000] {font_manager.py:1333} WARNING - findfont: Generic family 'sans-serif' not found because none of the following families were found: Arial, Liberation Sans, Bitstream Vera Sans, sans-serif
[2026-01-02T19:18:10.720+0000] {font_manager.py:1333} WARNING - findfont: Generic family 'sans-serif' not found because none of the following families were found: Arial, Liberation Sans, Bitstream Vera Sans, sans-serif
[2026-01-02T19:18:10.722+0000] {font_manager.py:1333} WARNING - findfont: Generic family 'sans-serif' not found because none of the following families were found: Arial, Liberation Sans, Bitstream Vera Sans, sans-serif
[2026-01-02T19:18:10.724+0000] {font_manager.py:1333} WARNING - findfont: Generic family 'sans-serif' not found because none of the following families were found: Arial, Liberation Sans, Bitstream Vera Sans, sans-serif
[2026-01-02T19:18:10.736+0000] {font_manager.py:1333} WARNING - findfont: Generic family 'sans-serif' not found because none of the following families were found: Arial, Liberation Sans, Bitstream Vera Sans, sans-serif
[2026-01-02T19:18:10.756+0000] {font_manager.py:1333} WARNING - findfont: Generic family 'sans-serif' not found because none of the following families were found: Arial, Liberation Sans, Bitstream Vera Sans, sans-serif
[2026-01-02T19:18:10.760+0000] {font_manager.py:1333} WARNING - findfont: Generic family 'sans-serif' not found because none of the following families were found: Arial, Liberation Sans, Bitstream Vera Sans, sans-serif
[2026-01-02T19:18:10.764+0000] {font_manager.py:1333} WARNING - findfont: Generic family 'sans-serif' not found because none of the following families were found: Arial, Liberation Sans, Bitstream Vera Sans, sans-serif
[2026-01-02T19:18:10.790+0000] {font_manager.py:1333} WARNING - findfont: Generic family 'sans-serif' not found because none of the following families were found: Arial, Liberation Sans, Bitstream Vera Sans, sans-serif
[2026-01-02T19:18:10.792+0000] {font_manager.py:1333} WARNING - findfont: Generic family 'sans-serif' not found because none of the following families were found: Arial, Liberation Sans, Bitstream Vera Sans, sans-serif
[2026-01-02T19:18:10.806+0000] {font_manager.py:1333} WARNING - findfont: Generic family 'sans-serif' not found because none of the following families were found: Arial, Liberation Sans, Bitstream Vera Sans, sans-serif
[2026-01-02T19:18:10.815+0000] {font_manager.py:1333} WARNING - findfont: Generic family 'sans-serif' not found because none of the following families were found: Arial, Liberation Sans, Bitstream Vera Sans, sans-serif
[2026-01-02T19:18:10.825+0000] {font_manager.py:1333} WARNING - findfont: Generic family 'sans-serif' not found because none of the following families were found: Arial, Liberation Sans, Bitstream Vera Sans, sans-serif
[2026-01-02T19:18:10.833+0000] {font_manager.py:1333} WARNING - findfont: Generic family 'sans-serif' not found because none of the following families were found: Arial, Liberation Sans, Bitstream Vera Sans, sans-serif
[2026-01-02T19:18:10.837+0000] {font_manager.py:1333} WARNING - findfont: Generic family 'sans-serif' not found because none of the following families were found: Arial, Liberation Sans, Bitstream Vera Sans, sans-serif
[2026-01-02T19:18:10.841+0000] {font_manager.py:1333} WARNING - findfont: Generic family 'sans-serif' not found because none of the following families were found: Arial, Liberation Sans, Bitstream Vera Sans, sans-serif
[2026-01-02T19:18:10.846+0000] {font_manager.py:1333} WARNING - findfont: Generic family 'sans-serif' not found because none of the following families were found: Arial, Liberation Sans, Bitstream Vera Sans, sans-serif
[2026-01-02T19:18:10.850+0000] {font_manager.py:1333} WARNING - findfont: Generic family 'sans-serif' not found because none of the following families were found: Arial, Liberation Sans, Bitstream Vera Sans, sans-serif
[2026-01-02T19:18:13.073+0000] {font_manager.py:1333} WARNING - findfont: Generic family 'sans-serif' not found because none of the following families were found: Arial, Liberation Sans, Bitstream Vera Sans, sans-serif
[2026-01-02T19:18:13.077+0000] {font_manager.py:1333} WARNING - findfont: Generic family 'sans-serif' not found because none of the following families were found: Arial, Liberation Sans, Bitstream Vera Sans, sans-serif
[2026-01-02T19:18:13.081+0000] {font_manager.py:1333} WARNING - findfont: Generic family 'sans-serif' not found because none of the following families were found: Arial, Liberation Sans, Bitstream Vera Sans, sans-serif
[2026-01-02T19:18:13.083+0000] {font_manager.py:1333} WARNING - findfont: Generic family 'sans-serif' not found because none of the following families were found: Arial, Liberation Sans, Bitstream Vera Sans, sans-serif
[2026-01-02T19:18:13.085+0000] {font_manager.py:1333} WARNING - findfont: Generic family 'sans-serif' not found because none of the following families were found: Arial, Liberation Sans, Bitstream Vera Sans, sans-serif
[2026-01-02T19:18:13.087+0000] {font_manager.py:1333} WARNING - findfont: Generic family 'sans-serif' not found because none of the following families were found: Arial, Liberation Sans, Bitstream Vera Sans, sans-serif
[2026-01-02T19:18:13.090+0000] {font_manager.py:1333} WARNING - findfont: Generic family 'sans-serif' not found because none of the following families were found: Arial, Liberation Sans, Bitstream Vera Sans, sans-serif
[2026-01-02T19:18:13.093+0000] {font_manager.py:1333} WARNING - findfont: Generic family 'sans-serif' not found because none of the following families were found: Arial, Liberation Sans, Bitstream Vera Sans, sans-serif
[2026-01-02T19:18:13.104+0000] {font_manager.py:1333} WARNING - findfont: Generic family 'sans-serif' not found because none of the following families were found: Arial, Liberation Sans, Bitstream Vera Sans, sans-serif
[2026-01-02T19:18:13.106+0000] {font_manager.py:1400} WARNING - findfont: Font family ['sans-serif'] not found. Falling back to DejaVu Sans.
[2026-01-02T19:18:13.107+0000] {font_manager.py:1405} WARNING - findfont: Generic family 'sans-serif' not found because none of the following families were found: Arial, Liberation Sans, Bitstream Vera Sans, sans-serif
[2026-01-02T19:18:13.115+0000] {font_manager.py:1333} WARNING - findfont: Generic family 'sans-serif' not found because none of the following families were found: Arial, Liberation Sans, Bitstream Vera Sans, sans-serif
[2026-01-02T19:18:13.117+0000] {font_manager.py:1333} WARNING - findfont: Generic family 'sans-serif' not found because none of the following families were found: Arial, Liberation Sans, Bitstream Vera Sans, sans-serif
[2026-01-02T19:18:13.354+0000] {font_manager.py:1333} WARNING - findfont: Generic family 'sans-serif' not found because none of the following families were found: Arial, Liberation Sans, Bitstream Vera Sans, sans-serif
[2026-01-02T19:18:13.371+0000] {font_manager.py:1333} WARNING - findfont: Generic family 'sans-serif' not found because none of the following families were found: Arial, Liberation Sans, Bitstream Vera Sans, sans-serif
[2026-01-02T19:18:13.375+0000] {font_manager.py:1333} WARNING - findfont: Generic family 'sans-serif' not found because none of the following families were found: Arial, Liberation Sans, Bitstream Vera Sans, sans-serif
[2026-01-02T19:18:13.378+0000] {font_manager.py:1333} WARNING - findfont: Generic family 'sans-serif' not found because none of the following families were found: Arial, Liberation Sans, Bitstream Vera Sans, sans-serif
[2026-01-02T19:18:13.379+0000] {font_manager.py:1333} WARNING - findfont: Generic family 'sans-serif' not found because none of the following families were found: Arial, Liberation Sans, Bitstream Vera Sans, sans-serif
[2026-01-02T19:18:13.391+0000] {font_manager.py:1333} WARNING - findfont: Generic family 'sans-serif' not found because none of the following families were found: Arial, Liberation Sans, Bitstream Vera Sans, sans-serif
[2026-01-02T19:18:13.394+0000] {font_manager.py:1333} WARNING - findfont: Generic family 'sans-serif' not found because none of the following families were found: Arial, Liberation Sans, Bitstream Vera Sans, sans-serif
[2026-01-02T19:18:13.395+0000] {font_manager.py:1333} WARNING - findfont: Generic family 'sans-serif' not found because none of the following families were found: Arial, Liberation Sans, Bitstream Vera Sans, sans-serif
[2026-01-02T19:18:13.404+0000] {font_manager.py:1333} WARNING - findfont: Generic family 'sans-serif' not found because none of the following families were found: Arial, Liberation Sans, Bitstream Vera Sans, sans-serif
[2026-01-02T19:18:13.405+0000] {font_manager.py:1333} WARNING - findfont: Generic family 'sans-serif' not found because none of the following families were found: Arial, Liberation Sans, Bitstream Vera Sans, sans-serif
[2026-01-02T19:18:13.408+0000] {font_manager.py:1333} WARNING - findfont: Generic family 'sans-serif' not found because none of the following families were found: Arial, Liberation Sans, Bitstream Vera Sans, sans-serif
[2026-01-02T19:18:13.412+0000] {font_manager.py:1333} WARNING - findfont: Generic family 'sans-serif' not found because none of the following families were found: Arial, Liberation Sans, Bitstream Vera Sans, sans-serif
[2026-01-02T19:18:13.413+0000] {font_manager.py:1333} WARNING - findfont: Generic family 'sans-serif' not found because none of the following families were found: Arial, Liberation Sans, Bitstream Vera Sans, sans-serif
[2026-01-02T19:18:13.415+0000] {font_manager.py:1333} WARNING - findfont: Generic family 'sans-serif' not found because none of the following families were found: Arial, Liberation Sans, Bitstream Vera Sans, sans-serif
[2026-01-02T19:18:13.418+0000] {font_manager.py:1333} WARNING - findfont: Generic family 'sans-serif' not found because none of the following families were found: Arial, Liberation Sans, Bitstream Vera Sans, sans-serif
[2026-01-02T19:18:13.427+0000] {font_manager.py:1333} WARNING - findfont: Generic family 'sans-serif' not found because none of the following families were found: Arial, Liberation Sans, Bitstream Vera Sans, sans-serif
[2026-01-02T19:18:13.431+0000] {font_manager.py:1333} WARNING - findfont: Generic family 'sans-serif' not found because none of the following families were found: Arial, Liberation Sans, Bitstream Vera Sans, sans-serif
[2026-01-02T19:18:13.527+0000] {font_manager.py:1333} WARNING - findfont: Generic family 'sans-serif' not found because none of the following families were found: Arial, Liberation Sans, Bitstream Vera Sans, sans-serif
[2026-01-02T19:18:13.530+0000] {font_manager.py:1333} WARNING - findfont: Generic family 'sans-serif' not found because none of the following families were found: Arial, Liberation Sans, Bitstream Vera Sans, sans-serif
[2026-01-02T19:18:13.534+0000] {font_manager.py:1333} WARNING - findfont: Generic family 'sans-serif' not found because none of the following families were found: Arial, Liberation Sans, Bitstream Vera Sans, sans-serif
[2026-01-02T19:18:13.555+0000] {font_manager.py:1333} WARNING - findfont: Generic family 'sans-serif' not found because none of the following families were found: Arial, Liberation Sans, Bitstream Vera Sans, sans-serif
[2026-01-02T19:18:13.561+0000] {font_manager.py:1333} WARNING - findfont: Generic family 'sans-serif' not found because none of the following families were found: Arial, Liberation Sans, Bitstream Vera Sans, sans-serif
[2026-01-02T19:18:13.563+0000] {font_manager.py:1333} WARNING - findfont: Generic family 'sans-serif' not found because none of the following families were found: Arial, Liberation Sans, Bitstream Vera Sans, sans-serif
[2026-01-02T19:18:13.652+0000] {font_manager.py:1333} WARNING - findfont: Generic family 'sans-serif' not found because none of the following families were found: Arial, Liberation Sans, Bitstream Vera Sans, sans-serif
[2026-01-02T19:18:13.654+0000] {font_manager.py:1333} WARNING - findfont: Generic family 'sans-serif' not found because none of the following families were found: Arial, Liberation Sans, Bitstream Vera Sans, sans-serif
[2026-01-02T19:18:13.655+0000] {font_manager.py:1333} WARNING - findfont: Generic family 'sans-serif' not found because none of the following families were found: Arial, Liberation Sans, Bitstream Vera Sans, sans-serif
[2026-01-02T19:18:13.681+0000] {font_manager.py:1333} WARNING - findfont: Generic family 'sans-serif' not found because none of the following families were found: Arial, Liberation Sans, Bitstream Vera Sans, sans-serif
[2026-01-02T19:18:13.682+0000] {font_manager.py:1333} WARNING - findfont: Generic family 'sans-serif' not found because none of the following families were found: Arial, Liberation Sans, Bitstream Vera Sans, sans-serif
[2026-01-02T19:18:13.683+0000] {font_manager.py:1333} WARNING - findfont: Generic family 'sans-serif' not found because none of the following families were found: Arial, Liberation Sans, Bitstream Vera Sans, sans-serif
[2026-01-02T19:18:13.685+0000] {font_manager.py:1333} WARNING - findfont: Generic family 'sans-serif' not found because none of the following families were found: Arial, Liberation Sans, Bitstream Vera Sans, sans-serif
[2026-01-02T19:18:13.687+0000] {font_manager.py:1333} WARNING - findfont: Generic family 'sans-serif' not found because none of the following families were found: Arial, Liberation Sans, Bitstream Vera Sans, sans-serif
[2026-01-02T19:18:13.688+0000] {font_manager.py:1333} WARNING - findfont: Generic family 'sans-serif' not found because none of the following families were found: Arial, Liberation Sans, Bitstream Vera Sans, sans-serif
[2026-01-02T19:18:13.689+0000] {font_manager.py:1333} WARNING - findfont: Generic family 'sans-serif' not found because none of the following families were found: Arial, Liberation Sans, Bitstream Vera Sans, sans-serif
[2026-01-02T19:18:13.689+0000] {font_manager.py:1333} WARNING - findfont: Generic family 'sans-serif' not found because none of the following families were found: Arial, Liberation Sans, Bitstream Vera Sans, sans-serif
[2026-01-02T19:18:13.707+0000] {font_manager.py:1333} WARNING - findfont: Generic family 'sans-serif' not found because none of the following families were found: Arial, Liberation Sans, Bitstream Vera Sans, sans-serif
[2026-01-02T19:18:13.717+0000] {font_manager.py:1333} WARNING - findfont: Generic family 'sans-serif' not found because none of the following families were found: Arial, Liberation Sans, Bitstream Vera Sans, sans-serif
[2026-01-02T19:18:13.718+0000] {font_manager.py:1333} WARNING - findfont: Generic family 'sans-serif' not found because none of the following families were found: Arial, Liberation Sans, Bitstream Vera Sans, sans-serif
[2026-01-02T19:18:13.734+0000] {font_manager.py:1333} WARNING - findfont: Generic family 'sans-serif' not found because none of the following families were found: Arial, Liberation Sans, Bitstream Vera Sans, sans-serif
[2026-01-02T19:18:13.737+0000] {font_manager.py:1333} WARNING - findfont: Generic family 'sans-serif' not found because none of the following families were found: Arial, Liberation Sans, Bitstream Vera Sans, sans-serif
[2026-01-02T19:18:13.745+0000] {font_manager.py:1333} WARNING - findfont: Generic family 'sans-serif' not found because none of the following families were found: Arial, Liberation Sans, Bitstream Vera Sans, sans-serif
[2026-01-02T19:18:13.749+0000] {font_manager.py:1333} WARNING - findfont: Generic family 'sans-serif' not found because none of the following families were found: Arial, Liberation Sans, Bitstream Vera Sans, sans-serif
[2026-01-02T19:18:13.752+0000] {font_manager.py:1333} WARNING - findfont: Generic family 'sans-serif' not found because none of the following families were found: Arial, Liberation Sans, Bitstream Vera Sans, sans-serif
[2026-01-02T19:18:13.755+0000] {font_manager.py:1333} WARNING - findfont: Generic family 'sans-serif' not found because none of the following families were found: Arial, Liberation Sans, Bitstream Vera Sans, sans-serif
[2026-01-02T19:18:13.759+0000] {font_manager.py:1333} WARNING - findfont: Generic family 'sans-serif' not found because none of the following families were found: Arial, Liberation Sans, Bitstream Vera Sans, sans-serif
[2026-01-02T19:18:13.815+0000] {font_manager.py:1333} WARNING - findfont: Generic family 'sans-serif' not found because none of the following families were found: Arial, Liberation Sans, Bitstream Vera Sans, sans-serif
[2026-01-02T19:18:13.821+0000] {font_manager.py:1333} WARNING - findfont: Generic family 'sans-serif' not found because none of the following families were found: Arial, Liberation Sans, Bitstream Vera Sans, sans-serif
[2026-01-02T19:18:13.829+0000] {font_manager.py:1333} WARNING - findfont: Generic family 'sans-serif' not found because none of the following families were found: Arial, Liberation Sans, Bitstream Vera Sans, sans-serif
[2026-01-02T19:18:13.833+0000] {font_manager.py:1333} WARNING - findfont: Generic family 'sans-serif' not found because none of the following families were found: Arial, Liberation Sans, Bitstream Vera Sans, sans-serif
[2026-01-02T19:18:13.836+0000] {font_manager.py:1333} WARNING - findfont: Generic family 'sans-serif' not found because none of the following families were found: Arial, Liberation Sans, Bitstream Vera Sans, sans-serif
[2026-01-02T19:18:13.842+0000] {font_manager.py:1333} WARNING - findfont: Generic family 'sans-serif' not found because none of the following families were found: Arial, Liberation Sans, Bitstream Vera Sans, sans-serif
[2026-01-02T19:18:13.846+0000] {font_manager.py:1333} WARNING - findfont: Generic family 'sans-serif' not found because none of the following families were found: Arial, Liberation Sans, Bitstream Vera Sans, sans-serif
[2026-01-02T19:18:13.901+0000] {font_manager.py:1333} WARNING - findfont: Generic family 'sans-serif' not found because none of the following families were found: Arial, Liberation Sans, Bitstream Vera Sans, sans-serif
[2026-01-02T19:18:13.905+0000] {font_manager.py:1333} WARNING - findfont: Generic family 'sans-serif' not found because none of the following families were found: Arial, Liberation Sans, Bitstream Vera Sans, sans-serif
[2026-01-02T19:18:13.918+0000] {font_manager.py:1333} WARNING - findfont: Generic family 'sans-serif' not found because none of the following families were found: Arial, Liberation Sans, Bitstream Vera Sans, sans-serif
[2026-01-02T19:18:13.919+0000] {font_manager.py:1333} WARNING - findfont: Generic family 'sans-serif' not found because none of the following families were found: Arial, Liberation Sans, Bitstream Vera Sans, sans-serif
[2026-01-02T19:18:13.921+0000] {font_manager.py:1333} WARNING - findfont: Generic family 'sans-serif' not found because none of the following families were found: Arial, Liberation Sans, Bitstream Vera Sans, sans-serif
[2026-01-02T19:18:13.922+0000] {font_manager.py:1333} WARNING - findfont: Generic family 'sans-serif' not found because none of the following families were found: Arial, Liberation Sans, Bitstream Vera Sans, sans-serif
[2026-01-02T19:18:13.937+0000] {font_manager.py:1333} WARNING - findfont: Generic family 'sans-serif' not found because none of the following families were found: Arial, Liberation Sans, Bitstream Vera Sans, sans-serif
[2026-01-02T19:18:13.940+0000] {font_manager.py:1333} WARNING - findfont: Generic family 'sans-serif' not found because none of the following families were found: Arial, Liberation Sans, Bitstream Vera Sans, sans-serif
[2026-01-02T19:18:13.942+0000] {font_manager.py:1333} WARNING - findfont: Generic family 'sans-serif' not found because none of the following families were found: Arial, Liberation Sans, Bitstream Vera Sans, sans-serif
[2026-01-02T19:18:13.951+0000] {font_manager.py:1333} WARNING - findfont: Generic family 'sans-serif' not found because none of the following families were found: Arial, Liberation Sans, Bitstream Vera Sans, sans-serif
[2026-01-02T19:18:13.953+0000] {font_manager.py:1333} WARNING - findfont: Generic family 'sans-serif' not found because none of the following families were found: Arial, Liberation Sans, Bitstream Vera Sans, sans-serif
[2026-01-02T19:18:13.955+0000] {font_manager.py:1333} WARNING - findfont: Generic family 'sans-serif' not found because none of the following families were found: Arial, Liberation Sans, Bitstream Vera Sans, sans-serif
[2026-01-02T19:18:13.956+0000] {font_manager.py:1333} WARNING - findfont: Generic family 'sans-serif' not found because none of the following families were found: Arial, Liberation Sans, Bitstream Vera Sans, sans-serif
[2026-01-02T19:18:13.957+0000] {font_manager.py:1333} WARNING - findfont: Generic family 'sans-serif' not found because none of the following families were found: Arial, Liberation Sans, Bitstream Vera Sans, sans-serif
[2026-01-02T19:18:13.959+0000] {font_manager.py:1333} WARNING - findfont: Generic family 'sans-serif' not found because none of the following families were found: Arial, Liberation Sans, Bitstream Vera Sans, sans-serif
[2026-01-02T19:18:13.960+0000] {font_manager.py:1333} WARNING - findfont: Generic family 'sans-serif' not found because none of the following families were found: Arial, Liberation Sans, Bitstream Vera Sans, sans-serif
[2026-01-02T19:18:13.970+0000] {font_manager.py:1333} WARNING - findfont: Generic family 'sans-serif' not found because none of the following families were found: Arial, Liberation Sans, Bitstream Vera Sans, sans-serif
[2026-01-02T19:18:13.979+0000] {font_manager.py:1333} WARNING - findfont: Generic family 'sans-serif' not found because none of the following families were found: Arial, Liberation Sans, Bitstream Vera Sans, sans-serif
[2026-01-02T19:18:13.984+0000] {font_manager.py:1333} WARNING - findfont: Generic family 'sans-serif' not found because none of the following families were found: Arial, Liberation Sans, Bitstream Vera Sans, sans-serif
[2026-01-02T19:18:13.987+0000] {font_manager.py:1333} WARNING - findfont: Generic family 'sans-serif' not found because none of the following families were found: Arial, Liberation Sans, Bitstream Vera Sans, sans-serif
[2026-01-02T19:18:14.033+0000] {font_manager.py:1333} WARNING - findfont: Generic family 'sans-serif' not found because none of the following families were found: Arial, Liberation Sans, Bitstream Vera Sans, sans-serif
[2026-01-02T19:18:14.034+0000] {font_manager.py:1333} WARNING - findfont: Generic family 'sans-serif' not found because none of the following families were found: Arial, Liberation Sans, Bitstream Vera Sans, sans-serif
[2026-01-02T19:18:14.036+0000] {font_manager.py:1333} WARNING - findfont: Generic family 'sans-serif' not found because none of the following families were found: Arial, Liberation Sans, Bitstream Vera Sans, sans-serif
[2026-01-02T19:18:14.037+0000] {font_manager.py:1333} WARNING - findfont: Generic family 'sans-serif' not found because none of the following families were found: Arial, Liberation Sans, Bitstream Vera Sans, sans-serif
[2026-01-02T19:18:14.038+0000] {font_manager.py:1333} WARNING - findfont: Generic family 'sans-serif' not found because none of the following families were found: Arial, Liberation Sans, Bitstream Vera Sans, sans-serif
[2026-01-02T19:18:14.041+0000] {font_manager.py:1333} WARNING - findfont: Generic family 'sans-serif' not found because none of the following families were found: Arial, Liberation Sans, Bitstream Vera Sans, sans-serif
[2026-01-02T19:18:14.044+0000] {font_manager.py:1333} WARNING - findfont: Generic family 'sans-serif' not found because none of the following families were found: Arial, Liberation Sans, Bitstream Vera Sans, sans-serif
[2026-01-02T19:18:14.046+0000] {font_manager.py:1333} WARNING - findfont: Generic family 'sans-serif' not found because none of the following families were found: Arial, Liberation Sans, Bitstream Vera Sans, sans-serif
[2026-01-02T19:18:14.055+0000] {font_manager.py:1333} WARNING - findfont: Generic family 'sans-serif' not found because none of the following families were found: Arial, Liberation Sans, Bitstream Vera Sans, sans-serif
[2026-01-02T19:18:14.065+0000] {font_manager.py:1333} WARNING - findfont: Generic family 'sans-serif' not found because none of the following families were found: Arial, Liberation Sans, Bitstream Vera Sans, sans-serif
[2026-01-02T19:18:14.066+0000] {font_manager.py:1333} WARNING - findfont: Generic family 'sans-serif' not found because none of the following families were found: Arial, Liberation Sans, Bitstream Vera Sans, sans-serif
[2026-01-02T19:18:14.080+0000] {font_manager.py:1333} WARNING - findfont: Generic family 'sans-serif' not found because none of the following families were found: Arial, Liberation Sans, Bitstream Vera Sans, sans-serif
[2026-01-02T19:18:14.085+0000] {font_manager.py:1333} WARNING - findfont: Generic family 'sans-serif' not found because none of the following families were found: Arial, Liberation Sans, Bitstream Vera Sans, sans-serif
[2026-01-02T19:18:14.089+0000] {font_manager.py:1333} WARNING - findfont: Generic family 'sans-serif' not found because none of the following families were found: Arial, Liberation Sans, Bitstream Vera Sans, sans-serif
[2026-01-02T19:18:14.094+0000] {font_manager.py:1333} WARNING - findfont: Generic family 'sans-serif' not found because none of the following families were found: Arial, Liberation Sans, Bitstream Vera Sans, sans-serif
[2026-01-02T19:18:14.099+0000] {font_manager.py:1333} WARNING - findfont: Generic family 'sans-serif' not found because none of the following families were found: Arial, Liberation Sans, Bitstream Vera Sans, sans-serif
[2026-01-02T19:18:14.105+0000] {font_manager.py:1333} WARNING - findfont: Generic family 'sans-serif' not found because none of the following families were found: Arial, Liberation Sans, Bitstream Vera Sans, sans-serif
[2026-01-02T19:18:14.110+0000] {font_manager.py:1333} WARNING - findfont: Generic family 'sans-serif' not found because none of the following families were found: Arial, Liberation Sans, Bitstream Vera Sans, sans-serif
[2026-01-02T19:18:14.166+0000] {font_manager.py:1333} WARNING - findfont: Generic family 'sans-serif' not found because none of the following families were found: Arial, Liberation Sans, Bitstream Vera Sans, sans-serif
[2026-01-02T19:18:14.172+0000] {font_manager.py:1333} WARNING - findfont: Generic family 'sans-serif' not found because none of the following families were found: Arial, Liberation Sans, Bitstream Vera Sans, sans-serif
[2026-01-02T19:18:14.179+0000] {font_manager.py:1333} WARNING - findfont: Generic family 'sans-serif' not found because none of the following families were found: Arial, Liberation Sans, Bitstream Vera Sans, sans-serif
[2026-01-02T19:18:14.182+0000] {font_manager.py:1333} WARNING - findfont: Generic family 'sans-serif' not found because none of the following families were found: Arial, Liberation Sans, Bitstream Vera Sans, sans-serif
[2026-01-02T19:18:14.185+0000] {font_manager.py:1333} WARNING - findfont: Generic family 'sans-serif' not found because none of the following families were found: Arial, Liberation Sans, Bitstream Vera Sans, sans-serif
[2026-01-02T19:18:14.192+0000] {font_manager.py:1333} WARNING - findfont: Generic family 'sans-serif' not found because none of the following families were found: Arial, Liberation Sans, Bitstream Vera Sans, sans-serif
[2026-01-02T19:18:14.196+0000] {font_manager.py:1333} WARNING - findfont: Generic family 'sans-serif' not found because none of the following families were found: Arial, Liberation Sans, Bitstream Vera Sans, sans-serif
[2026-01-02T19:18:14.276+0000] {font_manager.py:1333} WARNING - findfont: Generic family 'sans-serif' not found because none of the following families were found: Arial, Liberation Sans, Bitstream Vera Sans, sans-serif
[2026-01-02T19:18:14.284+0000] {font_manager.py:1333} WARNING - findfont: Generic family 'sans-serif' not found because none of the following families were found: Arial, Liberation Sans, Bitstream Vera Sans, sans-serif
[2026-01-02T19:18:14.294+0000] {font_manager.py:1333} WARNING - findfont: Generic family 'sans-serif' not found because none of the following families were found: Arial, Liberation Sans, Bitstream Vera Sans, sans-serif
[2026-01-02T19:18:14.294+0000] {font_manager.py:1333} WARNING - findfont: Generic family 'sans-serif' not found because none of the following families were found: Arial, Liberation Sans, Bitstream Vera Sans, sans-serif
[2026-01-02T19:18:14.299+0000] {font_manager.py:1333} WARNING - findfont: Generic family 'sans-serif' not found because none of the following families were found: Arial, Liberation Sans, Bitstream Vera Sans, sans-serif
[2026-01-02T19:18:14.301+0000] {font_manager.py:1333} WARNING - findfont: Generic family 'sans-serif' not found because none of the following families were found: Arial, Liberation Sans, Bitstream Vera Sans, sans-serif
[2026-01-02T19:18:14.321+0000] {font_manager.py:1333} WARNING - findfont: Generic family 'sans-serif' not found because none of the following families were found: Arial, Liberation Sans, Bitstream Vera Sans, sans-serif
[2026-01-02T19:18:14.323+0000] {font_manager.py:1333} WARNING - findfont: Generic family 'sans-serif' not found because none of the following families were found: Arial, Liberation Sans, Bitstream Vera Sans, sans-serif
[2026-01-02T19:18:14.325+0000] {font_manager.py:1333} WARNING - findfont: Generic family 'sans-serif' not found because none of the following families were found: Arial, Liberation Sans, Bitstream Vera Sans, sans-serif
[2026-01-02T19:18:14.345+0000] {font_manager.py:1333} WARNING - findfont: Generic family 'sans-serif' not found because none of the following families were found: Arial, Liberation Sans, Bitstream Vera Sans, sans-serif
[2026-01-02T19:18:14.348+0000] {font_manager.py:1333} WARNING - findfont: Generic family 'sans-serif' not found because none of the following families were found: Arial, Liberation Sans, Bitstream Vera Sans, sans-serif
[2026-01-02T19:18:14.351+0000] {font_manager.py:1333} WARNING - findfont: Generic family 'sans-serif' not found because none of the following families were found: Arial, Liberation Sans, Bitstream Vera Sans, sans-serif
[2026-01-02T19:18:14.354+0000] {font_manager.py:1333} WARNING - findfont: Generic family 'sans-serif' not found because none of the following families were found: Arial, Liberation Sans, Bitstream Vera Sans, sans-serif
[2026-01-02T19:18:14.357+0000] {font_manager.py:1333} WARNING - findfont: Generic family 'sans-serif' not found because none of the following families were found: Arial, Liberation Sans, Bitstream Vera Sans, sans-serif
[2026-01-02T19:18:14.358+0000] {font_manager.py:1333} WARNING - findfont: Generic family 'sans-serif' not found because none of the following families were found: Arial, Liberation Sans, Bitstream Vera Sans, sans-serif
[2026-01-02T19:18:14.362+0000] {font_manager.py:1333} WARNING - findfont: Generic family 'sans-serif' not found because none of the following families were found: Arial, Liberation Sans, Bitstream Vera Sans, sans-serif
[2026-01-02T19:18:14.379+0000] {font_manager.py:1333} WARNING - findfont: Generic family 'sans-serif' not found because none of the following families were found: Arial, Liberation Sans, Bitstream Vera Sans, sans-serif
[2026-01-02T19:18:14.384+0000] {font_manager.py:1333} WARNING - findfont: Generic family 'sans-serif' not found because none of the following families were found: Arial, Liberation Sans, Bitstream Vera Sans, sans-serif
[2026-01-02T19:18:14.386+0000] {font_manager.py:1333} WARNING - findfont: Generic family 'sans-serif' not found because none of the following families were found: Arial, Liberation Sans, Bitstream Vera Sans, sans-serif
[2026-01-02T19:18:14.392+0000] {font_manager.py:1333} WARNING - findfont: Generic family 'sans-serif' not found because none of the following families were found: Arial, Liberation Sans, Bitstream Vera Sans, sans-serif
[2026-01-02T19:18:15.686+0000] {font_manager.py:1333} WARNING - findfont: Generic family 'sans-serif' not found because none of the following families were found: Arial, Liberation Sans, Bitstream Vera Sans, sans-serif
[2026-01-02T19:18:15.687+0000] {font_manager.py:1333} WARNING - findfont: Generic family 'sans-serif' not found because none of the following families were found: Arial, Liberation Sans, Bitstream Vera Sans, sans-serif
[2026-01-02T19:18:15.690+0000] {font_manager.py:1333} WARNING - findfont: Generic family 'sans-serif' not found because none of the following families were found: Arial, Liberation Sans, Bitstream Vera Sans, sans-serif
[2026-01-02T19:18:15.693+0000] {font_manager.py:1333} WARNING - findfont: Generic family 'sans-serif' not found because none of the following families were found: Arial, Liberation Sans, Bitstream Vera Sans, sans-serif
[2026-01-02T19:18:15.697+0000] {font_manager.py:1333} WARNING - findfont: Generic family 'sans-serif' not found because none of the following families were found: Arial, Liberation Sans, Bitstream Vera Sans, sans-serif
[2026-01-02T19:18:15.700+0000] {font_manager.py:1333} WARNING - findfont: Generic family 'sans-serif' not found because none of the following families were found: Arial, Liberation Sans, Bitstream Vera Sans, sans-serif
[2026-01-02T19:18:15.702+0000] {font_manager.py:1333} WARNING - findfont: Generic family 'sans-serif' not found because none of the following families were found: Arial, Liberation Sans, Bitstream Vera Sans, sans-serif
[2026-01-02T19:18:15.705+0000] {font_manager.py:1333} WARNING - findfont: Generic family 'sans-serif' not found because none of the following families were found: Arial, Liberation Sans, Bitstream Vera Sans, sans-serif
[2026-01-02T19:18:15.707+0000] {font_manager.py:1333} WARNING - findfont: Generic family 'sans-serif' not found because none of the following families were found: Arial, Liberation Sans, Bitstream Vera Sans, sans-serif
[2026-01-02T19:18:15.712+0000] {font_manager.py:1333} WARNING - findfont: Generic family 'sans-serif' not found because none of the following families were found: Arial, Liberation Sans, Bitstream Vera Sans, sans-serif
[2026-01-02T19:18:15.720+0000] {font_manager.py:1333} WARNING - findfont: Generic family 'sans-serif' not found because none of the following families were found: Arial, Liberation Sans, Bitstream Vera Sans, sans-serif
[2026-01-02T19:18:15.731+0000] {font_manager.py:1333} WARNING - findfont: Generic family 'sans-serif' not found because none of the following families were found: Arial, Liberation Sans, Bitstream Vera Sans, sans-serif
[2026-01-02T19:18:15.734+0000] {font_manager.py:1333} WARNING - findfont: Generic family 'sans-serif' not found because none of the following families were found: Arial, Liberation Sans, Bitstream Vera Sans, sans-serif
[2026-01-02T19:18:15.738+0000] {font_manager.py:1333} WARNING - findfont: Generic family 'sans-serif' not found because none of the following families were found: Arial, Liberation Sans, Bitstream Vera Sans, sans-serif
[2026-01-02T19:18:15.740+0000] {font_manager.py:1333} WARNING - findfont: Generic family 'sans-serif' not found because none of the following families were found: Arial, Liberation Sans, Bitstream Vera Sans, sans-serif
[2026-01-02T19:18:15.921+0000] {font_manager.py:1333} WARNING - findfont: Generic family 'sans-serif' not found because none of the following families were found: Arial, Liberation Sans, Bitstream Vera Sans, sans-serif
[2026-01-02T19:18:15.923+0000] {font_manager.py:1333} WARNING - findfont: Generic family 'sans-serif' not found because none of the following families were found: Arial, Liberation Sans, Bitstream Vera Sans, sans-serif
[2026-01-02T19:18:15.925+0000] {font_manager.py:1333} WARNING - findfont: Generic family 'sans-serif' not found because none of the following families were found: Arial, Liberation Sans, Bitstream Vera Sans, sans-serif
[2026-01-02T19:18:15.928+0000] {font_manager.py:1333} WARNING - findfont: Generic family 'sans-serif' not found because none of the following families were found: Arial, Liberation Sans, Bitstream Vera Sans, sans-serif
[2026-01-02T19:18:15.931+0000] {font_manager.py:1333} WARNING - findfont: Generic family 'sans-serif' not found because none of the following families were found: Arial, Liberation Sans, Bitstream Vera Sans, sans-serif
[2026-01-02T19:18:15.933+0000] {font_manager.py:1333} WARNING - findfont: Generic family 'sans-serif' not found because none of the following families were found: Arial, Liberation Sans, Bitstream Vera Sans, sans-serif
[2026-01-02T19:18:16.008+0000] {font_manager.py:1333} WARNING - findfont: Generic family 'sans-serif' not found because none of the following families were found: Arial, Liberation Sans, Bitstream Vera Sans, sans-serif
[2026-01-02T19:18:16.252+0000] {font_manager.py:1333} WARNING - findfont: Generic family 'sans-serif' not found because none of the following families were found: Arial, Liberation Sans, Bitstream Vera Sans, sans-serif
[2026-01-02T19:18:16.254+0000] {font_manager.py:1333} WARNING - findfont: Generic family 'sans-serif' not found because none of the following families were found: Arial, Liberation Sans, Bitstream Vera Sans, sans-serif
[2026-01-02T19:18:16.258+0000] {font_manager.py:1333} WARNING - findfont: Generic family 'sans-serif' not found because none of the following families were found: Arial, Liberation Sans, Bitstream Vera Sans, sans-serif
[2026-01-02T19:18:16.261+0000] {font_manager.py:1333} WARNING - findfont: Generic family 'sans-serif' not found because none of the following families were found: Arial, Liberation Sans, Bitstream Vera Sans, sans-serif
[2026-01-02T19:18:16.264+0000] {font_manager.py:1333} WARNING - findfont: Generic family 'sans-serif' not found because none of the following families were found: Arial, Liberation Sans, Bitstream Vera Sans, sans-serif
[2026-01-02T19:18:16.267+0000] {font_manager.py:1333} WARNING - findfont: Generic family 'sans-serif' not found because none of the following families were found: Arial, Liberation Sans, Bitstream Vera Sans, sans-serif
[2026-01-02T19:18:16.269+0000] {font_manager.py:1333} WARNING - findfont: Generic family 'sans-serif' not found because none of the following families were found: Arial, Liberation Sans, Bitstream Vera Sans, sans-serif
[2026-01-02T19:18:16.270+0000] {font_manager.py:1333} WARNING - findfont: Generic family 'sans-serif' not found because none of the following families were found: Arial, Liberation Sans, Bitstream Vera Sans, sans-serif
[2026-01-02T19:18:16.273+0000] {font_manager.py:1333} WARNING - findfont: Generic family 'sans-serif' not found because none of the following families were found: Arial, Liberation Sans, Bitstream Vera Sans, sans-serif
[2026-01-02T19:18:16.275+0000] {font_manager.py:1333} WARNING - findfont: Generic family 'sans-serif' not found because none of the following families were found: Arial, Liberation Sans, Bitstream Vera Sans, sans-serif
[2026-01-02T19:18:16.277+0000] {font_manager.py:1333} WARNING - findfont: Generic family 'sans-serif' not found because none of the following families were found: Arial, Liberation Sans, Bitstream Vera Sans, sans-serif
[2026-01-02T19:18:16.293+0000] {font_manager.py:1333} WARNING - findfont: Generic family 'sans-serif' not found because none of the following families were found: Arial, Liberation Sans, Bitstream Vera Sans, sans-serif
[2026-01-02T19:18:16.294+0000] {font_manager.py:1333} WARNING - findfont: Generic family 'sans-serif' not found because none of the following families were found: Arial, Liberation Sans, Bitstream Vera Sans, sans-serif
[2026-01-02T19:18:16.296+0000] {font_manager.py:1333} WARNING - findfont: Generic family 'sans-serif' not found because none of the following families were found: Arial, Liberation Sans, Bitstream Vera Sans, sans-serif
[2026-01-02T19:18:16.296+0000] {font_manager.py:1333} WARNING - findfont: Generic family 'sans-serif' not found because none of the following families were found: Arial, Liberation Sans, Bitstream Vera Sans, sans-serif
[2026-01-02T19:18:16.302+0000] {font_manager.py:1333} WARNING - findfont: Generic family 'sans-serif' not found because none of the following families were found: Arial, Liberation Sans, Bitstream Vera Sans, sans-serif
[2026-01-02T19:18:16.303+0000] {font_manager.py:1333} WARNING - findfont: Generic family 'sans-serif' not found because none of the following families were found: Arial, Liberation Sans, Bitstream Vera Sans, sans-serif
[2026-01-02T19:18:16.304+0000] {font_manager.py:1333} WARNING - findfont: Generic family 'sans-serif' not found because none of the following families were found: Arial, Liberation Sans, Bitstream Vera Sans, sans-serif
[2026-01-02T19:18:16.305+0000] {font_manager.py:1333} WARNING - findfont: Generic family 'sans-serif' not found because none of the following families were found: Arial, Liberation Sans, Bitstream Vera Sans, sans-serif
[2026-01-02T19:18:16.307+0000] {font_manager.py:1333} WARNING - findfont: Generic family 'sans-serif' not found because none of the following families were found: Arial, Liberation Sans, Bitstream Vera Sans, sans-serif
[2026-01-02T19:18:16.308+0000] {font_manager.py:1333} WARNING - findfont: Generic family 'sans-serif' not found because none of the following families were found: Arial, Liberation Sans, Bitstream Vera Sans, sans-serif
[2026-01-02T19:18:16.310+0000] {font_manager.py:1333} WARNING - findfont: Generic family 'sans-serif' not found because none of the following families were found: Arial, Liberation Sans, Bitstream Vera Sans, sans-serif
[2026-01-02T19:18:16.313+0000] {font_manager.py:1333} WARNING - findfont: Generic family 'sans-serif' not found because none of the following families were found: Arial, Liberation Sans, Bitstream Vera Sans, sans-serif
[2026-01-02T19:18:16.315+0000] {font_manager.py:1333} WARNING - findfont: Generic family 'sans-serif' not found because none of the following families were found: Arial, Liberation Sans, Bitstream Vera Sans, sans-serif
[2026-01-02T19:18:16.317+0000] {font_manager.py:1333} WARNING - findfont: Generic family 'sans-serif' not found because none of the following families were found: Arial, Liberation Sans, Bitstream Vera Sans, sans-serif
[2026-01-02T19:18:16.319+0000] {font_manager.py:1333} WARNING - findfont: Generic family 'sans-serif' not found because none of the following families were found: Arial, Liberation Sans, Bitstream Vera Sans, sans-serif
[2026-01-02T19:18:16.322+0000] {font_manager.py:1333} WARNING - findfont: Generic family 'sans-serif' not found because none of the following families were found: Arial, Liberation Sans, Bitstream Vera Sans, sans-serif
[2026-01-02T19:18:16.332+0000] {font_manager.py:1333} WARNING - findfont: Generic family 'sans-serif' not found because none of the following families were found: Arial, Liberation Sans, Bitstream Vera Sans, sans-serif
[2026-01-02T19:18:16.334+0000] {font_manager.py:1333} WARNING - findfont: Generic family 'sans-serif' not found because none of the following families were found: Arial, Liberation Sans, Bitstream Vera Sans, sans-serif
[2026-01-02T19:18:16.344+0000] {font_manager.py:1333} WARNING - findfont: Generic family 'sans-serif' not found because none of the following families were found: Arial, Liberation Sans, Bitstream Vera Sans, sans-serif
[2026-01-02T19:18:16.346+0000] {font_manager.py:1333} WARNING - findfont: Generic family 'sans-serif' not found because none of the following families were found: Arial, Liberation Sans, Bitstream Vera Sans, sans-serif
[2026-01-02T19:18:16.349+0000] {font_manager.py:1333} WARNING - findfont: Generic family 'sans-serif' not found because none of the following families were found: Arial, Liberation Sans, Bitstream Vera Sans, sans-serif
[2026-01-02T19:18:16.351+0000] {font_manager.py:1333} WARNING - findfont: Generic family 'sans-serif' not found because none of the following families were found: Arial, Liberation Sans, Bitstream Vera Sans, sans-serif
[2026-01-02T19:18:16.354+0000] {font_manager.py:1333} WARNING - findfont: Generic family 'sans-serif' not found because none of the following families were found: Arial, Liberation Sans, Bitstream Vera Sans, sans-serif
[2026-01-02T19:18:16.356+0000] {font_manager.py:1333} WARNING - findfont: Generic family 'sans-serif' not found because none of the following families were found: Arial, Liberation Sans, Bitstream Vera Sans, sans-serif
[2026-01-02T19:18:16.358+0000] {font_manager.py:1333} WARNING - findfont: Generic family 'sans-serif' not found because none of the following families were found: Arial, Liberation Sans, Bitstream Vera Sans, sans-serif
[2026-01-02T19:18:16.360+0000] {font_manager.py:1333} WARNING - findfont: Generic family 'sans-serif' not found because none of the following families were found: Arial, Liberation Sans, Bitstream Vera Sans, sans-serif
[2026-01-02T19:18:16.363+0000] {font_manager.py:1333} WARNING - findfont: Generic family 'sans-serif' not found because none of the following families were found: Arial, Liberation Sans, Bitstream Vera Sans, sans-serif
[2026-01-02T19:18:16.365+0000] {font_manager.py:1333} WARNING - findfont: Generic family 'sans-serif' not found because none of the following families were found: Arial, Liberation Sans, Bitstream Vera Sans, sans-serif
[2026-01-02T19:18:16.375+0000] {font_manager.py:1333} WARNING - findfont: Generic family 'sans-serif' not found because none of the following families were found: Arial, Liberation Sans, Bitstream Vera Sans, sans-serif
[2026-01-02T19:18:16.379+0000] {font_manager.py:1333} WARNING - findfont: Generic family 'sans-serif' not found because none of the following families were found: Arial, Liberation Sans, Bitstream Vera Sans, sans-serif
[2026-01-02T19:18:16.397+0000] {font_manager.py:1333} WARNING - findfont: Generic family 'sans-serif' not found because none of the following families were found: Arial, Liberation Sans, Bitstream Vera Sans, sans-serif
[2026-01-02T19:18:16.398+0000] {font_manager.py:1333} WARNING - findfont: Generic family 'sans-serif' not found because none of the following families were found: Arial, Liberation Sans, Bitstream Vera Sans, sans-serif
[2026-01-02T19:18:16.399+0000] {font_manager.py:1333} WARNING - findfont: Generic family 'sans-serif' not found because none of the following families were found: Arial, Liberation Sans, Bitstream Vera Sans, sans-serif
[2026-01-02T19:18:16.400+0000] {font_manager.py:1333} WARNING - findfont: Generic family 'sans-serif' not found because none of the following families were found: Arial, Liberation Sans, Bitstream Vera Sans, sans-serif
[2026-01-02T19:18:16.401+0000] {font_manager.py:1333} WARNING - findfont: Generic family 'sans-serif' not found because none of the following families were found: Arial, Liberation Sans, Bitstream Vera Sans, sans-serif
[2026-01-02T19:18:16.402+0000] {font_manager.py:1333} WARNING - findfont: Generic family 'sans-serif' not found because none of the following families were found: Arial, Liberation Sans, Bitstream Vera Sans, sans-serif
[2026-01-02T19:18:16.403+0000] {font_manager.py:1333} WARNING - findfont: Generic family 'sans-serif' not found because none of the following families were found: Arial, Liberation Sans, Bitstream Vera Sans, sans-serif
[2026-01-02T19:18:16.404+0000] {font_manager.py:1333} WARNING - findfont: Generic family 'sans-serif' not found because none of the following families were found: Arial, Liberation Sans, Bitstream Vera Sans, sans-serif
[2026-01-02T19:18:16.405+0000] {font_manager.py:1333} WARNING - findfont: Generic family 'sans-serif' not found because none of the following families were found: Arial, Liberation Sans, Bitstream Vera Sans, sans-serif
[2026-01-02T19:18:16.405+0000] {font_manager.py:1333} WARNING - findfont: Generic family 'sans-serif' not found because none of the following families were found: Arial, Liberation Sans, Bitstream Vera Sans, sans-serif
[2026-01-02T19:18:16.406+0000] {font_manager.py:1333} WARNING - findfont: Generic family 'sans-serif' not found because none of the following families were found: Arial, Liberation Sans, Bitstream Vera Sans, sans-serif
[2026-01-02T19:18:16.410+0000] {font_manager.py:1333} WARNING - findfont: Generic family 'sans-serif' not found because none of the following families were found: Arial, Liberation Sans, Bitstream Vera Sans, sans-serif
[2026-01-02T19:18:16.411+0000] {font_manager.py:1333} WARNING - findfont: Generic family 'sans-serif' not found because none of the following families were found: Arial, Liberation Sans, Bitstream Vera Sans, sans-serif
[2026-01-02T19:18:16.412+0000] {font_manager.py:1333} WARNING - findfont: Generic family 'sans-serif' not found because none of the following families were found: Arial, Liberation Sans, Bitstream Vera Sans, sans-serif
[2026-01-02T19:18:16.413+0000] {font_manager.py:1333} WARNING - findfont: Generic family 'sans-serif' not found because none of the following families were found: Arial, Liberation Sans, Bitstream Vera Sans, sans-serif
[2026-01-02T19:18:16.416+0000] {font_manager.py:1333} WARNING - findfont: Generic family 'sans-serif' not found because none of the following families were found: Arial, Liberation Sans, Bitstream Vera Sans, sans-serif
[2026-01-02T19:18:16.417+0000] {font_manager.py:1333} WARNING - findfont: Generic family 'sans-serif' not found because none of the following families were found: Arial, Liberation Sans, Bitstream Vera Sans, sans-serif
[2026-01-02T19:18:16.418+0000] {font_manager.py:1333} WARNING - findfont: Generic family 'sans-serif' not found because none of the following families were found: Arial, Liberation Sans, Bitstream Vera Sans, sans-serif
[2026-01-02T19:18:16.419+0000] {font_manager.py:1333} WARNING - findfont: Generic family 'sans-serif' not found because none of the following families were found: Arial, Liberation Sans, Bitstream Vera Sans, sans-serif
[2026-01-02T19:18:16.420+0000] {font_manager.py:1333} WARNING - findfont: Generic family 'sans-serif' not found because none of the following families were found: Arial, Liberation Sans, Bitstream Vera Sans, sans-serif
[2026-01-02T19:18:16.421+0000] {font_manager.py:1333} WARNING - findfont: Generic family 'sans-serif' not found because none of the following families were found: Arial, Liberation Sans, Bitstream Vera Sans, sans-serif
[2026-01-02T19:18:16.422+0000] {font_manager.py:1333} WARNING - findfont: Generic family 'sans-serif' not found because none of the following families were found: Arial, Liberation Sans, Bitstream Vera Sans, sans-serif
[2026-01-02T19:18:16.424+0000] {font_manager.py:1333} WARNING - findfont: Generic family 'sans-serif' not found because none of the following families were found: Arial, Liberation Sans, Bitstream Vera Sans, sans-serif
[2026-01-02T19:18:16.425+0000] {font_manager.py:1333} WARNING - findfont: Generic family 'sans-serif' not found because none of the following families were found: Arial, Liberation Sans, Bitstream Vera Sans, sans-serif
[2026-01-02T19:18:16.426+0000] {font_manager.py:1333} WARNING - findfont: Generic family 'sans-serif' not found because none of the following families were found: Arial, Liberation Sans, Bitstream Vera Sans, sans-serif
[2026-01-02T19:18:16.428+0000] {font_manager.py:1333} WARNING - findfont: Generic family 'sans-serif' not found because none of the following families were found: Arial, Liberation Sans, Bitstream Vera Sans, sans-serif
[2026-01-02T19:18:16.429+0000] {font_manager.py:1333} WARNING - findfont: Generic family 'sans-serif' not found because none of the following families were found: Arial, Liberation Sans, Bitstream Vera Sans, sans-serif
[2026-01-02T19:18:16.436+0000] {font_manager.py:1333} WARNING - findfont: Generic family 'sans-serif' not found because none of the following families were found: Arial, Liberation Sans, Bitstream Vera Sans, sans-serif
[2026-01-02T19:18:16.437+0000] {font_manager.py:1333} WARNING - findfont: Generic family 'sans-serif' not found because none of the following families were found: Arial, Liberation Sans, Bitstream Vera Sans, sans-serif
[2026-01-02T19:18:16.441+0000] {font_manager.py:1333} WARNING - findfont: Generic family 'sans-serif' not found because none of the following families were found: Arial, Liberation Sans, Bitstream Vera Sans, sans-serif
[2026-01-02T19:18:16.443+0000] {font_manager.py:1333} WARNING - findfont: Generic family 'sans-serif' not found because none of the following families were found: Arial, Liberation Sans, Bitstream Vera Sans, sans-serif
[2026-01-02T19:18:16.444+0000] {font_manager.py:1333} WARNING - findfont: Generic family 'sans-serif' not found because none of the following families were found: Arial, Liberation Sans, Bitstream Vera Sans, sans-serif
[2026-01-02T19:18:16.446+0000] {font_manager.py:1333} WARNING - findfont: Generic family 'sans-serif' not found because none of the following families were found: Arial, Liberation Sans, Bitstream Vera Sans, sans-serif
[2026-01-02T19:18:16.448+0000] {font_manager.py:1333} WARNING - findfont: Generic family 'sans-serif' not found because none of the following families were found: Arial, Liberation Sans, Bitstream Vera Sans, sans-serif
[2026-01-02T19:18:16.449+0000] {font_manager.py:1333} WARNING - findfont: Generic family 'sans-serif' not found because none of the following families were found: Arial, Liberation Sans, Bitstream Vera Sans, sans-serif
[2026-01-02T19:18:16.451+0000] {font_manager.py:1333} WARNING - findfont: Generic family 'sans-serif' not found because none of the following families were found: Arial, Liberation Sans, Bitstream Vera Sans, sans-serif
[2026-01-02T19:18:16.452+0000] {font_manager.py:1333} WARNING - findfont: Generic family 'sans-serif' not found because none of the following families were found: Arial, Liberation Sans, Bitstream Vera Sans, sans-serif
[2026-01-02T19:18:16.453+0000] {font_manager.py:1333} WARNING - findfont: Generic family 'sans-serif' not found because none of the following families were found: Arial, Liberation Sans, Bitstream Vera Sans, sans-serif
[2026-01-02T19:18:16.455+0000] {font_manager.py:1333} WARNING - findfont: Generic family 'sans-serif' not found because none of the following families were found: Arial, Liberation Sans, Bitstream Vera Sans, sans-serif
[2026-01-02T19:18:16.459+0000] {font_manager.py:1333} WARNING - findfont: Generic family 'sans-serif' not found because none of the following families were found: Arial, Liberation Sans, Bitstream Vera Sans, sans-serif
[2026-01-02T19:18:16.461+0000] {font_manager.py:1333} WARNING - findfont: Generic family 'sans-serif' not found because none of the following families were found: Arial, Liberation Sans, Bitstream Vera Sans, sans-serif
[2026-01-02T19:18:29.923+0000] {logging_mixin.py:188} INFO -                          Model        MAE           MSE       RMSE      R2  \
rf     Random Forest Regressor  1392.9025  6.703257e+06  2584.1393  0.6832   
ridge         Ridge Regression  1752.2766  7.894327e+06  2804.8799  0.6249   
lr           Linear Regression  1755.4384  7.898950e+06  2805.7295  0.6247   

        RMSLE    MAPE  TT (Sec)  
rf     0.5723  0.5999     2.386  
ridge  0.8946  1.0633     1.216  
lr     0.8951  1.0681     0.906  
[2026-01-02T19:18:30.018+0000] {logging_mixin.py:188} INFO - Training has finished, successfully!
[2026-01-02T19:18:30.035+0000] {python.py:237} INFO - Done. Returned value was: None
[2026-01-02T19:18:30.039+0000] {taskinstance.py:441} INFO - ::group::Post task execution logs
[2026-01-02T19:18:30.130+0000] {taskinstance.py:1206} INFO - Marking task as SUCCESS. dag_id=main_pipeline, task_id=train_new_model, run_id=manual__2026-01-02T19:16:01.778138+00:00, execution_date=20260102T191601, start_date=20260102T191704, end_date=20260102T191830
[2026-01-02T19:18:30.188+0000] {logging_mixin.py:188} WARNING - 
[2026-01-02T19:18:30.595+0000] {local_task_job_runner.py:243} INFO - Task exited with return code 0
[2026-01-02T19:18:30.810+0000] {taskinstance.py:3503} INFO - 1 downstream tasks scheduled from follow-on schedule check
[2026-01-02T19:18:30.820+0000] {local_task_job_runner.py:222} INFO - ::endgroup::
