[2026-01-02T14:27:38.119+0000] {local_task_job_runner.py:120} INFO - ::group::Pre task execution logs
[2026-01-02T14:27:38.316+0000] {taskinstance.py:2076} INFO - Dependencies all met for dep_context=non-requeueable deps ti=<TaskInstance: main_pipeline.train_compare manual__2026-01-02T14:27:26.126486+00:00 [queued]>
[2026-01-02T14:27:38.376+0000] {taskinstance.py:2076} INFO - Dependencies all met for dep_context=requeueable deps ti=<TaskInstance: main_pipeline.train_compare manual__2026-01-02T14:27:26.126486+00:00 [queued]>
[2026-01-02T14:27:38.378+0000] {taskinstance.py:2306} INFO - Starting attempt 1 of 1
[2026-01-02T14:27:38.444+0000] {taskinstance.py:2330} INFO - Executing <Task(_BranchPythonDecoratedOperator): train_compare> on 2026-01-02 14:27:26.126486+00:00
[2026-01-02T14:27:38.523+0000] {standard_task_runner.py:64} INFO - Started process 9912 to run task
[2026-01-02T14:27:38.558+0000] {standard_task_runner.py:90} INFO - Running: ['***', 'tasks', 'run', 'main_pipeline', 'train_compare', 'manual__2026-01-02T14:27:26.126486+00:00', '--job-id', '97', '--raw', '--subdir', 'DAGS_FOLDER/pipeline/main.py', '--cfg-path', '/tmp/tmpe6_wwjzz']
[2026-01-02T14:27:38.567+0000] {standard_task_runner.py:91} INFO - Job 97: Subtask train_compare
[2026-01-02T14:27:38.966+0000] {task_command.py:426} INFO - Running <TaskInstance: main_pipeline.train_compare manual__2026-01-02T14:27:26.126486+00:00 [running]> on host b2cc83381b06
[2026-01-02T14:27:39.704+0000] {taskinstance.py:2648} INFO - Exporting env vars: AIRFLOW_CTX_DAG_OWNER='***' AIRFLOW_CTX_DAG_ID='main_pipeline' AIRFLOW_CTX_TASK_ID='train_compare' AIRFLOW_CTX_EXECUTION_DATE='2026-01-02T14:27:26.126486+00:00' AIRFLOW_CTX_TRY_NUMBER='1' AIRFLOW_CTX_DAG_RUN_ID='manual__2026-01-02T14:27:26.126486+00:00'
[2026-01-02T14:27:39.715+0000] {taskinstance.py:430} INFO - ::endgroup::
[2026-01-02T14:27:39.719+0000] {logging_mixin.py:188} INFO - No production models found, the training begins
[2026-01-02T14:27:39.720+0000] {python.py:237} INFO - Done. Returned value was: train_model
[2026-01-02T14:27:39.720+0000] {branch.py:36} INFO - Branch into train_model
[2026-01-02T14:27:39.720+0000] {skipmixin.py:178} INFO - Following branch train_model
[2026-01-02T14:27:39.824+0000] {skipmixin.py:246} INFO - Skipping tasks [('compare_distributions', -1)]
[2026-01-02T14:27:40.015+0000] {taskinstance.py:441} INFO - ::group::Post task execution logs
[2026-01-02T14:27:40.129+0000] {taskinstance.py:1206} INFO - Marking task as SUCCESS. dag_id=main_pipeline, task_id=train_compare, run_id=manual__2026-01-02T14:27:26.126486+00:00, execution_date=20260102T142726, start_date=20260102T142738, end_date=20260102T142740
[2026-01-02T14:27:40.239+0000] {local_task_job_runner.py:243} INFO - Task exited with return code 0
[2026-01-02T14:27:40.377+0000] {taskinstance.py:3503} INFO - 1 downstream tasks scheduled from follow-on schedule check
[2026-01-02T14:27:40.385+0000] {local_task_job_runner.py:222} INFO - ::endgroup::
