[2025-12-28T09:57:10.482+0000] {local_task_job_runner.py:120} INFO - ::group::Pre task execution logs
[2025-12-28T09:57:10.596+0000] {taskinstance.py:2076} INFO - Dependencies all met for dep_context=non-requeueable deps ti=<TaskInstance: data_distribution_comparison.handle_report manual__2025-12-28T09:56:40.953386+00:00 [queued]>
[2025-12-28T09:57:10.625+0000] {taskinstance.py:2076} INFO - Dependencies all met for dep_context=requeueable deps ti=<TaskInstance: data_distribution_comparison.handle_report manual__2025-12-28T09:56:40.953386+00:00 [queued]>
[2025-12-28T09:57:10.625+0000] {taskinstance.py:2306} INFO - Starting attempt 1 of 1
[2025-12-28T09:57:10.686+0000] {taskinstance.py:2330} INFO - Executing <Task(_PythonDecoratedOperator): handle_report> on 2025-12-28 09:56:40.953386+00:00
[2025-12-28T09:57:10.732+0000] {standard_task_runner.py:64} INFO - Started process 415 to run task
[2025-12-28T09:57:10.742+0000] {standard_task_runner.py:90} INFO - Running: ['***', 'tasks', 'run', 'data_distribution_comparison', 'handle_report', 'manual__2025-12-28T09:56:40.953386+00:00', '--job-id', '14', '--raw', '--subdir', 'DAGS_FOLDER/dag_test/dag_test.py', '--cfg-path', '/tmp/tmpc7u7hagx']
[2025-12-28T09:57:10.749+0000] {standard_task_runner.py:91} INFO - Job 14: Subtask handle_report
[2025-12-28T09:57:11.214+0000] {task_command.py:426} INFO - Running <TaskInstance: data_distribution_comparison.handle_report manual__2025-12-28T09:56:40.953386+00:00 [running]> on host 46629e0044cf
[2025-12-28T09:57:11.840+0000] {taskinstance.py:2648} INFO - Exporting env vars: AIRFLOW_CTX_DAG_OWNER='***' AIRFLOW_CTX_DAG_ID='data_distribution_comparison' AIRFLOW_CTX_TASK_ID='handle_report' AIRFLOW_CTX_EXECUTION_DATE='2025-12-28T09:56:40.953386+00:00' AIRFLOW_CTX_TRY_NUMBER='1' AIRFLOW_CTX_DAG_RUN_ID='manual__2025-12-28T09:56:40.953386+00:00'
[2025-12-28T09:57:11.843+0000] {taskinstance.py:430} INFO - ::endgroup::
[2025-12-28T09:57:12.315+0000] {logging_mixin.py:188} WARNING - /home/***/.local/lib/python3.11/site-packages/pydantic/_internal/_fields.py:161 UserWarning: Field "model_name" has conflict with protected namespace "model_".

You may be able to resolve this warning by setting `model_config['protected_namespaces'] = ()`.
[2025-12-28T09:57:15.776+0000] {logging_mixin.py:188} WARNING - 2025/12/28 09:57:15 INFO mlflow.store.db.utils: Creating initial MLflow database tables...
[2025-12-28T09:57:15.784+0000] {logging_mixin.py:188} WARNING - 2025/12/28 09:57:15 INFO mlflow.store.db.utils: Updating database tables
[2025-12-28T09:57:15.789+0000] {logging_mixin.py:188} WARNING - 2025/12/28 09:57:15 INFO alembic.runtime.migration: Context impl SQLiteImpl.
[2025-12-28T09:57:15.790+0000] {logging_mixin.py:188} WARNING - 2025/12/28 09:57:15 INFO alembic.runtime.migration: Will assume non-transactional DDL.
[2025-12-28T09:57:15.884+0000] {logging_mixin.py:188} WARNING - 2025/12/28 09:57:15 INFO alembic.runtime.migration: Context impl SQLiteImpl.
[2025-12-28T09:57:15.885+0000] {logging_mixin.py:188} WARNING - 2025/12/28 09:57:15 INFO alembic.runtime.migration: Will assume non-transactional DDL.
[2025-12-28T09:57:15.948+0000] {logging_mixin.py:188} INFO - Connected to MLFlow
[2025-12-28T09:57:16.968+0000] {logging_mixin.py:188} WARNING - 2025/12/28 09:57:16 WARNING mlflow.utils.git_utils: Failed to import Git (the Git executable is probably not on your PATH), so Git SHA is not available. Error: Failed to initialize: Bad git executable.
The git executable must be specified in one of the following ways:
    - be included in your $PATH
    - be set via $GIT_PYTHON_GIT_EXECUTABLE
    - explicitly set via git.refresh(<full-path-to-git-executable>)

All git commands will error until this is rectified.

This initial message can be silenced or aggravated in the future by setting the
$GIT_PYTHON_REFRESH environment variable. Use one of the following values:
    - quiet|q|silence|s|silent|none|n|0: for no message or exception
    - warn|w|warning|log|l|1: for a warning message (logging level CRITICAL, displayed by default)
    - error|e|exception|raise|r|2: for a raised exception

Example:
    export GIT_PYTHON_REFRESH=quiet
[2025-12-28T09:57:17.397+0000] {logging_mixin.py:188} INFO - No data drift detected
[2025-12-28T09:57:17.399+0000] {python.py:237} INFO - Done. Returned value was: {}
[2025-12-28T09:57:17.400+0000] {taskinstance.py:441} INFO - ::group::Post task execution logs
[2025-12-28T09:57:17.542+0000] {taskinstance.py:1206} INFO - Marking task as SUCCESS. dag_id=data_distribution_comparison, task_id=handle_report, run_id=manual__2025-12-28T09:56:40.953386+00:00, execution_date=20251228T095640, start_date=20251228T095710, end_date=20251228T095717
[2025-12-28T09:57:17.702+0000] {local_task_job_runner.py:243} INFO - Task exited with return code 0
[2025-12-28T09:57:17.764+0000] {taskinstance.py:3503} INFO - 0 downstream tasks scheduled from follow-on schedule check
[2025-12-28T09:57:17.770+0000] {local_task_job_runner.py:222} INFO - ::endgroup::
