[2026-01-02T15:32:18.013+0000] {local_task_job_runner.py:120} INFO - ::group::Pre task execution logs
[2026-01-02T15:32:18.139+0000] {taskinstance.py:2076} INFO - Dependencies all met for dep_context=non-requeueable deps ti=<TaskInstance: main_pipeline.compare_distributions manual__2026-01-02T15:31:46.590876+00:00 [queued]>
[2026-01-02T15:32:18.173+0000] {taskinstance.py:2076} INFO - Dependencies all met for dep_context=requeueable deps ti=<TaskInstance: main_pipeline.compare_distributions manual__2026-01-02T15:31:46.590876+00:00 [queued]>
[2026-01-02T15:32:18.173+0000] {taskinstance.py:2306} INFO - Starting attempt 1 of 1
[2026-01-02T15:32:18.256+0000] {taskinstance.py:2330} INFO - Executing <Task(_PythonDecoratedOperator): compare_distributions> on 2026-01-02 15:31:46.590876+00:00
[2026-01-02T15:32:18.325+0000] {standard_task_runner.py:64} INFO - Started process 2055 to run task
[2026-01-02T15:32:18.379+0000] {standard_task_runner.py:90} INFO - Running: ['***', 'tasks', 'run', 'main_pipeline', 'compare_distributions', 'manual__2026-01-02T15:31:46.590876+00:00', '--job-id', '121', '--raw', '--subdir', 'DAGS_FOLDER/pipeline/main.py', '--cfg-path', '/tmp/tmp1zhcqzxf']
[2026-01-02T15:32:18.388+0000] {standard_task_runner.py:91} INFO - Job 121: Subtask compare_distributions
[2026-01-02T15:32:18.678+0000] {task_command.py:426} INFO - Running <TaskInstance: main_pipeline.compare_distributions manual__2026-01-02T15:31:46.590876+00:00 [running]> on host 1ffb7dbd079c
[2026-01-02T15:32:19.339+0000] {taskinstance.py:2648} INFO - Exporting env vars: AIRFLOW_CTX_DAG_OWNER='***' AIRFLOW_CTX_DAG_ID='main_pipeline' AIRFLOW_CTX_TASK_ID='compare_distributions' AIRFLOW_CTX_EXECUTION_DATE='2026-01-02T15:31:46.590876+00:00' AIRFLOW_CTX_TRY_NUMBER='1' AIRFLOW_CTX_DAG_RUN_ID='manual__2026-01-02T15:31:46.590876+00:00'
[2026-01-02T15:32:19.343+0000] {taskinstance.py:430} INFO - ::endgroup::
[2026-01-02T15:32:19.384+0000] {logging_mixin.py:188} INFO - {"status":"updated","traffic":{"a":0.5,"b":0.5,"data_size":5000,"drift_cols":[]}}
[2026-01-02T15:32:20.016+0000] {logging_mixin.py:188} INFO - {'carat': [0.763943300943021, 0], 'depth': [0.8915920484572021, 0], 'table': [0.9963858883632326, 0], 'x': [0.5760081895340259, 0], 'y': [0.6389613990174311, 0], 'z': [0.47230101465412627, 0], 'price': [0.4565606025571411, 0], 'cut': [0.0015718118448204287, 0], 'color': [0.0018649813534730904, 0], 'clarity': [0.0019204567012446755, 0]}
[2026-01-02T15:32:20.017+0000] {python.py:237} INFO - Done. Returned value was: {'data':       carat        cut color clarity  depth  table    price     x     y     z
0      0.50      Ideal     F    VVS2   62.2   54.0   2052.0  5.09  5.11  3.17
1      0.71       Fair     H     SI1   65.1   56.0   2112.0  5.63  5.55  3.64
2      0.54  Very Good     F     VS2   58.2   60.0   1551.0  5.34  5.39  3.12
3      0.51       Good     F     SI1   63.1   54.0   1220.0  5.06  5.12  3.21
4      0.53      Ideal     E     VS2   62.4   56.0   1721.0  5.16  5.20  3.23
...     ...        ...   ...     ...    ...    ...      ...   ...   ...   ...
4995   0.33  Very Good     D     SI1   62.8   55.0    608.0  4.41  4.45  2.78
4996   1.08    Premium     E     SI1   59.6   60.0   5908.0  6.73  6.66  3.99
4997   0.90    Premium     G     SI2   62.1   58.0   3246.0  6.13  6.08  3.79
4998   0.52      Ideal     G     VS1   63.0   54.0   1694.0  5.17  5.12  3.24
4999   2.31    Premium     I     SI2   62.9   58.0  17218.0  8.43  8.34  5.27

[5000 rows x 10 columns], 'drift_info': {'carat': [0.763943300943021, 0], 'depth': [0.8915920484572021, 0], 'table': [0.9963858883632326, 0], 'x': [0.5760081895340259, 0], 'y': [0.6389613990174311, 0], 'z': [0.47230101465412627, 0], 'price': [0.4565606025571411, 0], 'cut': [0.0015718118448204287, 0], 'color': [0.0018649813534730904, 0], 'clarity': [0.0019204567012446755, 0]}}
[2026-01-02T15:32:20.127+0000] {taskinstance.py:441} INFO - ::group::Post task execution logs
[2026-01-02T15:32:22.377+0000] {taskinstance.py:1206} INFO - Marking task as SUCCESS. dag_id=main_pipeline, task_id=compare_distributions, run_id=manual__2026-01-02T15:31:46.590876+00:00, execution_date=20260102T153146, start_date=20260102T153218, end_date=20260102T153222
[2026-01-02T15:32:22.534+0000] {local_task_job_runner.py:243} INFO - Task exited with return code 0
[2026-01-02T15:32:22.641+0000] {taskinstance.py:3503} INFO - 1 downstream tasks scheduled from follow-on schedule check
[2026-01-02T15:32:22.648+0000] {local_task_job_runner.py:222} INFO - ::endgroup::
