[2026-01-02T17:54:28.038+0000] {local_task_job_runner.py:120} INFO - ::group::Pre task execution logs
[2026-01-02T17:54:28.360+0000] {taskinstance.py:2076} INFO - Dependencies all met for dep_context=non-requeueable deps ti=<TaskInstance: main_pipeline.check_drift manual__2026-01-02T17:53:32.565374+00:00 [queued]>
[2026-01-02T17:54:28.436+0000] {taskinstance.py:2076} INFO - Dependencies all met for dep_context=requeueable deps ti=<TaskInstance: main_pipeline.check_drift manual__2026-01-02T17:53:32.565374+00:00 [queued]>
[2026-01-02T17:54:28.437+0000] {taskinstance.py:2306} INFO - Starting attempt 1 of 1
[2026-01-02T17:54:28.551+0000] {taskinstance.py:2330} INFO - Executing <Task(_BranchPythonDecoratedOperator): check_drift> on 2026-01-02 17:53:32.565374+00:00
[2026-01-02T17:54:28.625+0000] {standard_task_runner.py:64} INFO - Started process 629 to run task
[2026-01-02T17:54:28.638+0000] {standard_task_runner.py:90} INFO - Running: ['***', 'tasks', 'run', 'main_pipeline', 'check_drift', 'manual__2026-01-02T17:53:32.565374+00:00', '--job-id', '134', '--raw', '--subdir', 'DAGS_FOLDER/pipeline/main.py', '--cfg-path', '/tmp/tmpeqdhh712']
[2026-01-02T17:54:28.649+0000] {standard_task_runner.py:91} INFO - Job 134: Subtask check_drift
[2026-01-02T17:54:29.092+0000] {task_command.py:426} INFO - Running <TaskInstance: main_pipeline.check_drift manual__2026-01-02T17:53:32.565374+00:00 [running]> on host 634f416f74b0
[2026-01-02T17:54:31.297+0000] {taskinstance.py:2648} INFO - Exporting env vars: AIRFLOW_CTX_DAG_OWNER='***' AIRFLOW_CTX_DAG_ID='main_pipeline' AIRFLOW_CTX_TASK_ID='check_drift' AIRFLOW_CTX_EXECUTION_DATE='2026-01-02T17:53:32.565374+00:00' AIRFLOW_CTX_TRY_NUMBER='1' AIRFLOW_CTX_DAG_RUN_ID='manual__2026-01-02T17:53:32.565374+00:00'
[2026-01-02T17:54:31.309+0000] {taskinstance.py:430} INFO - ::endgroup::
[2026-01-02T17:54:31.312+0000] {logging_mixin.py:188} INFO - Data drift detected in price
[2026-01-02T17:54:31.313+0000] {logging_mixin.py:188} INFO - Data drift detected in color
[2026-01-02T17:54:31.313+0000] {python.py:237} INFO - Done. Returned value was: train_model
[2026-01-02T17:54:31.314+0000] {branch.py:36} INFO - Branch into train_model
[2026-01-02T17:54:31.314+0000] {skipmixin.py:178} INFO - Following branch train_model
[2026-01-02T17:54:31.567+0000] {skipmixin.py:246} INFO - Skipping tasks [('train_model__1', -1), ('check_end', -1)]
[2026-01-02T17:54:31.930+0000] {taskinstance.py:441} INFO - ::group::Post task execution logs
[2026-01-02T17:54:32.209+0000] {taskinstance.py:1206} INFO - Marking task as SUCCESS. dag_id=main_pipeline, task_id=check_drift, run_id=manual__2026-01-02T17:53:32.565374+00:00, execution_date=20260102T175332, start_date=20260102T175428, end_date=20260102T175432
[2026-01-02T17:54:32.476+0000] {local_task_job_runner.py:243} INFO - Task exited with return code 0
[2026-01-02T17:54:32.589+0000] {taskinstance.py:3503} INFO - 0 downstream tasks scheduled from follow-on schedule check
[2026-01-02T17:54:32.603+0000] {local_task_job_runner.py:222} INFO - ::endgroup::
