[2026-01-02T14:50:41.048+0000] {local_task_job_runner.py:120} INFO - ::group::Pre task execution logs
[2026-01-02T14:50:41.702+0000] {taskinstance.py:2076} INFO - Dependencies all met for dep_context=non-requeueable deps ti=<TaskInstance: main_pipeline.train_compare manual__2026-01-02T14:50:09.082349+00:00 [queued]>
[2026-01-02T14:50:41.782+0000] {taskinstance.py:2076} INFO - Dependencies all met for dep_context=requeueable deps ti=<TaskInstance: main_pipeline.train_compare manual__2026-01-02T14:50:09.082349+00:00 [queued]>
[2026-01-02T14:50:41.783+0000] {taskinstance.py:2306} INFO - Starting attempt 1 of 1
[2026-01-02T14:50:41.897+0000] {taskinstance.py:2330} INFO - Executing <Task(_BranchPythonDecoratedOperator): train_compare> on 2026-01-02 14:50:09.082349+00:00
[2026-01-02T14:50:41.984+0000] {standard_task_runner.py:64} INFO - Started process 291 to run task
[2026-01-02T14:50:42.005+0000] {standard_task_runner.py:90} INFO - Running: ['***', 'tasks', 'run', 'main_pipeline', 'train_compare', 'manual__2026-01-02T14:50:09.082349+00:00', '--job-id', '111', '--raw', '--subdir', 'DAGS_FOLDER/pipeline/main.py', '--cfg-path', '/tmp/tmpykgyw3qe']
[2026-01-02T14:50:42.042+0000] {standard_task_runner.py:91} INFO - Job 111: Subtask train_compare
[2026-01-02T14:50:42.650+0000] {task_command.py:426} INFO - Running <TaskInstance: main_pipeline.train_compare manual__2026-01-02T14:50:09.082349+00:00 [running]> on host 1ffb7dbd079c
[2026-01-02T14:50:43.505+0000] {taskinstance.py:2648} INFO - Exporting env vars: AIRFLOW_CTX_DAG_OWNER='***' AIRFLOW_CTX_DAG_ID='main_pipeline' AIRFLOW_CTX_TASK_ID='train_compare' AIRFLOW_CTX_EXECUTION_DATE='2026-01-02T14:50:09.082349+00:00' AIRFLOW_CTX_TRY_NUMBER='1' AIRFLOW_CTX_DAG_RUN_ID='manual__2026-01-02T14:50:09.082349+00:00'
[2026-01-02T14:50:43.525+0000] {taskinstance.py:430} INFO - ::endgroup::
[2026-01-02T14:50:43.527+0000] {logging_mixin.py:188} INFO - Current production version 5
[2026-01-02T14:50:43.527+0000] {logging_mixin.py:188} INFO - Next task - data drift check
[2026-01-02T14:50:43.528+0000] {python.py:237} INFO - Done. Returned value was: compare_distributions
[2026-01-02T14:50:43.528+0000] {branch.py:36} INFO - Branch into compare_distributions
[2026-01-02T14:50:43.528+0000] {skipmixin.py:178} INFO - Following branch compare_distributions
[2026-01-02T14:50:43.662+0000] {skipmixin.py:246} INFO - Skipping tasks [('train_model', -1)]
[2026-01-02T14:50:43.889+0000] {taskinstance.py:441} INFO - ::group::Post task execution logs
[2026-01-02T14:50:44.071+0000] {taskinstance.py:1206} INFO - Marking task as SUCCESS. dag_id=main_pipeline, task_id=train_compare, run_id=manual__2026-01-02T14:50:09.082349+00:00, execution_date=20260102T145009, start_date=20260102T145041, end_date=20260102T145044
[2026-01-02T14:50:44.248+0000] {local_task_job_runner.py:243} INFO - Task exited with return code 0
[2026-01-02T14:50:44.462+0000] {taskinstance.py:3503} INFO - 1 downstream tasks scheduled from follow-on schedule check
[2026-01-02T14:50:44.477+0000] {local_task_job_runner.py:222} INFO - ::endgroup::
