[2026-01-03T13:03:21.237+0000] {local_task_job_runner.py:120} INFO - ::group::Pre task execution logs
[2026-01-03T13:03:21.365+0000] {taskinstance.py:2076} INFO - Dependencies all met for dep_context=non-requeueable deps ti=<TaskInstance: main_pipeline.set_staging_model manual__2026-01-03T13:01:06.987105+00:00 [queued]>
[2026-01-03T13:03:21.409+0000] {taskinstance.py:2076} INFO - Dependencies all met for dep_context=requeueable deps ti=<TaskInstance: main_pipeline.set_staging_model manual__2026-01-03T13:01:06.987105+00:00 [queued]>
[2026-01-03T13:03:21.410+0000] {taskinstance.py:2306} INFO - Starting attempt 1 of 1
[2026-01-03T13:03:21.460+0000] {taskinstance.py:2330} INFO - Executing <Task(_PythonDecoratedOperator): set_staging_model> on 2026-01-03 13:01:06.987105+00:00
[2026-01-03T13:03:21.494+0000] {standard_task_runner.py:64} INFO - Started process 685 to run task
[2026-01-03T13:03:21.504+0000] {standard_task_runner.py:90} INFO - Running: ['***', 'tasks', 'run', 'main_pipeline', 'set_staging_model', 'manual__2026-01-03T13:01:06.987105+00:00', '--job-id', '225', '--raw', '--subdir', 'DAGS_FOLDER/pipeline/main.py', '--cfg-path', '/tmp/tmpx5vc12qz']
[2026-01-03T13:03:21.509+0000] {standard_task_runner.py:91} INFO - Job 225: Subtask set_staging_model
[2026-01-03T13:03:21.699+0000] {task_command.py:426} INFO - Running <TaskInstance: main_pipeline.set_staging_model manual__2026-01-03T13:01:06.987105+00:00 [running]> on host 8574a19215f6
[2026-01-03T13:03:22.077+0000] {taskinstance.py:2648} INFO - Exporting env vars: AIRFLOW_CTX_DAG_OWNER='***' AIRFLOW_CTX_DAG_ID='main_pipeline' AIRFLOW_CTX_TASK_ID='set_staging_model' AIRFLOW_CTX_EXECUTION_DATE='2026-01-03T13:01:06.987105+00:00' AIRFLOW_CTX_TRY_NUMBER='1' AIRFLOW_CTX_DAG_RUN_ID='manual__2026-01-03T13:01:06.987105+00:00'
[2026-01-03T13:03:22.079+0000] {taskinstance.py:430} INFO - ::endgroup::
[2026-01-03T13:03:23.183+0000] {logging_mixin.py:188} INFO - 6776bc33701a47d2963acd2110a2ee36
[2026-01-03T13:03:23.581+0000] {logging_mixin.py:188} WARNING - Registered model 'price_prediction' already exists. Creating a new version of this model...
[2026-01-03T13:03:23.791+0000] {logging_mixin.py:188} WARNING - 2026/01/03 13:03:23 INFO mlflow.tracking._model_registry.client: Waiting up to 300 seconds for model version to finish creation. Model name: price_prediction, version 16
[2026-01-03T13:03:23.796+0000] {logging_mixin.py:188} WARNING - Created version '16' of model 'price_prediction'.
[2026-01-03T13:03:24.142+0000] {logging_mixin.py:188} INFO - 6776bc33701a47d2963acd2110a2ee36
[2026-01-03T13:03:24.238+0000] {logging_mixin.py:188} WARNING - Registered model 'price_prediction' already exists. Creating a new version of this model...
[2026-01-03T13:03:24.390+0000] {logging_mixin.py:188} WARNING - 2026/01/03 13:03:24 INFO mlflow.tracking._model_registry.client: Waiting up to 300 seconds for model version to finish creation. Model name: price_prediction, version 17
[2026-01-03T13:03:24.391+0000] {logging_mixin.py:188} WARNING - Created version '17' of model 'price_prediction'.
[2026-01-03T13:03:24.608+0000] {logging_mixin.py:188} INFO - New model was set to Staging!
[2026-01-03T13:03:24.609+0000] {python.py:237} INFO - Done. Returned value was: None
[2026-01-03T13:03:24.612+0000] {taskinstance.py:441} INFO - ::group::Post task execution logs
[2026-01-03T13:03:24.655+0000] {taskinstance.py:1206} INFO - Marking task as SUCCESS. dag_id=main_pipeline, task_id=set_staging_model, run_id=manual__2026-01-03T13:01:06.987105+00:00, execution_date=20260103T130106, start_date=20260103T130321, end_date=20260103T130324
[2026-01-03T13:03:24.810+0000] {local_task_job_runner.py:243} INFO - Task exited with return code 0
[2026-01-03T13:03:24.993+0000] {taskinstance.py:3503} INFO - 1 downstream tasks scheduled from follow-on schedule check
[2026-01-03T13:03:25.122+0000] {local_task_job_runner.py:222} INFO - ::endgroup::
