[2026-01-03T15:16:00.148+0000] {local_task_job_runner.py:120} INFO - ::group::Pre task execution logs
[2026-01-03T15:16:00.391+0000] {taskinstance.py:2076} INFO - Dependencies all met for dep_context=non-requeueable deps ti=<TaskInstance: main_pipeline.check_drift manual__2026-01-03T15:15:20.574645+00:00 [queued]>
[2026-01-03T15:16:00.406+0000] {taskinstance.py:2076} INFO - Dependencies all met for dep_context=requeueable deps ti=<TaskInstance: main_pipeline.check_drift manual__2026-01-03T15:15:20.574645+00:00 [queued]>
[2026-01-03T15:16:00.411+0000] {taskinstance.py:2306} INFO - Starting attempt 1 of 1
[2026-01-03T15:16:00.467+0000] {taskinstance.py:2330} INFO - Executing <Task(_BranchPythonDecoratedOperator): check_drift> on 2026-01-03 15:15:20.574645+00:00
[2026-01-03T15:16:00.521+0000] {standard_task_runner.py:64} INFO - Started process 6530 to run task
[2026-01-03T15:16:00.535+0000] {standard_task_runner.py:90} INFO - Running: ['***', 'tasks', 'run', 'main_pipeline', 'check_drift', 'manual__2026-01-03T15:15:20.574645+00:00', '--job-id', '284', '--raw', '--subdir', 'DAGS_FOLDER/pipeline/main.py', '--cfg-path', '/tmp/tmp4_4_m33f']
[2026-01-03T15:16:00.539+0000] {standard_task_runner.py:91} INFO - Job 284: Subtask check_drift
[2026-01-03T15:16:00.905+0000] {task_command.py:426} INFO - Running <TaskInstance: main_pipeline.check_drift manual__2026-01-03T15:15:20.574645+00:00 [running]> on host 8574a19215f6
[2026-01-03T15:16:02.033+0000] {taskinstance.py:2648} INFO - Exporting env vars: AIRFLOW_CTX_DAG_OWNER='***' AIRFLOW_CTX_DAG_ID='main_pipeline' AIRFLOW_CTX_TASK_ID='check_drift' AIRFLOW_CTX_EXECUTION_DATE='2026-01-03T15:15:20.574645+00:00' AIRFLOW_CTX_TRY_NUMBER='1' AIRFLOW_CTX_DAG_RUN_ID='manual__2026-01-03T15:15:20.574645+00:00'
[2026-01-03T15:16:02.034+0000] {taskinstance.py:430} INFO - ::endgroup::
[2026-01-03T15:16:02.035+0000] {python.py:237} INFO - Done. Returned value was: check_end
[2026-01-03T15:16:02.036+0000] {branch.py:36} INFO - Branch into check_end
[2026-01-03T15:16:02.037+0000] {skipmixin.py:178} INFO - Following branch check_end
[2026-01-03T15:16:02.156+0000] {skipmixin.py:246} INFO - Skipping tasks [('train_new_model', -1)]
[2026-01-03T15:16:02.377+0000] {taskinstance.py:441} INFO - ::group::Post task execution logs
[2026-01-03T15:16:02.587+0000] {taskinstance.py:1206} INFO - Marking task as SUCCESS. dag_id=main_pipeline, task_id=check_drift, run_id=manual__2026-01-03T15:15:20.574645+00:00, execution_date=20260103T151520, start_date=20260103T151600, end_date=20260103T151602
[2026-01-03T15:16:02.742+0000] {local_task_job_runner.py:243} INFO - Task exited with return code 0
[2026-01-03T15:16:02.872+0000] {taskinstance.py:3503} INFO - 1 downstream tasks scheduled from follow-on schedule check
[2026-01-03T15:16:02.894+0000] {local_task_job_runner.py:222} INFO - ::endgroup::
