[2026-01-03T12:10:09.378+0000] {local_task_job_runner.py:120} INFO - ::group::Pre task execution logs
[2026-01-03T12:10:09.504+0000] {taskinstance.py:2076} INFO - Dependencies all met for dep_context=non-requeueable deps ti=<TaskInstance: main_pipeline.train_compare manual__2026-01-03T12:09:49.701774+00:00 [queued]>
[2026-01-03T12:10:09.526+0000] {taskinstance.py:2076} INFO - Dependencies all met for dep_context=requeueable deps ti=<TaskInstance: main_pipeline.train_compare manual__2026-01-03T12:09:49.701774+00:00 [queued]>
[2026-01-03T12:10:09.527+0000] {taskinstance.py:2306} INFO - Starting attempt 1 of 1
[2026-01-03T12:10:09.562+0000] {taskinstance.py:2330} INFO - Executing <Task(_BranchPythonDecoratedOperator): train_compare> on 2026-01-03 12:09:49.701774+00:00
[2026-01-03T12:10:09.604+0000] {standard_task_runner.py:64} INFO - Started process 287 to run task
[2026-01-03T12:10:09.616+0000] {standard_task_runner.py:90} INFO - Running: ['***', 'tasks', 'run', 'main_pipeline', 'train_compare', 'manual__2026-01-03T12:09:49.701774+00:00', '--job-id', '211', '--raw', '--subdir', 'DAGS_FOLDER/pipeline/main.py', '--cfg-path', '/tmp/tmp7bdaiyv2']
[2026-01-03T12:10:09.625+0000] {standard_task_runner.py:91} INFO - Job 211: Subtask train_compare
[2026-01-03T12:10:09.882+0000] {task_command.py:426} INFO - Running <TaskInstance: main_pipeline.train_compare manual__2026-01-03T12:09:49.701774+00:00 [running]> on host 0827c9bf42bd
[2026-01-03T12:10:10.309+0000] {taskinstance.py:2648} INFO - Exporting env vars: AIRFLOW_CTX_DAG_OWNER='***' AIRFLOW_CTX_DAG_ID='main_pipeline' AIRFLOW_CTX_TASK_ID='train_compare' AIRFLOW_CTX_EXECUTION_DATE='2026-01-03T12:09:49.701774+00:00' AIRFLOW_CTX_TRY_NUMBER='1' AIRFLOW_CTX_DAG_RUN_ID='manual__2026-01-03T12:09:49.701774+00:00'
[2026-01-03T12:10:10.321+0000] {taskinstance.py:430} INFO - ::endgroup::
[2026-01-03T12:10:10.322+0000] {logging_mixin.py:188} INFO - {'production_version': '15', 'run_id': 'c1753623e0ed4eaa968d1f7834cce56f'}
[2026-01-03T12:10:10.323+0000] {logging_mixin.py:188} INFO - Current production version 15
[2026-01-03T12:10:10.324+0000] {logging_mixin.py:188} INFO - Next task - data drift check
[2026-01-03T12:10:10.324+0000] {python.py:237} INFO - Done. Returned value was: compare_distributions
[2026-01-03T12:10:10.325+0000] {branch.py:36} INFO - Branch into compare_distributions
[2026-01-03T12:10:10.325+0000] {skipmixin.py:178} INFO - Following branch compare_distributions
[2026-01-03T12:10:10.388+0000] {skipmixin.py:246} INFO - Skipping tasks [('train_initial_model', -1)]
[2026-01-03T12:10:10.484+0000] {taskinstance.py:441} INFO - ::group::Post task execution logs
[2026-01-03T12:10:11.072+0000] {taskinstance.py:1206} INFO - Marking task as SUCCESS. dag_id=main_pipeline, task_id=train_compare, run_id=manual__2026-01-03T12:09:49.701774+00:00, execution_date=20260103T120949, start_date=20260103T121009, end_date=20260103T121011
[2026-01-03T12:10:11.294+0000] {local_task_job_runner.py:243} INFO - Task exited with return code 0
[2026-01-03T12:10:11.394+0000] {taskinstance.py:3503} INFO - 1 downstream tasks scheduled from follow-on schedule check
[2026-01-03T12:10:11.407+0000] {local_task_job_runner.py:222} INFO - ::endgroup::
