[2026-01-02T11:19:50.608+0000] {local_task_job_runner.py:120} INFO - ::group::Pre task execution logs
[2026-01-02T11:19:50.751+0000] {taskinstance.py:2076} INFO - Dependencies all met for dep_context=non-requeueable deps ti=<TaskInstance: main_pipeline.train_compare manual__2026-01-02T11:19:39.460947+00:00 [queued]>
[2026-01-02T11:19:50.781+0000] {taskinstance.py:2076} INFO - Dependencies all met for dep_context=requeueable deps ti=<TaskInstance: main_pipeline.train_compare manual__2026-01-02T11:19:39.460947+00:00 [queued]>
[2026-01-02T11:19:50.782+0000] {taskinstance.py:2306} INFO - Starting attempt 1 of 1
[2026-01-02T11:19:50.832+0000] {taskinstance.py:2330} INFO - Executing <Task(_BranchPythonDecoratedOperator): train_compare> on 2026-01-02 11:19:39.460947+00:00
[2026-01-02T11:19:50.890+0000] {standard_task_runner.py:64} INFO - Started process 530 to run task
[2026-01-02T11:19:50.906+0000] {standard_task_runner.py:90} INFO - Running: ['***', 'tasks', 'run', 'main_pipeline', 'train_compare', 'manual__2026-01-02T11:19:39.460947+00:00', '--job-id', '24', '--raw', '--subdir', 'DAGS_FOLDER/pipeline/main.py', '--cfg-path', '/tmp/tmpwtgxw5y8']
[2026-01-02T11:19:50.916+0000] {standard_task_runner.py:91} INFO - Job 24: Subtask train_compare
[2026-01-02T11:19:51.107+0000] {task_command.py:426} INFO - Running <TaskInstance: main_pipeline.train_compare manual__2026-01-02T11:19:39.460947+00:00 [running]> on host 30eb01c40d3f
[2026-01-02T11:19:51.480+0000] {taskinstance.py:2648} INFO - Exporting env vars: AIRFLOW_CTX_DAG_OWNER='***' AIRFLOW_CTX_DAG_ID='main_pipeline' AIRFLOW_CTX_TASK_ID='train_compare' AIRFLOW_CTX_EXECUTION_DATE='2026-01-02T11:19:39.460947+00:00' AIRFLOW_CTX_TRY_NUMBER='1' AIRFLOW_CTX_DAG_RUN_ID='manual__2026-01-02T11:19:39.460947+00:00'
[2026-01-02T11:19:51.486+0000] {taskinstance.py:430} INFO - ::endgroup::
[2026-01-02T11:19:51.487+0000] {logging_mixin.py:188} INFO - No production models found, the training begins
[2026-01-02T11:19:51.487+0000] {python.py:237} INFO - Done. Returned value was: train_model
[2026-01-02T11:19:51.488+0000] {branch.py:36} INFO - Branch into train_model
[2026-01-02T11:19:51.488+0000] {skipmixin.py:178} INFO - Following branch train_model
[2026-01-02T11:19:51.583+0000] {skipmixin.py:246} INFO - Skipping tasks [('compare_distributions', -1)]
[2026-01-02T11:19:51.683+0000] {taskinstance.py:441} INFO - ::group::Post task execution logs
[2026-01-02T11:19:51.767+0000] {taskinstance.py:1206} INFO - Marking task as SUCCESS. dag_id=main_pipeline, task_id=train_compare, run_id=manual__2026-01-02T11:19:39.460947+00:00, execution_date=20260102T111939, start_date=20260102T111950, end_date=20260102T111951
[2026-01-02T11:19:51.864+0000] {local_task_job_runner.py:243} INFO - Task exited with return code 0
[2026-01-02T11:19:51.954+0000] {taskinstance.py:3503} INFO - 0 downstream tasks scheduled from follow-on schedule check
[2026-01-02T11:19:51.962+0000] {local_task_job_runner.py:222} INFO - ::endgroup::
