[2026-01-02T11:29:19.951+0000] {local_task_job_runner.py:120} INFO - ::group::Pre task execution logs
[2026-01-02T11:29:20.173+0000] {taskinstance.py:2076} INFO - Dependencies all met for dep_context=non-requeueable deps ti=<TaskInstance: main_pipeline.check_prod_model manual__2026-01-02T11:29:15.501096+00:00 [queued]>
[2026-01-02T11:29:20.200+0000] {taskinstance.py:2076} INFO - Dependencies all met for dep_context=requeueable deps ti=<TaskInstance: main_pipeline.check_prod_model manual__2026-01-02T11:29:15.501096+00:00 [queued]>
[2026-01-02T11:29:20.201+0000] {taskinstance.py:2306} INFO - Starting attempt 1 of 1
[2026-01-02T11:29:20.232+0000] {taskinstance.py:2330} INFO - Executing <Task(_PythonDecoratedOperator): check_prod_model> on 2026-01-02 11:29:15.501096+00:00
[2026-01-02T11:29:20.266+0000] {standard_task_runner.py:64} INFO - Started process 950 to run task
[2026-01-02T11:29:20.273+0000] {standard_task_runner.py:90} INFO - Running: ['***', 'tasks', 'run', 'main_pipeline', 'check_prod_model', 'manual__2026-01-02T11:29:15.501096+00:00', '--job-id', '29', '--raw', '--subdir', 'DAGS_FOLDER/pipeline/main.py', '--cfg-path', '/tmp/tmp0_wxkzkz']
[2026-01-02T11:29:20.278+0000] {standard_task_runner.py:91} INFO - Job 29: Subtask check_prod_model
[2026-01-02T11:29:20.499+0000] {task_command.py:426} INFO - Running <TaskInstance: main_pipeline.check_prod_model manual__2026-01-02T11:29:15.501096+00:00 [running]> on host 30eb01c40d3f
[2026-01-02T11:29:20.960+0000] {taskinstance.py:2648} INFO - Exporting env vars: AIRFLOW_CTX_DAG_OWNER='***' AIRFLOW_CTX_DAG_ID='main_pipeline' AIRFLOW_CTX_TASK_ID='check_prod_model' AIRFLOW_CTX_EXECUTION_DATE='2026-01-02T11:29:15.501096+00:00' AIRFLOW_CTX_TRY_NUMBER='1' AIRFLOW_CTX_DAG_RUN_ID='manual__2026-01-02T11:29:15.501096+00:00'
[2026-01-02T11:29:20.964+0000] {taskinstance.py:430} INFO - ::endgroup::
[2026-01-02T11:29:27.418+0000] {logging_mixin.py:188} WARNING - /home/***/.local/lib/python3.11/site-packages/pydantic/_internal/_fields.py:161 UserWarning: Field "model_server_url" has conflict with protected namespace "model_".

You may be able to resolve this warning by setting `model_config['protected_namespaces'] = ()`.
[2026-01-02T11:29:27.465+0000] {logging_mixin.py:188} WARNING - /home/***/.local/lib/python3.11/site-packages/pydantic/_internal/_config.py:341 UserWarning: Valid config keys have changed in V2:
* 'schema_extra' has been renamed to 'json_schema_extra'
[2026-01-02T11:29:27.746+0000] {logging_mixin.py:188} INFO - Production model not found
[2026-01-02T11:29:27.747+0000] {python.py:237} INFO - Done. Returned value was: {}
[2026-01-02T11:29:27.748+0000] {taskinstance.py:441} INFO - ::group::Post task execution logs
[2026-01-02T11:29:27.874+0000] {taskinstance.py:1206} INFO - Marking task as SUCCESS. dag_id=main_pipeline, task_id=check_prod_model, run_id=manual__2026-01-02T11:29:15.501096+00:00, execution_date=20260102T112915, start_date=20260102T112920, end_date=20260102T112927
[2026-01-02T11:29:28.005+0000] {local_task_job_runner.py:243} INFO - Task exited with return code 0
[2026-01-02T11:29:28.101+0000] {taskinstance.py:3503} INFO - 1 downstream tasks scheduled from follow-on schedule check
[2026-01-02T11:29:28.116+0000] {local_task_job_runner.py:222} INFO - ::endgroup::
