[2026-01-01T15:40:19.873+0000] {local_task_job_runner.py:120} INFO - ::group::Pre task execution logs
[2026-01-01T15:40:20.051+0000] {taskinstance.py:2076} INFO - Dependencies all met for dep_context=non-requeueable deps ti=<TaskInstance: main_pipeline.train_compare scheduled__2025-12-31T00:00:00+00:00 [queued]>
[2026-01-01T15:40:20.098+0000] {taskinstance.py:2076} INFO - Dependencies all met for dep_context=requeueable deps ti=<TaskInstance: main_pipeline.train_compare scheduled__2025-12-31T00:00:00+00:00 [queued]>
[2026-01-01T15:40:20.099+0000] {taskinstance.py:2306} INFO - Starting attempt 1 of 1
[2026-01-01T15:40:20.136+0000] {taskinstance.py:2330} INFO - Executing <Task(_BranchPythonDecoratedOperator): train_compare> on 2025-12-31 00:00:00+00:00
[2026-01-01T15:40:20.184+0000] {standard_task_runner.py:64} INFO - Started process 232 to run task
[2026-01-01T15:40:20.196+0000] {standard_task_runner.py:90} INFO - Running: ['***', 'tasks', 'run', 'main_pipeline', 'train_compare', 'scheduled__2025-12-31T00:00:00+00:00', '--job-id', '114', '--raw', '--subdir', 'DAGS_FOLDER/pipeline/main.py', '--cfg-path', '/tmp/tmp3haxw4mr']
[2026-01-01T15:40:20.203+0000] {standard_task_runner.py:91} INFO - Job 114: Subtask train_compare
[2026-01-01T15:40:20.571+0000] {task_command.py:426} INFO - Running <TaskInstance: main_pipeline.train_compare scheduled__2025-12-31T00:00:00+00:00 [running]> on host f5d1d4eaa079
[2026-01-01T15:40:21.182+0000] {taskinstance.py:2648} INFO - Exporting env vars: AIRFLOW_CTX_DAG_OWNER='***' AIRFLOW_CTX_DAG_ID='main_pipeline' AIRFLOW_CTX_TASK_ID='train_compare' AIRFLOW_CTX_EXECUTION_DATE='2025-12-31T00:00:00+00:00' AIRFLOW_CTX_TRY_NUMBER='1' AIRFLOW_CTX_DAG_RUN_ID='scheduled__2025-12-31T00:00:00+00:00'
[2026-01-01T15:40:21.183+0000] {taskinstance.py:430} INFO - ::endgroup::
[2026-01-01T15:40:21.184+0000] {logging_mixin.py:188} INFO - Current production version 1
[2026-01-01T15:40:21.185+0000] {logging_mixin.py:188} INFO - Next task - data drift check
[2026-01-01T15:40:21.189+0000] {python.py:237} INFO - Done. Returned value was: compare_distributions
[2026-01-01T15:40:21.190+0000] {branch.py:36} INFO - Branch into compare_distributions
[2026-01-01T15:40:21.193+0000] {skipmixin.py:178} INFO - Following branch compare_distributions
[2026-01-01T15:40:21.300+0000] {skipmixin.py:246} INFO - Skipping tasks [('train_model', -1)]
[2026-01-01T15:40:21.626+0000] {taskinstance.py:441} INFO - ::group::Post task execution logs
[2026-01-01T15:40:21.795+0000] {taskinstance.py:1206} INFO - Marking task as SUCCESS. dag_id=main_pipeline, task_id=train_compare, run_id=scheduled__2025-12-31T00:00:00+00:00, execution_date=20251231T000000, start_date=20260101T154020, end_date=20260101T154021
[2026-01-01T15:40:21.985+0000] {local_task_job_runner.py:243} INFO - Task exited with return code 0
[2026-01-01T15:40:22.158+0000] {taskinstance.py:3503} INFO - 1 downstream tasks scheduled from follow-on schedule check
[2026-01-01T15:40:22.166+0000] {local_task_job_runner.py:222} INFO - ::endgroup::
