[2026-01-02T14:08:58.283+0000] {local_task_job_runner.py:120} INFO - ::group::Pre task execution logs
[2026-01-02T14:08:58.374+0000] {taskinstance.py:2076} INFO - Dependencies all met for dep_context=non-requeueable deps ti=<TaskInstance: main_pipeline.check_prod_model manual__2026-01-02T14:08:53.930647+00:00 [queued]>
[2026-01-02T14:08:58.394+0000] {taskinstance.py:2076} INFO - Dependencies all met for dep_context=requeueable deps ti=<TaskInstance: main_pipeline.check_prod_model manual__2026-01-02T14:08:53.930647+00:00 [queued]>
[2026-01-02T14:08:58.394+0000] {taskinstance.py:2306} INFO - Starting attempt 1 of 1
[2026-01-02T14:08:58.452+0000] {taskinstance.py:2330} INFO - Executing <Task(_PythonDecoratedOperator): check_prod_model> on 2026-01-02 14:08:53.930647+00:00
[2026-01-02T14:08:58.537+0000] {standard_task_runner.py:64} INFO - Started process 9067 to run task
[2026-01-02T14:08:58.544+0000] {standard_task_runner.py:90} INFO - Running: ['***', 'tasks', 'run', 'main_pipeline', 'check_prod_model', 'manual__2026-01-02T14:08:53.930647+00:00', '--job-id', '90', '--raw', '--subdir', 'DAGS_FOLDER/pipeline/main.py', '--cfg-path', '/tmp/tmpog_3q3wp']
[2026-01-02T14:08:58.547+0000] {standard_task_runner.py:91} INFO - Job 90: Subtask check_prod_model
[2026-01-02T14:08:58.758+0000] {task_command.py:426} INFO - Running <TaskInstance: main_pipeline.check_prod_model manual__2026-01-02T14:08:53.930647+00:00 [running]> on host b2cc83381b06
[2026-01-02T14:08:59.188+0000] {taskinstance.py:2648} INFO - Exporting env vars: AIRFLOW_CTX_DAG_OWNER='***' AIRFLOW_CTX_DAG_ID='main_pipeline' AIRFLOW_CTX_TASK_ID='check_prod_model' AIRFLOW_CTX_EXECUTION_DATE='2026-01-02T14:08:53.930647+00:00' AIRFLOW_CTX_TRY_NUMBER='1' AIRFLOW_CTX_DAG_RUN_ID='manual__2026-01-02T14:08:53.930647+00:00'
[2026-01-02T14:08:59.190+0000] {taskinstance.py:430} INFO - ::endgroup::
[2026-01-02T14:09:01.627+0000] {logging_mixin.py:188} WARNING - /home/***/.local/lib/python3.11/site-packages/pydantic/_internal/_fields.py:161 UserWarning: Field "model_server_url" has conflict with protected namespace "model_".

You may be able to resolve this warning by setting `model_config['protected_namespaces'] = ()`.
[2026-01-02T14:09:01.695+0000] {logging_mixin.py:188} WARNING - /home/***/.local/lib/python3.11/site-packages/pydantic/_internal/_config.py:341 UserWarning: Valid config keys have changed in V2:
* 'schema_extra' has been renamed to 'json_schema_extra'
[2026-01-02T14:09:02.199+0000] {logging_mixin.py:188} INFO - Parent run ID: 3f097f0ead1e4e9291dee6814d966433
[2026-01-02T14:09:02.200+0000] {logging_mixin.py:188} INFO - Found production version: 4
[2026-01-02T14:09:03.271+0000] {credentials.py:1147} INFO - Found credentials in environment variables.
[2026-01-02T14:09:05.172+0000] {logging_mixin.py:188} INFO - <FileInfo: file_size=81696, is_dir=False, path='Test.csv'>
[2026-01-02T14:09:05.176+0000] {logging_mixin.py:188} INFO - <FileInfo: file_size=190827, is_dir=False, path='Train.csv'>
[2026-01-02T14:09:05.178+0000] {logging_mixin.py:188} INFO - <FileInfo: file_size=16104, is_dir=False, path='Transformation Pipeline.pkl'>
[2026-01-02T14:09:05.182+0000] {python.py:237} INFO - Done. Returned value was: {'production_version': '4'}
[2026-01-02T14:09:05.184+0000] {taskinstance.py:441} INFO - ::group::Post task execution logs
[2026-01-02T14:09:05.297+0000] {taskinstance.py:1206} INFO - Marking task as SUCCESS. dag_id=main_pipeline, task_id=check_prod_model, run_id=manual__2026-01-02T14:08:53.930647+00:00, execution_date=20260102T140853, start_date=20260102T140858, end_date=20260102T140905
[2026-01-02T14:09:05.429+0000] {local_task_job_runner.py:243} INFO - Task exited with return code 0
[2026-01-02T14:09:05.518+0000] {taskinstance.py:3503} INFO - 0 downstream tasks scheduled from follow-on schedule check
[2026-01-02T14:09:05.526+0000] {local_task_job_runner.py:222} INFO - ::endgroup::
