[2026-01-02T18:20:32.861+0000] {local_task_job_runner.py:120} INFO - ::group::Pre task execution logs
[2026-01-02T18:20:33.214+0000] {taskinstance.py:2076} INFO - Dependencies all met for dep_context=non-requeueable deps ti=<TaskInstance: main_pipeline.compare_distributions manual__2026-01-02T18:19:44.331714+00:00 [queued]>
[2026-01-02T18:20:33.298+0000] {taskinstance.py:2076} INFO - Dependencies all met for dep_context=requeueable deps ti=<TaskInstance: main_pipeline.compare_distributions manual__2026-01-02T18:19:44.331714+00:00 [queued]>
[2026-01-02T18:20:33.299+0000] {taskinstance.py:2306} INFO - Starting attempt 1 of 1
[2026-01-02T18:20:33.386+0000] {taskinstance.py:2330} INFO - Executing <Task(_PythonDecoratedOperator): compare_distributions> on 2026-01-02 18:19:44.331714+00:00
[2026-01-02T18:20:33.522+0000] {standard_task_runner.py:64} INFO - Started process 1913 to run task
[2026-01-02T18:20:33.536+0000] {standard_task_runner.py:90} INFO - Running: ['***', 'tasks', 'run', 'main_pipeline', 'compare_distributions', 'manual__2026-01-02T18:19:44.331714+00:00', '--job-id', '154', '--raw', '--subdir', 'DAGS_FOLDER/pipeline/main.py', '--cfg-path', '/tmp/tmp2vm4aaxw']
[2026-01-02T18:20:33.554+0000] {standard_task_runner.py:91} INFO - Job 154: Subtask compare_distributions
[2026-01-02T18:20:33.864+0000] {task_command.py:426} INFO - Running <TaskInstance: main_pipeline.compare_distributions manual__2026-01-02T18:19:44.331714+00:00 [running]> on host 634f416f74b0
[2026-01-02T18:20:34.617+0000] {taskinstance.py:2648} INFO - Exporting env vars: AIRFLOW_CTX_DAG_OWNER='***' AIRFLOW_CTX_DAG_ID='main_pipeline' AIRFLOW_CTX_TASK_ID='compare_distributions' AIRFLOW_CTX_EXECUTION_DATE='2026-01-02T18:19:44.331714+00:00' AIRFLOW_CTX_TRY_NUMBER='1' AIRFLOW_CTX_DAG_RUN_ID='manual__2026-01-02T18:19:44.331714+00:00'
[2026-01-02T18:20:34.623+0000] {taskinstance.py:430} INFO - ::endgroup::
[2026-01-02T18:20:34.672+0000] {logging_mixin.py:188} INFO - <Response [200]>
[2026-01-02T18:20:35.699+0000] {logging_mixin.py:188} INFO - {'carat': [0.991333978593138, 0], 'depth': [0.37351199574638055, 0], 'table': [0.9790850183096905, 0], 'x': [0.9870037540866615, 0], 'y': [0.9268429833559283, 0], 'z': [0.922995292552844, 0], 'price': [0.00022836682651142335, 1], 'cut': [0.0006103822873260297, 0], 'color': [0.14943973594168763, 1], 'clarity': [0.0010643796329063624, 0]}
[2026-01-02T18:20:35.700+0000] {python.py:237} INFO - Done. Returned value was: {'data':       carat        cut color clarity  ...        price     x     y     z
0      1.07    Premium     J     SI2  ...  8782.705804  6.57  6.53  4.01
1      0.32      Ideal     I    VVS2  ...   694.793123  4.41  4.44  2.72
2      0.34      Ideal     F      IF  ...  2346.000000  4.52  4.46  2.79
3      0.50      Ideal     F     VS2  ...  1408.000000  5.06  5.09  3.18
4      1.21      Ideal     I     VS2  ...  1226.112204  6.98  6.94  4.15
...     ...        ...   ...     ...  ...          ...   ...   ...   ...
4995   1.36  Very Good     J     SI1  ...  9874.000000  7.21  7.24  4.30
4996   0.32    Premium     H     VS2  ...   667.045645  4.44  4.41  2.69
4997   0.63      Ideal     I      IF  ...  4588.493543  5.47  5.50  3.43
4998   0.90    Premium     F     SI2  ...  3924.000000  6.21  6.24  3.76
4999   1.26      Ideal     H     VS1  ...  9331.046189  6.89  6.98  4.31

[5000 rows x 10 columns], 'drift_info': {'carat': [0.991333978593138, 0], 'depth': [0.37351199574638055, 0], 'table': [0.9790850183096905, 0], 'x': [0.9870037540866615, 0], 'y': [0.9268429833559283, 0], 'z': [0.922995292552844, 0], 'price': [0.00022836682651142335, 1], 'cut': [0.0006103822873260297, 0], 'color': [0.14943973594168763, 1], 'clarity': [0.0010643796329063624, 0]}}
[2026-01-02T18:20:35.851+0000] {taskinstance.py:441} INFO - ::group::Post task execution logs
[2026-01-02T18:20:36.363+0000] {taskinstance.py:1206} INFO - Marking task as SUCCESS. dag_id=main_pipeline, task_id=compare_distributions, run_id=manual__2026-01-02T18:19:44.331714+00:00, execution_date=20260102T181944, start_date=20260102T182033, end_date=20260102T182036
[2026-01-02T18:20:36.608+0000] {local_task_job_runner.py:243} INFO - Task exited with return code 0
[2026-01-02T18:20:36.810+0000] {taskinstance.py:3503} INFO - 1 downstream tasks scheduled from follow-on schedule check
[2026-01-02T18:20:36.827+0000] {local_task_job_runner.py:222} INFO - ::endgroup::
