[2026-01-02T12:13:04.107+0000] {local_task_job_runner.py:120} INFO - ::group::Pre task execution logs
[2026-01-02T12:13:04.397+0000] {taskinstance.py:2076} INFO - Dependencies all met for dep_context=non-requeueable deps ti=<TaskInstance: main_pipeline.train_model manual__2026-01-02T12:12:35.648170+00:00 [queued]>
[2026-01-02T12:13:04.438+0000] {taskinstance.py:2076} INFO - Dependencies all met for dep_context=requeueable deps ti=<TaskInstance: main_pipeline.train_model manual__2026-01-02T12:12:35.648170+00:00 [queued]>
[2026-01-02T12:13:04.439+0000] {taskinstance.py:2306} INFO - Starting attempt 1 of 1
[2026-01-02T12:13:04.556+0000] {taskinstance.py:2330} INFO - Executing <Task(_PythonDecoratedOperator): train_model> on 2026-01-02 12:12:35.648170+00:00
[2026-01-02T12:13:04.638+0000] {standard_task_runner.py:64} INFO - Started process 1957 to run task
[2026-01-02T12:13:04.653+0000] {standard_task_runner.py:90} INFO - Running: ['***', 'tasks', 'run', 'main_pipeline', 'train_model', 'manual__2026-01-02T12:12:35.648170+00:00', '--job-id', '49', '--raw', '--subdir', 'DAGS_FOLDER/pipeline/main.py', '--cfg-path', '/tmp/tmp4sdl20k1']
[2026-01-02T12:13:04.673+0000] {standard_task_runner.py:91} INFO - Job 49: Subtask train_model
[2026-01-02T12:13:05.142+0000] {task_command.py:426} INFO - Running <TaskInstance: main_pipeline.train_model manual__2026-01-02T12:12:35.648170+00:00 [running]> on host b2cc83381b06
[2026-01-02T12:13:05.986+0000] {taskinstance.py:2648} INFO - Exporting env vars: AIRFLOW_CTX_DAG_OWNER='***' AIRFLOW_CTX_DAG_ID='main_pipeline' AIRFLOW_CTX_TASK_ID='train_model' AIRFLOW_CTX_EXECUTION_DATE='2026-01-02T12:12:35.648170+00:00' AIRFLOW_CTX_TRY_NUMBER='1' AIRFLOW_CTX_DAG_RUN_ID='manual__2026-01-02T12:12:35.648170+00:00'
[2026-01-02T12:13:05.991+0000] {taskinstance.py:430} INFO - ::endgroup::
[2026-01-02T12:13:11.105+0000] {logging_mixin.py:188} WARNING - /home/***/.local/lib/python3.11/site-packages/pydantic/_internal/_fields.py:161 UserWarning: Field "model_server_url" has conflict with protected namespace "model_".

You may be able to resolve this warning by setting `model_config['protected_namespaces'] = ()`.
[2026-01-02T12:13:11.158+0000] {logging_mixin.py:188} WARNING - /home/***/.local/lib/python3.11/site-packages/pydantic/_internal/_config.py:341 UserWarning: Valid config keys have changed in V2:
* 'schema_extra' has been renamed to 'json_schema_extra'
[2026-01-02T12:13:40.771+0000] {logging_mixin.py:188} INFO -                     Description             Value
0                    Session id                42
1                        Target             price
2                   Target type        Regression
3           Original data shape        (5000, 10)
4        Transformed data shape        (5000, 28)
5   Transformed train set shape        (3500, 28)
6    Transformed test set shape        (1500, 28)
7              Numeric features                 6
8          Categorical features                 3
9                    Preprocess              True
10              Imputation type            simple
11           Numeric imputation              mean
12       Categorical imputation              mode
13     Maximum one-hot encoding                25
14              Encoding method              None
15                    Normalize              True
16             Normalize method            zscore
17               Fold Generator             KFold
18                  Fold Number                 5
19                     CPU Jobs                -1
20                      Use GPU             False
21               Log Experiment      MlflowLogger
22              Experiment Name  price_prediction
23                          USI              e5f1
[2026-01-02T12:13:41.735+0000] {logging_mixin.py:188} WARNING - 2026/01/02 12:13:41 WARNING mlflow.utils.git_utils: Failed to import Git (the Git executable is probably not on your PATH), so Git SHA is not available. Error: Failed to initialize: Bad git executable.
The git executable must be specified in one of the following ways:
    - be included in your $PATH
    - be set via $GIT_PYTHON_GIT_EXECUTABLE
    - explicitly set via git.refresh(<full-path-to-git-executable>)

All git commands will error until this is rectified.

This initial message can be silenced or aggravated in the future by setting the
$GIT_PYTHON_REFRESH environment variable. Use one of the following values:
    - quiet|q|silence|s|silent|none|n|0: for no message or exception
    - warn|w|warning|log|l|1: for a warning message (logging level CRITICAL, displayed by default)
    - error|e|exception|raise|r|2: for a raised exception

Example:
    export GIT_PYTHON_REFRESH=quiet
[2026-01-02T12:13:43.756+0000] {credentials.py:1147} INFO - Found credentials in environment variables.
[2026-01-02T12:13:45.209+0000] {logging_mixin.py:188} WARNING - Processing:   0%|          | 0/17 [00:00<?, ?it/s]
[2026-01-02T12:13:49.100+0000] {logging_mixin.py:188} WARNING - Processing:  29%|##9       | 5/17 [00:03<00:09,  1.29it/s]
[2026-01-02T12:13:49.695+0000] {logging_mixin.py:188} WARNING - Processing:  41%|####1     | 7/17 [00:04<00:06,  1.66it/s]
[2026-01-02T12:13:57.031+0000] {logging_mixin.py:188} WARNING - Processing:  53%|#####2    | 9/17 [00:11<00:13,  1.65s/it]
[2026-01-02T12:13:57.477+0000] {logging_mixin.py:188} WARNING - Processing:  65%|######4   | 11/17 [00:12<00:07,  1.18s/it]
[2026-01-02T12:14:16.102+0000] {logging_mixin.py:188} WARNING - Processing:  76%|#######6  | 13/17 [00:30<00:15,  3.78s/it]
[2026-01-02T12:14:17.076+0000] {logging_mixin.py:188} WARNING - Processing:  88%|########8 | 15/17 [00:31<00:05,  2.75s/it]
[2026-01-02T12:14:21.662+0000] {logging_mixin.py:188} WARNING - Processing: 100%|##########| 17/17 [00:36<00:00,  2.61s/it]
[2026-01-02T12:14:21.666+0000] {logging_mixin.py:188} WARNING -                                                            
[2026-01-02T12:14:30.271+0000] {font_manager.py:1333} WARNING - findfont: Generic family 'sans-serif' not found because none of the following families were found: Arial, Liberation Sans, Bitstream Vera Sans, sans-serif
[2026-01-02T12:14:30.376+0000] {font_manager.py:1333} WARNING - findfont: Generic family 'sans-serif' not found because none of the following families were found: Arial, Liberation Sans, Bitstream Vera Sans, sans-serif
[2026-01-02T12:14:30.398+0000] {font_manager.py:1333} WARNING - findfont: Generic family 'sans-serif' not found because none of the following families were found: Arial, Liberation Sans, Bitstream Vera Sans, sans-serif
[2026-01-02T12:14:30.420+0000] {font_manager.py:1333} WARNING - findfont: Generic family 'sans-serif' not found because none of the following families were found: Arial, Liberation Sans, Bitstream Vera Sans, sans-serif
[2026-01-02T12:14:30.436+0000] {font_manager.py:1333} WARNING - findfont: Generic family 'sans-serif' not found because none of the following families were found: Arial, Liberation Sans, Bitstream Vera Sans, sans-serif
[2026-01-02T12:14:30.448+0000] {font_manager.py:1333} WARNING - findfont: Generic family 'sans-serif' not found because none of the following families were found: Arial, Liberation Sans, Bitstream Vera Sans, sans-serif
[2026-01-02T12:14:30.464+0000] {font_manager.py:1333} WARNING - findfont: Generic family 'sans-serif' not found because none of the following families were found: Arial, Liberation Sans, Bitstream Vera Sans, sans-serif
[2026-01-02T12:14:30.488+0000] {font_manager.py:1333} WARNING - findfont: Generic family 'sans-serif' not found because none of the following families were found: Arial, Liberation Sans, Bitstream Vera Sans, sans-serif
[2026-01-02T12:14:30.542+0000] {font_manager.py:1333} WARNING - findfont: Generic family 'sans-serif' not found because none of the following families were found: Arial, Liberation Sans, Bitstream Vera Sans, sans-serif
[2026-01-02T12:14:30.543+0000] {font_manager.py:1333} WARNING - findfont: Generic family 'sans-serif' not found because none of the following families were found: Arial, Liberation Sans, Bitstream Vera Sans, sans-serif
[2026-01-02T12:14:30.546+0000] {font_manager.py:1333} WARNING - findfont: Generic family 'sans-serif' not found because none of the following families were found: Arial, Liberation Sans, Bitstream Vera Sans, sans-serif
[2026-01-02T12:14:30.585+0000] {font_manager.py:1333} WARNING - findfont: Generic family 'sans-serif' not found because none of the following families were found: Arial, Liberation Sans, Bitstream Vera Sans, sans-serif
[2026-01-02T12:14:31.165+0000] {font_manager.py:1333} WARNING - findfont: Generic family 'sans-serif' not found because none of the following families were found: Arial, Liberation Sans, Bitstream Vera Sans, sans-serif
[2026-01-02T12:14:31.174+0000] {font_manager.py:1333} WARNING - findfont: Generic family 'sans-serif' not found because none of the following families were found: Arial, Liberation Sans, Bitstream Vera Sans, sans-serif
[2026-01-02T12:14:31.190+0000] {font_manager.py:1333} WARNING - findfont: Generic family 'sans-serif' not found because none of the following families were found: Arial, Liberation Sans, Bitstream Vera Sans, sans-serif
[2026-01-02T12:14:31.192+0000] {font_manager.py:1333} WARNING - findfont: Generic family 'sans-serif' not found because none of the following families were found: Arial, Liberation Sans, Bitstream Vera Sans, sans-serif
[2026-01-02T12:14:31.193+0000] {font_manager.py:1333} WARNING - findfont: Generic family 'sans-serif' not found because none of the following families were found: Arial, Liberation Sans, Bitstream Vera Sans, sans-serif
[2026-01-02T12:14:31.195+0000] {font_manager.py:1333} WARNING - findfont: Generic family 'sans-serif' not found because none of the following families were found: Arial, Liberation Sans, Bitstream Vera Sans, sans-serif
[2026-01-02T12:14:31.196+0000] {font_manager.py:1333} WARNING - findfont: Generic family 'sans-serif' not found because none of the following families were found: Arial, Liberation Sans, Bitstream Vera Sans, sans-serif
[2026-01-02T12:14:31.391+0000] {font_manager.py:1333} WARNING - findfont: Generic family 'sans-serif' not found because none of the following families were found: Arial, Liberation Sans, Bitstream Vera Sans, sans-serif
[2026-01-02T12:14:31.739+0000] {font_manager.py:1333} WARNING - findfont: Generic family 'sans-serif' not found because none of the following families were found: Arial, Liberation Sans, Bitstream Vera Sans, sans-serif
[2026-01-02T12:14:31.744+0000] {font_manager.py:1400} WARNING - findfont: Font family ['sans-serif'] not found. Falling back to DejaVu Sans.
[2026-01-02T12:14:31.745+0000] {font_manager.py:1405} WARNING - findfont: Generic family 'sans-serif' not found because none of the following families were found: Arial, Liberation Sans, Bitstream Vera Sans, sans-serif
[2026-01-02T12:14:32.104+0000] {font_manager.py:1333} WARNING - findfont: Generic family 'sans-serif' not found because none of the following families were found: Arial, Liberation Sans, Bitstream Vera Sans, sans-serif
[2026-01-02T12:14:32.159+0000] {font_manager.py:1333} WARNING - findfont: Generic family 'sans-serif' not found because none of the following families were found: Arial, Liberation Sans, Bitstream Vera Sans, sans-serif
[2026-01-02T12:14:32.161+0000] {font_manager.py:1333} WARNING - findfont: Generic family 'sans-serif' not found because none of the following families were found: Arial, Liberation Sans, Bitstream Vera Sans, sans-serif
[2026-01-02T12:14:32.172+0000] {font_manager.py:1333} WARNING - findfont: Generic family 'sans-serif' not found because none of the following families were found: Arial, Liberation Sans, Bitstream Vera Sans, sans-serif
[2026-01-02T12:14:32.173+0000] {font_manager.py:1333} WARNING - findfont: Generic family 'sans-serif' not found because none of the following families were found: Arial, Liberation Sans, Bitstream Vera Sans, sans-serif
[2026-01-02T12:14:32.175+0000] {font_manager.py:1333} WARNING - findfont: Generic family 'sans-serif' not found because none of the following families were found: Arial, Liberation Sans, Bitstream Vera Sans, sans-serif
[2026-01-02T12:14:32.176+0000] {font_manager.py:1333} WARNING - findfont: Generic family 'sans-serif' not found because none of the following families were found: Arial, Liberation Sans, Bitstream Vera Sans, sans-serif
[2026-01-02T12:14:32.177+0000] {font_manager.py:1333} WARNING - findfont: Generic family 'sans-serif' not found because none of the following families were found: Arial, Liberation Sans, Bitstream Vera Sans, sans-serif
[2026-01-02T12:14:32.179+0000] {font_manager.py:1333} WARNING - findfont: Generic family 'sans-serif' not found because none of the following families were found: Arial, Liberation Sans, Bitstream Vera Sans, sans-serif
[2026-01-02T12:14:32.190+0000] {font_manager.py:1333} WARNING - findfont: Generic family 'sans-serif' not found because none of the following families were found: Arial, Liberation Sans, Bitstream Vera Sans, sans-serif
[2026-01-02T12:14:32.202+0000] {font_manager.py:1333} WARNING - findfont: Generic family 'sans-serif' not found because none of the following families were found: Arial, Liberation Sans, Bitstream Vera Sans, sans-serif
[2026-01-02T12:14:32.328+0000] {font_manager.py:1333} WARNING - findfont: Generic family 'sans-serif' not found because none of the following families were found: Arial, Liberation Sans, Bitstream Vera Sans, sans-serif
[2026-01-02T12:14:32.329+0000] {font_manager.py:1333} WARNING - findfont: Generic family 'sans-serif' not found because none of the following families were found: Arial, Liberation Sans, Bitstream Vera Sans, sans-serif
[2026-01-02T12:14:32.379+0000] {font_manager.py:1333} WARNING - findfont: Generic family 'sans-serif' not found because none of the following families were found: Arial, Liberation Sans, Bitstream Vera Sans, sans-serif
[2026-01-02T12:14:32.381+0000] {font_manager.py:1333} WARNING - findfont: Generic family 'sans-serif' not found because none of the following families were found: Arial, Liberation Sans, Bitstream Vera Sans, sans-serif
[2026-01-02T12:14:32.448+0000] {font_manager.py:1333} WARNING - findfont: Generic family 'sans-serif' not found because none of the following families were found: Arial, Liberation Sans, Bitstream Vera Sans, sans-serif
[2026-01-02T12:14:32.450+0000] {font_manager.py:1333} WARNING - findfont: Generic family 'sans-serif' not found because none of the following families were found: Arial, Liberation Sans, Bitstream Vera Sans, sans-serif
[2026-01-02T12:14:32.722+0000] {font_manager.py:1333} WARNING - findfont: Generic family 'sans-serif' not found because none of the following families were found: Arial, Liberation Sans, Bitstream Vera Sans, sans-serif
[2026-01-02T12:14:32.726+0000] {font_manager.py:1333} WARNING - findfont: Generic family 'sans-serif' not found because none of the following families were found: Arial, Liberation Sans, Bitstream Vera Sans, sans-serif
[2026-01-02T12:14:32.741+0000] {font_manager.py:1333} WARNING - findfont: Generic family 'sans-serif' not found because none of the following families were found: Arial, Liberation Sans, Bitstream Vera Sans, sans-serif
[2026-01-02T12:14:32.745+0000] {font_manager.py:1333} WARNING - findfont: Generic family 'sans-serif' not found because none of the following families were found: Arial, Liberation Sans, Bitstream Vera Sans, sans-serif
[2026-01-02T12:14:32.751+0000] {font_manager.py:1333} WARNING - findfont: Generic family 'sans-serif' not found because none of the following families were found: Arial, Liberation Sans, Bitstream Vera Sans, sans-serif
[2026-01-02T12:14:32.755+0000] {font_manager.py:1333} WARNING - findfont: Generic family 'sans-serif' not found because none of the following families were found: Arial, Liberation Sans, Bitstream Vera Sans, sans-serif
[2026-01-02T12:14:32.765+0000] {font_manager.py:1333} WARNING - findfont: Generic family 'sans-serif' not found because none of the following families were found: Arial, Liberation Sans, Bitstream Vera Sans, sans-serif
[2026-01-02T12:14:32.796+0000] {font_manager.py:1333} WARNING - findfont: Generic family 'sans-serif' not found because none of the following families were found: Arial, Liberation Sans, Bitstream Vera Sans, sans-serif
[2026-01-02T12:14:32.871+0000] {font_manager.py:1333} WARNING - findfont: Generic family 'sans-serif' not found because none of the following families were found: Arial, Liberation Sans, Bitstream Vera Sans, sans-serif
[2026-01-02T12:14:32.875+0000] {font_manager.py:1333} WARNING - findfont: Generic family 'sans-serif' not found because none of the following families were found: Arial, Liberation Sans, Bitstream Vera Sans, sans-serif
[2026-01-02T12:14:32.898+0000] {font_manager.py:1333} WARNING - findfont: Generic family 'sans-serif' not found because none of the following families were found: Arial, Liberation Sans, Bitstream Vera Sans, sans-serif
[2026-01-02T12:14:32.909+0000] {font_manager.py:1333} WARNING - findfont: Generic family 'sans-serif' not found because none of the following families were found: Arial, Liberation Sans, Bitstream Vera Sans, sans-serif
[2026-01-02T12:14:33.208+0000] {font_manager.py:1333} WARNING - findfont: Generic family 'sans-serif' not found because none of the following families were found: Arial, Liberation Sans, Bitstream Vera Sans, sans-serif
[2026-01-02T12:14:33.223+0000] {font_manager.py:1333} WARNING - findfont: Generic family 'sans-serif' not found because none of the following families were found: Arial, Liberation Sans, Bitstream Vera Sans, sans-serif
[2026-01-02T12:14:33.230+0000] {font_manager.py:1333} WARNING - findfont: Generic family 'sans-serif' not found because none of the following families were found: Arial, Liberation Sans, Bitstream Vera Sans, sans-serif
[2026-01-02T12:14:33.245+0000] {font_manager.py:1333} WARNING - findfont: Generic family 'sans-serif' not found because none of the following families were found: Arial, Liberation Sans, Bitstream Vera Sans, sans-serif
[2026-01-02T12:14:33.259+0000] {font_manager.py:1333} WARNING - findfont: Generic family 'sans-serif' not found because none of the following families were found: Arial, Liberation Sans, Bitstream Vera Sans, sans-serif
[2026-01-02T12:14:33.281+0000] {font_manager.py:1333} WARNING - findfont: Generic family 'sans-serif' not found because none of the following families were found: Arial, Liberation Sans, Bitstream Vera Sans, sans-serif
[2026-01-02T12:14:33.283+0000] {font_manager.py:1333} WARNING - findfont: Generic family 'sans-serif' not found because none of the following families were found: Arial, Liberation Sans, Bitstream Vera Sans, sans-serif
[2026-01-02T12:14:33.313+0000] {font_manager.py:1333} WARNING - findfont: Generic family 'sans-serif' not found because none of the following families were found: Arial, Liberation Sans, Bitstream Vera Sans, sans-serif
[2026-01-02T12:14:33.351+0000] {font_manager.py:1333} WARNING - findfont: Generic family 'sans-serif' not found because none of the following families were found: Arial, Liberation Sans, Bitstream Vera Sans, sans-serif
[2026-01-02T12:14:33.402+0000] {font_manager.py:1333} WARNING - findfont: Generic family 'sans-serif' not found because none of the following families were found: Arial, Liberation Sans, Bitstream Vera Sans, sans-serif
[2026-01-02T12:14:33.412+0000] {font_manager.py:1333} WARNING - findfont: Generic family 'sans-serif' not found because none of the following families were found: Arial, Liberation Sans, Bitstream Vera Sans, sans-serif
[2026-01-02T12:14:33.436+0000] {font_manager.py:1333} WARNING - findfont: Generic family 'sans-serif' not found because none of the following families were found: Arial, Liberation Sans, Bitstream Vera Sans, sans-serif
[2026-01-02T12:14:33.446+0000] {font_manager.py:1333} WARNING - findfont: Generic family 'sans-serif' not found because none of the following families were found: Arial, Liberation Sans, Bitstream Vera Sans, sans-serif
[2026-01-02T12:14:33.499+0000] {font_manager.py:1333} WARNING - findfont: Generic family 'sans-serif' not found because none of the following families were found: Arial, Liberation Sans, Bitstream Vera Sans, sans-serif
[2026-01-02T12:14:33.519+0000] {font_manager.py:1333} WARNING - findfont: Generic family 'sans-serif' not found because none of the following families were found: Arial, Liberation Sans, Bitstream Vera Sans, sans-serif
[2026-01-02T12:14:33.591+0000] {font_manager.py:1333} WARNING - findfont: Generic family 'sans-serif' not found because none of the following families were found: Arial, Liberation Sans, Bitstream Vera Sans, sans-serif
[2026-01-02T12:14:33.593+0000] {font_manager.py:1333} WARNING - findfont: Generic family 'sans-serif' not found because none of the following families were found: Arial, Liberation Sans, Bitstream Vera Sans, sans-serif
[2026-01-02T12:14:33.643+0000] {font_manager.py:1333} WARNING - findfont: Generic family 'sans-serif' not found because none of the following families were found: Arial, Liberation Sans, Bitstream Vera Sans, sans-serif
[2026-01-02T12:14:33.653+0000] {font_manager.py:1333} WARNING - findfont: Generic family 'sans-serif' not found because none of the following families were found: Arial, Liberation Sans, Bitstream Vera Sans, sans-serif
[2026-01-02T12:14:33.664+0000] {font_manager.py:1333} WARNING - findfont: Generic family 'sans-serif' not found because none of the following families were found: Arial, Liberation Sans, Bitstream Vera Sans, sans-serif
[2026-01-02T12:14:33.680+0000] {font_manager.py:1333} WARNING - findfont: Generic family 'sans-serif' not found because none of the following families were found: Arial, Liberation Sans, Bitstream Vera Sans, sans-serif
[2026-01-02T12:14:33.704+0000] {font_manager.py:1333} WARNING - findfont: Generic family 'sans-serif' not found because none of the following families were found: Arial, Liberation Sans, Bitstream Vera Sans, sans-serif
[2026-01-02T12:14:33.733+0000] {font_manager.py:1333} WARNING - findfont: Generic family 'sans-serif' not found because none of the following families were found: Arial, Liberation Sans, Bitstream Vera Sans, sans-serif
[2026-01-02T12:14:33.741+0000] {font_manager.py:1333} WARNING - findfont: Generic family 'sans-serif' not found because none of the following families were found: Arial, Liberation Sans, Bitstream Vera Sans, sans-serif
[2026-01-02T12:14:33.793+0000] {font_manager.py:1333} WARNING - findfont: Generic family 'sans-serif' not found because none of the following families were found: Arial, Liberation Sans, Bitstream Vera Sans, sans-serif
[2026-01-02T12:14:33.898+0000] {font_manager.py:1333} WARNING - findfont: Generic family 'sans-serif' not found because none of the following families were found: Arial, Liberation Sans, Bitstream Vera Sans, sans-serif
[2026-01-02T12:14:33.910+0000] {font_manager.py:1333} WARNING - findfont: Generic family 'sans-serif' not found because none of the following families were found: Arial, Liberation Sans, Bitstream Vera Sans, sans-serif
[2026-01-02T12:14:33.945+0000] {font_manager.py:1333} WARNING - findfont: Generic family 'sans-serif' not found because none of the following families were found: Arial, Liberation Sans, Bitstream Vera Sans, sans-serif
[2026-01-02T12:14:33.992+0000] {font_manager.py:1333} WARNING - findfont: Generic family 'sans-serif' not found because none of the following families were found: Arial, Liberation Sans, Bitstream Vera Sans, sans-serif
[2026-01-02T12:14:34.019+0000] {font_manager.py:1333} WARNING - findfont: Generic family 'sans-serif' not found because none of the following families were found: Arial, Liberation Sans, Bitstream Vera Sans, sans-serif
[2026-01-02T12:14:34.106+0000] {font_manager.py:1333} WARNING - findfont: Generic family 'sans-serif' not found because none of the following families were found: Arial, Liberation Sans, Bitstream Vera Sans, sans-serif
[2026-01-02T12:14:34.109+0000] {font_manager.py:1333} WARNING - findfont: Generic family 'sans-serif' not found because none of the following families were found: Arial, Liberation Sans, Bitstream Vera Sans, sans-serif
[2026-01-02T12:14:34.149+0000] {font_manager.py:1333} WARNING - findfont: Generic family 'sans-serif' not found because none of the following families were found: Arial, Liberation Sans, Bitstream Vera Sans, sans-serif
[2026-01-02T12:14:34.157+0000] {font_manager.py:1333} WARNING - findfont: Generic family 'sans-serif' not found because none of the following families were found: Arial, Liberation Sans, Bitstream Vera Sans, sans-serif
[2026-01-02T12:14:34.161+0000] {font_manager.py:1333} WARNING - findfont: Generic family 'sans-serif' not found because none of the following families were found: Arial, Liberation Sans, Bitstream Vera Sans, sans-serif
[2026-01-02T12:14:34.164+0000] {font_manager.py:1333} WARNING - findfont: Generic family 'sans-serif' not found because none of the following families were found: Arial, Liberation Sans, Bitstream Vera Sans, sans-serif
[2026-01-02T12:14:34.183+0000] {font_manager.py:1333} WARNING - findfont: Generic family 'sans-serif' not found because none of the following families were found: Arial, Liberation Sans, Bitstream Vera Sans, sans-serif
[2026-01-02T12:14:34.199+0000] {font_manager.py:1333} WARNING - findfont: Generic family 'sans-serif' not found because none of the following families were found: Arial, Liberation Sans, Bitstream Vera Sans, sans-serif
[2026-01-02T12:14:34.203+0000] {font_manager.py:1333} WARNING - findfont: Generic family 'sans-serif' not found because none of the following families were found: Arial, Liberation Sans, Bitstream Vera Sans, sans-serif
[2026-01-02T12:14:34.226+0000] {font_manager.py:1333} WARNING - findfont: Generic family 'sans-serif' not found because none of the following families were found: Arial, Liberation Sans, Bitstream Vera Sans, sans-serif
[2026-01-02T12:14:34.240+0000] {font_manager.py:1333} WARNING - findfont: Generic family 'sans-serif' not found because none of the following families were found: Arial, Liberation Sans, Bitstream Vera Sans, sans-serif
[2026-01-02T12:14:34.269+0000] {font_manager.py:1333} WARNING - findfont: Generic family 'sans-serif' not found because none of the following families were found: Arial, Liberation Sans, Bitstream Vera Sans, sans-serif
[2026-01-02T12:14:34.273+0000] {font_manager.py:1333} WARNING - findfont: Generic family 'sans-serif' not found because none of the following families were found: Arial, Liberation Sans, Bitstream Vera Sans, sans-serif
[2026-01-02T12:14:34.282+0000] {font_manager.py:1333} WARNING - findfont: Generic family 'sans-serif' not found because none of the following families were found: Arial, Liberation Sans, Bitstream Vera Sans, sans-serif
[2026-01-02T12:14:34.293+0000] {font_manager.py:1333} WARNING - findfont: Generic family 'sans-serif' not found because none of the following families were found: Arial, Liberation Sans, Bitstream Vera Sans, sans-serif
[2026-01-02T12:14:34.298+0000] {font_manager.py:1333} WARNING - findfont: Generic family 'sans-serif' not found because none of the following families were found: Arial, Liberation Sans, Bitstream Vera Sans, sans-serif
[2026-01-02T12:14:34.303+0000] {font_manager.py:1333} WARNING - findfont: Generic family 'sans-serif' not found because none of the following families were found: Arial, Liberation Sans, Bitstream Vera Sans, sans-serif
[2026-01-02T12:14:34.313+0000] {font_manager.py:1333} WARNING - findfont: Generic family 'sans-serif' not found because none of the following families were found: Arial, Liberation Sans, Bitstream Vera Sans, sans-serif
[2026-01-02T12:14:34.861+0000] {font_manager.py:1333} WARNING - findfont: Generic family 'sans-serif' not found because none of the following families were found: Arial, Liberation Sans, Bitstream Vera Sans, sans-serif
[2026-01-02T12:14:34.861+0000] {font_manager.py:1333} WARNING - findfont: Generic family 'sans-serif' not found because none of the following families were found: Arial, Liberation Sans, Bitstream Vera Sans, sans-serif
[2026-01-02T12:14:34.871+0000] {font_manager.py:1333} WARNING - findfont: Generic family 'sans-serif' not found because none of the following families were found: Arial, Liberation Sans, Bitstream Vera Sans, sans-serif
[2026-01-02T12:14:34.885+0000] {font_manager.py:1333} WARNING - findfont: Generic family 'sans-serif' not found because none of the following families were found: Arial, Liberation Sans, Bitstream Vera Sans, sans-serif
[2026-01-02T12:14:34.898+0000] {font_manager.py:1333} WARNING - findfont: Generic family 'sans-serif' not found because none of the following families were found: Arial, Liberation Sans, Bitstream Vera Sans, sans-serif
[2026-01-02T12:14:34.905+0000] {font_manager.py:1333} WARNING - findfont: Generic family 'sans-serif' not found because none of the following families were found: Arial, Liberation Sans, Bitstream Vera Sans, sans-serif
[2026-01-02T12:14:34.922+0000] {font_manager.py:1333} WARNING - findfont: Generic family 'sans-serif' not found because none of the following families were found: Arial, Liberation Sans, Bitstream Vera Sans, sans-serif
[2026-01-02T12:14:34.929+0000] {font_manager.py:1333} WARNING - findfont: Generic family 'sans-serif' not found because none of the following families were found: Arial, Liberation Sans, Bitstream Vera Sans, sans-serif
[2026-01-02T12:14:35.032+0000] {font_manager.py:1333} WARNING - findfont: Generic family 'sans-serif' not found because none of the following families were found: Arial, Liberation Sans, Bitstream Vera Sans, sans-serif
[2026-01-02T12:14:35.041+0000] {font_manager.py:1333} WARNING - findfont: Generic family 'sans-serif' not found because none of the following families were found: Arial, Liberation Sans, Bitstream Vera Sans, sans-serif
[2026-01-02T12:14:35.057+0000] {font_manager.py:1333} WARNING - findfont: Generic family 'sans-serif' not found because none of the following families were found: Arial, Liberation Sans, Bitstream Vera Sans, sans-serif
[2026-01-02T12:14:35.069+0000] {font_manager.py:1333} WARNING - findfont: Generic family 'sans-serif' not found because none of the following families were found: Arial, Liberation Sans, Bitstream Vera Sans, sans-serif
[2026-01-02T12:14:35.082+0000] {font_manager.py:1333} WARNING - findfont: Generic family 'sans-serif' not found because none of the following families were found: Arial, Liberation Sans, Bitstream Vera Sans, sans-serif
[2026-01-02T12:14:35.087+0000] {font_manager.py:1333} WARNING - findfont: Generic family 'sans-serif' not found because none of the following families were found: Arial, Liberation Sans, Bitstream Vera Sans, sans-serif
[2026-01-02T12:14:35.089+0000] {font_manager.py:1333} WARNING - findfont: Generic family 'sans-serif' not found because none of the following families were found: Arial, Liberation Sans, Bitstream Vera Sans, sans-serif
[2026-01-02T12:14:35.092+0000] {font_manager.py:1333} WARNING - findfont: Generic family 'sans-serif' not found because none of the following families were found: Arial, Liberation Sans, Bitstream Vera Sans, sans-serif
[2026-01-02T12:14:35.094+0000] {font_manager.py:1333} WARNING - findfont: Generic family 'sans-serif' not found because none of the following families were found: Arial, Liberation Sans, Bitstream Vera Sans, sans-serif
[2026-01-02T12:14:35.096+0000] {font_manager.py:1333} WARNING - findfont: Generic family 'sans-serif' not found because none of the following families were found: Arial, Liberation Sans, Bitstream Vera Sans, sans-serif
[2026-01-02T12:14:35.097+0000] {font_manager.py:1333} WARNING - findfont: Generic family 'sans-serif' not found because none of the following families were found: Arial, Liberation Sans, Bitstream Vera Sans, sans-serif
[2026-01-02T12:14:35.109+0000] {font_manager.py:1333} WARNING - findfont: Generic family 'sans-serif' not found because none of the following families were found: Arial, Liberation Sans, Bitstream Vera Sans, sans-serif
[2026-01-02T12:14:35.118+0000] {font_manager.py:1333} WARNING - findfont: Generic family 'sans-serif' not found because none of the following families were found: Arial, Liberation Sans, Bitstream Vera Sans, sans-serif
[2026-01-02T12:14:35.127+0000] {font_manager.py:1333} WARNING - findfont: Generic family 'sans-serif' not found because none of the following families were found: Arial, Liberation Sans, Bitstream Vera Sans, sans-serif
[2026-01-02T12:14:35.139+0000] {font_manager.py:1333} WARNING - findfont: Generic family 'sans-serif' not found because none of the following families were found: Arial, Liberation Sans, Bitstream Vera Sans, sans-serif
[2026-01-02T12:14:35.153+0000] {font_manager.py:1333} WARNING - findfont: Generic family 'sans-serif' not found because none of the following families were found: Arial, Liberation Sans, Bitstream Vera Sans, sans-serif
[2026-01-02T12:14:35.167+0000] {font_manager.py:1333} WARNING - findfont: Generic family 'sans-serif' not found because none of the following families were found: Arial, Liberation Sans, Bitstream Vera Sans, sans-serif
[2026-01-02T12:14:35.231+0000] {font_manager.py:1333} WARNING - findfont: Generic family 'sans-serif' not found because none of the following families were found: Arial, Liberation Sans, Bitstream Vera Sans, sans-serif
[2026-01-02T12:14:35.293+0000] {font_manager.py:1333} WARNING - findfont: Generic family 'sans-serif' not found because none of the following families were found: Arial, Liberation Sans, Bitstream Vera Sans, sans-serif
[2026-01-02T12:14:35.451+0000] {font_manager.py:1333} WARNING - findfont: Generic family 'sans-serif' not found because none of the following families were found: Arial, Liberation Sans, Bitstream Vera Sans, sans-serif
[2026-01-02T12:14:35.453+0000] {font_manager.py:1333} WARNING - findfont: Generic family 'sans-serif' not found because none of the following families were found: Arial, Liberation Sans, Bitstream Vera Sans, sans-serif
[2026-01-02T12:14:35.479+0000] {font_manager.py:1333} WARNING - findfont: Generic family 'sans-serif' not found because none of the following families were found: Arial, Liberation Sans, Bitstream Vera Sans, sans-serif
[2026-01-02T12:14:35.489+0000] {font_manager.py:1333} WARNING - findfont: Generic family 'sans-serif' not found because none of the following families were found: Arial, Liberation Sans, Bitstream Vera Sans, sans-serif
[2026-01-02T12:14:35.501+0000] {font_manager.py:1333} WARNING - findfont: Generic family 'sans-serif' not found because none of the following families were found: Arial, Liberation Sans, Bitstream Vera Sans, sans-serif
[2026-01-02T12:14:35.518+0000] {font_manager.py:1333} WARNING - findfont: Generic family 'sans-serif' not found because none of the following families were found: Arial, Liberation Sans, Bitstream Vera Sans, sans-serif
[2026-01-02T12:14:35.546+0000] {font_manager.py:1333} WARNING - findfont: Generic family 'sans-serif' not found because none of the following families were found: Arial, Liberation Sans, Bitstream Vera Sans, sans-serif
[2026-01-02T12:14:35.572+0000] {font_manager.py:1333} WARNING - findfont: Generic family 'sans-serif' not found because none of the following families were found: Arial, Liberation Sans, Bitstream Vera Sans, sans-serif
[2026-01-02T12:14:35.594+0000] {font_manager.py:1333} WARNING - findfont: Generic family 'sans-serif' not found because none of the following families were found: Arial, Liberation Sans, Bitstream Vera Sans, sans-serif
[2026-01-02T12:14:35.822+0000] {font_manager.py:1333} WARNING - findfont: Generic family 'sans-serif' not found because none of the following families were found: Arial, Liberation Sans, Bitstream Vera Sans, sans-serif
[2026-01-02T12:14:36.439+0000] {font_manager.py:1333} WARNING - findfont: Generic family 'sans-serif' not found because none of the following families were found: Arial, Liberation Sans, Bitstream Vera Sans, sans-serif
[2026-01-02T12:14:36.463+0000] {font_manager.py:1333} WARNING - findfont: Generic family 'sans-serif' not found because none of the following families were found: Arial, Liberation Sans, Bitstream Vera Sans, sans-serif
[2026-01-02T12:14:36.482+0000] {font_manager.py:1333} WARNING - findfont: Generic family 'sans-serif' not found because none of the following families were found: Arial, Liberation Sans, Bitstream Vera Sans, sans-serif
[2026-01-02T12:14:36.545+0000] {font_manager.py:1333} WARNING - findfont: Generic family 'sans-serif' not found because none of the following families were found: Arial, Liberation Sans, Bitstream Vera Sans, sans-serif
[2026-01-02T12:14:36.552+0000] {font_manager.py:1333} WARNING - findfont: Generic family 'sans-serif' not found because none of the following families were found: Arial, Liberation Sans, Bitstream Vera Sans, sans-serif
[2026-01-02T12:14:36.594+0000] {font_manager.py:1333} WARNING - findfont: Generic family 'sans-serif' not found because none of the following families were found: Arial, Liberation Sans, Bitstream Vera Sans, sans-serif
[2026-01-02T12:14:36.605+0000] {font_manager.py:1333} WARNING - findfont: Generic family 'sans-serif' not found because none of the following families were found: Arial, Liberation Sans, Bitstream Vera Sans, sans-serif
[2026-01-02T12:14:36.618+0000] {font_manager.py:1333} WARNING - findfont: Generic family 'sans-serif' not found because none of the following families were found: Arial, Liberation Sans, Bitstream Vera Sans, sans-serif
[2026-01-02T12:14:36.621+0000] {font_manager.py:1333} WARNING - findfont: Generic family 'sans-serif' not found because none of the following families were found: Arial, Liberation Sans, Bitstream Vera Sans, sans-serif
[2026-01-02T12:14:36.630+0000] {font_manager.py:1333} WARNING - findfont: Generic family 'sans-serif' not found because none of the following families were found: Arial, Liberation Sans, Bitstream Vera Sans, sans-serif
[2026-01-02T12:14:36.645+0000] {font_manager.py:1333} WARNING - findfont: Generic family 'sans-serif' not found because none of the following families were found: Arial, Liberation Sans, Bitstream Vera Sans, sans-serif
[2026-01-02T12:14:36.692+0000] {font_manager.py:1333} WARNING - findfont: Generic family 'sans-serif' not found because none of the following families were found: Arial, Liberation Sans, Bitstream Vera Sans, sans-serif
[2026-01-02T12:14:36.705+0000] {font_manager.py:1333} WARNING - findfont: Generic family 'sans-serif' not found because none of the following families were found: Arial, Liberation Sans, Bitstream Vera Sans, sans-serif
[2026-01-02T12:14:36.758+0000] {font_manager.py:1333} WARNING - findfont: Generic family 'sans-serif' not found because none of the following families were found: Arial, Liberation Sans, Bitstream Vera Sans, sans-serif
[2026-01-02T12:14:36.956+0000] {font_manager.py:1333} WARNING - findfont: Generic family 'sans-serif' not found because none of the following families were found: Arial, Liberation Sans, Bitstream Vera Sans, sans-serif
[2026-01-02T12:14:36.974+0000] {font_manager.py:1333} WARNING - findfont: Generic family 'sans-serif' not found because none of the following families were found: Arial, Liberation Sans, Bitstream Vera Sans, sans-serif
[2026-01-02T12:14:37.067+0000] {font_manager.py:1333} WARNING - findfont: Generic family 'sans-serif' not found because none of the following families were found: Arial, Liberation Sans, Bitstream Vera Sans, sans-serif
[2026-01-02T12:14:37.072+0000] {font_manager.py:1333} WARNING - findfont: Generic family 'sans-serif' not found because none of the following families were found: Arial, Liberation Sans, Bitstream Vera Sans, sans-serif
[2026-01-02T12:14:37.077+0000] {font_manager.py:1333} WARNING - findfont: Generic family 'sans-serif' not found because none of the following families were found: Arial, Liberation Sans, Bitstream Vera Sans, sans-serif
[2026-01-02T12:14:37.082+0000] {font_manager.py:1333} WARNING - findfont: Generic family 'sans-serif' not found because none of the following families were found: Arial, Liberation Sans, Bitstream Vera Sans, sans-serif
[2026-01-02T12:14:37.103+0000] {font_manager.py:1333} WARNING - findfont: Generic family 'sans-serif' not found because none of the following families were found: Arial, Liberation Sans, Bitstream Vera Sans, sans-serif
[2026-01-02T12:14:37.117+0000] {font_manager.py:1333} WARNING - findfont: Generic family 'sans-serif' not found because none of the following families were found: Arial, Liberation Sans, Bitstream Vera Sans, sans-serif
[2026-01-02T12:14:37.136+0000] {font_manager.py:1333} WARNING - findfont: Generic family 'sans-serif' not found because none of the following families were found: Arial, Liberation Sans, Bitstream Vera Sans, sans-serif
[2026-01-02T12:14:41.223+0000] {font_manager.py:1333} WARNING - findfont: Generic family 'sans-serif' not found because none of the following families were found: Arial, Liberation Sans, Bitstream Vera Sans, sans-serif
[2026-01-02T12:14:41.237+0000] {font_manager.py:1333} WARNING - findfont: Generic family 'sans-serif' not found because none of the following families were found: Arial, Liberation Sans, Bitstream Vera Sans, sans-serif
[2026-01-02T12:14:41.240+0000] {font_manager.py:1333} WARNING - findfont: Generic family 'sans-serif' not found because none of the following families were found: Arial, Liberation Sans, Bitstream Vera Sans, sans-serif
[2026-01-02T12:14:41.289+0000] {font_manager.py:1333} WARNING - findfont: Generic family 'sans-serif' not found because none of the following families were found: Arial, Liberation Sans, Bitstream Vera Sans, sans-serif
[2026-01-02T12:14:41.297+0000] {font_manager.py:1333} WARNING - findfont: Generic family 'sans-serif' not found because none of the following families were found: Arial, Liberation Sans, Bitstream Vera Sans, sans-serif
[2026-01-02T12:14:41.307+0000] {font_manager.py:1333} WARNING - findfont: Generic family 'sans-serif' not found because none of the following families were found: Arial, Liberation Sans, Bitstream Vera Sans, sans-serif
[2026-01-02T12:14:41.314+0000] {font_manager.py:1333} WARNING - findfont: Generic family 'sans-serif' not found because none of the following families were found: Arial, Liberation Sans, Bitstream Vera Sans, sans-serif
[2026-01-02T12:14:41.326+0000] {font_manager.py:1333} WARNING - findfont: Generic family 'sans-serif' not found because none of the following families were found: Arial, Liberation Sans, Bitstream Vera Sans, sans-serif
[2026-01-02T12:14:41.382+0000] {font_manager.py:1333} WARNING - findfont: Generic family 'sans-serif' not found because none of the following families were found: Arial, Liberation Sans, Bitstream Vera Sans, sans-serif
[2026-01-02T12:14:41.389+0000] {font_manager.py:1400} WARNING - findfont: Font family ['sans-serif'] not found. Falling back to DejaVu Sans.
[2026-01-02T12:14:41.390+0000] {font_manager.py:1405} WARNING - findfont: Generic family 'sans-serif' not found because none of the following families were found: Arial, Liberation Sans, Bitstream Vera Sans, sans-serif
[2026-01-02T12:14:41.539+0000] {font_manager.py:1333} WARNING - findfont: Generic family 'sans-serif' not found because none of the following families were found: Arial, Liberation Sans, Bitstream Vera Sans, sans-serif
[2026-01-02T12:14:41.540+0000] {font_manager.py:1333} WARNING - findfont: Generic family 'sans-serif' not found because none of the following families were found: Arial, Liberation Sans, Bitstream Vera Sans, sans-serif
[2026-01-02T12:14:42.716+0000] {font_manager.py:1333} WARNING - findfont: Generic family 'sans-serif' not found because none of the following families were found: Arial, Liberation Sans, Bitstream Vera Sans, sans-serif
[2026-01-02T12:14:42.750+0000] {font_manager.py:1333} WARNING - findfont: Generic family 'sans-serif' not found because none of the following families were found: Arial, Liberation Sans, Bitstream Vera Sans, sans-serif
[2026-01-02T12:14:42.753+0000] {font_manager.py:1333} WARNING - findfont: Generic family 'sans-serif' not found because none of the following families were found: Arial, Liberation Sans, Bitstream Vera Sans, sans-serif
[2026-01-02T12:14:42.768+0000] {font_manager.py:1333} WARNING - findfont: Generic family 'sans-serif' not found because none of the following families were found: Arial, Liberation Sans, Bitstream Vera Sans, sans-serif
[2026-01-02T12:14:42.769+0000] {font_manager.py:1333} WARNING - findfont: Generic family 'sans-serif' not found because none of the following families were found: Arial, Liberation Sans, Bitstream Vera Sans, sans-serif
[2026-01-02T12:14:42.797+0000] {font_manager.py:1333} WARNING - findfont: Generic family 'sans-serif' not found because none of the following families were found: Arial, Liberation Sans, Bitstream Vera Sans, sans-serif
[2026-01-02T12:14:42.798+0000] {font_manager.py:1333} WARNING - findfont: Generic family 'sans-serif' not found because none of the following families were found: Arial, Liberation Sans, Bitstream Vera Sans, sans-serif
[2026-01-02T12:14:42.824+0000] {font_manager.py:1333} WARNING - findfont: Generic family 'sans-serif' not found because none of the following families were found: Arial, Liberation Sans, Bitstream Vera Sans, sans-serif
[2026-01-02T12:14:42.903+0000] {font_manager.py:1333} WARNING - findfont: Generic family 'sans-serif' not found because none of the following families were found: Arial, Liberation Sans, Bitstream Vera Sans, sans-serif
[2026-01-02T12:14:42.940+0000] {font_manager.py:1333} WARNING - findfont: Generic family 'sans-serif' not found because none of the following families were found: Arial, Liberation Sans, Bitstream Vera Sans, sans-serif
[2026-01-02T12:14:42.950+0000] {font_manager.py:1333} WARNING - findfont: Generic family 'sans-serif' not found because none of the following families were found: Arial, Liberation Sans, Bitstream Vera Sans, sans-serif
[2026-01-02T12:14:42.963+0000] {font_manager.py:1333} WARNING - findfont: Generic family 'sans-serif' not found because none of the following families were found: Arial, Liberation Sans, Bitstream Vera Sans, sans-serif
[2026-01-02T12:14:42.963+0000] {font_manager.py:1333} WARNING - findfont: Generic family 'sans-serif' not found because none of the following families were found: Arial, Liberation Sans, Bitstream Vera Sans, sans-serif
[2026-01-02T12:14:42.965+0000] {font_manager.py:1333} WARNING - findfont: Generic family 'sans-serif' not found because none of the following families were found: Arial, Liberation Sans, Bitstream Vera Sans, sans-serif
[2026-01-02T12:14:42.975+0000] {font_manager.py:1333} WARNING - findfont: Generic family 'sans-serif' not found because none of the following families were found: Arial, Liberation Sans, Bitstream Vera Sans, sans-serif
[2026-01-02T12:14:43.030+0000] {font_manager.py:1333} WARNING - findfont: Generic family 'sans-serif' not found because none of the following families were found: Arial, Liberation Sans, Bitstream Vera Sans, sans-serif
[2026-01-02T12:14:43.104+0000] {font_manager.py:1333} WARNING - findfont: Generic family 'sans-serif' not found because none of the following families were found: Arial, Liberation Sans, Bitstream Vera Sans, sans-serif
[2026-01-02T12:14:43.396+0000] {font_manager.py:1333} WARNING - findfont: Generic family 'sans-serif' not found because none of the following families were found: Arial, Liberation Sans, Bitstream Vera Sans, sans-serif
[2026-01-02T12:14:43.400+0000] {font_manager.py:1333} WARNING - findfont: Generic family 'sans-serif' not found because none of the following families were found: Arial, Liberation Sans, Bitstream Vera Sans, sans-serif
[2026-01-02T12:14:43.401+0000] {font_manager.py:1333} WARNING - findfont: Generic family 'sans-serif' not found because none of the following families were found: Arial, Liberation Sans, Bitstream Vera Sans, sans-serif
[2026-01-02T12:14:43.427+0000] {font_manager.py:1333} WARNING - findfont: Generic family 'sans-serif' not found because none of the following families were found: Arial, Liberation Sans, Bitstream Vera Sans, sans-serif
[2026-01-02T12:14:43.429+0000] {font_manager.py:1333} WARNING - findfont: Generic family 'sans-serif' not found because none of the following families were found: Arial, Liberation Sans, Bitstream Vera Sans, sans-serif
[2026-01-02T12:14:43.431+0000] {font_manager.py:1333} WARNING - findfont: Generic family 'sans-serif' not found because none of the following families were found: Arial, Liberation Sans, Bitstream Vera Sans, sans-serif
[2026-01-02T12:14:43.615+0000] {font_manager.py:1333} WARNING - findfont: Generic family 'sans-serif' not found because none of the following families were found: Arial, Liberation Sans, Bitstream Vera Sans, sans-serif
[2026-01-02T12:14:43.620+0000] {font_manager.py:1333} WARNING - findfont: Generic family 'sans-serif' not found because none of the following families were found: Arial, Liberation Sans, Bitstream Vera Sans, sans-serif
[2026-01-02T12:14:43.625+0000] {font_manager.py:1333} WARNING - findfont: Generic family 'sans-serif' not found because none of the following families were found: Arial, Liberation Sans, Bitstream Vera Sans, sans-serif
[2026-01-02T12:14:43.679+0000] {font_manager.py:1333} WARNING - findfont: Generic family 'sans-serif' not found because none of the following families were found: Arial, Liberation Sans, Bitstream Vera Sans, sans-serif
[2026-01-02T12:14:43.680+0000] {font_manager.py:1333} WARNING - findfont: Generic family 'sans-serif' not found because none of the following families were found: Arial, Liberation Sans, Bitstream Vera Sans, sans-serif
[2026-01-02T12:14:43.685+0000] {font_manager.py:1333} WARNING - findfont: Generic family 'sans-serif' not found because none of the following families were found: Arial, Liberation Sans, Bitstream Vera Sans, sans-serif
[2026-01-02T12:14:43.727+0000] {font_manager.py:1333} WARNING - findfont: Generic family 'sans-serif' not found because none of the following families were found: Arial, Liberation Sans, Bitstream Vera Sans, sans-serif
[2026-01-02T12:14:43.803+0000] {font_manager.py:1333} WARNING - findfont: Generic family 'sans-serif' not found because none of the following families were found: Arial, Liberation Sans, Bitstream Vera Sans, sans-serif
[2026-01-02T12:14:43.968+0000] {font_manager.py:1333} WARNING - findfont: Generic family 'sans-serif' not found because none of the following families were found: Arial, Liberation Sans, Bitstream Vera Sans, sans-serif
[2026-01-02T12:14:44.008+0000] {font_manager.py:1333} WARNING - findfont: Generic family 'sans-serif' not found because none of the following families were found: Arial, Liberation Sans, Bitstream Vera Sans, sans-serif
[2026-01-02T12:14:44.014+0000] {font_manager.py:1333} WARNING - findfont: Generic family 'sans-serif' not found because none of the following families were found: Arial, Liberation Sans, Bitstream Vera Sans, sans-serif
[2026-01-02T12:14:44.209+0000] {font_manager.py:1333} WARNING - findfont: Generic family 'sans-serif' not found because none of the following families were found: Arial, Liberation Sans, Bitstream Vera Sans, sans-serif
[2026-01-02T12:14:44.269+0000] {font_manager.py:1333} WARNING - findfont: Generic family 'sans-serif' not found because none of the following families were found: Arial, Liberation Sans, Bitstream Vera Sans, sans-serif
[2026-01-02T12:14:44.282+0000] {font_manager.py:1333} WARNING - findfont: Generic family 'sans-serif' not found because none of the following families were found: Arial, Liberation Sans, Bitstream Vera Sans, sans-serif
[2026-01-02T12:14:44.394+0000] {font_manager.py:1333} WARNING - findfont: Generic family 'sans-serif' not found because none of the following families were found: Arial, Liberation Sans, Bitstream Vera Sans, sans-serif
[2026-01-02T12:14:44.414+0000] {font_manager.py:1333} WARNING - findfont: Generic family 'sans-serif' not found because none of the following families were found: Arial, Liberation Sans, Bitstream Vera Sans, sans-serif
[2026-01-02T12:14:44.417+0000] {font_manager.py:1333} WARNING - findfont: Generic family 'sans-serif' not found because none of the following families were found: Arial, Liberation Sans, Bitstream Vera Sans, sans-serif
[2026-01-02T12:14:44.420+0000] {font_manager.py:1333} WARNING - findfont: Generic family 'sans-serif' not found because none of the following families were found: Arial, Liberation Sans, Bitstream Vera Sans, sans-serif
[2026-01-02T12:14:44.423+0000] {font_manager.py:1333} WARNING - findfont: Generic family 'sans-serif' not found because none of the following families were found: Arial, Liberation Sans, Bitstream Vera Sans, sans-serif
[2026-01-02T12:14:44.426+0000] {font_manager.py:1333} WARNING - findfont: Generic family 'sans-serif' not found because none of the following families were found: Arial, Liberation Sans, Bitstream Vera Sans, sans-serif
[2026-01-02T12:14:44.428+0000] {font_manager.py:1333} WARNING - findfont: Generic family 'sans-serif' not found because none of the following families were found: Arial, Liberation Sans, Bitstream Vera Sans, sans-serif
[2026-01-02T12:14:44.643+0000] {font_manager.py:1333} WARNING - findfont: Generic family 'sans-serif' not found because none of the following families were found: Arial, Liberation Sans, Bitstream Vera Sans, sans-serif
[2026-01-02T12:14:44.658+0000] {font_manager.py:1333} WARNING - findfont: Generic family 'sans-serif' not found because none of the following families were found: Arial, Liberation Sans, Bitstream Vera Sans, sans-serif
[2026-01-02T12:14:44.674+0000] {font_manager.py:1333} WARNING - findfont: Generic family 'sans-serif' not found because none of the following families were found: Arial, Liberation Sans, Bitstream Vera Sans, sans-serif
[2026-01-02T12:14:44.703+0000] {font_manager.py:1333} WARNING - findfont: Generic family 'sans-serif' not found because none of the following families were found: Arial, Liberation Sans, Bitstream Vera Sans, sans-serif
[2026-01-02T12:14:44.727+0000] {font_manager.py:1333} WARNING - findfont: Generic family 'sans-serif' not found because none of the following families were found: Arial, Liberation Sans, Bitstream Vera Sans, sans-serif
[2026-01-02T12:14:44.748+0000] {font_manager.py:1333} WARNING - findfont: Generic family 'sans-serif' not found because none of the following families were found: Arial, Liberation Sans, Bitstream Vera Sans, sans-serif
[2026-01-02T12:14:44.753+0000] {font_manager.py:1333} WARNING - findfont: Generic family 'sans-serif' not found because none of the following families were found: Arial, Liberation Sans, Bitstream Vera Sans, sans-serif
[2026-01-02T12:14:44.983+0000] {font_manager.py:1333} WARNING - findfont: Generic family 'sans-serif' not found because none of the following families were found: Arial, Liberation Sans, Bitstream Vera Sans, sans-serif
[2026-01-02T12:14:44.986+0000] {font_manager.py:1333} WARNING - findfont: Generic family 'sans-serif' not found because none of the following families were found: Arial, Liberation Sans, Bitstream Vera Sans, sans-serif
[2026-01-02T12:14:45.018+0000] {font_manager.py:1333} WARNING - findfont: Generic family 'sans-serif' not found because none of the following families were found: Arial, Liberation Sans, Bitstream Vera Sans, sans-serif
[2026-01-02T12:14:45.019+0000] {font_manager.py:1333} WARNING - findfont: Generic family 'sans-serif' not found because none of the following families were found: Arial, Liberation Sans, Bitstream Vera Sans, sans-serif
[2026-01-02T12:14:45.022+0000] {font_manager.py:1333} WARNING - findfont: Generic family 'sans-serif' not found because none of the following families were found: Arial, Liberation Sans, Bitstream Vera Sans, sans-serif
[2026-01-02T12:14:45.024+0000] {font_manager.py:1333} WARNING - findfont: Generic family 'sans-serif' not found because none of the following families were found: Arial, Liberation Sans, Bitstream Vera Sans, sans-serif
[2026-01-02T12:14:45.054+0000] {font_manager.py:1333} WARNING - findfont: Generic family 'sans-serif' not found because none of the following families were found: Arial, Liberation Sans, Bitstream Vera Sans, sans-serif
[2026-01-02T12:14:45.056+0000] {font_manager.py:1333} WARNING - findfont: Generic family 'sans-serif' not found because none of the following families were found: Arial, Liberation Sans, Bitstream Vera Sans, sans-serif
[2026-01-02T12:14:45.059+0000] {font_manager.py:1333} WARNING - findfont: Generic family 'sans-serif' not found because none of the following families were found: Arial, Liberation Sans, Bitstream Vera Sans, sans-serif
[2026-01-02T12:14:45.076+0000] {font_manager.py:1333} WARNING - findfont: Generic family 'sans-serif' not found because none of the following families were found: Arial, Liberation Sans, Bitstream Vera Sans, sans-serif
[2026-01-02T12:14:45.077+0000] {font_manager.py:1333} WARNING - findfont: Generic family 'sans-serif' not found because none of the following families were found: Arial, Liberation Sans, Bitstream Vera Sans, sans-serif
[2026-01-02T12:14:45.083+0000] {font_manager.py:1333} WARNING - findfont: Generic family 'sans-serif' not found because none of the following families were found: Arial, Liberation Sans, Bitstream Vera Sans, sans-serif
[2026-01-02T12:14:45.088+0000] {font_manager.py:1333} WARNING - findfont: Generic family 'sans-serif' not found because none of the following families were found: Arial, Liberation Sans, Bitstream Vera Sans, sans-serif
[2026-01-02T12:14:45.089+0000] {font_manager.py:1333} WARNING - findfont: Generic family 'sans-serif' not found because none of the following families were found: Arial, Liberation Sans, Bitstream Vera Sans, sans-serif
[2026-01-02T12:14:45.090+0000] {font_manager.py:1333} WARNING - findfont: Generic family 'sans-serif' not found because none of the following families were found: Arial, Liberation Sans, Bitstream Vera Sans, sans-serif
[2026-01-02T12:14:45.092+0000] {font_manager.py:1333} WARNING - findfont: Generic family 'sans-serif' not found because none of the following families were found: Arial, Liberation Sans, Bitstream Vera Sans, sans-serif
[2026-01-02T12:14:45.147+0000] {font_manager.py:1333} WARNING - findfont: Generic family 'sans-serif' not found because none of the following families were found: Arial, Liberation Sans, Bitstream Vera Sans, sans-serif
[2026-01-02T12:14:45.161+0000] {font_manager.py:1333} WARNING - findfont: Generic family 'sans-serif' not found because none of the following families were found: Arial, Liberation Sans, Bitstream Vera Sans, sans-serif
[2026-01-02T12:14:45.165+0000] {font_manager.py:1333} WARNING - findfont: Generic family 'sans-serif' not found because none of the following families were found: Arial, Liberation Sans, Bitstream Vera Sans, sans-serif
[2026-01-02T12:14:45.173+0000] {font_manager.py:1333} WARNING - findfont: Generic family 'sans-serif' not found because none of the following families were found: Arial, Liberation Sans, Bitstream Vera Sans, sans-serif
[2026-01-02T12:14:45.304+0000] {font_manager.py:1333} WARNING - findfont: Generic family 'sans-serif' not found because none of the following families were found: Arial, Liberation Sans, Bitstream Vera Sans, sans-serif
[2026-01-02T12:14:45.309+0000] {font_manager.py:1333} WARNING - findfont: Generic family 'sans-serif' not found because none of the following families were found: Arial, Liberation Sans, Bitstream Vera Sans, sans-serif
[2026-01-02T12:14:45.313+0000] {font_manager.py:1333} WARNING - findfont: Generic family 'sans-serif' not found because none of the following families were found: Arial, Liberation Sans, Bitstream Vera Sans, sans-serif
[2026-01-02T12:14:45.321+0000] {font_manager.py:1333} WARNING - findfont: Generic family 'sans-serif' not found because none of the following families were found: Arial, Liberation Sans, Bitstream Vera Sans, sans-serif
[2026-01-02T12:14:45.333+0000] {font_manager.py:1333} WARNING - findfont: Generic family 'sans-serif' not found because none of the following families were found: Arial, Liberation Sans, Bitstream Vera Sans, sans-serif
[2026-01-02T12:14:45.342+0000] {font_manager.py:1333} WARNING - findfont: Generic family 'sans-serif' not found because none of the following families were found: Arial, Liberation Sans, Bitstream Vera Sans, sans-serif
[2026-01-02T12:14:45.353+0000] {font_manager.py:1333} WARNING - findfont: Generic family 'sans-serif' not found because none of the following families were found: Arial, Liberation Sans, Bitstream Vera Sans, sans-serif
[2026-01-02T12:14:45.354+0000] {font_manager.py:1333} WARNING - findfont: Generic family 'sans-serif' not found because none of the following families were found: Arial, Liberation Sans, Bitstream Vera Sans, sans-serif
[2026-01-02T12:14:45.370+0000] {font_manager.py:1333} WARNING - findfont: Generic family 'sans-serif' not found because none of the following families were found: Arial, Liberation Sans, Bitstream Vera Sans, sans-serif
[2026-01-02T12:14:45.375+0000] {font_manager.py:1333} WARNING - findfont: Generic family 'sans-serif' not found because none of the following families were found: Arial, Liberation Sans, Bitstream Vera Sans, sans-serif
[2026-01-02T12:14:45.377+0000] {font_manager.py:1333} WARNING - findfont: Generic family 'sans-serif' not found because none of the following families were found: Arial, Liberation Sans, Bitstream Vera Sans, sans-serif
[2026-01-02T12:14:45.409+0000] {font_manager.py:1333} WARNING - findfont: Generic family 'sans-serif' not found because none of the following families were found: Arial, Liberation Sans, Bitstream Vera Sans, sans-serif
[2026-01-02T12:14:45.412+0000] {font_manager.py:1333} WARNING - findfont: Generic family 'sans-serif' not found because none of the following families were found: Arial, Liberation Sans, Bitstream Vera Sans, sans-serif
[2026-01-02T12:14:45.422+0000] {font_manager.py:1333} WARNING - findfont: Generic family 'sans-serif' not found because none of the following families were found: Arial, Liberation Sans, Bitstream Vera Sans, sans-serif
[2026-01-02T12:14:45.426+0000] {font_manager.py:1333} WARNING - findfont: Generic family 'sans-serif' not found because none of the following families were found: Arial, Liberation Sans, Bitstream Vera Sans, sans-serif
[2026-01-02T12:14:45.430+0000] {font_manager.py:1333} WARNING - findfont: Generic family 'sans-serif' not found because none of the following families were found: Arial, Liberation Sans, Bitstream Vera Sans, sans-serif
[2026-01-02T12:14:45.434+0000] {font_manager.py:1333} WARNING - findfont: Generic family 'sans-serif' not found because none of the following families were found: Arial, Liberation Sans, Bitstream Vera Sans, sans-serif
[2026-01-02T12:14:45.438+0000] {font_manager.py:1333} WARNING - findfont: Generic family 'sans-serif' not found because none of the following families were found: Arial, Liberation Sans, Bitstream Vera Sans, sans-serif
[2026-01-02T12:14:45.533+0000] {font_manager.py:1333} WARNING - findfont: Generic family 'sans-serif' not found because none of the following families were found: Arial, Liberation Sans, Bitstream Vera Sans, sans-serif
[2026-01-02T12:14:45.536+0000] {font_manager.py:1333} WARNING - findfont: Generic family 'sans-serif' not found because none of the following families were found: Arial, Liberation Sans, Bitstream Vera Sans, sans-serif
[2026-01-02T12:14:45.553+0000] {font_manager.py:1333} WARNING - findfont: Generic family 'sans-serif' not found because none of the following families were found: Arial, Liberation Sans, Bitstream Vera Sans, sans-serif
[2026-01-02T12:14:45.585+0000] {font_manager.py:1333} WARNING - findfont: Generic family 'sans-serif' not found because none of the following families were found: Arial, Liberation Sans, Bitstream Vera Sans, sans-serif
[2026-01-02T12:14:45.624+0000] {font_manager.py:1333} WARNING - findfont: Generic family 'sans-serif' not found because none of the following families were found: Arial, Liberation Sans, Bitstream Vera Sans, sans-serif
[2026-01-02T12:14:45.636+0000] {font_manager.py:1333} WARNING - findfont: Generic family 'sans-serif' not found because none of the following families were found: Arial, Liberation Sans, Bitstream Vera Sans, sans-serif
[2026-01-02T12:14:45.645+0000] {font_manager.py:1333} WARNING - findfont: Generic family 'sans-serif' not found because none of the following families were found: Arial, Liberation Sans, Bitstream Vera Sans, sans-serif
[2026-01-02T12:14:45.746+0000] {font_manager.py:1333} WARNING - findfont: Generic family 'sans-serif' not found because none of the following families were found: Arial, Liberation Sans, Bitstream Vera Sans, sans-serif
[2026-01-02T12:14:45.748+0000] {font_manager.py:1333} WARNING - findfont: Generic family 'sans-serif' not found because none of the following families were found: Arial, Liberation Sans, Bitstream Vera Sans, sans-serif
[2026-01-02T12:14:45.766+0000] {font_manager.py:1333} WARNING - findfont: Generic family 'sans-serif' not found because none of the following families were found: Arial, Liberation Sans, Bitstream Vera Sans, sans-serif
[2026-01-02T12:14:45.768+0000] {font_manager.py:1333} WARNING - findfont: Generic family 'sans-serif' not found because none of the following families were found: Arial, Liberation Sans, Bitstream Vera Sans, sans-serif
[2026-01-02T12:14:45.770+0000] {font_manager.py:1333} WARNING - findfont: Generic family 'sans-serif' not found because none of the following families were found: Arial, Liberation Sans, Bitstream Vera Sans, sans-serif
[2026-01-02T12:14:45.774+0000] {font_manager.py:1333} WARNING - findfont: Generic family 'sans-serif' not found because none of the following families were found: Arial, Liberation Sans, Bitstream Vera Sans, sans-serif
[2026-01-02T12:14:45.811+0000] {font_manager.py:1333} WARNING - findfont: Generic family 'sans-serif' not found because none of the following families were found: Arial, Liberation Sans, Bitstream Vera Sans, sans-serif
[2026-01-02T12:14:45.812+0000] {font_manager.py:1333} WARNING - findfont: Generic family 'sans-serif' not found because none of the following families were found: Arial, Liberation Sans, Bitstream Vera Sans, sans-serif
[2026-01-02T12:14:45.814+0000] {font_manager.py:1333} WARNING - findfont: Generic family 'sans-serif' not found because none of the following families were found: Arial, Liberation Sans, Bitstream Vera Sans, sans-serif
[2026-01-02T12:14:45.821+0000] {font_manager.py:1333} WARNING - findfont: Generic family 'sans-serif' not found because none of the following families were found: Arial, Liberation Sans, Bitstream Vera Sans, sans-serif
[2026-01-02T12:14:45.822+0000] {font_manager.py:1333} WARNING - findfont: Generic family 'sans-serif' not found because none of the following families were found: Arial, Liberation Sans, Bitstream Vera Sans, sans-serif
[2026-01-02T12:14:45.823+0000] {font_manager.py:1333} WARNING - findfont: Generic family 'sans-serif' not found because none of the following families were found: Arial, Liberation Sans, Bitstream Vera Sans, sans-serif
[2026-01-02T12:14:45.824+0000] {font_manager.py:1333} WARNING - findfont: Generic family 'sans-serif' not found because none of the following families were found: Arial, Liberation Sans, Bitstream Vera Sans, sans-serif
[2026-01-02T12:14:45.825+0000] {font_manager.py:1333} WARNING - findfont: Generic family 'sans-serif' not found because none of the following families were found: Arial, Liberation Sans, Bitstream Vera Sans, sans-serif
[2026-01-02T12:14:45.826+0000] {font_manager.py:1333} WARNING - findfont: Generic family 'sans-serif' not found because none of the following families were found: Arial, Liberation Sans, Bitstream Vera Sans, sans-serif
[2026-01-02T12:14:45.836+0000] {font_manager.py:1333} WARNING - findfont: Generic family 'sans-serif' not found because none of the following families were found: Arial, Liberation Sans, Bitstream Vera Sans, sans-serif
[2026-01-02T12:14:45.861+0000] {font_manager.py:1333} WARNING - findfont: Generic family 'sans-serif' not found because none of the following families were found: Arial, Liberation Sans, Bitstream Vera Sans, sans-serif
[2026-01-02T12:14:45.871+0000] {font_manager.py:1333} WARNING - findfont: Generic family 'sans-serif' not found because none of the following families were found: Arial, Liberation Sans, Bitstream Vera Sans, sans-serif
[2026-01-02T12:14:45.874+0000] {font_manager.py:1333} WARNING - findfont: Generic family 'sans-serif' not found because none of the following families were found: Arial, Liberation Sans, Bitstream Vera Sans, sans-serif
[2026-01-02T12:14:45.876+0000] {font_manager.py:1333} WARNING - findfont: Generic family 'sans-serif' not found because none of the following families were found: Arial, Liberation Sans, Bitstream Vera Sans, sans-serif
[2026-01-02T12:14:48.297+0000] {font_manager.py:1333} WARNING - findfont: Generic family 'sans-serif' not found because none of the following families were found: Arial, Liberation Sans, Bitstream Vera Sans, sans-serif
[2026-01-02T12:14:48.300+0000] {font_manager.py:1333} WARNING - findfont: Generic family 'sans-serif' not found because none of the following families were found: Arial, Liberation Sans, Bitstream Vera Sans, sans-serif
[2026-01-02T12:14:48.307+0000] {font_manager.py:1333} WARNING - findfont: Generic family 'sans-serif' not found because none of the following families were found: Arial, Liberation Sans, Bitstream Vera Sans, sans-serif
[2026-01-02T12:14:48.316+0000] {font_manager.py:1333} WARNING - findfont: Generic family 'sans-serif' not found because none of the following families were found: Arial, Liberation Sans, Bitstream Vera Sans, sans-serif
[2026-01-02T12:14:48.323+0000] {font_manager.py:1333} WARNING - findfont: Generic family 'sans-serif' not found because none of the following families were found: Arial, Liberation Sans, Bitstream Vera Sans, sans-serif
[2026-01-02T12:14:48.329+0000] {font_manager.py:1333} WARNING - findfont: Generic family 'sans-serif' not found because none of the following families were found: Arial, Liberation Sans, Bitstream Vera Sans, sans-serif
[2026-01-02T12:14:48.343+0000] {font_manager.py:1333} WARNING - findfont: Generic family 'sans-serif' not found because none of the following families were found: Arial, Liberation Sans, Bitstream Vera Sans, sans-serif
[2026-01-02T12:14:48.348+0000] {font_manager.py:1333} WARNING - findfont: Generic family 'sans-serif' not found because none of the following families were found: Arial, Liberation Sans, Bitstream Vera Sans, sans-serif
[2026-01-02T12:14:48.356+0000] {font_manager.py:1333} WARNING - findfont: Generic family 'sans-serif' not found because none of the following families were found: Arial, Liberation Sans, Bitstream Vera Sans, sans-serif
[2026-01-02T12:14:48.359+0000] {font_manager.py:1333} WARNING - findfont: Generic family 'sans-serif' not found because none of the following families were found: Arial, Liberation Sans, Bitstream Vera Sans, sans-serif
[2026-01-02T12:14:48.363+0000] {font_manager.py:1333} WARNING - findfont: Generic family 'sans-serif' not found because none of the following families were found: Arial, Liberation Sans, Bitstream Vera Sans, sans-serif
[2026-01-02T12:14:48.403+0000] {font_manager.py:1333} WARNING - findfont: Generic family 'sans-serif' not found because none of the following families were found: Arial, Liberation Sans, Bitstream Vera Sans, sans-serif
[2026-01-02T12:14:48.412+0000] {font_manager.py:1333} WARNING - findfont: Generic family 'sans-serif' not found because none of the following families were found: Arial, Liberation Sans, Bitstream Vera Sans, sans-serif
[2026-01-02T12:14:48.417+0000] {font_manager.py:1333} WARNING - findfont: Generic family 'sans-serif' not found because none of the following families were found: Arial, Liberation Sans, Bitstream Vera Sans, sans-serif
[2026-01-02T12:14:48.423+0000] {font_manager.py:1333} WARNING - findfont: Generic family 'sans-serif' not found because none of the following families were found: Arial, Liberation Sans, Bitstream Vera Sans, sans-serif
[2026-01-02T12:14:48.644+0000] {font_manager.py:1333} WARNING - findfont: Generic family 'sans-serif' not found because none of the following families were found: Arial, Liberation Sans, Bitstream Vera Sans, sans-serif
[2026-01-02T12:14:48.648+0000] {font_manager.py:1333} WARNING - findfont: Generic family 'sans-serif' not found because none of the following families were found: Arial, Liberation Sans, Bitstream Vera Sans, sans-serif
[2026-01-02T12:14:48.652+0000] {font_manager.py:1333} WARNING - findfont: Generic family 'sans-serif' not found because none of the following families were found: Arial, Liberation Sans, Bitstream Vera Sans, sans-serif
[2026-01-02T12:14:48.654+0000] {font_manager.py:1333} WARNING - findfont: Generic family 'sans-serif' not found because none of the following families were found: Arial, Liberation Sans, Bitstream Vera Sans, sans-serif
[2026-01-02T12:14:48.659+0000] {font_manager.py:1333} WARNING - findfont: Generic family 'sans-serif' not found because none of the following families were found: Arial, Liberation Sans, Bitstream Vera Sans, sans-serif
[2026-01-02T12:14:48.662+0000] {font_manager.py:1333} WARNING - findfont: Generic family 'sans-serif' not found because none of the following families were found: Arial, Liberation Sans, Bitstream Vera Sans, sans-serif
[2026-01-02T12:14:48.671+0000] {font_manager.py:1333} WARNING - findfont: Generic family 'sans-serif' not found because none of the following families were found: Arial, Liberation Sans, Bitstream Vera Sans, sans-serif
[2026-01-02T12:14:48.754+0000] {font_manager.py:1333} WARNING - findfont: Generic family 'sans-serif' not found because none of the following families were found: Arial, Liberation Sans, Bitstream Vera Sans, sans-serif
[2026-01-02T12:14:49.022+0000] {font_manager.py:1333} WARNING - findfont: Generic family 'sans-serif' not found because none of the following families were found: Arial, Liberation Sans, Bitstream Vera Sans, sans-serif
[2026-01-02T12:14:49.024+0000] {font_manager.py:1333} WARNING - findfont: Generic family 'sans-serif' not found because none of the following families were found: Arial, Liberation Sans, Bitstream Vera Sans, sans-serif
[2026-01-02T12:14:49.031+0000] {font_manager.py:1333} WARNING - findfont: Generic family 'sans-serif' not found because none of the following families were found: Arial, Liberation Sans, Bitstream Vera Sans, sans-serif
[2026-01-02T12:14:49.038+0000] {font_manager.py:1333} WARNING - findfont: Generic family 'sans-serif' not found because none of the following families were found: Arial, Liberation Sans, Bitstream Vera Sans, sans-serif
[2026-01-02T12:14:49.043+0000] {font_manager.py:1333} WARNING - findfont: Generic family 'sans-serif' not found because none of the following families were found: Arial, Liberation Sans, Bitstream Vera Sans, sans-serif
[2026-01-02T12:14:49.051+0000] {font_manager.py:1333} WARNING - findfont: Generic family 'sans-serif' not found because none of the following families were found: Arial, Liberation Sans, Bitstream Vera Sans, sans-serif
[2026-01-02T12:14:49.058+0000] {font_manager.py:1333} WARNING - findfont: Generic family 'sans-serif' not found because none of the following families were found: Arial, Liberation Sans, Bitstream Vera Sans, sans-serif
[2026-01-02T12:14:49.064+0000] {font_manager.py:1333} WARNING - findfont: Generic family 'sans-serif' not found because none of the following families were found: Arial, Liberation Sans, Bitstream Vera Sans, sans-serif
[2026-01-02T12:14:49.066+0000] {font_manager.py:1333} WARNING - findfont: Generic family 'sans-serif' not found because none of the following families were found: Arial, Liberation Sans, Bitstream Vera Sans, sans-serif
[2026-01-02T12:14:49.074+0000] {font_manager.py:1333} WARNING - findfont: Generic family 'sans-serif' not found because none of the following families were found: Arial, Liberation Sans, Bitstream Vera Sans, sans-serif
[2026-01-02T12:14:49.081+0000] {font_manager.py:1333} WARNING - findfont: Generic family 'sans-serif' not found because none of the following families were found: Arial, Liberation Sans, Bitstream Vera Sans, sans-serif
[2026-01-02T12:14:49.132+0000] {font_manager.py:1333} WARNING - findfont: Generic family 'sans-serif' not found because none of the following families were found: Arial, Liberation Sans, Bitstream Vera Sans, sans-serif
[2026-01-02T12:14:49.136+0000] {font_manager.py:1333} WARNING - findfont: Generic family 'sans-serif' not found because none of the following families were found: Arial, Liberation Sans, Bitstream Vera Sans, sans-serif
[2026-01-02T12:14:49.140+0000] {font_manager.py:1333} WARNING - findfont: Generic family 'sans-serif' not found because none of the following families were found: Arial, Liberation Sans, Bitstream Vera Sans, sans-serif
[2026-01-02T12:14:49.141+0000] {font_manager.py:1333} WARNING - findfont: Generic family 'sans-serif' not found because none of the following families were found: Arial, Liberation Sans, Bitstream Vera Sans, sans-serif
[2026-01-02T12:14:49.156+0000] {font_manager.py:1333} WARNING - findfont: Generic family 'sans-serif' not found because none of the following families were found: Arial, Liberation Sans, Bitstream Vera Sans, sans-serif
[2026-01-02T12:14:49.160+0000] {font_manager.py:1333} WARNING - findfont: Generic family 'sans-serif' not found because none of the following families were found: Arial, Liberation Sans, Bitstream Vera Sans, sans-serif
[2026-01-02T12:14:49.166+0000] {font_manager.py:1333} WARNING - findfont: Generic family 'sans-serif' not found because none of the following families were found: Arial, Liberation Sans, Bitstream Vera Sans, sans-serif
[2026-01-02T12:14:49.171+0000] {font_manager.py:1333} WARNING - findfont: Generic family 'sans-serif' not found because none of the following families were found: Arial, Liberation Sans, Bitstream Vera Sans, sans-serif
[2026-01-02T12:14:49.175+0000] {font_manager.py:1333} WARNING - findfont: Generic family 'sans-serif' not found because none of the following families were found: Arial, Liberation Sans, Bitstream Vera Sans, sans-serif
[2026-01-02T12:14:49.179+0000] {font_manager.py:1333} WARNING - findfont: Generic family 'sans-serif' not found because none of the following families were found: Arial, Liberation Sans, Bitstream Vera Sans, sans-serif
[2026-01-02T12:14:49.182+0000] {font_manager.py:1333} WARNING - findfont: Generic family 'sans-serif' not found because none of the following families were found: Arial, Liberation Sans, Bitstream Vera Sans, sans-serif
[2026-01-02T12:14:49.190+0000] {font_manager.py:1333} WARNING - findfont: Generic family 'sans-serif' not found because none of the following families were found: Arial, Liberation Sans, Bitstream Vera Sans, sans-serif
[2026-01-02T12:14:49.195+0000] {font_manager.py:1333} WARNING - findfont: Generic family 'sans-serif' not found because none of the following families were found: Arial, Liberation Sans, Bitstream Vera Sans, sans-serif
[2026-01-02T12:14:49.201+0000] {font_manager.py:1333} WARNING - findfont: Generic family 'sans-serif' not found because none of the following families were found: Arial, Liberation Sans, Bitstream Vera Sans, sans-serif
[2026-01-02T12:14:49.208+0000] {font_manager.py:1333} WARNING - findfont: Generic family 'sans-serif' not found because none of the following families were found: Arial, Liberation Sans, Bitstream Vera Sans, sans-serif
[2026-01-02T12:14:49.212+0000] {font_manager.py:1333} WARNING - findfont: Generic family 'sans-serif' not found because none of the following families were found: Arial, Liberation Sans, Bitstream Vera Sans, sans-serif
[2026-01-02T12:14:49.218+0000] {font_manager.py:1333} WARNING - findfont: Generic family 'sans-serif' not found because none of the following families were found: Arial, Liberation Sans, Bitstream Vera Sans, sans-serif
[2026-01-02T12:14:49.224+0000] {font_manager.py:1333} WARNING - findfont: Generic family 'sans-serif' not found because none of the following families were found: Arial, Liberation Sans, Bitstream Vera Sans, sans-serif
[2026-01-02T12:14:49.254+0000] {font_manager.py:1333} WARNING - findfont: Generic family 'sans-serif' not found because none of the following families were found: Arial, Liberation Sans, Bitstream Vera Sans, sans-serif
[2026-01-02T12:14:49.259+0000] {font_manager.py:1333} WARNING - findfont: Generic family 'sans-serif' not found because none of the following families were found: Arial, Liberation Sans, Bitstream Vera Sans, sans-serif
[2026-01-02T12:14:49.302+0000] {font_manager.py:1333} WARNING - findfont: Generic family 'sans-serif' not found because none of the following families were found: Arial, Liberation Sans, Bitstream Vera Sans, sans-serif
[2026-01-02T12:14:49.317+0000] {font_manager.py:1333} WARNING - findfont: Generic family 'sans-serif' not found because none of the following families were found: Arial, Liberation Sans, Bitstream Vera Sans, sans-serif
[2026-01-02T12:14:49.325+0000] {font_manager.py:1333} WARNING - findfont: Generic family 'sans-serif' not found because none of the following families were found: Arial, Liberation Sans, Bitstream Vera Sans, sans-serif
[2026-01-02T12:14:49.340+0000] {font_manager.py:1333} WARNING - findfont: Generic family 'sans-serif' not found because none of the following families were found: Arial, Liberation Sans, Bitstream Vera Sans, sans-serif
[2026-01-02T12:14:49.344+0000] {font_manager.py:1333} WARNING - findfont: Generic family 'sans-serif' not found because none of the following families were found: Arial, Liberation Sans, Bitstream Vera Sans, sans-serif
[2026-01-02T12:14:49.349+0000] {font_manager.py:1333} WARNING - findfont: Generic family 'sans-serif' not found because none of the following families were found: Arial, Liberation Sans, Bitstream Vera Sans, sans-serif
[2026-01-02T12:14:49.360+0000] {font_manager.py:1333} WARNING - findfont: Generic family 'sans-serif' not found because none of the following families were found: Arial, Liberation Sans, Bitstream Vera Sans, sans-serif
[2026-01-02T12:14:49.365+0000] {font_manager.py:1333} WARNING - findfont: Generic family 'sans-serif' not found because none of the following families were found: Arial, Liberation Sans, Bitstream Vera Sans, sans-serif
[2026-01-02T12:14:49.374+0000] {font_manager.py:1333} WARNING - findfont: Generic family 'sans-serif' not found because none of the following families were found: Arial, Liberation Sans, Bitstream Vera Sans, sans-serif
[2026-01-02T12:14:49.379+0000] {font_manager.py:1333} WARNING - findfont: Generic family 'sans-serif' not found because none of the following families were found: Arial, Liberation Sans, Bitstream Vera Sans, sans-serif
[2026-01-02T12:14:49.401+0000] {font_manager.py:1333} WARNING - findfont: Generic family 'sans-serif' not found because none of the following families were found: Arial, Liberation Sans, Bitstream Vera Sans, sans-serif
[2026-01-02T12:14:49.420+0000] {font_manager.py:1333} WARNING - findfont: Generic family 'sans-serif' not found because none of the following families were found: Arial, Liberation Sans, Bitstream Vera Sans, sans-serif
[2026-01-02T12:14:49.458+0000] {font_manager.py:1333} WARNING - findfont: Generic family 'sans-serif' not found because none of the following families were found: Arial, Liberation Sans, Bitstream Vera Sans, sans-serif
[2026-01-02T12:14:49.459+0000] {font_manager.py:1333} WARNING - findfont: Generic family 'sans-serif' not found because none of the following families were found: Arial, Liberation Sans, Bitstream Vera Sans, sans-serif
[2026-01-02T12:14:49.461+0000] {font_manager.py:1333} WARNING - findfont: Generic family 'sans-serif' not found because none of the following families were found: Arial, Liberation Sans, Bitstream Vera Sans, sans-serif
[2026-01-02T12:14:49.464+0000] {font_manager.py:1333} WARNING - findfont: Generic family 'sans-serif' not found because none of the following families were found: Arial, Liberation Sans, Bitstream Vera Sans, sans-serif
[2026-01-02T12:14:49.466+0000] {font_manager.py:1333} WARNING - findfont: Generic family 'sans-serif' not found because none of the following families were found: Arial, Liberation Sans, Bitstream Vera Sans, sans-serif
[2026-01-02T12:14:49.467+0000] {font_manager.py:1333} WARNING - findfont: Generic family 'sans-serif' not found because none of the following families were found: Arial, Liberation Sans, Bitstream Vera Sans, sans-serif
[2026-01-02T12:14:49.470+0000] {font_manager.py:1333} WARNING - findfont: Generic family 'sans-serif' not found because none of the following families were found: Arial, Liberation Sans, Bitstream Vera Sans, sans-serif
[2026-01-02T12:14:49.473+0000] {font_manager.py:1333} WARNING - findfont: Generic family 'sans-serif' not found because none of the following families were found: Arial, Liberation Sans, Bitstream Vera Sans, sans-serif
[2026-01-02T12:14:49.475+0000] {font_manager.py:1333} WARNING - findfont: Generic family 'sans-serif' not found because none of the following families were found: Arial, Liberation Sans, Bitstream Vera Sans, sans-serif
[2026-01-02T12:14:49.476+0000] {font_manager.py:1333} WARNING - findfont: Generic family 'sans-serif' not found because none of the following families were found: Arial, Liberation Sans, Bitstream Vera Sans, sans-serif
[2026-01-02T12:14:49.478+0000] {font_manager.py:1333} WARNING - findfont: Generic family 'sans-serif' not found because none of the following families were found: Arial, Liberation Sans, Bitstream Vera Sans, sans-serif
[2026-01-02T12:14:49.484+0000] {font_manager.py:1333} WARNING - findfont: Generic family 'sans-serif' not found because none of the following families were found: Arial, Liberation Sans, Bitstream Vera Sans, sans-serif
[2026-01-02T12:14:49.487+0000] {font_manager.py:1333} WARNING - findfont: Generic family 'sans-serif' not found because none of the following families were found: Arial, Liberation Sans, Bitstream Vera Sans, sans-serif
[2026-01-02T12:14:49.491+0000] {font_manager.py:1333} WARNING - findfont: Generic family 'sans-serif' not found because none of the following families were found: Arial, Liberation Sans, Bitstream Vera Sans, sans-serif
[2026-01-02T12:14:49.493+0000] {font_manager.py:1333} WARNING - findfont: Generic family 'sans-serif' not found because none of the following families were found: Arial, Liberation Sans, Bitstream Vera Sans, sans-serif
[2026-01-02T12:14:49.505+0000] {font_manager.py:1333} WARNING - findfont: Generic family 'sans-serif' not found because none of the following families were found: Arial, Liberation Sans, Bitstream Vera Sans, sans-serif
[2026-01-02T12:14:49.507+0000] {font_manager.py:1333} WARNING - findfont: Generic family 'sans-serif' not found because none of the following families were found: Arial, Liberation Sans, Bitstream Vera Sans, sans-serif
[2026-01-02T12:14:49.509+0000] {font_manager.py:1333} WARNING - findfont: Generic family 'sans-serif' not found because none of the following families were found: Arial, Liberation Sans, Bitstream Vera Sans, sans-serif
[2026-01-02T12:14:49.511+0000] {font_manager.py:1333} WARNING - findfont: Generic family 'sans-serif' not found because none of the following families were found: Arial, Liberation Sans, Bitstream Vera Sans, sans-serif
[2026-01-02T12:14:49.513+0000] {font_manager.py:1333} WARNING - findfont: Generic family 'sans-serif' not found because none of the following families were found: Arial, Liberation Sans, Bitstream Vera Sans, sans-serif
[2026-01-02T12:14:49.515+0000] {font_manager.py:1333} WARNING - findfont: Generic family 'sans-serif' not found because none of the following families were found: Arial, Liberation Sans, Bitstream Vera Sans, sans-serif
[2026-01-02T12:14:49.518+0000] {font_manager.py:1333} WARNING - findfont: Generic family 'sans-serif' not found because none of the following families were found: Arial, Liberation Sans, Bitstream Vera Sans, sans-serif
[2026-01-02T12:14:49.522+0000] {font_manager.py:1333} WARNING - findfont: Generic family 'sans-serif' not found because none of the following families were found: Arial, Liberation Sans, Bitstream Vera Sans, sans-serif
[2026-01-02T12:14:49.526+0000] {font_manager.py:1333} WARNING - findfont: Generic family 'sans-serif' not found because none of the following families were found: Arial, Liberation Sans, Bitstream Vera Sans, sans-serif
[2026-01-02T12:14:49.528+0000] {font_manager.py:1333} WARNING - findfont: Generic family 'sans-serif' not found because none of the following families were found: Arial, Liberation Sans, Bitstream Vera Sans, sans-serif
[2026-01-02T12:14:49.534+0000] {font_manager.py:1333} WARNING - findfont: Generic family 'sans-serif' not found because none of the following families were found: Arial, Liberation Sans, Bitstream Vera Sans, sans-serif
[2026-01-02T12:14:49.541+0000] {font_manager.py:1333} WARNING - findfont: Generic family 'sans-serif' not found because none of the following families were found: Arial, Liberation Sans, Bitstream Vera Sans, sans-serif
[2026-01-02T12:14:49.544+0000] {font_manager.py:1333} WARNING - findfont: Generic family 'sans-serif' not found because none of the following families were found: Arial, Liberation Sans, Bitstream Vera Sans, sans-serif
[2026-01-02T12:14:49.547+0000] {font_manager.py:1333} WARNING - findfont: Generic family 'sans-serif' not found because none of the following families were found: Arial, Liberation Sans, Bitstream Vera Sans, sans-serif
[2026-01-02T12:14:49.585+0000] {font_manager.py:1333} WARNING - findfont: Generic family 'sans-serif' not found because none of the following families were found: Arial, Liberation Sans, Bitstream Vera Sans, sans-serif
[2026-01-02T12:14:49.590+0000] {font_manager.py:1333} WARNING - findfont: Generic family 'sans-serif' not found because none of the following families were found: Arial, Liberation Sans, Bitstream Vera Sans, sans-serif
[2026-01-02T12:14:49.605+0000] {font_manager.py:1333} WARNING - findfont: Generic family 'sans-serif' not found because none of the following families were found: Arial, Liberation Sans, Bitstream Vera Sans, sans-serif
[2026-01-02T12:14:49.611+0000] {font_manager.py:1333} WARNING - findfont: Generic family 'sans-serif' not found because none of the following families were found: Arial, Liberation Sans, Bitstream Vera Sans, sans-serif
[2026-01-02T12:14:49.616+0000] {font_manager.py:1333} WARNING - findfont: Generic family 'sans-serif' not found because none of the following families were found: Arial, Liberation Sans, Bitstream Vera Sans, sans-serif
[2026-01-02T12:14:49.625+0000] {font_manager.py:1333} WARNING - findfont: Generic family 'sans-serif' not found because none of the following families were found: Arial, Liberation Sans, Bitstream Vera Sans, sans-serif
[2026-01-02T12:14:49.629+0000] {font_manager.py:1333} WARNING - findfont: Generic family 'sans-serif' not found because none of the following families were found: Arial, Liberation Sans, Bitstream Vera Sans, sans-serif
[2026-01-02T12:14:49.636+0000] {font_manager.py:1333} WARNING - findfont: Generic family 'sans-serif' not found because none of the following families were found: Arial, Liberation Sans, Bitstream Vera Sans, sans-serif
[2026-01-02T12:14:49.640+0000] {font_manager.py:1333} WARNING - findfont: Generic family 'sans-serif' not found because none of the following families were found: Arial, Liberation Sans, Bitstream Vera Sans, sans-serif
[2026-01-02T12:14:49.644+0000] {font_manager.py:1333} WARNING - findfont: Generic family 'sans-serif' not found because none of the following families were found: Arial, Liberation Sans, Bitstream Vera Sans, sans-serif
[2026-01-02T12:14:49.655+0000] {font_manager.py:1333} WARNING - findfont: Generic family 'sans-serif' not found because none of the following families were found: Arial, Liberation Sans, Bitstream Vera Sans, sans-serif
[2026-01-02T12:14:49.659+0000] {font_manager.py:1333} WARNING - findfont: Generic family 'sans-serif' not found because none of the following families were found: Arial, Liberation Sans, Bitstream Vera Sans, sans-serif
[2026-01-02T12:14:49.675+0000] {font_manager.py:1333} WARNING - findfont: Generic family 'sans-serif' not found because none of the following families were found: Arial, Liberation Sans, Bitstream Vera Sans, sans-serif
[2026-01-02T12:14:49.690+0000] {font_manager.py:1333} WARNING - findfont: Generic family 'sans-serif' not found because none of the following families were found: Arial, Liberation Sans, Bitstream Vera Sans, sans-serif
[2026-01-02T12:15:01.862+0000] {logging_mixin.py:188} INFO -                          Model        MAE           MSE       RMSE      R2  \
rf     Random Forest Regressor   405.7589  6.553718e+05   808.4299  0.9553   
ridge         Ridge Regression  1160.7376  2.474804e+06  1571.8340  0.8327   
lr           Linear Regression  1160.9835  2.477961e+06  1572.7010  0.8324   

        RMSLE    MAPE  TT (Sec)  
rf     0.1455  0.1072     3.722  
ridge  0.7458  0.6818     1.464  
lr     0.7357  0.6849     0.768  
[2026-01-02T12:15:02.053+0000] {logging_mixin.py:188} INFO - Training has finished, successfully!
[2026-01-02T12:15:02.071+0000] {python.py:237} INFO - Done. Returned value was: None
[2026-01-02T12:15:02.072+0000] {taskinstance.py:441} INFO - ::group::Post task execution logs
[2026-01-02T12:15:02.137+0000] {taskinstance.py:1206} INFO - Marking task as SUCCESS. dag_id=main_pipeline, task_id=train_model, run_id=manual__2026-01-02T12:12:35.648170+00:00, execution_date=20260102T121235, start_date=20260102T121304, end_date=20260102T121502
[2026-01-02T12:15:02.199+0000] {logging_mixin.py:188} WARNING - 
[2026-01-02T12:15:02.431+0000] {local_task_job_runner.py:243} INFO - Task exited with return code 0
[2026-01-02T12:15:02.487+0000] {taskinstance.py:3503} INFO - 0 downstream tasks scheduled from follow-on schedule check
[2026-01-02T12:15:02.521+0000] {local_task_job_runner.py:222} INFO - ::endgroup::
