[2026-01-02T17:51:20.107+0000] {local_task_job_runner.py:120} INFO - ::group::Pre task execution logs
[2026-01-02T17:51:20.258+0000] {taskinstance.py:2076} INFO - Dependencies all met for dep_context=non-requeueable deps ti=<TaskInstance: main_pipeline.check_prod_model manual__2026-01-02T17:51:15.641721+00:00 [queued]>
[2026-01-02T17:51:20.304+0000] {taskinstance.py:2076} INFO - Dependencies all met for dep_context=requeueable deps ti=<TaskInstance: main_pipeline.check_prod_model manual__2026-01-02T17:51:15.641721+00:00 [queued]>
[2026-01-02T17:51:20.306+0000] {taskinstance.py:2306} INFO - Starting attempt 1 of 1
[2026-01-02T17:51:20.357+0000] {taskinstance.py:2330} INFO - Executing <Task(_PythonDecoratedOperator): check_prod_model> on 2026-01-02 17:51:15.641721+00:00
[2026-01-02T17:51:20.390+0000] {standard_task_runner.py:64} INFO - Started process 433 to run task
[2026-01-02T17:51:20.410+0000] {standard_task_runner.py:90} INFO - Running: ['***', 'tasks', 'run', 'main_pipeline', 'check_prod_model', 'manual__2026-01-02T17:51:15.641721+00:00', '--job-id', '128', '--raw', '--subdir', 'DAGS_FOLDER/pipeline/main.py', '--cfg-path', '/tmp/tmppg6c7aiu']
[2026-01-02T17:51:20.414+0000] {standard_task_runner.py:91} INFO - Job 128: Subtask check_prod_model
[2026-01-02T17:51:20.648+0000] {task_command.py:426} INFO - Running <TaskInstance: main_pipeline.check_prod_model manual__2026-01-02T17:51:15.641721+00:00 [running]> on host 634f416f74b0
[2026-01-02T17:51:21.068+0000] {taskinstance.py:2648} INFO - Exporting env vars: AIRFLOW_CTX_DAG_OWNER='***' AIRFLOW_CTX_DAG_ID='main_pipeline' AIRFLOW_CTX_TASK_ID='check_prod_model' AIRFLOW_CTX_EXECUTION_DATE='2026-01-02T17:51:15.641721+00:00' AIRFLOW_CTX_TRY_NUMBER='1' AIRFLOW_CTX_DAG_RUN_ID='manual__2026-01-02T17:51:15.641721+00:00'
[2026-01-02T17:51:21.071+0000] {taskinstance.py:430} INFO - ::endgroup::
[2026-01-02T17:51:26.035+0000] {logging_mixin.py:188} WARNING - /home/***/.local/lib/python3.11/site-packages/pydantic/_internal/_fields.py:161 UserWarning: Field "model_server_url" has conflict with protected namespace "model_".

You may be able to resolve this warning by setting `model_config['protected_namespaces'] = ()`.
[2026-01-02T17:51:26.096+0000] {logging_mixin.py:188} WARNING - /home/***/.local/lib/python3.11/site-packages/pydantic/_internal/_config.py:341 UserWarning: Valid config keys have changed in V2:
* 'schema_extra' has been renamed to 'json_schema_extra'
[2026-01-02T17:51:31.281+0000] {logging_mixin.py:188} INFO - Parent run ID: 4bc1462443e44b33b00192af714f309f
[2026-01-02T17:51:31.290+0000] {logging_mixin.py:188} INFO - Found production version: 5
[2026-01-02T17:51:33.000+0000] {credentials.py:1147} INFO - Found credentials in environment variables.
[2026-01-02T17:51:35.146+0000] {logging_mixin.py:188} WARNING - Downloading artifacts:   0%|          | 0/1 [00:00<?, ?it/s]
[2026-01-02T17:51:35.155+0000] {logging_mixin.py:188} WARNING - Downloading artifacts: 100%|##########| 1/1 [00:00<00:00, 3545.48it/s]
[2026-01-02T17:51:35.156+0000] {logging_mixin.py:188} WARNING - Downloading artifacts: 100%|##########| 1/1 [00:00<00:00, 107.89it/s] 
[2026-01-02T17:51:35.164+0000] {python.py:237} INFO - Done. Returned value was: {'production_version': '5'}
[2026-01-02T17:51:35.168+0000] {taskinstance.py:441} INFO - ::group::Post task execution logs
[2026-01-02T17:51:35.330+0000] {taskinstance.py:1206} INFO - Marking task as SUCCESS. dag_id=main_pipeline, task_id=check_prod_model, run_id=manual__2026-01-02T17:51:15.641721+00:00, execution_date=20260102T175115, start_date=20260102T175120, end_date=20260102T175135
[2026-01-02T17:51:35.468+0000] {local_task_job_runner.py:243} INFO - Task exited with return code 0
[2026-01-02T17:51:35.602+0000] {taskinstance.py:3503} INFO - 1 downstream tasks scheduled from follow-on schedule check
[2026-01-02T17:51:35.611+0000] {local_task_job_runner.py:222} INFO - ::endgroup::
