[2026-01-03T14:57:49.130+0000] {local_task_job_runner.py:120} INFO - ::group::Pre task execution logs
[2026-01-03T14:57:49.351+0000] {taskinstance.py:2076} INFO - Dependencies all met for dep_context=non-requeueable deps ti=<TaskInstance: main_pipeline.compare_distributions manual__2026-01-03T14:57:27.032753+00:00 [queued]>
[2026-01-03T14:57:49.409+0000] {taskinstance.py:2076} INFO - Dependencies all met for dep_context=requeueable deps ti=<TaskInstance: main_pipeline.compare_distributions manual__2026-01-03T14:57:27.032753+00:00 [queued]>
[2026-01-03T14:57:49.410+0000] {taskinstance.py:2306} INFO - Starting attempt 1 of 1
[2026-01-03T14:57:49.453+0000] {taskinstance.py:2330} INFO - Executing <Task(_PythonDecoratedOperator): compare_distributions> on 2026-01-03 14:57:27.032753+00:00
[2026-01-03T14:57:49.520+0000] {standard_task_runner.py:64} INFO - Started process 5582 to run task
[2026-01-03T14:57:49.535+0000] {standard_task_runner.py:90} INFO - Running: ['***', 'tasks', 'run', 'main_pipeline', 'compare_distributions', 'manual__2026-01-03T14:57:27.032753+00:00', '--job-id', '266', '--raw', '--subdir', 'DAGS_FOLDER/pipeline/main.py', '--cfg-path', '/tmp/tmp785s_52c']
[2026-01-03T14:57:49.544+0000] {standard_task_runner.py:91} INFO - Job 266: Subtask compare_distributions
[2026-01-03T14:57:49.893+0000] {task_command.py:426} INFO - Running <TaskInstance: main_pipeline.compare_distributions manual__2026-01-03T14:57:27.032753+00:00 [running]> on host 8574a19215f6
[2026-01-03T14:57:50.535+0000] {taskinstance.py:2648} INFO - Exporting env vars: AIRFLOW_CTX_DAG_OWNER='***' AIRFLOW_CTX_DAG_ID='main_pipeline' AIRFLOW_CTX_TASK_ID='compare_distributions' AIRFLOW_CTX_EXECUTION_DATE='2026-01-03T14:57:27.032753+00:00' AIRFLOW_CTX_TRY_NUMBER='1' AIRFLOW_CTX_DAG_RUN_ID='manual__2026-01-03T14:57:27.032753+00:00'
[2026-01-03T14:57:50.543+0000] {taskinstance.py:430} INFO - ::endgroup::
[2026-01-03T14:57:52.485+0000] {credentials.py:1147} INFO - Found credentials in environment variables.
[2026-01-03T14:57:52.854+0000] {logging_mixin.py:188} WARNING - Downloading artifacts:   0%|          | 0/1 [00:00<?, ?it/s]
[2026-01-03T14:57:52.884+0000] {logging_mixin.py:188} WARNING - Downloading artifacts: 100%|##########| 1/1 [00:00<00:00, 34.00it/s]
[2026-01-03T14:57:52.885+0000] {logging_mixin.py:188} WARNING - Downloading artifacts: 100%|##########| 1/1 [00:00<00:00, 32.93it/s]
[2026-01-03T14:57:52.900+0000] {logging_mixin.py:188} INFO - {"status":"updated","traffic":{"a":0.5,"b":0.5,"data_size":5000,"drift_cols":["price","color"]}}
[2026-01-03T14:57:53.380+0000] {logging_mixin.py:188} INFO - {'data':       carat        cut color clarity  ...         price     x     y     z
0      2.02  Very Geod     G     VS2  ...  19258.464965  8.03  8.10  5.05
1      0.57      Ideal     H     VS2  ...   1113.000000  5.32  5.34  3.33
2      1.20    Premium     D     VS2  ...   5699.000000  6.93  6.80  4.24
3      1.01    Premium     E     SI1  ...   5210.000000  6.40  6.43  3.96
4      1.10      Ideal     F     VS2  ...   6972.000000  6.70  6.74  4.05
...     ...        ...   ...     ...  ...           ...   ...   ...   ...
4995   0.51       Good     F     SI1  ...   1308.000000  5.05  5.08  3.22
4996   1.82  Very Good     H     SI1  ...  21475.705831  7.71  7.64  4.85
4997   0.24  Very Good     J     VS1  ...    419.000000  3.96  3.99  2.50
4998   0.41  Very Good     J     SI1  ...    523.747070  4.76  4.73  3.01
4999   0.90      Ideal     E     VS2  ...   4788.000000  6.19  6.17  3.85

[5000 rows x 10 columns], 'drift_info': {'carat': [0.37874040781528484, 0], 'depth': [0.23213912888374735, 0], 'table': [0.9987855261745805, 0], 'x': [0.2787566062717374, 0], 'y': [0.2773370282296463, 0], 'z': [0.621494110248938, 0], 'price': [0.2773370282296463, 0], 'cut': [0.003753509925972544, 0], 'color': [0.002994796466256648, 0], 'clarity': [0.0013491415945959314, 0]}}
[2026-01-03T14:57:53.380+0000] {python.py:237} INFO - Done. Returned value was: {'data':       carat        cut color clarity  ...         price     x     y     z
0      2.02  Very Geod     G     VS2  ...  19258.464965  8.03  8.10  5.05
1      0.57      Ideal     H     VS2  ...   1113.000000  5.32  5.34  3.33
2      1.20    Premium     D     VS2  ...   5699.000000  6.93  6.80  4.24
3      1.01    Premium     E     SI1  ...   5210.000000  6.40  6.43  3.96
4      1.10      Ideal     F     VS2  ...   6972.000000  6.70  6.74  4.05
...     ...        ...   ...     ...  ...           ...   ...   ...   ...
4995   0.51       Good     F     SI1  ...   1308.000000  5.05  5.08  3.22
4996   1.82  Very Good     H     SI1  ...  21475.705831  7.71  7.64  4.85
4997   0.24  Very Good     J     VS1  ...    419.000000  3.96  3.99  2.50
4998   0.41  Very Good     J     SI1  ...    523.747070  4.76  4.73  3.01
4999   0.90      Ideal     E     VS2  ...   4788.000000  6.19  6.17  3.85

[5000 rows x 10 columns], 'drift_info': {'carat': [0.37874040781528484, 0], 'depth': [0.23213912888374735, 0], 'table': [0.9987855261745805, 0], 'x': [0.2787566062717374, 0], 'y': [0.2773370282296463, 0], 'z': [0.621494110248938, 0], 'price': [0.2773370282296463, 0], 'cut': [0.003753509925972544, 0], 'color': [0.002994796466256648, 0], 'clarity': [0.0013491415945959314, 0]}}
[2026-01-03T14:57:53.395+0000] {taskinstance.py:441} INFO - ::group::Post task execution logs
[2026-01-03T14:57:53.624+0000] {taskinstance.py:1206} INFO - Marking task as SUCCESS. dag_id=main_pipeline, task_id=compare_distributions, run_id=manual__2026-01-03T14:57:27.032753+00:00, execution_date=20260103T145727, start_date=20260103T145749, end_date=20260103T145753
[2026-01-03T14:57:53.756+0000] {local_task_job_runner.py:243} INFO - Task exited with return code 0
[2026-01-03T14:57:53.847+0000] {taskinstance.py:3503} INFO - 1 downstream tasks scheduled from follow-on schedule check
[2026-01-03T14:57:53.863+0000] {local_task_job_runner.py:222} INFO - ::endgroup::
