[2026-01-03T11:43:14.628+0000] {local_task_job_runner.py:120} INFO - ::group::Pre task execution logs
[2026-01-03T11:43:14.719+0000] {taskinstance.py:2076} INFO - Dependencies all met for dep_context=non-requeueable deps ti=<TaskInstance: main_pipeline.set_initial_model manual__2026-01-03T11:40:58.751438+00:00 [queued]>
[2026-01-03T11:43:14.791+0000] {taskinstance.py:2076} INFO - Dependencies all met for dep_context=requeueable deps ti=<TaskInstance: main_pipeline.set_initial_model manual__2026-01-03T11:40:58.751438+00:00 [queued]>
[2026-01-03T11:43:14.797+0000] {taskinstance.py:2306} INFO - Starting attempt 1 of 1
[2026-01-03T11:43:14.853+0000] {taskinstance.py:2330} INFO - Executing <Task(_PythonDecoratedOperator): set_initial_model> on 2026-01-03 11:40:58.751438+00:00
[2026-01-03T11:43:14.932+0000] {standard_task_runner.py:64} INFO - Started process 1687 to run task
[2026-01-03T11:43:14.947+0000] {standard_task_runner.py:90} INFO - Running: ['***', 'tasks', 'run', 'main_pipeline', 'set_initial_model', 'manual__2026-01-03T11:40:58.751438+00:00', '--job-id', '203', '--raw', '--subdir', 'DAGS_FOLDER/pipeline/main.py', '--cfg-path', '/tmp/tmpambu4btv']
[2026-01-03T11:43:14.965+0000] {standard_task_runner.py:91} INFO - Job 203: Subtask set_initial_model
[2026-01-03T11:43:15.329+0000] {task_command.py:426} INFO - Running <TaskInstance: main_pipeline.set_initial_model manual__2026-01-03T11:40:58.751438+00:00 [running]> on host b1c11469ed89
[2026-01-03T11:43:16.032+0000] {taskinstance.py:2648} INFO - Exporting env vars: AIRFLOW_CTX_DAG_OWNER='***' AIRFLOW_CTX_DAG_ID='main_pipeline' AIRFLOW_CTX_TASK_ID='set_initial_model' AIRFLOW_CTX_EXECUTION_DATE='2026-01-03T11:40:58.751438+00:00' AIRFLOW_CTX_TRY_NUMBER='1' AIRFLOW_CTX_DAG_RUN_ID='manual__2026-01-03T11:40:58.751438+00:00'
[2026-01-03T11:43:16.048+0000] {taskinstance.py:430} INFO - ::endgroup::
[2026-01-03T11:43:16.805+0000] {logging_mixin.py:188} INFO - 54eb60882b314544b251d6fa9b5bcd8c
[2026-01-03T11:43:16.982+0000] {logging_mixin.py:188} WARNING - Registered model 'price_prediction' already exists. Creating a new version of this model...
[2026-01-03T11:43:17.115+0000] {logging_mixin.py:188} WARNING - 2026/01/03 11:43:17 INFO mlflow.tracking._model_registry.client: Waiting up to 300 seconds for model version to finish creation. Model name: price_prediction, version 12
[2026-01-03T11:43:17.115+0000] {logging_mixin.py:188} WARNING - Created version '12' of model 'price_prediction'.
[2026-01-03T11:43:17.347+0000] {logging_mixin.py:188} INFO - 54eb60882b314544b251d6fa9b5bcd8c
[2026-01-03T11:43:17.434+0000] {logging_mixin.py:188} WARNING - Registered model 'price_prediction' already exists. Creating a new version of this model...
[2026-01-03T11:43:17.556+0000] {logging_mixin.py:188} WARNING - 2026/01/03 11:43:17 INFO mlflow.tracking._model_registry.client: Waiting up to 300 seconds for model version to finish creation. Model name: price_prediction, version 13
[2026-01-03T11:43:17.556+0000] {logging_mixin.py:188} WARNING - Created version '13' of model 'price_prediction'.
[2026-01-03T11:43:17.742+0000] {logging_mixin.py:188} INFO - Initial production model was set!
[2026-01-03T11:43:17.746+0000] {python.py:237} INFO - Done. Returned value was: None
[2026-01-03T11:43:17.746+0000] {taskinstance.py:441} INFO - ::group::Post task execution logs
[2026-01-03T11:43:17.777+0000] {taskinstance.py:1206} INFO - Marking task as SUCCESS. dag_id=main_pipeline, task_id=set_initial_model, run_id=manual__2026-01-03T11:40:58.751438+00:00, execution_date=20260103T114058, start_date=20260103T114314, end_date=20260103T114317
[2026-01-03T11:43:17.874+0000] {local_task_job_runner.py:243} INFO - Task exited with return code 0
[2026-01-03T11:43:17.926+0000] {taskinstance.py:3503} INFO - 0 downstream tasks scheduled from follow-on schedule check
[2026-01-03T11:43:17.932+0000] {local_task_job_runner.py:222} INFO - ::endgroup::
