[2026-01-03T16:10:47.864+0000] {local_task_job_runner.py:120} INFO - ::group::Pre task execution logs
[2026-01-03T16:10:48.145+0000] {taskinstance.py:2076} INFO - Dependencies all met for dep_context=non-requeueable deps ti=<TaskInstance: main_pipeline.check_drift manual__2026-01-03T16:09:45.815271+00:00 [queued]>
[2026-01-03T16:10:48.192+0000] {taskinstance.py:2076} INFO - Dependencies all met for dep_context=requeueable deps ti=<TaskInstance: main_pipeline.check_drift manual__2026-01-03T16:09:45.815271+00:00 [queued]>
[2026-01-03T16:10:48.194+0000] {taskinstance.py:2306} INFO - Starting attempt 1 of 1
[2026-01-03T16:10:48.285+0000] {taskinstance.py:2330} INFO - Executing <Task(_BranchPythonDecoratedOperator): check_drift> on 2026-01-03 16:09:45.815271+00:00
[2026-01-03T16:10:48.364+0000] {standard_task_runner.py:64} INFO - Started process 9202 to run task
[2026-01-03T16:10:48.385+0000] {standard_task_runner.py:90} INFO - Running: ['***', 'tasks', 'run', 'main_pipeline', 'check_drift', 'manual__2026-01-03T16:09:45.815271+00:00', '--job-id', '310', '--raw', '--subdir', 'DAGS_FOLDER/pipeline/main.py', '--cfg-path', '/tmp/tmpd88_zhsi']
[2026-01-03T16:10:48.401+0000] {standard_task_runner.py:91} INFO - Job 310: Subtask check_drift
[2026-01-03T16:10:48.804+0000] {task_command.py:426} INFO - Running <TaskInstance: main_pipeline.check_drift manual__2026-01-03T16:09:45.815271+00:00 [running]> on host 8574a19215f6
[2026-01-03T16:10:51.553+0000] {taskinstance.py:2648} INFO - Exporting env vars: AIRFLOW_CTX_DAG_OWNER='***' AIRFLOW_CTX_DAG_ID='main_pipeline' AIRFLOW_CTX_TASK_ID='check_drift' AIRFLOW_CTX_EXECUTION_DATE='2026-01-03T16:09:45.815271+00:00' AIRFLOW_CTX_TRY_NUMBER='1' AIRFLOW_CTX_DAG_RUN_ID='manual__2026-01-03T16:09:45.815271+00:00'
[2026-01-03T16:10:51.555+0000] {taskinstance.py:430} INFO - ::endgroup::
[2026-01-03T16:10:51.569+0000] {logging_mixin.py:188} INFO - Data drift detected in depth
[2026-01-03T16:10:51.570+0000] {logging_mixin.py:188} INFO - Data drift detected in y
[2026-01-03T16:10:51.575+0000] {logging_mixin.py:188} INFO - Data drift detected in z
[2026-01-03T16:10:51.579+0000] {python.py:237} INFO - Done. Returned value was: train_new_model
[2026-01-03T16:10:51.587+0000] {branch.py:36} INFO - Branch into train_new_model
[2026-01-03T16:10:51.588+0000] {skipmixin.py:178} INFO - Following branch train_new_model
[2026-01-03T16:10:51.727+0000] {skipmixin.py:246} INFO - Skipping tasks [('check_end', -1)]
[2026-01-03T16:10:51.960+0000] {taskinstance.py:441} INFO - ::group::Post task execution logs
[2026-01-03T16:10:52.169+0000] {taskinstance.py:1206} INFO - Marking task as SUCCESS. dag_id=main_pipeline, task_id=check_drift, run_id=manual__2026-01-03T16:09:45.815271+00:00, execution_date=20260103T160945, start_date=20260103T161048, end_date=20260103T161052
[2026-01-03T16:10:52.470+0000] {local_task_job_runner.py:243} INFO - Task exited with return code 0
[2026-01-03T16:10:52.690+0000] {taskinstance.py:3503} INFO - 1 downstream tasks scheduled from follow-on schedule check
[2026-01-03T16:10:52.711+0000] {local_task_job_runner.py:222} INFO - ::endgroup::
