[2026-01-03T11:36:40.807+0000] {local_task_job_runner.py:120} INFO - ::group::Pre task execution logs
[2026-01-03T11:36:40.912+0000] {taskinstance.py:2076} INFO - Dependencies all met for dep_context=non-requeueable deps ti=<TaskInstance: main_pipeline.set_initial_model manual__2026-01-03T11:34:42.921320+00:00 [queued]>
[2026-01-03T11:36:40.940+0000] {taskinstance.py:2076} INFO - Dependencies all met for dep_context=requeueable deps ti=<TaskInstance: main_pipeline.set_initial_model manual__2026-01-03T11:34:42.921320+00:00 [queued]>
[2026-01-03T11:36:40.940+0000] {taskinstance.py:2306} INFO - Starting attempt 1 of 1
[2026-01-03T11:36:40.973+0000] {taskinstance.py:2330} INFO - Executing <Task(_PythonDecoratedOperator): set_initial_model> on 2026-01-03 11:34:42.921320+00:00
[2026-01-03T11:36:41.016+0000] {standard_task_runner.py:64} INFO - Started process 1156 to run task
[2026-01-03T11:36:41.021+0000] {standard_task_runner.py:90} INFO - Running: ['***', 'tasks', 'run', 'main_pipeline', 'set_initial_model', 'manual__2026-01-03T11:34:42.921320+00:00', '--job-id', '199', '--raw', '--subdir', 'DAGS_FOLDER/pipeline/main.py', '--cfg-path', '/tmp/tmp3sffy381']
[2026-01-03T11:36:41.028+0000] {standard_task_runner.py:91} INFO - Job 199: Subtask set_initial_model
[2026-01-03T11:36:41.191+0000] {task_command.py:426} INFO - Running <TaskInstance: main_pipeline.set_initial_model manual__2026-01-03T11:34:42.921320+00:00 [running]> on host b1c11469ed89
[2026-01-03T11:36:41.489+0000] {taskinstance.py:2648} INFO - Exporting env vars: AIRFLOW_CTX_DAG_OWNER='***' AIRFLOW_CTX_DAG_ID='main_pipeline' AIRFLOW_CTX_TASK_ID='set_initial_model' AIRFLOW_CTX_EXECUTION_DATE='2026-01-03T11:34:42.921320+00:00' AIRFLOW_CTX_TRY_NUMBER='1' AIRFLOW_CTX_DAG_RUN_ID='manual__2026-01-03T11:34:42.921320+00:00'
[2026-01-03T11:36:41.492+0000] {taskinstance.py:430} INFO - ::endgroup::
[2026-01-03T11:36:42.915+0000] {logging_mixin.py:188} INFO - 57d233034d7f4bf8a03ca5fdeaf0c4e3
[2026-01-03T11:36:43.254+0000] {logging_mixin.py:188} WARNING - Registered model 'price_prediction' already exists. Creating a new version of this model...
[2026-01-03T11:36:43.783+0000] {logging_mixin.py:188} WARNING - 2026/01/03 11:36:43 INFO mlflow.tracking._model_registry.client: Waiting up to 300 seconds for model version to finish creation. Model name: price_prediction, version 10
[2026-01-03T11:36:43.784+0000] {logging_mixin.py:188} WARNING - Created version '10' of model 'price_prediction'.
[2026-01-03T11:36:44.301+0000] {logging_mixin.py:188} INFO - 57d233034d7f4bf8a03ca5fdeaf0c4e3
[2026-01-03T11:36:44.399+0000] {logging_mixin.py:188} WARNING - Registered model 'price_prediction' already exists. Creating a new version of this model...
[2026-01-03T11:36:44.877+0000] {logging_mixin.py:188} WARNING - 2026/01/03 11:36:44 INFO mlflow.tracking._model_registry.client: Waiting up to 300 seconds for model version to finish creation. Model name: price_prediction, version 11
[2026-01-03T11:36:44.878+0000] {logging_mixin.py:188} WARNING - Created version '11' of model 'price_prediction'.
[2026-01-03T11:36:45.205+0000] {logging_mixin.py:188} INFO - Initial production model was set!
[2026-01-03T11:36:45.212+0000] {python.py:237} INFO - Done. Returned value was: None
[2026-01-03T11:36:45.249+0000] {taskinstance.py:441} INFO - ::group::Post task execution logs
[2026-01-03T11:36:45.381+0000] {taskinstance.py:1206} INFO - Marking task as SUCCESS. dag_id=main_pipeline, task_id=set_initial_model, run_id=manual__2026-01-03T11:34:42.921320+00:00, execution_date=20260103T113442, start_date=20260103T113640, end_date=20260103T113645
[2026-01-03T11:36:45.734+0000] {local_task_job_runner.py:243} INFO - Task exited with return code 0
[2026-01-03T11:36:45.817+0000] {taskinstance.py:3503} INFO - 0 downstream tasks scheduled from follow-on schedule check
[2026-01-03T11:36:45.837+0000] {local_task_job_runner.py:222} INFO - ::endgroup::
