[2025-12-30T10:04:37.214+0000] {local_task_job_runner.py:120} INFO - ::group::Pre task execution logs
[2025-12-30T10:04:37.334+0000] {taskinstance.py:2076} INFO - Dependencies all met for dep_context=non-requeueable deps ti=<TaskInstance: main_pipeline.check_prod_model manual__2025-12-30T10:04:33.076549+00:00 [queued]>
[2025-12-30T10:04:37.386+0000] {taskinstance.py:2076} INFO - Dependencies all met for dep_context=requeueable deps ti=<TaskInstance: main_pipeline.check_prod_model manual__2025-12-30T10:04:33.076549+00:00 [queued]>
[2025-12-30T10:04:37.388+0000] {taskinstance.py:2306} INFO - Starting attempt 1 of 1
[2025-12-30T10:04:37.450+0000] {taskinstance.py:2330} INFO - Executing <Task(_PythonDecoratedOperator): check_prod_model> on 2025-12-30 10:04:33.076549+00:00
[2025-12-30T10:04:37.487+0000] {standard_task_runner.py:64} INFO - Started process 1109 to run task
[2025-12-30T10:04:37.497+0000] {standard_task_runner.py:90} INFO - Running: ['***', 'tasks', 'run', 'main_pipeline', 'check_prod_model', 'manual__2025-12-30T10:04:33.076549+00:00', '--job-id', '88', '--raw', '--subdir', 'DAGS_FOLDER/pipeline/main.py', '--cfg-path', '/tmp/tmph7rh36i7']
[2025-12-30T10:04:37.504+0000] {standard_task_runner.py:91} INFO - Job 88: Subtask check_prod_model
[2025-12-30T10:04:37.737+0000] {task_command.py:426} INFO - Running <TaskInstance: main_pipeline.check_prod_model manual__2025-12-30T10:04:33.076549+00:00 [running]> on host e773b468278c
[2025-12-30T10:04:38.211+0000] {taskinstance.py:2648} INFO - Exporting env vars: AIRFLOW_CTX_DAG_OWNER='***' AIRFLOW_CTX_DAG_ID='main_pipeline' AIRFLOW_CTX_TASK_ID='check_prod_model' AIRFLOW_CTX_EXECUTION_DATE='2025-12-30T10:04:33.076549+00:00' AIRFLOW_CTX_TRY_NUMBER='1' AIRFLOW_CTX_DAG_RUN_ID='manual__2025-12-30T10:04:33.076549+00:00'
[2025-12-30T10:04:38.217+0000] {taskinstance.py:430} INFO - ::endgroup::
[2025-12-30T10:04:40.853+0000] {logging_mixin.py:188} WARNING - /home/***/.local/lib/python3.11/site-packages/pydantic/_internal/_fields.py:161 UserWarning: Field "model_server_url" has conflict with protected namespace "model_".

You may be able to resolve this warning by setting `model_config['protected_namespaces'] = ()`.
[2025-12-30T10:04:40.896+0000] {logging_mixin.py:188} WARNING - /home/***/.local/lib/python3.11/site-packages/pydantic/_internal/_config.py:341 UserWarning: Valid config keys have changed in V2:
* 'schema_extra' has been renamed to 'json_schema_extra'
[2025-12-30T10:04:43.835+0000] {logging_mixin.py:188} INFO - Found prod version
[2025-12-30T10:04:43.836+0000] {python.py:237} INFO - Done. Returned value was: None
[2025-12-30T10:04:43.837+0000] {taskinstance.py:441} INFO - ::group::Post task execution logs
[2025-12-30T10:04:43.961+0000] {taskinstance.py:1206} INFO - Marking task as SUCCESS. dag_id=main_pipeline, task_id=check_prod_model, run_id=manual__2025-12-30T10:04:33.076549+00:00, execution_date=20251230T100433, start_date=20251230T100437, end_date=20251230T100443
[2025-12-30T10:04:44.091+0000] {local_task_job_runner.py:243} INFO - Task exited with return code 0
[2025-12-30T10:04:44.158+0000] {taskinstance.py:3503} INFO - 0 downstream tasks scheduled from follow-on schedule check
[2025-12-30T10:04:44.170+0000] {local_task_job_runner.py:222} INFO - ::endgroup::
