[2025-12-28T10:03:55.389+0000] {local_task_job_runner.py:120} INFO - ::group::Pre task execution logs
[2025-12-28T10:03:55.583+0000] {taskinstance.py:2076} INFO - Dependencies all met for dep_context=non-requeueable deps ti=<TaskInstance: data_distribution_comparison.log_params manual__2025-12-28T10:03:50.024148+00:00 [queued]>
[2025-12-28T10:03:55.626+0000] {taskinstance.py:2076} INFO - Dependencies all met for dep_context=requeueable deps ti=<TaskInstance: data_distribution_comparison.log_params manual__2025-12-28T10:03:50.024148+00:00 [queued]>
[2025-12-28T10:03:55.630+0000] {taskinstance.py:2306} INFO - Starting attempt 1 of 1
[2025-12-28T10:03:55.709+0000] {taskinstance.py:2330} INFO - Executing <Task(_PythonDecoratedOperator): log_params> on 2025-12-28 10:03:50.024148+00:00
[2025-12-28T10:03:55.748+0000] {standard_task_runner.py:64} INFO - Started process 588 to run task
[2025-12-28T10:03:55.761+0000] {standard_task_runner.py:90} INFO - Running: ['***', 'tasks', 'run', 'data_distribution_comparison', 'log_params', 'manual__2025-12-28T10:03:50.024148+00:00', '--job-id', '15', '--raw', '--subdir', 'DAGS_FOLDER/dag_test/dag_test.py', '--cfg-path', '/tmp/tmphg_1x598']
[2025-12-28T10:03:55.768+0000] {standard_task_runner.py:91} INFO - Job 15: Subtask log_params
[2025-12-28T10:03:56.038+0000] {task_command.py:426} INFO - Running <TaskInstance: data_distribution_comparison.log_params manual__2025-12-28T10:03:50.024148+00:00 [running]> on host 46629e0044cf
[2025-12-28T10:03:56.633+0000] {taskinstance.py:2648} INFO - Exporting env vars: AIRFLOW_CTX_DAG_OWNER='***' AIRFLOW_CTX_DAG_ID='data_distribution_comparison' AIRFLOW_CTX_TASK_ID='log_params' AIRFLOW_CTX_EXECUTION_DATE='2025-12-28T10:03:50.024148+00:00' AIRFLOW_CTX_TRY_NUMBER='1' AIRFLOW_CTX_DAG_RUN_ID='manual__2025-12-28T10:03:50.024148+00:00'
[2025-12-28T10:03:56.640+0000] {taskinstance.py:430} INFO - ::endgroup::
[2025-12-28T10:03:57.219+0000] {logging_mixin.py:188} WARNING - /home/***/.local/lib/python3.11/site-packages/pydantic/_internal/_fields.py:161 UserWarning: Field "model_name" has conflict with protected namespace "model_".

You may be able to resolve this warning by setting `model_config['protected_namespaces'] = ()`.
[2025-12-28T10:04:01.931+0000] {logging_mixin.py:188} INFO - set env
[2025-12-28T10:04:01.934+0000] {logging_mixin.py:188} INFO - set uri
[2025-12-28T10:04:06.019+0000] {logging_mixin.py:188} WARNING - 2025/12/28 10:04:06 INFO mlflow.tracking.fluent: Experiment with name 'test' does not exist. Creating a new experiment.
[2025-12-28T10:04:06.226+0000] {logging_mixin.py:188} INFO - set exp
[2025-12-28T10:04:06.228+0000] {logging_mixin.py:188} INFO - def model
[2025-12-28T10:04:06.775+0000] {logging_mixin.py:188} WARNING - 2025/12/28 10:04:06 WARNING mlflow.utils.git_utils: Failed to import Git (the Git executable is probably not on your PATH), so Git SHA is not available. Error: Failed to initialize: Bad git executable.
The git executable must be specified in one of the following ways:
    - be included in your $PATH
    - be set via $GIT_PYTHON_GIT_EXECUTABLE
    - explicitly set via git.refresh(<full-path-to-git-executable>)

All git commands will error until this is rectified.

This initial message can be silenced or aggravated in the future by setting the
$GIT_PYTHON_REFRESH environment variable. Use one of the following values:
    - quiet|q|silence|s|silent|none|n|0: for no message or exception
    - warn|w|warning|log|l|1: for a warning message (logging level CRITICAL, displayed by default)
    - error|e|exception|raise|r|2: for a raised exception

Example:
    export GIT_PYTHON_REFRESH=quiet
[2025-12-28T10:04:06.917+0000] {logging_mixin.py:188} INFO - fit model
[2025-12-28T10:04:44.848+0000] {logging_mixin.py:188} INFO - log model
[2025-12-28T10:04:45.993+0000] {logging_mixin.py:188} INFO - log dataset
[2025-12-28T10:04:46.137+0000] {logging_mixin.py:188} INFO - 🏃 View run test_run at: http://mlflow:5000/#/experiments/2/runs/5ad25208254548088057ca55391e3d0f
[2025-12-28T10:04:46.138+0000] {logging_mixin.py:188} INFO - 🧪 View experiment at: http://mlflow:5000/#/experiments/2
[2025-12-28T10:04:46.331+0000] {logging_mixin.py:188} INFO - MLflow test run logged successfully.
[2025-12-28T10:04:46.333+0000] {python.py:237} INFO - Done. Returned value was: None
[2025-12-28T10:04:46.334+0000] {taskinstance.py:441} INFO - ::group::Post task execution logs
[2025-12-28T10:04:46.436+0000] {taskinstance.py:1206} INFO - Marking task as SUCCESS. dag_id=data_distribution_comparison, task_id=log_params, run_id=manual__2025-12-28T10:03:50.024148+00:00, execution_date=20251228T100350, start_date=20251228T100355, end_date=20251228T100446
[2025-12-28T10:04:46.753+0000] {local_task_job_runner.py:243} INFO - Task exited with return code 0
[2025-12-28T10:04:46.841+0000] {taskinstance.py:3503} INFO - 0 downstream tasks scheduled from follow-on schedule check
[2025-12-28T10:04:46.850+0000] {local_task_job_runner.py:222} INFO - ::endgroup::
