[2025-12-30T13:22:46.290+0000] {local_task_job_runner.py:120} INFO - ::group::Pre task execution logs
[2025-12-30T13:22:46.554+0000] {taskinstance.py:2076} INFO - Dependencies all met for dep_context=non-requeueable deps ti=<TaskInstance: main_pipeline.check_prod_model manual__2025-12-30T13:22:39.166962+00:00 [queued]>
[2025-12-30T13:22:46.600+0000] {taskinstance.py:2076} INFO - Dependencies all met for dep_context=requeueable deps ti=<TaskInstance: main_pipeline.check_prod_model manual__2025-12-30T13:22:39.166962+00:00 [queued]>
[2025-12-30T13:22:46.602+0000] {taskinstance.py:2306} INFO - Starting attempt 1 of 1
[2025-12-30T13:22:46.656+0000] {taskinstance.py:2330} INFO - Executing <Task(_PythonDecoratedOperator): check_prod_model> on 2025-12-30 13:22:39.166962+00:00
[2025-12-30T13:22:46.712+0000] {standard_task_runner.py:64} INFO - Started process 7785 to run task
[2025-12-30T13:22:46.744+0000] {standard_task_runner.py:90} INFO - Running: ['***', 'tasks', 'run', 'main_pipeline', 'check_prod_model', 'manual__2025-12-30T13:22:39.166962+00:00', '--job-id', '96', '--raw', '--subdir', 'DAGS_FOLDER/pipeline/main.py', '--cfg-path', '/tmp/tmpo2p9zhlo']
[2025-12-30T13:22:46.761+0000] {standard_task_runner.py:91} INFO - Job 96: Subtask check_prod_model
[2025-12-30T13:22:47.308+0000] {task_command.py:426} INFO - Running <TaskInstance: main_pipeline.check_prod_model manual__2025-12-30T13:22:39.166962+00:00 [running]> on host f5d1d4eaa079
[2025-12-30T13:22:48.230+0000] {taskinstance.py:2648} INFO - Exporting env vars: AIRFLOW_CTX_DAG_OWNER='***' AIRFLOW_CTX_DAG_ID='main_pipeline' AIRFLOW_CTX_TASK_ID='check_prod_model' AIRFLOW_CTX_EXECUTION_DATE='2025-12-30T13:22:39.166962+00:00' AIRFLOW_CTX_TRY_NUMBER='1' AIRFLOW_CTX_DAG_RUN_ID='manual__2025-12-30T13:22:39.166962+00:00'
[2025-12-30T13:22:48.239+0000] {taskinstance.py:430} INFO - ::endgroup::
[2025-12-30T13:23:02.464+0000] {logging_mixin.py:188} WARNING - /home/***/.local/lib/python3.11/site-packages/pydantic/_internal/_fields.py:161 UserWarning: Field "model_server_url" has conflict with protected namespace "model_".

You may be able to resolve this warning by setting `model_config['protected_namespaces'] = ()`.
[2025-12-30T13:23:02.599+0000] {logging_mixin.py:188} WARNING - /home/***/.local/lib/python3.11/site-packages/pydantic/_internal/_config.py:341 UserWarning: Valid config keys have changed in V2:
* 'schema_extra' has been renamed to 'json_schema_extra'
[2025-12-30T13:23:03.451+0000] {logging_mixin.py:188} INFO - Found production version
[2025-12-30T13:23:03.453+0000] {python.py:237} INFO - Done. Returned value was: {'production_version': '1'}
[2025-12-30T13:23:03.454+0000] {taskinstance.py:441} INFO - ::group::Post task execution logs
[2025-12-30T13:23:03.647+0000] {taskinstance.py:1206} INFO - Marking task as SUCCESS. dag_id=main_pipeline, task_id=check_prod_model, run_id=manual__2025-12-30T13:22:39.166962+00:00, execution_date=20251230T132239, start_date=20251230T132246, end_date=20251230T132303
[2025-12-30T13:23:03.841+0000] {local_task_job_runner.py:243} INFO - Task exited with return code 0
[2025-12-30T13:23:04.107+0000] {taskinstance.py:3503} INFO - 1 downstream tasks scheduled from follow-on schedule check
[2025-12-30T13:23:04.121+0000] {local_task_job_runner.py:222} INFO - ::endgroup::
