[2026-01-03T14:21:36.961+0000] {local_task_job_runner.py:120} INFO - ::group::Pre task execution logs
[2026-01-03T14:21:37.195+0000] {taskinstance.py:2076} INFO - Dependencies all met for dep_context=non-requeueable deps ti=<TaskInstance: main_pipeline.check_drift manual__2026-01-03T14:20:34.737501+00:00 [queued]>
[2026-01-03T14:21:37.275+0000] {taskinstance.py:2076} INFO - Dependencies all met for dep_context=requeueable deps ti=<TaskInstance: main_pipeline.check_drift manual__2026-01-03T14:20:34.737501+00:00 [queued]>
[2026-01-03T14:21:37.278+0000] {taskinstance.py:2306} INFO - Starting attempt 1 of 1
[2026-01-03T14:21:37.391+0000] {taskinstance.py:2330} INFO - Executing <Task(_BranchPythonDecoratedOperator): check_drift> on 2026-01-03 14:20:34.737501+00:00
[2026-01-03T14:21:37.504+0000] {standard_task_runner.py:64} INFO - Started process 3833 to run task
[2026-01-03T14:21:37.520+0000] {standard_task_runner.py:90} INFO - Running: ['***', 'tasks', 'run', 'main_pipeline', 'check_drift', 'manual__2026-01-03T14:20:34.737501+00:00', '--job-id', '239', '--raw', '--subdir', 'DAGS_FOLDER/pipeline/main.py', '--cfg-path', '/tmp/tmpog4joz0m']
[2026-01-03T14:21:37.534+0000] {standard_task_runner.py:91} INFO - Job 239: Subtask check_drift
[2026-01-03T14:21:37.850+0000] {task_command.py:426} INFO - Running <TaskInstance: main_pipeline.check_drift manual__2026-01-03T14:20:34.737501+00:00 [running]> on host 8574a19215f6
[2026-01-03T14:21:40.097+0000] {taskinstance.py:2648} INFO - Exporting env vars: AIRFLOW_CTX_DAG_OWNER='***' AIRFLOW_CTX_DAG_ID='main_pipeline' AIRFLOW_CTX_TASK_ID='check_drift' AIRFLOW_CTX_EXECUTION_DATE='2026-01-03T14:20:34.737501+00:00' AIRFLOW_CTX_TRY_NUMBER='1' AIRFLOW_CTX_DAG_RUN_ID='manual__2026-01-03T14:20:34.737501+00:00'
[2026-01-03T14:21:40.105+0000] {taskinstance.py:430} INFO - ::endgroup::
[2026-01-03T14:21:40.106+0000] {python.py:237} INFO - Done. Returned value was: end_model_setup
[2026-01-03T14:21:40.108+0000] {branch.py:36} INFO - Branch into end_model_setup
[2026-01-03T14:21:40.111+0000] {skipmixin.py:178} INFO - Following branch end_model_setup
[2026-01-03T14:21:40.283+0000] {skipmixin.py:246} INFO - Skipping tasks [('end_drift_check', -1), ('train_new_model', -1)]
[2026-01-03T14:21:40.561+0000] {taskinstance.py:441} INFO - ::group::Post task execution logs
[2026-01-03T14:21:40.831+0000] {taskinstance.py:1206} INFO - Marking task as SUCCESS. dag_id=main_pipeline, task_id=check_drift, run_id=manual__2026-01-03T14:20:34.737501+00:00, execution_date=20260103T142034, start_date=20260103T142137, end_date=20260103T142140
[2026-01-03T14:21:41.027+0000] {local_task_job_runner.py:243} INFO - Task exited with return code 0
[2026-01-03T14:21:41.315+0000] {taskinstance.py:3503} INFO - 0 downstream tasks scheduled from follow-on schedule check
[2026-01-03T14:21:41.341+0000] {local_task_job_runner.py:222} INFO - ::endgroup::
