[2026-01-03T14:39:01.038+0000] {local_task_job_runner.py:120} INFO - ::group::Pre task execution logs
[2026-01-03T14:39:01.260+0000] {taskinstance.py:2076} INFO - Dependencies all met for dep_context=non-requeueable deps ti=<TaskInstance: main_pipeline.train_compare manual__2026-01-03T14:38:39.247791+00:00 [queued]>
[2026-01-03T14:39:01.304+0000] {taskinstance.py:2076} INFO - Dependencies all met for dep_context=requeueable deps ti=<TaskInstance: main_pipeline.train_compare manual__2026-01-03T14:38:39.247791+00:00 [queued]>
[2026-01-03T14:39:01.305+0000] {taskinstance.py:2306} INFO - Starting attempt 1 of 1
[2026-01-03T14:39:01.396+0000] {taskinstance.py:2330} INFO - Executing <Task(_BranchPythonDecoratedOperator): train_compare> on 2026-01-03 14:38:39.247791+00:00
[2026-01-03T14:39:01.467+0000] {standard_task_runner.py:64} INFO - Started process 4588 to run task
[2026-01-03T14:39:01.484+0000] {standard_task_runner.py:90} INFO - Running: ['***', 'tasks', 'run', 'main_pipeline', 'train_compare', 'manual__2026-01-03T14:38:39.247791+00:00', '--job-id', '245', '--raw', '--subdir', 'DAGS_FOLDER/pipeline/main.py', '--cfg-path', '/tmp/tmpt4ed9z9s']
[2026-01-03T14:39:01.500+0000] {standard_task_runner.py:91} INFO - Job 245: Subtask train_compare
[2026-01-03T14:39:01.836+0000] {task_command.py:426} INFO - Running <TaskInstance: main_pipeline.train_compare manual__2026-01-03T14:38:39.247791+00:00 [running]> on host 8574a19215f6
[2026-01-03T14:39:02.404+0000] {taskinstance.py:2648} INFO - Exporting env vars: AIRFLOW_CTX_DAG_OWNER='***' AIRFLOW_CTX_DAG_ID='main_pipeline' AIRFLOW_CTX_TASK_ID='train_compare' AIRFLOW_CTX_EXECUTION_DATE='2026-01-03T14:38:39.247791+00:00' AIRFLOW_CTX_TRY_NUMBER='1' AIRFLOW_CTX_DAG_RUN_ID='manual__2026-01-03T14:38:39.247791+00:00'
[2026-01-03T14:39:02.407+0000] {taskinstance.py:430} INFO - ::endgroup::
[2026-01-03T14:39:02.409+0000] {logging_mixin.py:188} INFO - {'production_version': '15', 'run_id': 'c1753623e0ed4eaa968d1f7834cce56f'}
[2026-01-03T14:39:02.409+0000] {logging_mixin.py:188} INFO - Current production version 15
[2026-01-03T14:39:02.410+0000] {logging_mixin.py:188} INFO - Next task - data drift check
[2026-01-03T14:39:02.410+0000] {python.py:237} INFO - Done. Returned value was: compare_distributions
[2026-01-03T14:39:02.410+0000] {branch.py:36} INFO - Branch into compare_distributions
[2026-01-03T14:39:02.410+0000] {skipmixin.py:178} INFO - Following branch compare_distributions
[2026-01-03T14:39:02.539+0000] {skipmixin.py:246} INFO - Skipping tasks [('train_initial_model', -1)]
[2026-01-03T14:39:02.649+0000] {taskinstance.py:441} INFO - ::group::Post task execution logs
[2026-01-03T14:39:03.273+0000] {taskinstance.py:1206} INFO - Marking task as SUCCESS. dag_id=main_pipeline, task_id=train_compare, run_id=manual__2026-01-03T14:38:39.247791+00:00, execution_date=20260103T143839, start_date=20260103T143901, end_date=20260103T143903
[2026-01-03T14:39:03.487+0000] {local_task_job_runner.py:243} INFO - Task exited with return code 0
[2026-01-03T14:39:03.617+0000] {taskinstance.py:3503} INFO - 1 downstream tasks scheduled from follow-on schedule check
[2026-01-03T14:39:03.624+0000] {local_task_job_runner.py:222} INFO - ::endgroup::
