[2026-01-03T14:24:54.016+0000] {local_task_job_runner.py:120} INFO - ::group::Pre task execution logs
[2026-01-03T14:24:54.191+0000] {taskinstance.py:2076} INFO - Dependencies all met for dep_context=non-requeueable deps ti=<TaskInstance: main_pipeline.compare_distributions manual__2026-01-03T14:24:08.996443+00:00 [queued]>
[2026-01-03T14:24:54.238+0000] {taskinstance.py:2076} INFO - Dependencies all met for dep_context=requeueable deps ti=<TaskInstance: main_pipeline.compare_distributions manual__2026-01-03T14:24:08.996443+00:00 [queued]>
[2026-01-03T14:24:54.239+0000] {taskinstance.py:2306} INFO - Starting attempt 1 of 1
[2026-01-03T14:24:54.309+0000] {taskinstance.py:2330} INFO - Executing <Task(_PythonDecoratedOperator): compare_distributions> on 2026-01-03 14:24:08.996443+00:00
[2026-01-03T14:24:54.369+0000] {standard_task_runner.py:64} INFO - Started process 3986 to run task
[2026-01-03T14:24:54.393+0000] {standard_task_runner.py:90} INFO - Running: ['***', 'tasks', 'run', 'main_pipeline', 'compare_distributions', 'manual__2026-01-03T14:24:08.996443+00:00', '--job-id', '242', '--raw', '--subdir', 'DAGS_FOLDER/pipeline/main.py', '--cfg-path', '/tmp/tmpw7_92gmu']
[2026-01-03T14:24:54.399+0000] {standard_task_runner.py:91} INFO - Job 242: Subtask compare_distributions
[2026-01-03T14:24:54.834+0000] {task_command.py:426} INFO - Running <TaskInstance: main_pipeline.compare_distributions manual__2026-01-03T14:24:08.996443+00:00 [running]> on host 8574a19215f6
[2026-01-03T14:24:55.645+0000] {taskinstance.py:2648} INFO - Exporting env vars: AIRFLOW_CTX_DAG_OWNER='***' AIRFLOW_CTX_DAG_ID='main_pipeline' AIRFLOW_CTX_TASK_ID='compare_distributions' AIRFLOW_CTX_EXECUTION_DATE='2026-01-03T14:24:08.996443+00:00' AIRFLOW_CTX_TRY_NUMBER='1' AIRFLOW_CTX_DAG_RUN_ID='manual__2026-01-03T14:24:08.996443+00:00'
[2026-01-03T14:24:55.650+0000] {taskinstance.py:430} INFO - ::endgroup::
[2026-01-03T14:25:06.557+0000] {credentials.py:1147} INFO - Found credentials in environment variables.
[2026-01-03T14:25:07.400+0000] {logging_mixin.py:188} WARNING - Downloading artifacts:   0%|          | 0/1 [00:00<?, ?it/s]
[2026-01-03T14:25:07.408+0000] {logging_mixin.py:188} WARNING - Downloading artifacts: 100%|##########| 1/1 [00:00<00:00, 513.76it/s]
[2026-01-03T14:25:07.411+0000] {logging_mixin.py:188} WARNING - Downloading artifacts: 100%|##########| 1/1 [00:00<00:00, 253.43it/s]
[2026-01-03T14:25:07.466+0000] {logging_mixin.py:188} INFO - {"status":"updated","traffic":{"a":0.5,"b":0.5,"data_size":5000,"drift_cols":["price","color"]}}
[2026-01-03T14:25:09.525+0000] {logging_mixin.py:188} INFO - {'data':       carat        cut color clarity  ...         price     x     y     z
0      1.36    Premium     D     VS2  ...   3423.420882  7.09  7.15  4.41
1      0.90    Premium     E     SI1  ...   4463.000000  6.19  6.24  3.78
2      1.02    Premium     H     VS2  ...   4755.298730  6.55  6.49  4.05
3      0.27    Premium     I    VVS2  ...    799.000000  4.12  4.08  2.55
4      0.37  Very Good     D    VVS2  ...    844.000000  4.67  4.71  2.80
...     ...        ...   ...     ...  ...           ...   ...   ...   ...
4995   0.90       Good     H     VS1  ...   4401.000000  6.14  6.09  3.91
4996   0.52      Ideal     E    VVS2  ...   1911.000000  5.13  5.17  3.20
4997   1.32      Ideal     I    VVS1  ...   8501.000000  7.09  7.07  4.32
4998   1.70    Premium     D     SI1  ...   3135.850898  7.62  7.52  4.68
4999   2.04  Very Good     I     SI2  ...  22043.002226  8.10  8.13  5.01

[5000 rows x 10 columns], 'drift_info': {'carat': [0.8853088913449844, 0], 'depth': [0.12732334234207984, 0], 'table': [0.907979837848148, 0], 'x': [0.6193142381035464, 0], 'y': [0.9583632797537284, 0], 'z': [0.9108142254029876, 0], 'price': [0.7065545967208653, 0], 'cut': [0.002449460897274764, 0], 'color': [0.002166062534770578, 0], 'clarity': [0.002795750742043794, 0]}}
[2026-01-03T14:25:09.527+0000] {python.py:237} INFO - Done. Returned value was: {'data':       carat        cut color clarity  ...         price     x     y     z
0      1.36    Premium     D     VS2  ...   3423.420882  7.09  7.15  4.41
1      0.90    Premium     E     SI1  ...   4463.000000  6.19  6.24  3.78
2      1.02    Premium     H     VS2  ...   4755.298730  6.55  6.49  4.05
3      0.27    Premium     I    VVS2  ...    799.000000  4.12  4.08  2.55
4      0.37  Very Good     D    VVS2  ...    844.000000  4.67  4.71  2.80
...     ...        ...   ...     ...  ...           ...   ...   ...   ...
4995   0.90       Good     H     VS1  ...   4401.000000  6.14  6.09  3.91
4996   0.52      Ideal     E    VVS2  ...   1911.000000  5.13  5.17  3.20
4997   1.32      Ideal     I    VVS1  ...   8501.000000  7.09  7.07  4.32
4998   1.70    Premium     D     SI1  ...   3135.850898  7.62  7.52  4.68
4999   2.04  Very Good     I     SI2  ...  22043.002226  8.10  8.13  5.01

[5000 rows x 10 columns], 'drift_info': {'carat': [0.8853088913449844, 0], 'depth': [0.12732334234207984, 0], 'table': [0.907979837848148, 0], 'x': [0.6193142381035464, 0], 'y': [0.9583632797537284, 0], 'z': [0.9108142254029876, 0], 'price': [0.7065545967208653, 0], 'cut': [0.002449460897274764, 0], 'color': [0.002166062534770578, 0], 'clarity': [0.002795750742043794, 0]}}
[2026-01-03T14:25:09.586+0000] {taskinstance.py:441} INFO - ::group::Post task execution logs
[2026-01-03T14:25:10.123+0000] {taskinstance.py:1206} INFO - Marking task as SUCCESS. dag_id=main_pipeline, task_id=compare_distributions, run_id=manual__2026-01-03T14:24:08.996443+00:00, execution_date=20260103T142408, start_date=20260103T142454, end_date=20260103T142510
[2026-01-03T14:25:10.375+0000] {local_task_job_runner.py:243} INFO - Task exited with return code 0
[2026-01-03T14:25:10.508+0000] {taskinstance.py:3503} INFO - 1 downstream tasks scheduled from follow-on schedule check
[2026-01-03T14:25:10.530+0000] {local_task_job_runner.py:222} INFO - ::endgroup::
