[2025-12-30T10:16:53.650+0000] {local_task_job_runner.py:120} INFO - ::group::Pre task execution logs
[2025-12-30T10:16:53.741+0000] {taskinstance.py:2076} INFO - Dependencies all met for dep_context=non-requeueable deps ti=<TaskInstance: main_pipeline.check_prod_model manual__2025-12-30T10:16:49.469967+00:00 [queued]>
[2025-12-30T10:16:53.762+0000] {taskinstance.py:2076} INFO - Dependencies all met for dep_context=requeueable deps ti=<TaskInstance: main_pipeline.check_prod_model manual__2025-12-30T10:16:49.469967+00:00 [queued]>
[2025-12-30T10:16:53.762+0000] {taskinstance.py:2306} INFO - Starting attempt 1 of 1
[2025-12-30T10:16:53.787+0000] {taskinstance.py:2330} INFO - Executing <Task(_PythonDecoratedOperator): check_prod_model> on 2025-12-30 10:16:49.469967+00:00
[2025-12-30T10:16:53.816+0000] {standard_task_runner.py:64} INFO - Started process 235 to run task
[2025-12-30T10:16:53.822+0000] {standard_task_runner.py:90} INFO - Running: ['***', 'tasks', 'run', 'main_pipeline', 'check_prod_model', 'manual__2025-12-30T10:16:49.469967+00:00', '--job-id', '90', '--raw', '--subdir', 'DAGS_FOLDER/pipeline/main.py', '--cfg-path', '/tmp/tmpka6msi_y']
[2025-12-30T10:16:53.833+0000] {standard_task_runner.py:91} INFO - Job 90: Subtask check_prod_model
[2025-12-30T10:16:54.042+0000] {task_command.py:426} INFO - Running <TaskInstance: main_pipeline.check_prod_model manual__2025-12-30T10:16:49.469967+00:00 [running]> on host f5d1d4eaa079
[2025-12-30T10:16:54.393+0000] {taskinstance.py:2648} INFO - Exporting env vars: AIRFLOW_CTX_DAG_OWNER='***' AIRFLOW_CTX_DAG_ID='main_pipeline' AIRFLOW_CTX_TASK_ID='check_prod_model' AIRFLOW_CTX_EXECUTION_DATE='2025-12-30T10:16:49.469967+00:00' AIRFLOW_CTX_TRY_NUMBER='1' AIRFLOW_CTX_DAG_RUN_ID='manual__2025-12-30T10:16:49.469967+00:00'
[2025-12-30T10:16:54.395+0000] {taskinstance.py:430} INFO - ::endgroup::
[2025-12-30T10:17:00.178+0000] {logging_mixin.py:188} WARNING - /home/***/.local/lib/python3.11/site-packages/pydantic/_internal/_fields.py:161 UserWarning: Field "model_server_url" has conflict with protected namespace "model_".

You may be able to resolve this warning by setting `model_config['protected_namespaces'] = ()`.
[2025-12-30T10:17:00.225+0000] {logging_mixin.py:188} WARNING - /home/***/.local/lib/python3.11/site-packages/pydantic/_internal/_config.py:341 UserWarning: Valid config keys have changed in V2:
* 'schema_extra' has been renamed to 'json_schema_extra'
[2025-12-30T10:17:03.475+0000] {logging_mixin.py:188} INFO - Found prod version
[2025-12-30T10:17:03.476+0000] {python.py:237} INFO - Done. Returned value was: None
[2025-12-30T10:17:03.476+0000] {taskinstance.py:441} INFO - ::group::Post task execution logs
[2025-12-30T10:17:03.514+0000] {taskinstance.py:1206} INFO - Marking task as SUCCESS. dag_id=main_pipeline, task_id=check_prod_model, run_id=manual__2025-12-30T10:16:49.469967+00:00, execution_date=20251230T101649, start_date=20251230T101653, end_date=20251230T101703
[2025-12-30T10:17:03.621+0000] {local_task_job_runner.py:243} INFO - Task exited with return code 0
[2025-12-30T10:17:03.706+0000] {taskinstance.py:3503} INFO - 0 downstream tasks scheduled from follow-on schedule check
[2025-12-30T10:17:03.723+0000] {local_task_job_runner.py:222} INFO - ::endgroup::
