[2025-12-28T12:14:42.706+0000] {local_task_job_runner.py:120} INFO - ::group::Pre task execution logs
[2025-12-28T12:14:42.820+0000] {taskinstance.py:2076} INFO - Dependencies all met for dep_context=non-requeueable deps ti=<TaskInstance: data_distribution_comparison.handle_report manual__2025-12-28T12:14:05.437058+00:00 [queued]>
[2025-12-28T12:14:42.861+0000] {taskinstance.py:2076} INFO - Dependencies all met for dep_context=requeueable deps ti=<TaskInstance: data_distribution_comparison.handle_report manual__2025-12-28T12:14:05.437058+00:00 [queued]>
[2025-12-28T12:14:42.862+0000] {taskinstance.py:2306} INFO - Starting attempt 1 of 1
[2025-12-28T12:14:42.904+0000] {taskinstance.py:2330} INFO - Executing <Task(_PythonDecoratedOperator): handle_report> on 2025-12-28 12:14:05.437058+00:00
[2025-12-28T12:14:42.939+0000] {standard_task_runner.py:64} INFO - Started process 2058 to run task
[2025-12-28T12:14:42.961+0000] {standard_task_runner.py:90} INFO - Running: ['***', 'tasks', 'run', 'data_distribution_comparison', 'handle_report', 'manual__2025-12-28T12:14:05.437058+00:00', '--job-id', '24', '--raw', '--subdir', 'DAGS_FOLDER/dag_test/dag_test.py', '--cfg-path', '/tmp/tmpct8yv9p3']
[2025-12-28T12:14:42.970+0000] {standard_task_runner.py:91} INFO - Job 24: Subtask handle_report
[2025-12-28T12:14:43.288+0000] {task_command.py:426} INFO - Running <TaskInstance: data_distribution_comparison.handle_report manual__2025-12-28T12:14:05.437058+00:00 [running]> on host 46629e0044cf
[2025-12-28T12:14:43.681+0000] {taskinstance.py:2648} INFO - Exporting env vars: AIRFLOW_CTX_DAG_OWNER='***' AIRFLOW_CTX_DAG_ID='data_distribution_comparison' AIRFLOW_CTX_TASK_ID='handle_report' AIRFLOW_CTX_EXECUTION_DATE='2025-12-28T12:14:05.437058+00:00' AIRFLOW_CTX_TRY_NUMBER='1' AIRFLOW_CTX_DAG_RUN_ID='manual__2025-12-28T12:14:05.437058+00:00'
[2025-12-28T12:14:43.683+0000] {taskinstance.py:430} INFO - ::endgroup::
[2025-12-28T12:14:43.919+0000] {logging_mixin.py:188} WARNING - /home/***/.local/lib/python3.11/site-packages/pydantic/_internal/_fields.py:161 UserWarning: Field "model_name" has conflict with protected namespace "model_".

You may be able to resolve this warning by setting `model_config['protected_namespaces'] = ()`.
[2025-12-28T12:14:47.019+0000] {logging_mixin.py:188} WARNING - 2025/12/28 12:14:47 INFO mlflow.store.db.utils: Creating initial MLflow database tables...
[2025-12-28T12:14:47.025+0000] {logging_mixin.py:188} WARNING - 2025/12/28 12:14:47 INFO mlflow.store.db.utils: Updating database tables
[2025-12-28T12:14:47.032+0000] {logging_mixin.py:188} WARNING - 2025/12/28 12:14:47 INFO alembic.runtime.migration: Context impl SQLiteImpl.
[2025-12-28T12:14:47.033+0000] {logging_mixin.py:188} WARNING - 2025/12/28 12:14:47 INFO alembic.runtime.migration: Will assume non-transactional DDL.
[2025-12-28T12:14:47.161+0000] {logging_mixin.py:188} WARNING - 2025/12/28 12:14:47 INFO alembic.runtime.migration: Context impl SQLiteImpl.
[2025-12-28T12:14:47.162+0000] {logging_mixin.py:188} WARNING - 2025/12/28 12:14:47 INFO alembic.runtime.migration: Will assume non-transactional DDL.
[2025-12-28T12:14:47.198+0000] {logging_mixin.py:188} INFO - Connected to MLFlow
[2025-12-28T12:14:47.995+0000] {logging_mixin.py:188} WARNING - 2025/12/28 12:14:47 WARNING mlflow.utils.git_utils: Failed to import Git (the Git executable is probably not on your PATH), so Git SHA is not available. Error: Failed to initialize: Bad git executable.
The git executable must be specified in one of the following ways:
    - be included in your $PATH
    - be set via $GIT_PYTHON_GIT_EXECUTABLE
    - explicitly set via git.refresh(<full-path-to-git-executable>)

All git commands will error until this is rectified.

This initial message can be silenced or aggravated in the future by setting the
$GIT_PYTHON_REFRESH environment variable. Use one of the following values:
    - quiet|q|silence|s|silent|none|n|0: for no message or exception
    - warn|w|warning|log|l|1: for a warning message (logging level CRITICAL, displayed by default)
    - error|e|exception|raise|r|2: for a raised exception

Example:
    export GIT_PYTHON_REFRESH=quiet
[2025-12-28T12:14:48.207+0000] {logging_mixin.py:188} INFO - No data drift detected
[2025-12-28T12:14:48.208+0000] {python.py:237} INFO - Done. Returned value was: {}
[2025-12-28T12:14:48.208+0000] {taskinstance.py:441} INFO - ::group::Post task execution logs
[2025-12-28T12:14:48.351+0000] {taskinstance.py:1206} INFO - Marking task as SUCCESS. dag_id=data_distribution_comparison, task_id=handle_report, run_id=manual__2025-12-28T12:14:05.437058+00:00, execution_date=20251228T121405, start_date=20251228T121442, end_date=20251228T121448
[2025-12-28T12:14:48.569+0000] {local_task_job_runner.py:243} INFO - Task exited with return code 0
[2025-12-28T12:14:48.608+0000] {local_task_job_runner.py:222} INFO - ::endgroup::
