[2026-01-02T14:34:08.246+0000] {local_task_job_runner.py:120} INFO - ::group::Pre task execution logs
[2026-01-02T14:34:08.440+0000] {taskinstance.py:2076} INFO - Dependencies all met for dep_context=non-requeueable deps ti=<TaskInstance: main_pipeline.train_compare manual__2026-01-02T14:33:54.963030+00:00 [queued]>
[2026-01-02T14:34:08.463+0000] {taskinstance.py:2076} INFO - Dependencies all met for dep_context=requeueable deps ti=<TaskInstance: main_pipeline.train_compare manual__2026-01-02T14:33:54.963030+00:00 [queued]>
[2026-01-02T14:34:08.467+0000] {taskinstance.py:2306} INFO - Starting attempt 1 of 1
[2026-01-02T14:34:08.531+0000] {taskinstance.py:2330} INFO - Executing <Task(_BranchPythonDecoratedOperator): train_compare> on 2026-01-02 14:33:54.963030+00:00
[2026-01-02T14:34:08.570+0000] {standard_task_runner.py:64} INFO - Started process 10469 to run task
[2026-01-02T14:34:08.579+0000] {standard_task_runner.py:90} INFO - Running: ['***', 'tasks', 'run', 'main_pipeline', 'train_compare', 'manual__2026-01-02T14:33:54.963030+00:00', '--job-id', '104', '--raw', '--subdir', 'DAGS_FOLDER/pipeline/main.py', '--cfg-path', '/tmp/tmp7xga5lxp']
[2026-01-02T14:34:08.586+0000] {standard_task_runner.py:91} INFO - Job 104: Subtask train_compare
[2026-01-02T14:34:08.915+0000] {task_command.py:426} INFO - Running <TaskInstance: main_pipeline.train_compare manual__2026-01-02T14:33:54.963030+00:00 [running]> on host b2cc83381b06
[2026-01-02T14:34:09.531+0000] {taskinstance.py:2648} INFO - Exporting env vars: AIRFLOW_CTX_DAG_OWNER='***' AIRFLOW_CTX_DAG_ID='main_pipeline' AIRFLOW_CTX_TASK_ID='train_compare' AIRFLOW_CTX_EXECUTION_DATE='2026-01-02T14:33:54.963030+00:00' AIRFLOW_CTX_TRY_NUMBER='1' AIRFLOW_CTX_DAG_RUN_ID='manual__2026-01-02T14:33:54.963030+00:00'
[2026-01-02T14:34:09.543+0000] {taskinstance.py:430} INFO - ::endgroup::
[2026-01-02T14:34:09.549+0000] {logging_mixin.py:188} INFO - Current production version 5
[2026-01-02T14:34:09.550+0000] {logging_mixin.py:188} INFO - Next task - data drift check
[2026-01-02T14:34:09.550+0000] {python.py:237} INFO - Done. Returned value was: compare_distributions
[2026-01-02T14:34:09.551+0000] {branch.py:36} INFO - Branch into compare_distributions
[2026-01-02T14:34:09.551+0000] {skipmixin.py:178} INFO - Following branch compare_distributions
[2026-01-02T14:34:09.643+0000] {skipmixin.py:246} INFO - Skipping tasks [('train_model', -1)]
[2026-01-02T14:34:09.794+0000] {taskinstance.py:441} INFO - ::group::Post task execution logs
[2026-01-02T14:34:09.926+0000] {taskinstance.py:1206} INFO - Marking task as SUCCESS. dag_id=main_pipeline, task_id=train_compare, run_id=manual__2026-01-02T14:33:54.963030+00:00, execution_date=20260102T143354, start_date=20260102T143408, end_date=20260102T143409
[2026-01-02T14:34:10.009+0000] {local_task_job_runner.py:243} INFO - Task exited with return code 0
[2026-01-02T14:34:10.203+0000] {taskinstance.py:3503} INFO - 1 downstream tasks scheduled from follow-on schedule check
[2026-01-02T14:34:10.251+0000] {local_task_job_runner.py:222} INFO - ::endgroup::
