[2026-01-02T18:16:59.494+0000] {local_task_job_runner.py:120} INFO - ::group::Pre task execution logs
[2026-01-02T18:16:59.877+0000] {taskinstance.py:2076} INFO - Dependencies all met for dep_context=non-requeueable deps ti=<TaskInstance: main_pipeline.compare_distributions manual__2026-01-02T18:16:31.917529+00:00 [queued]>
[2026-01-02T18:17:00.051+0000] {taskinstance.py:2076} INFO - Dependencies all met for dep_context=requeueable deps ti=<TaskInstance: main_pipeline.compare_distributions manual__2026-01-02T18:16:31.917529+00:00 [queued]>
[2026-01-02T18:17:00.055+0000] {taskinstance.py:2306} INFO - Starting attempt 1 of 1
[2026-01-02T18:17:00.173+0000] {taskinstance.py:2330} INFO - Executing <Task(_PythonDecoratedOperator): compare_distributions> on 2026-01-02 18:16:31.917529+00:00
[2026-01-02T18:17:00.268+0000] {standard_task_runner.py:64} INFO - Started process 1713 to run task
[2026-01-02T18:17:00.286+0000] {standard_task_runner.py:90} INFO - Running: ['***', 'tasks', 'run', 'main_pipeline', 'compare_distributions', 'manual__2026-01-02T18:16:31.917529+00:00', '--job-id', '150', '--raw', '--subdir', 'DAGS_FOLDER/pipeline/main.py', '--cfg-path', '/tmp/tmplwaw6q76']
[2026-01-02T18:17:00.304+0000] {standard_task_runner.py:91} INFO - Job 150: Subtask compare_distributions
[2026-01-02T18:17:00.786+0000] {task_command.py:426} INFO - Running <TaskInstance: main_pipeline.compare_distributions manual__2026-01-02T18:16:31.917529+00:00 [running]> on host 634f416f74b0
[2026-01-02T18:17:02.674+0000] {taskinstance.py:2648} INFO - Exporting env vars: AIRFLOW_CTX_DAG_OWNER='***' AIRFLOW_CTX_DAG_ID='main_pipeline' AIRFLOW_CTX_TASK_ID='compare_distributions' AIRFLOW_CTX_EXECUTION_DATE='2026-01-02T18:16:31.917529+00:00' AIRFLOW_CTX_TRY_NUMBER='1' AIRFLOW_CTX_DAG_RUN_ID='manual__2026-01-02T18:16:31.917529+00:00'
[2026-01-02T18:17:02.730+0000] {taskinstance.py:430} INFO - ::endgroup::
[2026-01-02T18:17:02.975+0000] {logging_mixin.py:188} INFO - <Response [200]>
[2026-01-02T18:17:04.906+0000] {logging_mixin.py:188} INFO - {'carat': [0.8161857827104492, 0], 'depth': [0.8461263543499763, 0], 'table': [0.936572038685565, 0], 'x': [0.757692015060372, 0], 'y': [0.6477069726348036, 0], 'z': [0.6084311733143498, 0], 'price': [0.00010603356284603121, 1], 'cut': [0.0019749761718521885, 0], 'color': [0.15964147399627715, 1], 'clarity': [0.001605974114101853, 0]}
[2026-01-02T18:17:04.921+0000] {python.py:237} INFO - Done. Returned value was: {'data':          carat      cut color clarity  ...         price     x     y     z
0      0.70000    Ideal     I    VVS1  ...   3123.000000  5.61  5.65  3.51
1      1.32000     Good     D     SI1  ...   1705.359132  6.95  6.98  4.42
2      0.41000  Premium     D     VS1  ...   1019.701415  4.85  4.79  2.88
3      0.70000  Premium     I     VS1  ...    440.672092  5.69  5.63  3.49
4      0.42000    Ideal     D     SI1  ...   1040.000000  4.84  4.77  3.00
...        ...      ...   ...     ...  ...           ...   ...   ...   ...
4995   1.17000    Ideal     E     SI2  ...   4714.937999  6.80  6.86  4.17
4996   0.33000    Ideal     D     VS2  ...    781.000000  4.46  4.50  2.73
4997   0.83000  Premium     J     SI2  ...   3884.707363  6.17  6.12  3.64
4998  35.09269    Ideal     D     SI1  ...   4211.929293  6.43  6.40  3.99
4999   1.50000     Good     E     VS2  ...  13675.291277  7.17  7.24  4.62

[5000 rows x 10 columns], 'drift_info': {'carat': [0.8161857827104492, 0], 'depth': [0.8461263543499763, 0], 'table': [0.936572038685565, 0], 'x': [0.757692015060372, 0], 'y': [0.6477069726348036, 0], 'z': [0.6084311733143498, 0], 'price': [0.00010603356284603121, 1], 'cut': [0.0019749761718521885, 0], 'color': [0.15964147399627715, 1], 'clarity': [0.001605974114101853, 0]}}
[2026-01-02T18:17:05.272+0000] {taskinstance.py:441} INFO - ::group::Post task execution logs
[2026-01-02T18:17:06.590+0000] {taskinstance.py:1206} INFO - Marking task as SUCCESS. dag_id=main_pipeline, task_id=compare_distributions, run_id=manual__2026-01-02T18:16:31.917529+00:00, execution_date=20260102T181631, start_date=20260102T181659, end_date=20260102T181706
[2026-01-02T18:17:06.974+0000] {local_task_job_runner.py:243} INFO - Task exited with return code 0
[2026-01-02T18:17:07.305+0000] {taskinstance.py:3503} INFO - 1 downstream tasks scheduled from follow-on schedule check
[2026-01-02T18:17:07.333+0000] {local_task_job_runner.py:222} INFO - ::endgroup::
