[2025-12-28T08:28:28.410+0000] {local_task_job_runner.py:120} INFO - ::group::Pre task execution logs
[2025-12-28T08:28:28.552+0000] {taskinstance.py:2076} INFO - Dependencies all met for dep_context=non-requeueable deps ti=<TaskInstance: data_distribution_comparison.handle_report manual__2025-12-28T08:28:04.995126+00:00 [queued]>
[2025-12-28T08:28:28.599+0000] {taskinstance.py:2076} INFO - Dependencies all met for dep_context=requeueable deps ti=<TaskInstance: data_distribution_comparison.handle_report manual__2025-12-28T08:28:04.995126+00:00 [queued]>
[2025-12-28T08:28:28.600+0000] {taskinstance.py:2306} INFO - Starting attempt 1 of 1
[2025-12-28T08:28:28.646+0000] {taskinstance.py:2330} INFO - Executing <Task(_PythonDecoratedOperator): handle_report> on 2025-12-28 08:28:04.995126+00:00
[2025-12-28T08:28:28.703+0000] {standard_task_runner.py:64} INFO - Started process 1206 to run task
[2025-12-28T08:28:28.710+0000] {standard_task_runner.py:90} INFO - Running: ['***', 'tasks', 'run', 'data_distribution_comparison', 'handle_report', 'manual__2025-12-28T08:28:04.995126+00:00', '--job-id', '22', '--raw', '--subdir', 'DAGS_FOLDER/dag_test/dag_test.py', '--cfg-path', '/tmp/tmpjokrfx46']
[2025-12-28T08:28:28.718+0000] {standard_task_runner.py:91} INFO - Job 22: Subtask handle_report
[2025-12-28T08:28:29.022+0000] {task_command.py:426} INFO - Running <TaskInstance: data_distribution_comparison.handle_report manual__2025-12-28T08:28:04.995126+00:00 [running]> on host 988a74b9d313
[2025-12-28T08:28:29.887+0000] {taskinstance.py:2648} INFO - Exporting env vars: AIRFLOW_CTX_DAG_OWNER='***' AIRFLOW_CTX_DAG_ID='data_distribution_comparison' AIRFLOW_CTX_TASK_ID='handle_report' AIRFLOW_CTX_EXECUTION_DATE='2025-12-28T08:28:04.995126+00:00' AIRFLOW_CTX_TRY_NUMBER='1' AIRFLOW_CTX_DAG_RUN_ID='manual__2025-12-28T08:28:04.995126+00:00'
[2025-12-28T08:28:29.894+0000] {taskinstance.py:430} INFO - ::endgroup::
[2025-12-28T08:28:30.785+0000] {logging_mixin.py:188} WARNING - /home/***/.local/lib/python3.11/site-packages/pydantic/_internal/_fields.py:161 UserWarning: Field "model_name" has conflict with protected namespace "model_".

You may be able to resolve this warning by setting `model_config['protected_namespaces'] = ()`.
[2025-12-28T08:28:36.348+0000] {logging_mixin.py:188} WARNING - 2025/12/28 08:28:36 INFO mlflow.store.db.utils: Creating initial MLflow database tables...
[2025-12-28T08:28:36.352+0000] {logging_mixin.py:188} WARNING - 2025/12/28 08:28:36 INFO mlflow.store.db.utils: Updating database tables
[2025-12-28T08:28:36.357+0000] {logging_mixin.py:188} WARNING - 2025/12/28 08:28:36 INFO alembic.runtime.migration: Context impl SQLiteImpl.
[2025-12-28T08:28:36.358+0000] {logging_mixin.py:188} WARNING - 2025/12/28 08:28:36 INFO alembic.runtime.migration: Will assume non-transactional DDL.
[2025-12-28T08:28:36.423+0000] {logging_mixin.py:188} WARNING - 2025/12/28 08:28:36 INFO alembic.runtime.migration: Context impl SQLiteImpl.
[2025-12-28T08:28:36.425+0000] {logging_mixin.py:188} WARNING - 2025/12/28 08:28:36 INFO alembic.runtime.migration: Will assume non-transactional DDL.
[2025-12-28T08:28:36.462+0000] {logging_mixin.py:188} INFO - Connected to MLFlow
[2025-12-28T08:28:38.823+0000] {logging_mixin.py:188} WARNING - 2025/12/28 08:28:38 WARNING mlflow.utils.git_utils: Failed to import Git (the Git executable is probably not on your PATH), so Git SHA is not available. Error: Failed to initialize: Bad git executable.
The git executable must be specified in one of the following ways:
    - be included in your $PATH
    - be set via $GIT_PYTHON_GIT_EXECUTABLE
    - explicitly set via git.refresh(<full-path-to-git-executable>)

All git commands will error until this is rectified.

This initial message can be silenced or aggravated in the future by setting the
$GIT_PYTHON_REFRESH environment variable. Use one of the following values:
    - quiet|q|silence|s|silent|none|n|0: for no message or exception
    - warn|w|warning|log|l|1: for a warning message (logging level CRITICAL, displayed by default)
    - error|e|exception|raise|r|2: for a raised exception

Example:
    export GIT_PYTHON_REFRESH=quiet
[2025-12-28T08:28:39.333+0000] {logging_mixin.py:188} INFO - No data drift detected
[2025-12-28T08:28:39.337+0000] {python.py:237} INFO - Done. Returned value was: {}
[2025-12-28T08:28:39.338+0000] {taskinstance.py:441} INFO - ::group::Post task execution logs
[2025-12-28T08:28:39.467+0000] {taskinstance.py:1206} INFO - Marking task as SUCCESS. dag_id=data_distribution_comparison, task_id=handle_report, run_id=manual__2025-12-28T08:28:04.995126+00:00, execution_date=20251228T082804, start_date=20251228T082828, end_date=20251228T082839
[2025-12-28T08:28:39.584+0000] {local_task_job_runner.py:243} INFO - Task exited with return code 0
[2025-12-28T08:28:39.635+0000] {taskinstance.py:3503} INFO - 0 downstream tasks scheduled from follow-on schedule check
[2025-12-28T08:28:39.642+0000] {local_task_job_runner.py:222} INFO - ::endgroup::
