[2026-01-03T14:25:22.234+0000] {local_task_job_runner.py:120} INFO - ::group::Pre task execution logs
[2026-01-03T14:25:22.573+0000] {taskinstance.py:2076} INFO - Dependencies all met for dep_context=non-requeueable deps ti=<TaskInstance: main_pipeline.check_drift manual__2026-01-03T14:24:08.996443+00:00 [queued]>
[2026-01-03T14:25:22.635+0000] {taskinstance.py:2076} INFO - Dependencies all met for dep_context=requeueable deps ti=<TaskInstance: main_pipeline.check_drift manual__2026-01-03T14:24:08.996443+00:00 [queued]>
[2026-01-03T14:25:22.642+0000] {taskinstance.py:2306} INFO - Starting attempt 1 of 1
[2026-01-03T14:25:22.753+0000] {taskinstance.py:2330} INFO - Executing <Task(_BranchPythonDecoratedOperator): check_drift> on 2026-01-03 14:24:08.996443+00:00
[2026-01-03T14:25:22.863+0000] {standard_task_runner.py:64} INFO - Started process 4018 to run task
[2026-01-03T14:25:22.898+0000] {standard_task_runner.py:90} INFO - Running: ['***', 'tasks', 'run', 'main_pipeline', 'check_drift', 'manual__2026-01-03T14:24:08.996443+00:00', '--job-id', '243', '--raw', '--subdir', 'DAGS_FOLDER/pipeline/main.py', '--cfg-path', '/tmp/tmpw9r94xk0']
[2026-01-03T14:25:22.912+0000] {standard_task_runner.py:91} INFO - Job 243: Subtask check_drift
[2026-01-03T14:25:23.302+0000] {task_command.py:426} INFO - Running <TaskInstance: main_pipeline.check_drift manual__2026-01-03T14:24:08.996443+00:00 [running]> on host 8574a19215f6
[2026-01-03T14:25:26.016+0000] {taskinstance.py:2648} INFO - Exporting env vars: AIRFLOW_CTX_DAG_OWNER='***' AIRFLOW_CTX_DAG_ID='main_pipeline' AIRFLOW_CTX_TASK_ID='check_drift' AIRFLOW_CTX_EXECUTION_DATE='2026-01-03T14:24:08.996443+00:00' AIRFLOW_CTX_TRY_NUMBER='1' AIRFLOW_CTX_DAG_RUN_ID='manual__2026-01-03T14:24:08.996443+00:00'
[2026-01-03T14:25:26.022+0000] {taskinstance.py:430} INFO - ::endgroup::
[2026-01-03T14:25:26.026+0000] {python.py:237} INFO - Done. Returned value was: end_model_setup
[2026-01-03T14:25:26.027+0000] {branch.py:36} INFO - Branch into end_model_setup
[2026-01-03T14:25:26.028+0000] {skipmixin.py:178} INFO - Following branch end_model_setup
[2026-01-03T14:25:26.235+0000] {skipmixin.py:246} INFO - Skipping tasks [('train_new_model', -1)]
[2026-01-03T14:25:26.474+0000] {taskinstance.py:441} INFO - ::group::Post task execution logs
[2026-01-03T14:25:26.744+0000] {taskinstance.py:1206} INFO - Marking task as SUCCESS. dag_id=main_pipeline, task_id=check_drift, run_id=manual__2026-01-03T14:24:08.996443+00:00, execution_date=20260103T142408, start_date=20260103T142522, end_date=20260103T142526
[2026-01-03T14:25:27.042+0000] {local_task_job_runner.py:243} INFO - Task exited with return code 0
[2026-01-03T14:25:27.331+0000] {taskinstance.py:3503} INFO - 0 downstream tasks scheduled from follow-on schedule check
[2026-01-03T14:25:27.371+0000] {local_task_job_runner.py:222} INFO - ::endgroup::
