[2026-01-03T14:52:33.406+0000] {local_task_job_runner.py:120} INFO - ::group::Pre task execution logs
[2026-01-03T14:52:33.543+0000] {taskinstance.py:2076} INFO - Dependencies all met for dep_context=non-requeueable deps ti=<TaskInstance: main_pipeline.compare_distributions manual__2026-01-03T14:52:01.862579+00:00 [queued]>
[2026-01-03T14:52:33.592+0000] {taskinstance.py:2076} INFO - Dependencies all met for dep_context=requeueable deps ti=<TaskInstance: main_pipeline.compare_distributions manual__2026-01-03T14:52:01.862579+00:00 [queued]>
[2026-01-03T14:52:33.593+0000] {taskinstance.py:2306} INFO - Starting attempt 1 of 1
[2026-01-03T14:52:33.649+0000] {taskinstance.py:2330} INFO - Executing <Task(_PythonDecoratedOperator): compare_distributions> on 2026-01-03 14:52:01.862579+00:00
[2026-01-03T14:52:33.727+0000] {standard_task_runner.py:64} INFO - Started process 5266 to run task
[2026-01-03T14:52:33.741+0000] {standard_task_runner.py:90} INFO - Running: ['***', 'tasks', 'run', 'main_pipeline', 'compare_distributions', 'manual__2026-01-03T14:52:01.862579+00:00', '--job-id', '258', '--raw', '--subdir', 'DAGS_FOLDER/pipeline/main.py', '--cfg-path', '/tmp/tmpgz2joiz3']
[2026-01-03T14:52:33.749+0000] {standard_task_runner.py:91} INFO - Job 258: Subtask compare_distributions
[2026-01-03T14:52:34.094+0000] {task_command.py:426} INFO - Running <TaskInstance: main_pipeline.compare_distributions manual__2026-01-03T14:52:01.862579+00:00 [running]> on host 8574a19215f6
[2026-01-03T14:52:34.996+0000] {taskinstance.py:2648} INFO - Exporting env vars: AIRFLOW_CTX_DAG_OWNER='***' AIRFLOW_CTX_DAG_ID='main_pipeline' AIRFLOW_CTX_TASK_ID='compare_distributions' AIRFLOW_CTX_EXECUTION_DATE='2026-01-03T14:52:01.862579+00:00' AIRFLOW_CTX_TRY_NUMBER='1' AIRFLOW_CTX_DAG_RUN_ID='manual__2026-01-03T14:52:01.862579+00:00'
[2026-01-03T14:52:35.006+0000] {taskinstance.py:430} INFO - ::endgroup::
[2026-01-03T14:52:36.515+0000] {credentials.py:1147} INFO - Found credentials in environment variables.
[2026-01-03T14:52:36.918+0000] {logging_mixin.py:188} WARNING - Downloading artifacts:   0%|          | 0/1 [00:00<?, ?it/s]
[2026-01-03T14:52:36.931+0000] {logging_mixin.py:188} WARNING - Downloading artifacts: 100%|##########| 1/1 [00:00<00:00, 253.13it/s]
[2026-01-03T14:52:36.931+0000] {logging_mixin.py:188} WARNING - Downloading artifacts: 100%|##########| 1/1 [00:00<00:00, 212.84it/s]
[2026-01-03T14:52:36.955+0000] {logging_mixin.py:188} INFO - {"status":"updated","traffic":{"a":0.5,"b":0.5,"data_size":5000,"drift_cols":["price","color"]}}
[2026-01-03T14:52:37.448+0000] {logging_mixin.py:188} INFO - {'data':       carat        cut color clarity  ...         price     x     y     z
0      0.40  Very Geod     J    VVS2  ...   1278.015108  4.74  4.78  2.87
1      1.00  Very Geod     F     SI2  ...   5543.800767  6.32  6.27  3.98
2      1.15      Ideal     G    VVS1  ...  12447.000000  6.79  6.80  4.14
3      1.19    Premium     G     VS2  ...   1233.584139  6.98  6.88  4.11
4      0.37      Ideal     G     VS2  ...    476.456130  4.65  4.68  2.82
...     ...        ...   ...     ...  ...           ...   ...   ...   ...
4995   1.05  Very Good     G     SI1  ...   8352.203589  6.51  6.47  4.10
4996   0.31      Ideal     I    VVS1  ...    967.566030  4.34  4.36  2.68
4997   0.43    Premium     F    VVS1  ...   1264.000000  4.83  4.77  2.99
4998   0.71  Very Good     E    VVS1  ...   4073.532863  5.80  5.83  3.47
4999   0.29      Ideal     F      IF  ...     90.726300  4.25  4.28  2.65

[5000 rows x 10 columns], 'drift_info': {'carat': [0.25003370267315456, 0], 'depth': [0.6389613990174311, 0], 'table': [0.7701549691038514, 0], 'x': [0.16624431308759932, 0], 'y': [0.2620646518240868, 0], 'z': [0.21405413005378246, 0], 'price': [0.2675456549031155, 0], 'cut': [0.001384677722847894, 0], 'color': [0.0025055005380267437, 0], 'clarity': [0.002593575458513132, 0]}}
[2026-01-03T14:52:37.448+0000] {python.py:237} INFO - Done. Returned value was: {'data':       carat        cut color clarity  ...         price     x     y     z
0      0.40  Very Geod     J    VVS2  ...   1278.015108  4.74  4.78  2.87
1      1.00  Very Geod     F     SI2  ...   5543.800767  6.32  6.27  3.98
2      1.15      Ideal     G    VVS1  ...  12447.000000  6.79  6.80  4.14
3      1.19    Premium     G     VS2  ...   1233.584139  6.98  6.88  4.11
4      0.37      Ideal     G     VS2  ...    476.456130  4.65  4.68  2.82
...     ...        ...   ...     ...  ...           ...   ...   ...   ...
4995   1.05  Very Good     G     SI1  ...   8352.203589  6.51  6.47  4.10
4996   0.31      Ideal     I    VVS1  ...    967.566030  4.34  4.36  2.68
4997   0.43    Premium     F    VVS1  ...   1264.000000  4.83  4.77  2.99
4998   0.71  Very Good     E    VVS1  ...   4073.532863  5.80  5.83  3.47
4999   0.29      Ideal     F      IF  ...     90.726300  4.25  4.28  2.65

[5000 rows x 10 columns], 'drift_info': {'carat': [0.25003370267315456, 0], 'depth': [0.6389613990174311, 0], 'table': [0.7701549691038514, 0], 'x': [0.16624431308759932, 0], 'y': [0.2620646518240868, 0], 'z': [0.21405413005378246, 0], 'price': [0.2675456549031155, 0], 'cut': [0.001384677722847894, 0], 'color': [0.0025055005380267437, 0], 'clarity': [0.002593575458513132, 0]}}
[2026-01-03T14:52:37.502+0000] {taskinstance.py:441} INFO - ::group::Post task execution logs
[2026-01-03T14:52:37.727+0000] {taskinstance.py:1206} INFO - Marking task as SUCCESS. dag_id=main_pipeline, task_id=compare_distributions, run_id=manual__2026-01-03T14:52:01.862579+00:00, execution_date=20260103T145201, start_date=20260103T145233, end_date=20260103T145237
[2026-01-03T14:52:37.856+0000] {local_task_job_runner.py:243} INFO - Task exited with return code 0
[2026-01-03T14:52:37.939+0000] {taskinstance.py:3503} INFO - 1 downstream tasks scheduled from follow-on schedule check
[2026-01-03T14:52:37.949+0000] {local_task_job_runner.py:222} INFO - ::endgroup::
