[2026-01-02T13:58:01.426+0000] {local_task_job_runner.py:120} INFO - ::group::Pre task execution logs
[2026-01-02T13:58:01.521+0000] {taskinstance.py:2076} INFO - Dependencies all met for dep_context=non-requeueable deps ti=<TaskInstance: main_pipeline.check_prod_model manual__2026-01-02T13:57:57.527293+00:00 [queued]>
[2026-01-02T13:58:01.546+0000] {taskinstance.py:2076} INFO - Dependencies all met for dep_context=requeueable deps ti=<TaskInstance: main_pipeline.check_prod_model manual__2026-01-02T13:57:57.527293+00:00 [queued]>
[2026-01-02T13:58:01.550+0000] {taskinstance.py:2306} INFO - Starting attempt 1 of 1
[2026-01-02T13:58:01.576+0000] {taskinstance.py:2330} INFO - Executing <Task(_PythonDecoratedOperator): check_prod_model> on 2026-01-02 13:57:57.527293+00:00
[2026-01-02T13:58:01.598+0000] {standard_task_runner.py:64} INFO - Started process 7524 to run task
[2026-01-02T13:58:01.602+0000] {standard_task_runner.py:90} INFO - Running: ['***', 'tasks', 'run', 'main_pipeline', 'check_prod_model', 'manual__2026-01-02T13:57:57.527293+00:00', '--job-id', '72', '--raw', '--subdir', 'DAGS_FOLDER/pipeline/main.py', '--cfg-path', '/tmp/tmpdwhu3znq']
[2026-01-02T13:58:01.605+0000] {standard_task_runner.py:91} INFO - Job 72: Subtask check_prod_model
[2026-01-02T13:58:01.890+0000] {task_command.py:426} INFO - Running <TaskInstance: main_pipeline.check_prod_model manual__2026-01-02T13:57:57.527293+00:00 [running]> on host b2cc83381b06
[2026-01-02T13:58:02.439+0000] {taskinstance.py:2648} INFO - Exporting env vars: AIRFLOW_CTX_DAG_OWNER='***' AIRFLOW_CTX_DAG_ID='main_pipeline' AIRFLOW_CTX_TASK_ID='check_prod_model' AIRFLOW_CTX_EXECUTION_DATE='2026-01-02T13:57:57.527293+00:00' AIRFLOW_CTX_TRY_NUMBER='1' AIRFLOW_CTX_DAG_RUN_ID='manual__2026-01-02T13:57:57.527293+00:00'
[2026-01-02T13:58:02.442+0000] {taskinstance.py:430} INFO - ::endgroup::
[2026-01-02T13:58:05.342+0000] {logging_mixin.py:188} WARNING - /home/***/.local/lib/python3.11/site-packages/pydantic/_internal/_fields.py:161 UserWarning: Field "model_server_url" has conflict with protected namespace "model_".

You may be able to resolve this warning by setting `model_config['protected_namespaces'] = ()`.
[2026-01-02T13:58:05.397+0000] {logging_mixin.py:188} WARNING - /home/***/.local/lib/python3.11/site-packages/pydantic/_internal/_config.py:341 UserWarning: Valid config keys have changed in V2:
* 'schema_extra' has been renamed to 'json_schema_extra'
[2026-01-02T13:58:05.763+0000] {logging_mixin.py:188} INFO - Parent run ID: {'mlflow.user': '***', 'mlflow.source.name': '/home/***/.local/bin/***', 'mlflow.source.type': 'LOCAL', 'mlflow.parentRunId': 'e340fa2329e74c39958d742b9f251c10', 'mlflow.runName': 'Random Forest Regressor', 'Source': 'compare_models', 'URI': '1d70cdf6', 'USI': 'ef43', 'Run Time': '11.03', 'Run ID': 'cce660dd6106442bbfc17e1155b4f14e', 'mlflow.log-model.history': '[{"run_id": "cce660dd6106442bbfc17e1155b4f14e", "artifact_path": "model", "utc_time_created": "2026-01-02 12:33:18.381511", "model_uuid": "b6dacc5f209f472dbd42ffaa6a142a62", "flavors": {"python_function": {"model_path": "model.pkl", "predict_fn": "predict", "loader_module": "mlflow.sklearn", "python_version": "3.11.9", "env": {"conda": "conda.yaml", "virtualenv": "python_env.yaml"}}, "sklearn": {"pickled_model": "model.pkl", "sklearn_version": "1.4.2", "serialization_format": "cloudpickle", "code": null}}}]'}
[2026-01-02T13:58:05.765+0000] {logging_mixin.py:188} INFO - Found production version: 1
[2026-01-02T13:58:05.767+0000] {python.py:237} INFO - Done. Returned value was: {'production_version': '1'}
[2026-01-02T13:58:05.767+0000] {taskinstance.py:441} INFO - ::group::Post task execution logs
[2026-01-02T13:58:05.903+0000] {taskinstance.py:1206} INFO - Marking task as SUCCESS. dag_id=main_pipeline, task_id=check_prod_model, run_id=manual__2026-01-02T13:57:57.527293+00:00, execution_date=20260102T135757, start_date=20260102T135801, end_date=20260102T135805
[2026-01-02T13:58:06.051+0000] {local_task_job_runner.py:243} INFO - Task exited with return code 0
[2026-01-02T13:58:06.151+0000] {taskinstance.py:3503} INFO - 1 downstream tasks scheduled from follow-on schedule check
[2026-01-02T13:58:06.169+0000] {local_task_job_runner.py:222} INFO - ::endgroup::
