[2026-01-02T14:07:40.745+0000] {local_task_job_runner.py:120} INFO - ::group::Pre task execution logs
[2026-01-02T14:07:40.840+0000] {taskinstance.py:2076} INFO - Dependencies all met for dep_context=non-requeueable deps ti=<TaskInstance: main_pipeline.train_model manual__2026-01-02T14:07:22.338250+00:00 [queued]>
[2026-01-02T14:07:40.888+0000] {taskinstance.py:2076} INFO - Dependencies all met for dep_context=requeueable deps ti=<TaskInstance: main_pipeline.train_model manual__2026-01-02T14:07:22.338250+00:00 [queued]>
[2026-01-02T14:07:40.888+0000] {taskinstance.py:2306} INFO - Starting attempt 1 of 1
[2026-01-02T14:07:40.935+0000] {taskinstance.py:2330} INFO - Executing <Task(_PythonDecoratedOperator): train_model> on 2026-01-02 14:07:22.338250+00:00
[2026-01-02T14:07:40.989+0000] {standard_task_runner.py:64} INFO - Started process 8771 to run task
[2026-01-02T14:07:41.004+0000] {standard_task_runner.py:90} INFO - Running: ['***', 'tasks', 'run', 'main_pipeline', 'train_model', 'manual__2026-01-02T14:07:22.338250+00:00', '--job-id', '89', '--raw', '--subdir', 'DAGS_FOLDER/pipeline/main.py', '--cfg-path', '/tmp/tmp1cxt_hsi']
[2026-01-02T14:07:41.021+0000] {standard_task_runner.py:91} INFO - Job 89: Subtask train_model
[2026-01-02T14:07:41.459+0000] {task_command.py:426} INFO - Running <TaskInstance: main_pipeline.train_model manual__2026-01-02T14:07:22.338250+00:00 [running]> on host b2cc83381b06
[2026-01-02T14:07:42.341+0000] {taskinstance.py:2648} INFO - Exporting env vars: AIRFLOW_CTX_DAG_OWNER='***' AIRFLOW_CTX_DAG_ID='main_pipeline' AIRFLOW_CTX_TASK_ID='train_model' AIRFLOW_CTX_EXECUTION_DATE='2026-01-02T14:07:22.338250+00:00' AIRFLOW_CTX_TRY_NUMBER='1' AIRFLOW_CTX_DAG_RUN_ID='manual__2026-01-02T14:07:22.338250+00:00'
[2026-01-02T14:07:42.348+0000] {taskinstance.py:430} INFO - ::endgroup::
[2026-01-02T14:07:45.891+0000] {logging_mixin.py:188} WARNING - /home/***/.local/lib/python3.11/site-packages/pydantic/_internal/_fields.py:161 UserWarning: Field "model_server_url" has conflict with protected namespace "model_".

You may be able to resolve this warning by setting `model_config['protected_namespaces'] = ()`.
[2026-01-02T14:07:45.963+0000] {logging_mixin.py:188} WARNING - /home/***/.local/lib/python3.11/site-packages/pydantic/_internal/_config.py:341 UserWarning: Valid config keys have changed in V2:
* 'schema_extra' has been renamed to 'json_schema_extra'
[2026-01-02T14:07:55.857+0000] {logging_mixin.py:188} INFO -                     Description             Value
0                    Session id                42
1                        Target             price
2                   Target type        Regression
3           Original data shape        (5000, 10)
4        Transformed data shape        (5000, 28)
5   Transformed train set shape        (3500, 28)
6    Transformed test set shape        (1500, 28)
7              Numeric features                 6
8          Categorical features                 3
9                    Preprocess              True
10              Imputation type            simple
11           Numeric imputation              mean
12       Categorical imputation              mode
13     Maximum one-hot encoding                25
14              Encoding method              None
15                    Normalize              True
16             Normalize method            zscore
17               Fold Generator             KFold
18                  Fold Number                 5
19                     CPU Jobs                -1
20                      Use GPU             False
21               Log Experiment      MlflowLogger
22              Experiment Name  price_prediction
23                          USI              5aee
[2026-01-02T14:07:57.057+0000] {logging_mixin.py:188} WARNING - 2026/01/02 14:07:57 WARNING mlflow.utils.git_utils: Failed to import Git (the Git executable is probably not on your PATH), so Git SHA is not available. Error: Failed to initialize: Bad git executable.
The git executable must be specified in one of the following ways:
    - be included in your $PATH
    - be set via $GIT_PYTHON_GIT_EXECUTABLE
    - explicitly set via git.refresh(<full-path-to-git-executable>)

All git commands will error until this is rectified.

This initial message can be silenced or aggravated in the future by setting the
$GIT_PYTHON_REFRESH environment variable. Use one of the following values:
    - quiet|q|silence|s|silent|none|n|0: for no message or exception
    - warn|w|warning|log|l|1: for a warning message (logging level CRITICAL, displayed by default)
    - error|e|exception|raise|r|2: for a raised exception

Example:
    export GIT_PYTHON_REFRESH=quiet
[2026-01-02T14:07:58.793+0000] {credentials.py:1147} INFO - Found credentials in environment variables.
[2026-01-02T14:07:59.348+0000] {logging_mixin.py:188} WARNING - Processing:   0%|          | 0/17 [00:00<?, ?it/s]
[2026-01-02T14:08:04.201+0000] {logging_mixin.py:188} WARNING - Processing:  29%|##9       | 5/17 [00:04<00:11,  1.03it/s]
[2026-01-02T14:08:04.673+0000] {logging_mixin.py:188} WARNING - Processing:  41%|####1     | 7/17 [00:05<00:07,  1.42it/s]
[2026-01-02T14:08:09.582+0000] {logging_mixin.py:188} WARNING - Processing:  53%|#####2    | 9/17 [00:10<00:10,  1.30s/it]
[2026-01-02T14:08:10.215+0000] {logging_mixin.py:188} WARNING - Processing:  65%|######4   | 11/17 [00:10<00:05,  1.02it/s]
[2026-01-02T14:08:25.612+0000] {logging_mixin.py:188} WARNING - Processing:  76%|#######6  | 13/17 [00:26<00:12,  3.12s/it]
[2026-01-02T14:08:26.511+0000] {logging_mixin.py:188} WARNING - Processing:  88%|########8 | 15/17 [00:27<00:04,  2.29s/it]
[2026-01-02T14:08:29.721+0000] {logging_mixin.py:188} WARNING - Processing: 100%|##########| 17/17 [00:30<00:00,  2.08s/it]
[2026-01-02T14:08:29.722+0000] {logging_mixin.py:188} WARNING -                                                            
[2026-01-02T14:08:35.126+0000] {font_manager.py:1333} WARNING - findfont: Generic family 'sans-serif' not found because none of the following families were found: Arial, Liberation Sans, Bitstream Vera Sans, sans-serif
[2026-01-02T14:08:35.135+0000] {font_manager.py:1333} WARNING - findfont: Generic family 'sans-serif' not found because none of the following families were found: Arial, Liberation Sans, Bitstream Vera Sans, sans-serif
[2026-01-02T14:08:35.149+0000] {font_manager.py:1333} WARNING - findfont: Generic family 'sans-serif' not found because none of the following families were found: Arial, Liberation Sans, Bitstream Vera Sans, sans-serif
[2026-01-02T14:08:35.153+0000] {font_manager.py:1333} WARNING - findfont: Generic family 'sans-serif' not found because none of the following families were found: Arial, Liberation Sans, Bitstream Vera Sans, sans-serif
[2026-01-02T14:08:35.156+0000] {font_manager.py:1333} WARNING - findfont: Generic family 'sans-serif' not found because none of the following families were found: Arial, Liberation Sans, Bitstream Vera Sans, sans-serif
[2026-01-02T14:08:35.161+0000] {font_manager.py:1333} WARNING - findfont: Generic family 'sans-serif' not found because none of the following families were found: Arial, Liberation Sans, Bitstream Vera Sans, sans-serif
[2026-01-02T14:08:35.165+0000] {font_manager.py:1333} WARNING - findfont: Generic family 'sans-serif' not found because none of the following families were found: Arial, Liberation Sans, Bitstream Vera Sans, sans-serif
[2026-01-02T14:08:35.168+0000] {font_manager.py:1333} WARNING - findfont: Generic family 'sans-serif' not found because none of the following families were found: Arial, Liberation Sans, Bitstream Vera Sans, sans-serif
[2026-01-02T14:08:35.207+0000] {font_manager.py:1333} WARNING - findfont: Generic family 'sans-serif' not found because none of the following families were found: Arial, Liberation Sans, Bitstream Vera Sans, sans-serif
[2026-01-02T14:08:35.211+0000] {font_manager.py:1333} WARNING - findfont: Generic family 'sans-serif' not found because none of the following families were found: Arial, Liberation Sans, Bitstream Vera Sans, sans-serif
[2026-01-02T14:08:35.215+0000] {font_manager.py:1333} WARNING - findfont: Generic family 'sans-serif' not found because none of the following families were found: Arial, Liberation Sans, Bitstream Vera Sans, sans-serif
[2026-01-02T14:08:35.218+0000] {font_manager.py:1333} WARNING - findfont: Generic family 'sans-serif' not found because none of the following families were found: Arial, Liberation Sans, Bitstream Vera Sans, sans-serif
[2026-01-02T14:08:35.350+0000] {font_manager.py:1333} WARNING - findfont: Generic family 'sans-serif' not found because none of the following families were found: Arial, Liberation Sans, Bitstream Vera Sans, sans-serif
[2026-01-02T14:08:35.366+0000] {font_manager.py:1333} WARNING - findfont: Generic family 'sans-serif' not found because none of the following families were found: Arial, Liberation Sans, Bitstream Vera Sans, sans-serif
[2026-01-02T14:08:35.369+0000] {font_manager.py:1333} WARNING - findfont: Generic family 'sans-serif' not found because none of the following families were found: Arial, Liberation Sans, Bitstream Vera Sans, sans-serif
[2026-01-02T14:08:35.372+0000] {font_manager.py:1333} WARNING - findfont: Generic family 'sans-serif' not found because none of the following families were found: Arial, Liberation Sans, Bitstream Vera Sans, sans-serif
[2026-01-02T14:08:35.376+0000] {font_manager.py:1333} WARNING - findfont: Generic family 'sans-serif' not found because none of the following families were found: Arial, Liberation Sans, Bitstream Vera Sans, sans-serif
[2026-01-02T14:08:35.380+0000] {font_manager.py:1333} WARNING - findfont: Generic family 'sans-serif' not found because none of the following families were found: Arial, Liberation Sans, Bitstream Vera Sans, sans-serif
[2026-01-02T14:08:35.382+0000] {font_manager.py:1333} WARNING - findfont: Generic family 'sans-serif' not found because none of the following families were found: Arial, Liberation Sans, Bitstream Vera Sans, sans-serif
[2026-01-02T14:08:35.461+0000] {font_manager.py:1333} WARNING - findfont: Generic family 'sans-serif' not found because none of the following families were found: Arial, Liberation Sans, Bitstream Vera Sans, sans-serif
[2026-01-02T14:08:35.624+0000] {font_manager.py:1333} WARNING - findfont: Generic family 'sans-serif' not found because none of the following families were found: Arial, Liberation Sans, Bitstream Vera Sans, sans-serif
[2026-01-02T14:08:35.626+0000] {font_manager.py:1400} WARNING - findfont: Font family ['sans-serif'] not found. Falling back to DejaVu Sans.
[2026-01-02T14:08:35.628+0000] {font_manager.py:1405} WARNING - findfont: Generic family 'sans-serif' not found because none of the following families were found: Arial, Liberation Sans, Bitstream Vera Sans, sans-serif
[2026-01-02T14:08:35.854+0000] {font_manager.py:1333} WARNING - findfont: Generic family 'sans-serif' not found because none of the following families were found: Arial, Liberation Sans, Bitstream Vera Sans, sans-serif
[2026-01-02T14:08:35.904+0000] {font_manager.py:1333} WARNING - findfont: Generic family 'sans-serif' not found because none of the following families were found: Arial, Liberation Sans, Bitstream Vera Sans, sans-serif
[2026-01-02T14:08:35.908+0000] {font_manager.py:1333} WARNING - findfont: Generic family 'sans-serif' not found because none of the following families were found: Arial, Liberation Sans, Bitstream Vera Sans, sans-serif
[2026-01-02T14:08:35.924+0000] {font_manager.py:1333} WARNING - findfont: Generic family 'sans-serif' not found because none of the following families were found: Arial, Liberation Sans, Bitstream Vera Sans, sans-serif
[2026-01-02T14:08:35.925+0000] {font_manager.py:1333} WARNING - findfont: Generic family 'sans-serif' not found because none of the following families were found: Arial, Liberation Sans, Bitstream Vera Sans, sans-serif
[2026-01-02T14:08:35.927+0000] {font_manager.py:1333} WARNING - findfont: Generic family 'sans-serif' not found because none of the following families were found: Arial, Liberation Sans, Bitstream Vera Sans, sans-serif
[2026-01-02T14:08:35.928+0000] {font_manager.py:1333} WARNING - findfont: Generic family 'sans-serif' not found because none of the following families were found: Arial, Liberation Sans, Bitstream Vera Sans, sans-serif
[2026-01-02T14:08:35.931+0000] {font_manager.py:1333} WARNING - findfont: Generic family 'sans-serif' not found because none of the following families were found: Arial, Liberation Sans, Bitstream Vera Sans, sans-serif
[2026-01-02T14:08:35.934+0000] {font_manager.py:1333} WARNING - findfont: Generic family 'sans-serif' not found because none of the following families were found: Arial, Liberation Sans, Bitstream Vera Sans, sans-serif
[2026-01-02T14:08:35.991+0000] {font_manager.py:1333} WARNING - findfont: Generic family 'sans-serif' not found because none of the following families were found: Arial, Liberation Sans, Bitstream Vera Sans, sans-serif
[2026-01-02T14:08:36.450+0000] {font_manager.py:1333} WARNING - findfont: Generic family 'sans-serif' not found because none of the following families were found: Arial, Liberation Sans, Bitstream Vera Sans, sans-serif
[2026-01-02T14:08:36.453+0000] {font_manager.py:1333} WARNING - findfont: Generic family 'sans-serif' not found because none of the following families were found: Arial, Liberation Sans, Bitstream Vera Sans, sans-serif
[2026-01-02T14:08:36.604+0000] {font_manager.py:1333} WARNING - findfont: Generic family 'sans-serif' not found because none of the following families were found: Arial, Liberation Sans, Bitstream Vera Sans, sans-serif
[2026-01-02T14:08:36.609+0000] {font_manager.py:1333} WARNING - findfont: Generic family 'sans-serif' not found because none of the following families were found: Arial, Liberation Sans, Bitstream Vera Sans, sans-serif
[2026-01-02T14:08:36.794+0000] {font_manager.py:1333} WARNING - findfont: Generic family 'sans-serif' not found because none of the following families were found: Arial, Liberation Sans, Bitstream Vera Sans, sans-serif
[2026-01-02T14:08:36.800+0000] {font_manager.py:1333} WARNING - findfont: Generic family 'sans-serif' not found because none of the following families were found: Arial, Liberation Sans, Bitstream Vera Sans, sans-serif
[2026-01-02T14:08:36.955+0000] {font_manager.py:1333} WARNING - findfont: Generic family 'sans-serif' not found because none of the following families were found: Arial, Liberation Sans, Bitstream Vera Sans, sans-serif
[2026-01-02T14:08:36.957+0000] {font_manager.py:1333} WARNING - findfont: Generic family 'sans-serif' not found because none of the following families were found: Arial, Liberation Sans, Bitstream Vera Sans, sans-serif
[2026-01-02T14:08:36.959+0000] {font_manager.py:1333} WARNING - findfont: Generic family 'sans-serif' not found because none of the following families were found: Arial, Liberation Sans, Bitstream Vera Sans, sans-serif
[2026-01-02T14:08:36.961+0000] {font_manager.py:1333} WARNING - findfont: Generic family 'sans-serif' not found because none of the following families were found: Arial, Liberation Sans, Bitstream Vera Sans, sans-serif
[2026-01-02T14:08:36.964+0000] {font_manager.py:1333} WARNING - findfont: Generic family 'sans-serif' not found because none of the following families were found: Arial, Liberation Sans, Bitstream Vera Sans, sans-serif
[2026-01-02T14:08:36.967+0000] {font_manager.py:1333} WARNING - findfont: Generic family 'sans-serif' not found because none of the following families were found: Arial, Liberation Sans, Bitstream Vera Sans, sans-serif
[2026-01-02T14:08:36.969+0000] {font_manager.py:1333} WARNING - findfont: Generic family 'sans-serif' not found because none of the following families were found: Arial, Liberation Sans, Bitstream Vera Sans, sans-serif
[2026-01-02T14:08:36.971+0000] {font_manager.py:1333} WARNING - findfont: Generic family 'sans-serif' not found because none of the following families were found: Arial, Liberation Sans, Bitstream Vera Sans, sans-serif
[2026-01-02T14:08:37.004+0000] {font_manager.py:1333} WARNING - findfont: Generic family 'sans-serif' not found because none of the following families were found: Arial, Liberation Sans, Bitstream Vera Sans, sans-serif
[2026-01-02T14:08:37.005+0000] {font_manager.py:1333} WARNING - findfont: Generic family 'sans-serif' not found because none of the following families were found: Arial, Liberation Sans, Bitstream Vera Sans, sans-serif
[2026-01-02T14:08:37.012+0000] {font_manager.py:1333} WARNING - findfont: Generic family 'sans-serif' not found because none of the following families were found: Arial, Liberation Sans, Bitstream Vera Sans, sans-serif
[2026-01-02T14:08:37.013+0000] {font_manager.py:1333} WARNING - findfont: Generic family 'sans-serif' not found because none of the following families were found: Arial, Liberation Sans, Bitstream Vera Sans, sans-serif
[2026-01-02T14:08:37.028+0000] {font_manager.py:1333} WARNING - findfont: Generic family 'sans-serif' not found because none of the following families were found: Arial, Liberation Sans, Bitstream Vera Sans, sans-serif
[2026-01-02T14:08:37.033+0000] {font_manager.py:1333} WARNING - findfont: Generic family 'sans-serif' not found because none of the following families were found: Arial, Liberation Sans, Bitstream Vera Sans, sans-serif
[2026-01-02T14:08:37.037+0000] {font_manager.py:1333} WARNING - findfont: Generic family 'sans-serif' not found because none of the following families were found: Arial, Liberation Sans, Bitstream Vera Sans, sans-serif
[2026-01-02T14:08:37.040+0000] {font_manager.py:1333} WARNING - findfont: Generic family 'sans-serif' not found because none of the following families were found: Arial, Liberation Sans, Bitstream Vera Sans, sans-serif
[2026-01-02T14:08:37.045+0000] {font_manager.py:1333} WARNING - findfont: Generic family 'sans-serif' not found because none of the following families were found: Arial, Liberation Sans, Bitstream Vera Sans, sans-serif
[2026-01-02T14:08:37.047+0000] {font_manager.py:1333} WARNING - findfont: Generic family 'sans-serif' not found because none of the following families were found: Arial, Liberation Sans, Bitstream Vera Sans, sans-serif
[2026-01-02T14:08:37.049+0000] {font_manager.py:1333} WARNING - findfont: Generic family 'sans-serif' not found because none of the following families were found: Arial, Liberation Sans, Bitstream Vera Sans, sans-serif
[2026-01-02T14:08:37.061+0000] {font_manager.py:1333} WARNING - findfont: Generic family 'sans-serif' not found because none of the following families were found: Arial, Liberation Sans, Bitstream Vera Sans, sans-serif
[2026-01-02T14:08:37.067+0000] {font_manager.py:1333} WARNING - findfont: Generic family 'sans-serif' not found because none of the following families were found: Arial, Liberation Sans, Bitstream Vera Sans, sans-serif
[2026-01-02T14:08:37.077+0000] {font_manager.py:1333} WARNING - findfont: Generic family 'sans-serif' not found because none of the following families were found: Arial, Liberation Sans, Bitstream Vera Sans, sans-serif
[2026-01-02T14:08:37.084+0000] {font_manager.py:1333} WARNING - findfont: Generic family 'sans-serif' not found because none of the following families were found: Arial, Liberation Sans, Bitstream Vera Sans, sans-serif
[2026-01-02T14:08:37.095+0000] {font_manager.py:1333} WARNING - findfont: Generic family 'sans-serif' not found because none of the following families were found: Arial, Liberation Sans, Bitstream Vera Sans, sans-serif
[2026-01-02T14:08:37.104+0000] {font_manager.py:1333} WARNING - findfont: Generic family 'sans-serif' not found because none of the following families were found: Arial, Liberation Sans, Bitstream Vera Sans, sans-serif
[2026-01-02T14:08:37.112+0000] {font_manager.py:1333} WARNING - findfont: Generic family 'sans-serif' not found because none of the following families were found: Arial, Liberation Sans, Bitstream Vera Sans, sans-serif
[2026-01-02T14:08:37.118+0000] {font_manager.py:1333} WARNING - findfont: Generic family 'sans-serif' not found because none of the following families were found: Arial, Liberation Sans, Bitstream Vera Sans, sans-serif
[2026-01-02T14:08:37.145+0000] {font_manager.py:1333} WARNING - findfont: Generic family 'sans-serif' not found because none of the following families were found: Arial, Liberation Sans, Bitstream Vera Sans, sans-serif
[2026-01-02T14:08:37.151+0000] {font_manager.py:1333} WARNING - findfont: Generic family 'sans-serif' not found because none of the following families were found: Arial, Liberation Sans, Bitstream Vera Sans, sans-serif
[2026-01-02T14:08:37.175+0000] {font_manager.py:1333} WARNING - findfont: Generic family 'sans-serif' not found because none of the following families were found: Arial, Liberation Sans, Bitstream Vera Sans, sans-serif
[2026-01-02T14:08:37.182+0000] {font_manager.py:1333} WARNING - findfont: Generic family 'sans-serif' not found because none of the following families were found: Arial, Liberation Sans, Bitstream Vera Sans, sans-serif
[2026-01-02T14:08:37.196+0000] {font_manager.py:1333} WARNING - findfont: Generic family 'sans-serif' not found because none of the following families were found: Arial, Liberation Sans, Bitstream Vera Sans, sans-serif
[2026-01-02T14:08:37.212+0000] {font_manager.py:1333} WARNING - findfont: Generic family 'sans-serif' not found because none of the following families were found: Arial, Liberation Sans, Bitstream Vera Sans, sans-serif
[2026-01-02T14:08:37.222+0000] {font_manager.py:1333} WARNING - findfont: Generic family 'sans-serif' not found because none of the following families were found: Arial, Liberation Sans, Bitstream Vera Sans, sans-serif
[2026-01-02T14:08:37.230+0000] {font_manager.py:1333} WARNING - findfont: Generic family 'sans-serif' not found because none of the following families were found: Arial, Liberation Sans, Bitstream Vera Sans, sans-serif
[2026-01-02T14:08:37.239+0000] {font_manager.py:1333} WARNING - findfont: Generic family 'sans-serif' not found because none of the following families were found: Arial, Liberation Sans, Bitstream Vera Sans, sans-serif
[2026-01-02T14:08:37.300+0000] {font_manager.py:1333} WARNING - findfont: Generic family 'sans-serif' not found because none of the following families were found: Arial, Liberation Sans, Bitstream Vera Sans, sans-serif
[2026-01-02T14:08:37.664+0000] {font_manager.py:1333} WARNING - findfont: Generic family 'sans-serif' not found because none of the following families were found: Arial, Liberation Sans, Bitstream Vera Sans, sans-serif
[2026-01-02T14:08:37.677+0000] {font_manager.py:1333} WARNING - findfont: Generic family 'sans-serif' not found because none of the following families were found: Arial, Liberation Sans, Bitstream Vera Sans, sans-serif
[2026-01-02T14:08:37.734+0000] {font_manager.py:1333} WARNING - findfont: Generic family 'sans-serif' not found because none of the following families were found: Arial, Liberation Sans, Bitstream Vera Sans, sans-serif
[2026-01-02T14:08:37.783+0000] {font_manager.py:1333} WARNING - findfont: Generic family 'sans-serif' not found because none of the following families were found: Arial, Liberation Sans, Bitstream Vera Sans, sans-serif
[2026-01-02T14:08:37.789+0000] {font_manager.py:1333} WARNING - findfont: Generic family 'sans-serif' not found because none of the following families were found: Arial, Liberation Sans, Bitstream Vera Sans, sans-serif
[2026-01-02T14:08:37.811+0000] {font_manager.py:1333} WARNING - findfont: Generic family 'sans-serif' not found because none of the following families were found: Arial, Liberation Sans, Bitstream Vera Sans, sans-serif
[2026-01-02T14:08:37.812+0000] {font_manager.py:1333} WARNING - findfont: Generic family 'sans-serif' not found because none of the following families were found: Arial, Liberation Sans, Bitstream Vera Sans, sans-serif
[2026-01-02T14:08:37.819+0000] {font_manager.py:1333} WARNING - findfont: Generic family 'sans-serif' not found because none of the following families were found: Arial, Liberation Sans, Bitstream Vera Sans, sans-serif
[2026-01-02T14:08:37.820+0000] {font_manager.py:1333} WARNING - findfont: Generic family 'sans-serif' not found because none of the following families were found: Arial, Liberation Sans, Bitstream Vera Sans, sans-serif
[2026-01-02T14:08:37.825+0000] {font_manager.py:1333} WARNING - findfont: Generic family 'sans-serif' not found because none of the following families were found: Arial, Liberation Sans, Bitstream Vera Sans, sans-serif
[2026-01-02T14:08:37.827+0000] {font_manager.py:1333} WARNING - findfont: Generic family 'sans-serif' not found because none of the following families were found: Arial, Liberation Sans, Bitstream Vera Sans, sans-serif
[2026-01-02T14:08:37.857+0000] {font_manager.py:1333} WARNING - findfont: Generic family 'sans-serif' not found because none of the following families were found: Arial, Liberation Sans, Bitstream Vera Sans, sans-serif
[2026-01-02T14:08:37.863+0000] {font_manager.py:1333} WARNING - findfont: Generic family 'sans-serif' not found because none of the following families were found: Arial, Liberation Sans, Bitstream Vera Sans, sans-serif
[2026-01-02T14:08:37.889+0000] {font_manager.py:1333} WARNING - findfont: Generic family 'sans-serif' not found because none of the following families were found: Arial, Liberation Sans, Bitstream Vera Sans, sans-serif
[2026-01-02T14:08:37.896+0000] {font_manager.py:1333} WARNING - findfont: Generic family 'sans-serif' not found because none of the following families were found: Arial, Liberation Sans, Bitstream Vera Sans, sans-serif
[2026-01-02T14:08:37.929+0000] {font_manager.py:1333} WARNING - findfont: Generic family 'sans-serif' not found because none of the following families were found: Arial, Liberation Sans, Bitstream Vera Sans, sans-serif
[2026-01-02T14:08:37.941+0000] {font_manager.py:1333} WARNING - findfont: Generic family 'sans-serif' not found because none of the following families were found: Arial, Liberation Sans, Bitstream Vera Sans, sans-serif
[2026-01-02T14:08:37.943+0000] {font_manager.py:1333} WARNING - findfont: Generic family 'sans-serif' not found because none of the following families were found: Arial, Liberation Sans, Bitstream Vera Sans, sans-serif
[2026-01-02T14:08:37.954+0000] {font_manager.py:1333} WARNING - findfont: Generic family 'sans-serif' not found because none of the following families were found: Arial, Liberation Sans, Bitstream Vera Sans, sans-serif
[2026-01-02T14:08:37.960+0000] {font_manager.py:1333} WARNING - findfont: Generic family 'sans-serif' not found because none of the following families were found: Arial, Liberation Sans, Bitstream Vera Sans, sans-serif
[2026-01-02T14:08:37.966+0000] {font_manager.py:1333} WARNING - findfont: Generic family 'sans-serif' not found because none of the following families were found: Arial, Liberation Sans, Bitstream Vera Sans, sans-serif
[2026-01-02T14:08:37.971+0000] {font_manager.py:1333} WARNING - findfont: Generic family 'sans-serif' not found because none of the following families were found: Arial, Liberation Sans, Bitstream Vera Sans, sans-serif
[2026-01-02T14:08:38.292+0000] {font_manager.py:1333} WARNING - findfont: Generic family 'sans-serif' not found because none of the following families were found: Arial, Liberation Sans, Bitstream Vera Sans, sans-serif
[2026-01-02T14:08:38.298+0000] {font_manager.py:1333} WARNING - findfont: Generic family 'sans-serif' not found because none of the following families were found: Arial, Liberation Sans, Bitstream Vera Sans, sans-serif
[2026-01-02T14:08:38.309+0000] {font_manager.py:1333} WARNING - findfont: Generic family 'sans-serif' not found because none of the following families were found: Arial, Liberation Sans, Bitstream Vera Sans, sans-serif
[2026-01-02T14:08:38.311+0000] {font_manager.py:1333} WARNING - findfont: Generic family 'sans-serif' not found because none of the following families were found: Arial, Liberation Sans, Bitstream Vera Sans, sans-serif
[2026-01-02T14:08:38.313+0000] {font_manager.py:1333} WARNING - findfont: Generic family 'sans-serif' not found because none of the following families were found: Arial, Liberation Sans, Bitstream Vera Sans, sans-serif
[2026-01-02T14:08:38.314+0000] {font_manager.py:1333} WARNING - findfont: Generic family 'sans-serif' not found because none of the following families were found: Arial, Liberation Sans, Bitstream Vera Sans, sans-serif
[2026-01-02T14:08:38.320+0000] {font_manager.py:1333} WARNING - findfont: Generic family 'sans-serif' not found because none of the following families were found: Arial, Liberation Sans, Bitstream Vera Sans, sans-serif
[2026-01-02T14:08:38.323+0000] {font_manager.py:1333} WARNING - findfont: Generic family 'sans-serif' not found because none of the following families were found: Arial, Liberation Sans, Bitstream Vera Sans, sans-serif
[2026-01-02T14:08:38.346+0000] {font_manager.py:1333} WARNING - findfont: Generic family 'sans-serif' not found because none of the following families were found: Arial, Liberation Sans, Bitstream Vera Sans, sans-serif
[2026-01-02T14:08:38.349+0000] {font_manager.py:1333} WARNING - findfont: Generic family 'sans-serif' not found because none of the following families were found: Arial, Liberation Sans, Bitstream Vera Sans, sans-serif
[2026-01-02T14:08:38.353+0000] {font_manager.py:1333} WARNING - findfont: Generic family 'sans-serif' not found because none of the following families were found: Arial, Liberation Sans, Bitstream Vera Sans, sans-serif
[2026-01-02T14:08:38.356+0000] {font_manager.py:1333} WARNING - findfont: Generic family 'sans-serif' not found because none of the following families were found: Arial, Liberation Sans, Bitstream Vera Sans, sans-serif
[2026-01-02T14:08:38.369+0000] {font_manager.py:1333} WARNING - findfont: Generic family 'sans-serif' not found because none of the following families were found: Arial, Liberation Sans, Bitstream Vera Sans, sans-serif
[2026-01-02T14:08:38.370+0000] {font_manager.py:1333} WARNING - findfont: Generic family 'sans-serif' not found because none of the following families were found: Arial, Liberation Sans, Bitstream Vera Sans, sans-serif
[2026-01-02T14:08:38.373+0000] {font_manager.py:1333} WARNING - findfont: Generic family 'sans-serif' not found because none of the following families were found: Arial, Liberation Sans, Bitstream Vera Sans, sans-serif
[2026-01-02T14:08:38.377+0000] {font_manager.py:1333} WARNING - findfont: Generic family 'sans-serif' not found because none of the following families were found: Arial, Liberation Sans, Bitstream Vera Sans, sans-serif
[2026-01-02T14:08:38.379+0000] {font_manager.py:1333} WARNING - findfont: Generic family 'sans-serif' not found because none of the following families were found: Arial, Liberation Sans, Bitstream Vera Sans, sans-serif
[2026-01-02T14:08:38.380+0000] {font_manager.py:1333} WARNING - findfont: Generic family 'sans-serif' not found because none of the following families were found: Arial, Liberation Sans, Bitstream Vera Sans, sans-serif
[2026-01-02T14:08:38.381+0000] {font_manager.py:1333} WARNING - findfont: Generic family 'sans-serif' not found because none of the following families were found: Arial, Liberation Sans, Bitstream Vera Sans, sans-serif
[2026-01-02T14:08:38.384+0000] {font_manager.py:1333} WARNING - findfont: Generic family 'sans-serif' not found because none of the following families were found: Arial, Liberation Sans, Bitstream Vera Sans, sans-serif
[2026-01-02T14:08:38.387+0000] {font_manager.py:1333} WARNING - findfont: Generic family 'sans-serif' not found because none of the following families were found: Arial, Liberation Sans, Bitstream Vera Sans, sans-serif
[2026-01-02T14:08:38.391+0000] {font_manager.py:1333} WARNING - findfont: Generic family 'sans-serif' not found because none of the following families were found: Arial, Liberation Sans, Bitstream Vera Sans, sans-serif
[2026-01-02T14:08:38.394+0000] {font_manager.py:1333} WARNING - findfont: Generic family 'sans-serif' not found because none of the following families were found: Arial, Liberation Sans, Bitstream Vera Sans, sans-serif
[2026-01-02T14:08:38.397+0000] {font_manager.py:1333} WARNING - findfont: Generic family 'sans-serif' not found because none of the following families were found: Arial, Liberation Sans, Bitstream Vera Sans, sans-serif
[2026-01-02T14:08:38.400+0000] {font_manager.py:1333} WARNING - findfont: Generic family 'sans-serif' not found because none of the following families were found: Arial, Liberation Sans, Bitstream Vera Sans, sans-serif
[2026-01-02T14:08:38.405+0000] {font_manager.py:1333} WARNING - findfont: Generic family 'sans-serif' not found because none of the following families were found: Arial, Liberation Sans, Bitstream Vera Sans, sans-serif
[2026-01-02T14:08:38.416+0000] {font_manager.py:1333} WARNING - findfont: Generic family 'sans-serif' not found because none of the following families were found: Arial, Liberation Sans, Bitstream Vera Sans, sans-serif
[2026-01-02T14:08:38.447+0000] {font_manager.py:1333} WARNING - findfont: Generic family 'sans-serif' not found because none of the following families were found: Arial, Liberation Sans, Bitstream Vera Sans, sans-serif
[2026-01-02T14:08:38.450+0000] {font_manager.py:1333} WARNING - findfont: Generic family 'sans-serif' not found because none of the following families were found: Arial, Liberation Sans, Bitstream Vera Sans, sans-serif
[2026-01-02T14:08:38.465+0000] {font_manager.py:1333} WARNING - findfont: Generic family 'sans-serif' not found because none of the following families were found: Arial, Liberation Sans, Bitstream Vera Sans, sans-serif
[2026-01-02T14:08:38.470+0000] {font_manager.py:1333} WARNING - findfont: Generic family 'sans-serif' not found because none of the following families were found: Arial, Liberation Sans, Bitstream Vera Sans, sans-serif
[2026-01-02T14:08:38.476+0000] {font_manager.py:1333} WARNING - findfont: Generic family 'sans-serif' not found because none of the following families were found: Arial, Liberation Sans, Bitstream Vera Sans, sans-serif
[2026-01-02T14:08:38.481+0000] {font_manager.py:1333} WARNING - findfont: Generic family 'sans-serif' not found because none of the following families were found: Arial, Liberation Sans, Bitstream Vera Sans, sans-serif
[2026-01-02T14:08:38.486+0000] {font_manager.py:1333} WARNING - findfont: Generic family 'sans-serif' not found because none of the following families were found: Arial, Liberation Sans, Bitstream Vera Sans, sans-serif
[2026-01-02T14:08:38.496+0000] {font_manager.py:1333} WARNING - findfont: Generic family 'sans-serif' not found because none of the following families were found: Arial, Liberation Sans, Bitstream Vera Sans, sans-serif
[2026-01-02T14:08:38.501+0000] {font_manager.py:1333} WARNING - findfont: Generic family 'sans-serif' not found because none of the following families were found: Arial, Liberation Sans, Bitstream Vera Sans, sans-serif
[2026-01-02T14:08:38.531+0000] {font_manager.py:1333} WARNING - findfont: Generic family 'sans-serif' not found because none of the following families were found: Arial, Liberation Sans, Bitstream Vera Sans, sans-serif
[2026-01-02T14:08:38.599+0000] {font_manager.py:1333} WARNING - findfont: Generic family 'sans-serif' not found because none of the following families were found: Arial, Liberation Sans, Bitstream Vera Sans, sans-serif
[2026-01-02T14:08:38.601+0000] {font_manager.py:1333} WARNING - findfont: Generic family 'sans-serif' not found because none of the following families were found: Arial, Liberation Sans, Bitstream Vera Sans, sans-serif
[2026-01-02T14:08:38.606+0000] {font_manager.py:1333} WARNING - findfont: Generic family 'sans-serif' not found because none of the following families were found: Arial, Liberation Sans, Bitstream Vera Sans, sans-serif
[2026-01-02T14:08:38.620+0000] {font_manager.py:1333} WARNING - findfont: Generic family 'sans-serif' not found because none of the following families were found: Arial, Liberation Sans, Bitstream Vera Sans, sans-serif
[2026-01-02T14:08:38.620+0000] {font_manager.py:1333} WARNING - findfont: Generic family 'sans-serif' not found because none of the following families were found: Arial, Liberation Sans, Bitstream Vera Sans, sans-serif
[2026-01-02T14:08:38.629+0000] {font_manager.py:1333} WARNING - findfont: Generic family 'sans-serif' not found because none of the following families were found: Arial, Liberation Sans, Bitstream Vera Sans, sans-serif
[2026-01-02T14:08:38.630+0000] {font_manager.py:1333} WARNING - findfont: Generic family 'sans-serif' not found because none of the following families were found: Arial, Liberation Sans, Bitstream Vera Sans, sans-serif
[2026-01-02T14:08:38.631+0000] {font_manager.py:1333} WARNING - findfont: Generic family 'sans-serif' not found because none of the following families were found: Arial, Liberation Sans, Bitstream Vera Sans, sans-serif
[2026-01-02T14:08:38.631+0000] {font_manager.py:1333} WARNING - findfont: Generic family 'sans-serif' not found because none of the following families were found: Arial, Liberation Sans, Bitstream Vera Sans, sans-serif
[2026-01-02T14:08:38.632+0000] {font_manager.py:1333} WARNING - findfont: Generic family 'sans-serif' not found because none of the following families were found: Arial, Liberation Sans, Bitstream Vera Sans, sans-serif
[2026-01-02T14:08:38.634+0000] {font_manager.py:1333} WARNING - findfont: Generic family 'sans-serif' not found because none of the following families were found: Arial, Liberation Sans, Bitstream Vera Sans, sans-serif
[2026-01-02T14:08:38.640+0000] {font_manager.py:1333} WARNING - findfont: Generic family 'sans-serif' not found because none of the following families were found: Arial, Liberation Sans, Bitstream Vera Sans, sans-serif
[2026-01-02T14:08:38.642+0000] {font_manager.py:1333} WARNING - findfont: Generic family 'sans-serif' not found because none of the following families were found: Arial, Liberation Sans, Bitstream Vera Sans, sans-serif
[2026-01-02T14:08:38.650+0000] {font_manager.py:1333} WARNING - findfont: Generic family 'sans-serif' not found because none of the following families were found: Arial, Liberation Sans, Bitstream Vera Sans, sans-serif
[2026-01-02T14:08:38.651+0000] {font_manager.py:1333} WARNING - findfont: Generic family 'sans-serif' not found because none of the following families were found: Arial, Liberation Sans, Bitstream Vera Sans, sans-serif
[2026-01-02T14:08:38.656+0000] {font_manager.py:1333} WARNING - findfont: Generic family 'sans-serif' not found because none of the following families were found: Arial, Liberation Sans, Bitstream Vera Sans, sans-serif
[2026-01-02T14:08:38.659+0000] {font_manager.py:1333} WARNING - findfont: Generic family 'sans-serif' not found because none of the following families were found: Arial, Liberation Sans, Bitstream Vera Sans, sans-serif
[2026-01-02T14:08:38.661+0000] {font_manager.py:1333} WARNING - findfont: Generic family 'sans-serif' not found because none of the following families were found: Arial, Liberation Sans, Bitstream Vera Sans, sans-serif
[2026-01-02T14:08:38.664+0000] {font_manager.py:1333} WARNING - findfont: Generic family 'sans-serif' not found because none of the following families were found: Arial, Liberation Sans, Bitstream Vera Sans, sans-serif
[2026-01-02T14:08:38.666+0000] {font_manager.py:1333} WARNING - findfont: Generic family 'sans-serif' not found because none of the following families were found: Arial, Liberation Sans, Bitstream Vera Sans, sans-serif
[2026-01-02T14:08:38.668+0000] {font_manager.py:1333} WARNING - findfont: Generic family 'sans-serif' not found because none of the following families were found: Arial, Liberation Sans, Bitstream Vera Sans, sans-serif
[2026-01-02T14:08:38.671+0000] {font_manager.py:1333} WARNING - findfont: Generic family 'sans-serif' not found because none of the following families were found: Arial, Liberation Sans, Bitstream Vera Sans, sans-serif
[2026-01-02T14:08:41.013+0000] {font_manager.py:1333} WARNING - findfont: Generic family 'sans-serif' not found because none of the following families were found: Arial, Liberation Sans, Bitstream Vera Sans, sans-serif
[2026-01-02T14:08:41.016+0000] {font_manager.py:1333} WARNING - findfont: Generic family 'sans-serif' not found because none of the following families were found: Arial, Liberation Sans, Bitstream Vera Sans, sans-serif
[2026-01-02T14:08:41.019+0000] {font_manager.py:1333} WARNING - findfont: Generic family 'sans-serif' not found because none of the following families were found: Arial, Liberation Sans, Bitstream Vera Sans, sans-serif
[2026-01-02T14:08:41.028+0000] {font_manager.py:1333} WARNING - findfont: Generic family 'sans-serif' not found because none of the following families were found: Arial, Liberation Sans, Bitstream Vera Sans, sans-serif
[2026-01-02T14:08:41.033+0000] {font_manager.py:1333} WARNING - findfont: Generic family 'sans-serif' not found because none of the following families were found: Arial, Liberation Sans, Bitstream Vera Sans, sans-serif
[2026-01-02T14:08:41.036+0000] {font_manager.py:1333} WARNING - findfont: Generic family 'sans-serif' not found because none of the following families were found: Arial, Liberation Sans, Bitstream Vera Sans, sans-serif
[2026-01-02T14:08:41.049+0000] {font_manager.py:1333} WARNING - findfont: Generic family 'sans-serif' not found because none of the following families were found: Arial, Liberation Sans, Bitstream Vera Sans, sans-serif
[2026-01-02T14:08:41.056+0000] {font_manager.py:1333} WARNING - findfont: Generic family 'sans-serif' not found because none of the following families were found: Arial, Liberation Sans, Bitstream Vera Sans, sans-serif
[2026-01-02T14:08:41.094+0000] {font_manager.py:1333} WARNING - findfont: Generic family 'sans-serif' not found because none of the following families were found: Arial, Liberation Sans, Bitstream Vera Sans, sans-serif
[2026-01-02T14:08:41.096+0000] {font_manager.py:1400} WARNING - findfont: Font family ['sans-serif'] not found. Falling back to DejaVu Sans.
[2026-01-02T14:08:41.097+0000] {font_manager.py:1405} WARNING - findfont: Generic family 'sans-serif' not found because none of the following families were found: Arial, Liberation Sans, Bitstream Vera Sans, sans-serif
[2026-01-02T14:08:41.119+0000] {font_manager.py:1333} WARNING - findfont: Generic family 'sans-serif' not found because none of the following families were found: Arial, Liberation Sans, Bitstream Vera Sans, sans-serif
[2026-01-02T14:08:41.126+0000] {font_manager.py:1333} WARNING - findfont: Generic family 'sans-serif' not found because none of the following families were found: Arial, Liberation Sans, Bitstream Vera Sans, sans-serif
[2026-01-02T14:08:41.458+0000] {font_manager.py:1333} WARNING - findfont: Generic family 'sans-serif' not found because none of the following families were found: Arial, Liberation Sans, Bitstream Vera Sans, sans-serif
[2026-01-02T14:08:41.489+0000] {font_manager.py:1333} WARNING - findfont: Generic family 'sans-serif' not found because none of the following families were found: Arial, Liberation Sans, Bitstream Vera Sans, sans-serif
[2026-01-02T14:08:41.490+0000] {font_manager.py:1333} WARNING - findfont: Generic family 'sans-serif' not found because none of the following families were found: Arial, Liberation Sans, Bitstream Vera Sans, sans-serif
[2026-01-02T14:08:41.499+0000] {font_manager.py:1333} WARNING - findfont: Generic family 'sans-serif' not found because none of the following families were found: Arial, Liberation Sans, Bitstream Vera Sans, sans-serif
[2026-01-02T14:08:41.500+0000] {font_manager.py:1333} WARNING - findfont: Generic family 'sans-serif' not found because none of the following families were found: Arial, Liberation Sans, Bitstream Vera Sans, sans-serif
[2026-01-02T14:08:41.528+0000] {font_manager.py:1333} WARNING - findfont: Generic family 'sans-serif' not found because none of the following families were found: Arial, Liberation Sans, Bitstream Vera Sans, sans-serif
[2026-01-02T14:08:41.534+0000] {font_manager.py:1333} WARNING - findfont: Generic family 'sans-serif' not found because none of the following families were found: Arial, Liberation Sans, Bitstream Vera Sans, sans-serif
[2026-01-02T14:08:41.539+0000] {font_manager.py:1333} WARNING - findfont: Generic family 'sans-serif' not found because none of the following families were found: Arial, Liberation Sans, Bitstream Vera Sans, sans-serif
[2026-01-02T14:08:41.558+0000] {font_manager.py:1333} WARNING - findfont: Generic family 'sans-serif' not found because none of the following families were found: Arial, Liberation Sans, Bitstream Vera Sans, sans-serif
[2026-01-02T14:08:41.562+0000] {font_manager.py:1333} WARNING - findfont: Generic family 'sans-serif' not found because none of the following families were found: Arial, Liberation Sans, Bitstream Vera Sans, sans-serif
[2026-01-02T14:08:41.576+0000] {font_manager.py:1333} WARNING - findfont: Generic family 'sans-serif' not found because none of the following families were found: Arial, Liberation Sans, Bitstream Vera Sans, sans-serif
[2026-01-02T14:08:41.587+0000] {font_manager.py:1333} WARNING - findfont: Generic family 'sans-serif' not found because none of the following families were found: Arial, Liberation Sans, Bitstream Vera Sans, sans-serif
[2026-01-02T14:08:41.588+0000] {font_manager.py:1333} WARNING - findfont: Generic family 'sans-serif' not found because none of the following families were found: Arial, Liberation Sans, Bitstream Vera Sans, sans-serif
[2026-01-02T14:08:41.593+0000] {font_manager.py:1333} WARNING - findfont: Generic family 'sans-serif' not found because none of the following families were found: Arial, Liberation Sans, Bitstream Vera Sans, sans-serif
[2026-01-02T14:08:41.601+0000] {font_manager.py:1333} WARNING - findfont: Generic family 'sans-serif' not found because none of the following families were found: Arial, Liberation Sans, Bitstream Vera Sans, sans-serif
[2026-01-02T14:08:41.628+0000] {font_manager.py:1333} WARNING - findfont: Generic family 'sans-serif' not found because none of the following families were found: Arial, Liberation Sans, Bitstream Vera Sans, sans-serif
[2026-01-02T14:08:41.633+0000] {font_manager.py:1333} WARNING - findfont: Generic family 'sans-serif' not found because none of the following families were found: Arial, Liberation Sans, Bitstream Vera Sans, sans-serif
[2026-01-02T14:08:41.757+0000] {font_manager.py:1333} WARNING - findfont: Generic family 'sans-serif' not found because none of the following families were found: Arial, Liberation Sans, Bitstream Vera Sans, sans-serif
[2026-01-02T14:08:41.762+0000] {font_manager.py:1333} WARNING - findfont: Generic family 'sans-serif' not found because none of the following families were found: Arial, Liberation Sans, Bitstream Vera Sans, sans-serif
[2026-01-02T14:08:41.765+0000] {font_manager.py:1333} WARNING - findfont: Generic family 'sans-serif' not found because none of the following families were found: Arial, Liberation Sans, Bitstream Vera Sans, sans-serif
[2026-01-02T14:08:41.785+0000] {font_manager.py:1333} WARNING - findfont: Generic family 'sans-serif' not found because none of the following families were found: Arial, Liberation Sans, Bitstream Vera Sans, sans-serif
[2026-01-02T14:08:41.788+0000] {font_manager.py:1333} WARNING - findfont: Generic family 'sans-serif' not found because none of the following families were found: Arial, Liberation Sans, Bitstream Vera Sans, sans-serif
[2026-01-02T14:08:41.790+0000] {font_manager.py:1333} WARNING - findfont: Generic family 'sans-serif' not found because none of the following families were found: Arial, Liberation Sans, Bitstream Vera Sans, sans-serif
[2026-01-02T14:08:41.864+0000] {font_manager.py:1333} WARNING - findfont: Generic family 'sans-serif' not found because none of the following families were found: Arial, Liberation Sans, Bitstream Vera Sans, sans-serif
[2026-01-02T14:08:41.867+0000] {font_manager.py:1333} WARNING - findfont: Generic family 'sans-serif' not found because none of the following families were found: Arial, Liberation Sans, Bitstream Vera Sans, sans-serif
[2026-01-02T14:08:41.869+0000] {font_manager.py:1333} WARNING - findfont: Generic family 'sans-serif' not found because none of the following families were found: Arial, Liberation Sans, Bitstream Vera Sans, sans-serif
[2026-01-02T14:08:41.927+0000] {font_manager.py:1333} WARNING - findfont: Generic family 'sans-serif' not found because none of the following families were found: Arial, Liberation Sans, Bitstream Vera Sans, sans-serif
[2026-01-02T14:08:41.928+0000] {font_manager.py:1333} WARNING - findfont: Generic family 'sans-serif' not found because none of the following families were found: Arial, Liberation Sans, Bitstream Vera Sans, sans-serif
[2026-01-02T14:08:41.930+0000] {font_manager.py:1333} WARNING - findfont: Generic family 'sans-serif' not found because none of the following families were found: Arial, Liberation Sans, Bitstream Vera Sans, sans-serif
[2026-01-02T14:08:41.935+0000] {font_manager.py:1333} WARNING - findfont: Generic family 'sans-serif' not found because none of the following families were found: Arial, Liberation Sans, Bitstream Vera Sans, sans-serif
[2026-01-02T14:08:41.939+0000] {font_manager.py:1333} WARNING - findfont: Generic family 'sans-serif' not found because none of the following families were found: Arial, Liberation Sans, Bitstream Vera Sans, sans-serif
[2026-01-02T14:08:41.941+0000] {font_manager.py:1333} WARNING - findfont: Generic family 'sans-serif' not found because none of the following families were found: Arial, Liberation Sans, Bitstream Vera Sans, sans-serif
[2026-01-02T14:08:41.944+0000] {font_manager.py:1333} WARNING - findfont: Generic family 'sans-serif' not found because none of the following families were found: Arial, Liberation Sans, Bitstream Vera Sans, sans-serif
[2026-01-02T14:08:41.946+0000] {font_manager.py:1333} WARNING - findfont: Generic family 'sans-serif' not found because none of the following families were found: Arial, Liberation Sans, Bitstream Vera Sans, sans-serif
[2026-01-02T14:08:41.974+0000] {font_manager.py:1333} WARNING - findfont: Generic family 'sans-serif' not found because none of the following families were found: Arial, Liberation Sans, Bitstream Vera Sans, sans-serif
[2026-01-02T14:08:42.010+0000] {font_manager.py:1333} WARNING - findfont: Generic family 'sans-serif' not found because none of the following families were found: Arial, Liberation Sans, Bitstream Vera Sans, sans-serif
[2026-01-02T14:08:42.013+0000] {font_manager.py:1333} WARNING - findfont: Generic family 'sans-serif' not found because none of the following families were found: Arial, Liberation Sans, Bitstream Vera Sans, sans-serif
[2026-01-02T14:08:42.047+0000] {font_manager.py:1333} WARNING - findfont: Generic family 'sans-serif' not found because none of the following families were found: Arial, Liberation Sans, Bitstream Vera Sans, sans-serif
[2026-01-02T14:08:42.060+0000] {font_manager.py:1333} WARNING - findfont: Generic family 'sans-serif' not found because none of the following families were found: Arial, Liberation Sans, Bitstream Vera Sans, sans-serif
[2026-01-02T14:08:42.070+0000] {font_manager.py:1333} WARNING - findfont: Generic family 'sans-serif' not found because none of the following families were found: Arial, Liberation Sans, Bitstream Vera Sans, sans-serif
[2026-01-02T14:08:42.076+0000] {font_manager.py:1333} WARNING - findfont: Generic family 'sans-serif' not found because none of the following families were found: Arial, Liberation Sans, Bitstream Vera Sans, sans-serif
[2026-01-02T14:08:42.079+0000] {font_manager.py:1333} WARNING - findfont: Generic family 'sans-serif' not found because none of the following families were found: Arial, Liberation Sans, Bitstream Vera Sans, sans-serif
[2026-01-02T14:08:42.090+0000] {font_manager.py:1333} WARNING - findfont: Generic family 'sans-serif' not found because none of the following families were found: Arial, Liberation Sans, Bitstream Vera Sans, sans-serif
[2026-01-02T14:08:42.094+0000] {font_manager.py:1333} WARNING - findfont: Generic family 'sans-serif' not found because none of the following families were found: Arial, Liberation Sans, Bitstream Vera Sans, sans-serif
[2026-01-02T14:08:42.165+0000] {font_manager.py:1333} WARNING - findfont: Generic family 'sans-serif' not found because none of the following families were found: Arial, Liberation Sans, Bitstream Vera Sans, sans-serif
[2026-01-02T14:08:42.178+0000] {font_manager.py:1333} WARNING - findfont: Generic family 'sans-serif' not found because none of the following families were found: Arial, Liberation Sans, Bitstream Vera Sans, sans-serif
[2026-01-02T14:08:42.182+0000] {font_manager.py:1333} WARNING - findfont: Generic family 'sans-serif' not found because none of the following families were found: Arial, Liberation Sans, Bitstream Vera Sans, sans-serif
[2026-01-02T14:08:42.185+0000] {font_manager.py:1333} WARNING - findfont: Generic family 'sans-serif' not found because none of the following families were found: Arial, Liberation Sans, Bitstream Vera Sans, sans-serif
[2026-01-02T14:08:42.188+0000] {font_manager.py:1333} WARNING - findfont: Generic family 'sans-serif' not found because none of the following families were found: Arial, Liberation Sans, Bitstream Vera Sans, sans-serif
[2026-01-02T14:08:42.195+0000] {font_manager.py:1333} WARNING - findfont: Generic family 'sans-serif' not found because none of the following families were found: Arial, Liberation Sans, Bitstream Vera Sans, sans-serif
[2026-01-02T14:08:42.201+0000] {font_manager.py:1333} WARNING - findfont: Generic family 'sans-serif' not found because none of the following families were found: Arial, Liberation Sans, Bitstream Vera Sans, sans-serif
[2026-01-02T14:08:42.327+0000] {font_manager.py:1333} WARNING - findfont: Generic family 'sans-serif' not found because none of the following families were found: Arial, Liberation Sans, Bitstream Vera Sans, sans-serif
[2026-01-02T14:08:42.331+0000] {font_manager.py:1333} WARNING - findfont: Generic family 'sans-serif' not found because none of the following families were found: Arial, Liberation Sans, Bitstream Vera Sans, sans-serif
[2026-01-02T14:08:42.360+0000] {font_manager.py:1333} WARNING - findfont: Generic family 'sans-serif' not found because none of the following families were found: Arial, Liberation Sans, Bitstream Vera Sans, sans-serif
[2026-01-02T14:08:42.361+0000] {font_manager.py:1333} WARNING - findfont: Generic family 'sans-serif' not found because none of the following families were found: Arial, Liberation Sans, Bitstream Vera Sans, sans-serif
[2026-01-02T14:08:42.362+0000] {font_manager.py:1333} WARNING - findfont: Generic family 'sans-serif' not found because none of the following families were found: Arial, Liberation Sans, Bitstream Vera Sans, sans-serif
[2026-01-02T14:08:42.363+0000] {font_manager.py:1333} WARNING - findfont: Generic family 'sans-serif' not found because none of the following families were found: Arial, Liberation Sans, Bitstream Vera Sans, sans-serif
[2026-01-02T14:08:42.374+0000] {font_manager.py:1333} WARNING - findfont: Generic family 'sans-serif' not found because none of the following families were found: Arial, Liberation Sans, Bitstream Vera Sans, sans-serif
[2026-01-02T14:08:42.379+0000] {font_manager.py:1333} WARNING - findfont: Generic family 'sans-serif' not found because none of the following families were found: Arial, Liberation Sans, Bitstream Vera Sans, sans-serif
[2026-01-02T14:08:42.385+0000] {font_manager.py:1333} WARNING - findfont: Generic family 'sans-serif' not found because none of the following families were found: Arial, Liberation Sans, Bitstream Vera Sans, sans-serif
[2026-01-02T14:08:42.399+0000] {font_manager.py:1333} WARNING - findfont: Generic family 'sans-serif' not found because none of the following families were found: Arial, Liberation Sans, Bitstream Vera Sans, sans-serif
[2026-01-02T14:08:42.407+0000] {font_manager.py:1333} WARNING - findfont: Generic family 'sans-serif' not found because none of the following families were found: Arial, Liberation Sans, Bitstream Vera Sans, sans-serif
[2026-01-02T14:08:42.416+0000] {font_manager.py:1333} WARNING - findfont: Generic family 'sans-serif' not found because none of the following families were found: Arial, Liberation Sans, Bitstream Vera Sans, sans-serif
[2026-01-02T14:08:42.430+0000] {font_manager.py:1333} WARNING - findfont: Generic family 'sans-serif' not found because none of the following families were found: Arial, Liberation Sans, Bitstream Vera Sans, sans-serif
[2026-01-02T14:08:42.432+0000] {font_manager.py:1333} WARNING - findfont: Generic family 'sans-serif' not found because none of the following families were found: Arial, Liberation Sans, Bitstream Vera Sans, sans-serif
[2026-01-02T14:08:42.433+0000] {font_manager.py:1333} WARNING - findfont: Generic family 'sans-serif' not found because none of the following families were found: Arial, Liberation Sans, Bitstream Vera Sans, sans-serif
[2026-01-02T14:08:42.438+0000] {font_manager.py:1333} WARNING - findfont: Generic family 'sans-serif' not found because none of the following families were found: Arial, Liberation Sans, Bitstream Vera Sans, sans-serif
[2026-01-02T14:08:42.464+0000] {font_manager.py:1333} WARNING - findfont: Generic family 'sans-serif' not found because none of the following families were found: Arial, Liberation Sans, Bitstream Vera Sans, sans-serif
[2026-01-02T14:08:42.475+0000] {font_manager.py:1333} WARNING - findfont: Generic family 'sans-serif' not found because none of the following families were found: Arial, Liberation Sans, Bitstream Vera Sans, sans-serif
[2026-01-02T14:08:42.477+0000] {font_manager.py:1333} WARNING - findfont: Generic family 'sans-serif' not found because none of the following families were found: Arial, Liberation Sans, Bitstream Vera Sans, sans-serif
[2026-01-02T14:08:42.479+0000] {font_manager.py:1333} WARNING - findfont: Generic family 'sans-serif' not found because none of the following families were found: Arial, Liberation Sans, Bitstream Vera Sans, sans-serif
[2026-01-02T14:08:42.524+0000] {font_manager.py:1333} WARNING - findfont: Generic family 'sans-serif' not found because none of the following families were found: Arial, Liberation Sans, Bitstream Vera Sans, sans-serif
[2026-01-02T14:08:42.530+0000] {font_manager.py:1333} WARNING - findfont: Generic family 'sans-serif' not found because none of the following families were found: Arial, Liberation Sans, Bitstream Vera Sans, sans-serif
[2026-01-02T14:08:42.537+0000] {font_manager.py:1333} WARNING - findfont: Generic family 'sans-serif' not found because none of the following families were found: Arial, Liberation Sans, Bitstream Vera Sans, sans-serif
[2026-01-02T14:08:42.539+0000] {font_manager.py:1333} WARNING - findfont: Generic family 'sans-serif' not found because none of the following families were found: Arial, Liberation Sans, Bitstream Vera Sans, sans-serif
[2026-01-02T14:08:42.541+0000] {font_manager.py:1333} WARNING - findfont: Generic family 'sans-serif' not found because none of the following families were found: Arial, Liberation Sans, Bitstream Vera Sans, sans-serif
[2026-01-02T14:08:42.551+0000] {font_manager.py:1333} WARNING - findfont: Generic family 'sans-serif' not found because none of the following families were found: Arial, Liberation Sans, Bitstream Vera Sans, sans-serif
[2026-01-02T14:08:42.562+0000] {font_manager.py:1333} WARNING - findfont: Generic family 'sans-serif' not found because none of the following families were found: Arial, Liberation Sans, Bitstream Vera Sans, sans-serif
[2026-01-02T14:08:42.573+0000] {font_manager.py:1333} WARNING - findfont: Generic family 'sans-serif' not found because none of the following families were found: Arial, Liberation Sans, Bitstream Vera Sans, sans-serif
[2026-01-02T14:08:42.616+0000] {font_manager.py:1333} WARNING - findfont: Generic family 'sans-serif' not found because none of the following families were found: Arial, Liberation Sans, Bitstream Vera Sans, sans-serif
[2026-01-02T14:08:42.623+0000] {font_manager.py:1333} WARNING - findfont: Generic family 'sans-serif' not found because none of the following families were found: Arial, Liberation Sans, Bitstream Vera Sans, sans-serif
[2026-01-02T14:08:42.625+0000] {font_manager.py:1333} WARNING - findfont: Generic family 'sans-serif' not found because none of the following families were found: Arial, Liberation Sans, Bitstream Vera Sans, sans-serif
[2026-01-02T14:08:42.636+0000] {font_manager.py:1333} WARNING - findfont: Generic family 'sans-serif' not found because none of the following families were found: Arial, Liberation Sans, Bitstream Vera Sans, sans-serif
[2026-01-02T14:08:42.639+0000] {font_manager.py:1333} WARNING - findfont: Generic family 'sans-serif' not found because none of the following families were found: Arial, Liberation Sans, Bitstream Vera Sans, sans-serif
[2026-01-02T14:08:42.643+0000] {font_manager.py:1333} WARNING - findfont: Generic family 'sans-serif' not found because none of the following families were found: Arial, Liberation Sans, Bitstream Vera Sans, sans-serif
[2026-01-02T14:08:42.645+0000] {font_manager.py:1333} WARNING - findfont: Generic family 'sans-serif' not found because none of the following families were found: Arial, Liberation Sans, Bitstream Vera Sans, sans-serif
[2026-01-02T14:08:42.649+0000] {font_manager.py:1333} WARNING - findfont: Generic family 'sans-serif' not found because none of the following families were found: Arial, Liberation Sans, Bitstream Vera Sans, sans-serif
[2026-01-02T14:08:42.669+0000] {font_manager.py:1333} WARNING - findfont: Generic family 'sans-serif' not found because none of the following families were found: Arial, Liberation Sans, Bitstream Vera Sans, sans-serif
[2026-01-02T14:08:42.676+0000] {font_manager.py:1333} WARNING - findfont: Generic family 'sans-serif' not found because none of the following families were found: Arial, Liberation Sans, Bitstream Vera Sans, sans-serif
[2026-01-02T14:08:42.733+0000] {font_manager.py:1333} WARNING - findfont: Generic family 'sans-serif' not found because none of the following families were found: Arial, Liberation Sans, Bitstream Vera Sans, sans-serif
[2026-01-02T14:08:42.738+0000] {font_manager.py:1333} WARNING - findfont: Generic family 'sans-serif' not found because none of the following families were found: Arial, Liberation Sans, Bitstream Vera Sans, sans-serif
[2026-01-02T14:08:42.741+0000] {font_manager.py:1333} WARNING - findfont: Generic family 'sans-serif' not found because none of the following families were found: Arial, Liberation Sans, Bitstream Vera Sans, sans-serif
[2026-01-02T14:08:42.744+0000] {font_manager.py:1333} WARNING - findfont: Generic family 'sans-serif' not found because none of the following families were found: Arial, Liberation Sans, Bitstream Vera Sans, sans-serif
[2026-01-02T14:08:42.747+0000] {font_manager.py:1333} WARNING - findfont: Generic family 'sans-serif' not found because none of the following families were found: Arial, Liberation Sans, Bitstream Vera Sans, sans-serif
[2026-01-02T14:08:42.750+0000] {font_manager.py:1333} WARNING - findfont: Generic family 'sans-serif' not found because none of the following families were found: Arial, Liberation Sans, Bitstream Vera Sans, sans-serif
[2026-01-02T14:08:42.753+0000] {font_manager.py:1333} WARNING - findfont: Generic family 'sans-serif' not found because none of the following families were found: Arial, Liberation Sans, Bitstream Vera Sans, sans-serif
[2026-01-02T14:08:42.800+0000] {font_manager.py:1333} WARNING - findfont: Generic family 'sans-serif' not found because none of the following families were found: Arial, Liberation Sans, Bitstream Vera Sans, sans-serif
[2026-01-02T14:08:42.802+0000] {font_manager.py:1333} WARNING - findfont: Generic family 'sans-serif' not found because none of the following families were found: Arial, Liberation Sans, Bitstream Vera Sans, sans-serif
[2026-01-02T14:08:42.809+0000] {font_manager.py:1333} WARNING - findfont: Generic family 'sans-serif' not found because none of the following families were found: Arial, Liberation Sans, Bitstream Vera Sans, sans-serif
[2026-01-02T14:08:42.827+0000] {font_manager.py:1333} WARNING - findfont: Generic family 'sans-serif' not found because none of the following families were found: Arial, Liberation Sans, Bitstream Vera Sans, sans-serif
[2026-01-02T14:08:42.845+0000] {font_manager.py:1333} WARNING - findfont: Generic family 'sans-serif' not found because none of the following families were found: Arial, Liberation Sans, Bitstream Vera Sans, sans-serif
[2026-01-02T14:08:42.851+0000] {font_manager.py:1333} WARNING - findfont: Generic family 'sans-serif' not found because none of the following families were found: Arial, Liberation Sans, Bitstream Vera Sans, sans-serif
[2026-01-02T14:08:42.882+0000] {font_manager.py:1333} WARNING - findfont: Generic family 'sans-serif' not found because none of the following families were found: Arial, Liberation Sans, Bitstream Vera Sans, sans-serif
[2026-01-02T14:08:42.887+0000] {font_manager.py:1333} WARNING - findfont: Generic family 'sans-serif' not found because none of the following families were found: Arial, Liberation Sans, Bitstream Vera Sans, sans-serif
[2026-01-02T14:08:42.890+0000] {font_manager.py:1333} WARNING - findfont: Generic family 'sans-serif' not found because none of the following families were found: Arial, Liberation Sans, Bitstream Vera Sans, sans-serif
[2026-01-02T14:08:42.916+0000] {font_manager.py:1333} WARNING - findfont: Generic family 'sans-serif' not found because none of the following families were found: Arial, Liberation Sans, Bitstream Vera Sans, sans-serif
[2026-01-02T14:08:42.919+0000] {font_manager.py:1333} WARNING - findfont: Generic family 'sans-serif' not found because none of the following families were found: Arial, Liberation Sans, Bitstream Vera Sans, sans-serif
[2026-01-02T14:08:42.925+0000] {font_manager.py:1333} WARNING - findfont: Generic family 'sans-serif' not found because none of the following families were found: Arial, Liberation Sans, Bitstream Vera Sans, sans-serif
[2026-01-02T14:08:42.928+0000] {font_manager.py:1333} WARNING - findfont: Generic family 'sans-serif' not found because none of the following families were found: Arial, Liberation Sans, Bitstream Vera Sans, sans-serif
[2026-01-02T14:08:42.933+0000] {font_manager.py:1333} WARNING - findfont: Generic family 'sans-serif' not found because none of the following families were found: Arial, Liberation Sans, Bitstream Vera Sans, sans-serif
[2026-01-02T14:08:42.939+0000] {font_manager.py:1333} WARNING - findfont: Generic family 'sans-serif' not found because none of the following families were found: Arial, Liberation Sans, Bitstream Vera Sans, sans-serif
[2026-01-02T14:08:42.942+0000] {font_manager.py:1333} WARNING - findfont: Generic family 'sans-serif' not found because none of the following families were found: Arial, Liberation Sans, Bitstream Vera Sans, sans-serif
[2026-01-02T14:08:43.004+0000] {font_manager.py:1333} WARNING - findfont: Generic family 'sans-serif' not found because none of the following families were found: Arial, Liberation Sans, Bitstream Vera Sans, sans-serif
[2026-01-02T14:08:43.013+0000] {font_manager.py:1333} WARNING - findfont: Generic family 'sans-serif' not found because none of the following families were found: Arial, Liberation Sans, Bitstream Vera Sans, sans-serif
[2026-01-02T14:08:43.019+0000] {font_manager.py:1333} WARNING - findfont: Generic family 'sans-serif' not found because none of the following families were found: Arial, Liberation Sans, Bitstream Vera Sans, sans-serif
[2026-01-02T14:08:43.031+0000] {font_manager.py:1333} WARNING - findfont: Generic family 'sans-serif' not found because none of the following families were found: Arial, Liberation Sans, Bitstream Vera Sans, sans-serif
[2026-01-02T14:08:44.261+0000] {font_manager.py:1333} WARNING - findfont: Generic family 'sans-serif' not found because none of the following families were found: Arial, Liberation Sans, Bitstream Vera Sans, sans-serif
[2026-01-02T14:08:44.262+0000] {font_manager.py:1333} WARNING - findfont: Generic family 'sans-serif' not found because none of the following families were found: Arial, Liberation Sans, Bitstream Vera Sans, sans-serif
[2026-01-02T14:08:44.266+0000] {font_manager.py:1333} WARNING - findfont: Generic family 'sans-serif' not found because none of the following families were found: Arial, Liberation Sans, Bitstream Vera Sans, sans-serif
[2026-01-02T14:08:44.270+0000] {font_manager.py:1333} WARNING - findfont: Generic family 'sans-serif' not found because none of the following families were found: Arial, Liberation Sans, Bitstream Vera Sans, sans-serif
[2026-01-02T14:08:44.272+0000] {font_manager.py:1333} WARNING - findfont: Generic family 'sans-serif' not found because none of the following families were found: Arial, Liberation Sans, Bitstream Vera Sans, sans-serif
[2026-01-02T14:08:44.275+0000] {font_manager.py:1333} WARNING - findfont: Generic family 'sans-serif' not found because none of the following families were found: Arial, Liberation Sans, Bitstream Vera Sans, sans-serif
[2026-01-02T14:08:44.279+0000] {font_manager.py:1333} WARNING - findfont: Generic family 'sans-serif' not found because none of the following families were found: Arial, Liberation Sans, Bitstream Vera Sans, sans-serif
[2026-01-02T14:08:44.282+0000] {font_manager.py:1333} WARNING - findfont: Generic family 'sans-serif' not found because none of the following families were found: Arial, Liberation Sans, Bitstream Vera Sans, sans-serif
[2026-01-02T14:08:44.284+0000] {font_manager.py:1333} WARNING - findfont: Generic family 'sans-serif' not found because none of the following families were found: Arial, Liberation Sans, Bitstream Vera Sans, sans-serif
[2026-01-02T14:08:44.286+0000] {font_manager.py:1333} WARNING - findfont: Generic family 'sans-serif' not found because none of the following families were found: Arial, Liberation Sans, Bitstream Vera Sans, sans-serif
[2026-01-02T14:08:44.297+0000] {font_manager.py:1333} WARNING - findfont: Generic family 'sans-serif' not found because none of the following families were found: Arial, Liberation Sans, Bitstream Vera Sans, sans-serif
[2026-01-02T14:08:44.312+0000] {font_manager.py:1333} WARNING - findfont: Generic family 'sans-serif' not found because none of the following families were found: Arial, Liberation Sans, Bitstream Vera Sans, sans-serif
[2026-01-02T14:08:44.313+0000] {font_manager.py:1333} WARNING - findfont: Generic family 'sans-serif' not found because none of the following families were found: Arial, Liberation Sans, Bitstream Vera Sans, sans-serif
[2026-01-02T14:08:44.326+0000] {font_manager.py:1333} WARNING - findfont: Generic family 'sans-serif' not found because none of the following families were found: Arial, Liberation Sans, Bitstream Vera Sans, sans-serif
[2026-01-02T14:08:44.327+0000] {font_manager.py:1333} WARNING - findfont: Generic family 'sans-serif' not found because none of the following families were found: Arial, Liberation Sans, Bitstream Vera Sans, sans-serif
[2026-01-02T14:08:44.477+0000] {font_manager.py:1333} WARNING - findfont: Generic family 'sans-serif' not found because none of the following families were found: Arial, Liberation Sans, Bitstream Vera Sans, sans-serif
[2026-01-02T14:08:44.478+0000] {font_manager.py:1333} WARNING - findfont: Generic family 'sans-serif' not found because none of the following families were found: Arial, Liberation Sans, Bitstream Vera Sans, sans-serif
[2026-01-02T14:08:44.486+0000] {font_manager.py:1333} WARNING - findfont: Generic family 'sans-serif' not found because none of the following families were found: Arial, Liberation Sans, Bitstream Vera Sans, sans-serif
[2026-01-02T14:08:44.489+0000] {font_manager.py:1333} WARNING - findfont: Generic family 'sans-serif' not found because none of the following families were found: Arial, Liberation Sans, Bitstream Vera Sans, sans-serif
[2026-01-02T14:08:44.490+0000] {font_manager.py:1333} WARNING - findfont: Generic family 'sans-serif' not found because none of the following families were found: Arial, Liberation Sans, Bitstream Vera Sans, sans-serif
[2026-01-02T14:08:44.493+0000] {font_manager.py:1333} WARNING - findfont: Generic family 'sans-serif' not found because none of the following families were found: Arial, Liberation Sans, Bitstream Vera Sans, sans-serif
[2026-01-02T14:08:44.538+0000] {font_manager.py:1333} WARNING - findfont: Generic family 'sans-serif' not found because none of the following families were found: Arial, Liberation Sans, Bitstream Vera Sans, sans-serif
[2026-01-02T14:08:44.752+0000] {font_manager.py:1333} WARNING - findfont: Generic family 'sans-serif' not found because none of the following families were found: Arial, Liberation Sans, Bitstream Vera Sans, sans-serif
[2026-01-02T14:08:44.754+0000] {font_manager.py:1333} WARNING - findfont: Generic family 'sans-serif' not found because none of the following families were found: Arial, Liberation Sans, Bitstream Vera Sans, sans-serif
[2026-01-02T14:08:44.755+0000] {font_manager.py:1333} WARNING - findfont: Generic family 'sans-serif' not found because none of the following families were found: Arial, Liberation Sans, Bitstream Vera Sans, sans-serif
[2026-01-02T14:08:44.761+0000] {font_manager.py:1333} WARNING - findfont: Generic family 'sans-serif' not found because none of the following families were found: Arial, Liberation Sans, Bitstream Vera Sans, sans-serif
[2026-01-02T14:08:44.764+0000] {font_manager.py:1333} WARNING - findfont: Generic family 'sans-serif' not found because none of the following families were found: Arial, Liberation Sans, Bitstream Vera Sans, sans-serif
[2026-01-02T14:08:44.766+0000] {font_manager.py:1333} WARNING - findfont: Generic family 'sans-serif' not found because none of the following families were found: Arial, Liberation Sans, Bitstream Vera Sans, sans-serif
[2026-01-02T14:08:44.768+0000] {font_manager.py:1333} WARNING - findfont: Generic family 'sans-serif' not found because none of the following families were found: Arial, Liberation Sans, Bitstream Vera Sans, sans-serif
[2026-01-02T14:08:44.770+0000] {font_manager.py:1333} WARNING - findfont: Generic family 'sans-serif' not found because none of the following families were found: Arial, Liberation Sans, Bitstream Vera Sans, sans-serif
[2026-01-02T14:08:44.776+0000] {font_manager.py:1333} WARNING - findfont: Generic family 'sans-serif' not found because none of the following families were found: Arial, Liberation Sans, Bitstream Vera Sans, sans-serif
[2026-01-02T14:08:44.778+0000] {font_manager.py:1333} WARNING - findfont: Generic family 'sans-serif' not found because none of the following families were found: Arial, Liberation Sans, Bitstream Vera Sans, sans-serif
[2026-01-02T14:08:44.780+0000] {font_manager.py:1333} WARNING - findfont: Generic family 'sans-serif' not found because none of the following families were found: Arial, Liberation Sans, Bitstream Vera Sans, sans-serif
[2026-01-02T14:08:44.809+0000] {font_manager.py:1333} WARNING - findfont: Generic family 'sans-serif' not found because none of the following families were found: Arial, Liberation Sans, Bitstream Vera Sans, sans-serif
[2026-01-02T14:08:44.811+0000] {font_manager.py:1333} WARNING - findfont: Generic family 'sans-serif' not found because none of the following families were found: Arial, Liberation Sans, Bitstream Vera Sans, sans-serif
[2026-01-02T14:08:44.812+0000] {font_manager.py:1333} WARNING - findfont: Generic family 'sans-serif' not found because none of the following families were found: Arial, Liberation Sans, Bitstream Vera Sans, sans-serif
[2026-01-02T14:08:44.813+0000] {font_manager.py:1333} WARNING - findfont: Generic family 'sans-serif' not found because none of the following families were found: Arial, Liberation Sans, Bitstream Vera Sans, sans-serif
[2026-01-02T14:08:44.819+0000] {font_manager.py:1333} WARNING - findfont: Generic family 'sans-serif' not found because none of the following families were found: Arial, Liberation Sans, Bitstream Vera Sans, sans-serif
[2026-01-02T14:08:44.821+0000] {font_manager.py:1333} WARNING - findfont: Generic family 'sans-serif' not found because none of the following families were found: Arial, Liberation Sans, Bitstream Vera Sans, sans-serif
[2026-01-02T14:08:44.822+0000] {font_manager.py:1333} WARNING - findfont: Generic family 'sans-serif' not found because none of the following families were found: Arial, Liberation Sans, Bitstream Vera Sans, sans-serif
[2026-01-02T14:08:44.823+0000] {font_manager.py:1333} WARNING - findfont: Generic family 'sans-serif' not found because none of the following families were found: Arial, Liberation Sans, Bitstream Vera Sans, sans-serif
[2026-01-02T14:08:44.825+0000] {font_manager.py:1333} WARNING - findfont: Generic family 'sans-serif' not found because none of the following families were found: Arial, Liberation Sans, Bitstream Vera Sans, sans-serif
[2026-01-02T14:08:44.826+0000] {font_manager.py:1333} WARNING - findfont: Generic family 'sans-serif' not found because none of the following families were found: Arial, Liberation Sans, Bitstream Vera Sans, sans-serif
[2026-01-02T14:08:44.838+0000] {font_manager.py:1333} WARNING - findfont: Generic family 'sans-serif' not found because none of the following families were found: Arial, Liberation Sans, Bitstream Vera Sans, sans-serif
[2026-01-02T14:08:44.849+0000] {font_manager.py:1333} WARNING - findfont: Generic family 'sans-serif' not found because none of the following families were found: Arial, Liberation Sans, Bitstream Vera Sans, sans-serif
[2026-01-02T14:08:44.854+0000] {font_manager.py:1333} WARNING - findfont: Generic family 'sans-serif' not found because none of the following families were found: Arial, Liberation Sans, Bitstream Vera Sans, sans-serif
[2026-01-02T14:08:44.861+0000] {font_manager.py:1333} WARNING - findfont: Generic family 'sans-serif' not found because none of the following families were found: Arial, Liberation Sans, Bitstream Vera Sans, sans-serif
[2026-01-02T14:08:44.869+0000] {font_manager.py:1333} WARNING - findfont: Generic family 'sans-serif' not found because none of the following families were found: Arial, Liberation Sans, Bitstream Vera Sans, sans-serif
[2026-01-02T14:08:44.875+0000] {font_manager.py:1333} WARNING - findfont: Generic family 'sans-serif' not found because none of the following families were found: Arial, Liberation Sans, Bitstream Vera Sans, sans-serif
[2026-01-02T14:08:44.910+0000] {font_manager.py:1333} WARNING - findfont: Generic family 'sans-serif' not found because none of the following families were found: Arial, Liberation Sans, Bitstream Vera Sans, sans-serif
[2026-01-02T14:08:44.913+0000] {font_manager.py:1333} WARNING - findfont: Generic family 'sans-serif' not found because none of the following families were found: Arial, Liberation Sans, Bitstream Vera Sans, sans-serif
[2026-01-02T14:08:44.942+0000] {font_manager.py:1333} WARNING - findfont: Generic family 'sans-serif' not found because none of the following families were found: Arial, Liberation Sans, Bitstream Vera Sans, sans-serif
[2026-01-02T14:08:44.953+0000] {font_manager.py:1333} WARNING - findfont: Generic family 'sans-serif' not found because none of the following families were found: Arial, Liberation Sans, Bitstream Vera Sans, sans-serif
[2026-01-02T14:08:44.959+0000] {font_manager.py:1333} WARNING - findfont: Generic family 'sans-serif' not found because none of the following families were found: Arial, Liberation Sans, Bitstream Vera Sans, sans-serif
[2026-01-02T14:08:44.964+0000] {font_manager.py:1333} WARNING - findfont: Generic family 'sans-serif' not found because none of the following families were found: Arial, Liberation Sans, Bitstream Vera Sans, sans-serif
[2026-01-02T14:08:44.971+0000] {font_manager.py:1333} WARNING - findfont: Generic family 'sans-serif' not found because none of the following families were found: Arial, Liberation Sans, Bitstream Vera Sans, sans-serif
[2026-01-02T14:08:44.976+0000] {font_manager.py:1333} WARNING - findfont: Generic family 'sans-serif' not found because none of the following families were found: Arial, Liberation Sans, Bitstream Vera Sans, sans-serif
[2026-01-02T14:08:44.980+0000] {font_manager.py:1333} WARNING - findfont: Generic family 'sans-serif' not found because none of the following families were found: Arial, Liberation Sans, Bitstream Vera Sans, sans-serif
[2026-01-02T14:08:44.989+0000] {font_manager.py:1333} WARNING - findfont: Generic family 'sans-serif' not found because none of the following families were found: Arial, Liberation Sans, Bitstream Vera Sans, sans-serif
[2026-01-02T14:08:44.992+0000] {font_manager.py:1333} WARNING - findfont: Generic family 'sans-serif' not found because none of the following families were found: Arial, Liberation Sans, Bitstream Vera Sans, sans-serif
[2026-01-02T14:08:45.000+0000] {font_manager.py:1333} WARNING - findfont: Generic family 'sans-serif' not found because none of the following families were found: Arial, Liberation Sans, Bitstream Vera Sans, sans-serif
[2026-01-02T14:08:45.023+0000] {font_manager.py:1333} WARNING - findfont: Generic family 'sans-serif' not found because none of the following families were found: Arial, Liberation Sans, Bitstream Vera Sans, sans-serif
[2026-01-02T14:08:45.030+0000] {font_manager.py:1333} WARNING - findfont: Generic family 'sans-serif' not found because none of the following families were found: Arial, Liberation Sans, Bitstream Vera Sans, sans-serif
[2026-01-02T14:08:45.069+0000] {font_manager.py:1333} WARNING - findfont: Generic family 'sans-serif' not found because none of the following families were found: Arial, Liberation Sans, Bitstream Vera Sans, sans-serif
[2026-01-02T14:08:45.070+0000] {font_manager.py:1333} WARNING - findfont: Generic family 'sans-serif' not found because none of the following families were found: Arial, Liberation Sans, Bitstream Vera Sans, sans-serif
[2026-01-02T14:08:45.072+0000] {font_manager.py:1333} WARNING - findfont: Generic family 'sans-serif' not found because none of the following families were found: Arial, Liberation Sans, Bitstream Vera Sans, sans-serif
[2026-01-02T14:08:45.074+0000] {font_manager.py:1333} WARNING - findfont: Generic family 'sans-serif' not found because none of the following families were found: Arial, Liberation Sans, Bitstream Vera Sans, sans-serif
[2026-01-02T14:08:45.075+0000] {font_manager.py:1333} WARNING - findfont: Generic family 'sans-serif' not found because none of the following families were found: Arial, Liberation Sans, Bitstream Vera Sans, sans-serif
[2026-01-02T14:08:45.076+0000] {font_manager.py:1333} WARNING - findfont: Generic family 'sans-serif' not found because none of the following families were found: Arial, Liberation Sans, Bitstream Vera Sans, sans-serif
[2026-01-02T14:08:45.077+0000] {font_manager.py:1333} WARNING - findfont: Generic family 'sans-serif' not found because none of the following families were found: Arial, Liberation Sans, Bitstream Vera Sans, sans-serif
[2026-01-02T14:08:45.079+0000] {font_manager.py:1333} WARNING - findfont: Generic family 'sans-serif' not found because none of the following families were found: Arial, Liberation Sans, Bitstream Vera Sans, sans-serif
[2026-01-02T14:08:45.080+0000] {font_manager.py:1333} WARNING - findfont: Generic family 'sans-serif' not found because none of the following families were found: Arial, Liberation Sans, Bitstream Vera Sans, sans-serif
[2026-01-02T14:08:45.081+0000] {font_manager.py:1333} WARNING - findfont: Generic family 'sans-serif' not found because none of the following families were found: Arial, Liberation Sans, Bitstream Vera Sans, sans-serif
[2026-01-02T14:08:45.082+0000] {font_manager.py:1333} WARNING - findfont: Generic family 'sans-serif' not found because none of the following families were found: Arial, Liberation Sans, Bitstream Vera Sans, sans-serif
[2026-01-02T14:08:45.085+0000] {font_manager.py:1333} WARNING - findfont: Generic family 'sans-serif' not found because none of the following families were found: Arial, Liberation Sans, Bitstream Vera Sans, sans-serif
[2026-01-02T14:08:45.086+0000] {font_manager.py:1333} WARNING - findfont: Generic family 'sans-serif' not found because none of the following families were found: Arial, Liberation Sans, Bitstream Vera Sans, sans-serif
[2026-01-02T14:08:45.088+0000] {font_manager.py:1333} WARNING - findfont: Generic family 'sans-serif' not found because none of the following families were found: Arial, Liberation Sans, Bitstream Vera Sans, sans-serif
[2026-01-02T14:08:45.089+0000] {font_manager.py:1333} WARNING - findfont: Generic family 'sans-serif' not found because none of the following families were found: Arial, Liberation Sans, Bitstream Vera Sans, sans-serif
[2026-01-02T14:08:45.093+0000] {font_manager.py:1333} WARNING - findfont: Generic family 'sans-serif' not found because none of the following families were found: Arial, Liberation Sans, Bitstream Vera Sans, sans-serif
[2026-01-02T14:08:45.094+0000] {font_manager.py:1333} WARNING - findfont: Generic family 'sans-serif' not found because none of the following families were found: Arial, Liberation Sans, Bitstream Vera Sans, sans-serif
[2026-01-02T14:08:45.095+0000] {font_manager.py:1333} WARNING - findfont: Generic family 'sans-serif' not found because none of the following families were found: Arial, Liberation Sans, Bitstream Vera Sans, sans-serif
[2026-01-02T14:08:45.096+0000] {font_manager.py:1333} WARNING - findfont: Generic family 'sans-serif' not found because none of the following families were found: Arial, Liberation Sans, Bitstream Vera Sans, sans-serif
[2026-01-02T14:08:45.097+0000] {font_manager.py:1333} WARNING - findfont: Generic family 'sans-serif' not found because none of the following families were found: Arial, Liberation Sans, Bitstream Vera Sans, sans-serif
[2026-01-02T14:08:45.098+0000] {font_manager.py:1333} WARNING - findfont: Generic family 'sans-serif' not found because none of the following families were found: Arial, Liberation Sans, Bitstream Vera Sans, sans-serif
[2026-01-02T14:08:45.100+0000] {font_manager.py:1333} WARNING - findfont: Generic family 'sans-serif' not found because none of the following families were found: Arial, Liberation Sans, Bitstream Vera Sans, sans-serif
[2026-01-02T14:08:45.102+0000] {font_manager.py:1333} WARNING - findfont: Generic family 'sans-serif' not found because none of the following families were found: Arial, Liberation Sans, Bitstream Vera Sans, sans-serif
[2026-01-02T14:08:45.103+0000] {font_manager.py:1333} WARNING - findfont: Generic family 'sans-serif' not found because none of the following families were found: Arial, Liberation Sans, Bitstream Vera Sans, sans-serif
[2026-01-02T14:08:45.105+0000] {font_manager.py:1333} WARNING - findfont: Generic family 'sans-serif' not found because none of the following families were found: Arial, Liberation Sans, Bitstream Vera Sans, sans-serif
[2026-01-02T14:08:45.106+0000] {font_manager.py:1333} WARNING - findfont: Generic family 'sans-serif' not found because none of the following families were found: Arial, Liberation Sans, Bitstream Vera Sans, sans-serif
[2026-01-02T14:08:45.107+0000] {font_manager.py:1333} WARNING - findfont: Generic family 'sans-serif' not found because none of the following families were found: Arial, Liberation Sans, Bitstream Vera Sans, sans-serif
[2026-01-02T14:08:45.114+0000] {font_manager.py:1333} WARNING - findfont: Generic family 'sans-serif' not found because none of the following families were found: Arial, Liberation Sans, Bitstream Vera Sans, sans-serif
[2026-01-02T14:08:45.116+0000] {font_manager.py:1333} WARNING - findfont: Generic family 'sans-serif' not found because none of the following families were found: Arial, Liberation Sans, Bitstream Vera Sans, sans-serif
[2026-01-02T14:08:45.120+0000] {font_manager.py:1333} WARNING - findfont: Generic family 'sans-serif' not found because none of the following families were found: Arial, Liberation Sans, Bitstream Vera Sans, sans-serif
[2026-01-02T14:08:45.122+0000] {font_manager.py:1333} WARNING - findfont: Generic family 'sans-serif' not found because none of the following families were found: Arial, Liberation Sans, Bitstream Vera Sans, sans-serif
[2026-01-02T14:08:45.123+0000] {font_manager.py:1333} WARNING - findfont: Generic family 'sans-serif' not found because none of the following families were found: Arial, Liberation Sans, Bitstream Vera Sans, sans-serif
[2026-01-02T14:08:45.125+0000] {font_manager.py:1333} WARNING - findfont: Generic family 'sans-serif' not found because none of the following families were found: Arial, Liberation Sans, Bitstream Vera Sans, sans-serif
[2026-01-02T14:08:45.127+0000] {font_manager.py:1333} WARNING - findfont: Generic family 'sans-serif' not found because none of the following families were found: Arial, Liberation Sans, Bitstream Vera Sans, sans-serif
[2026-01-02T14:08:45.140+0000] {font_manager.py:1333} WARNING - findfont: Generic family 'sans-serif' not found because none of the following families were found: Arial, Liberation Sans, Bitstream Vera Sans, sans-serif
[2026-01-02T14:08:45.162+0000] {font_manager.py:1333} WARNING - findfont: Generic family 'sans-serif' not found because none of the following families were found: Arial, Liberation Sans, Bitstream Vera Sans, sans-serif
[2026-01-02T14:08:45.165+0000] {font_manager.py:1333} WARNING - findfont: Generic family 'sans-serif' not found because none of the following families were found: Arial, Liberation Sans, Bitstream Vera Sans, sans-serif
[2026-01-02T14:08:45.167+0000] {font_manager.py:1333} WARNING - findfont: Generic family 'sans-serif' not found because none of the following families were found: Arial, Liberation Sans, Bitstream Vera Sans, sans-serif
[2026-01-02T14:08:45.168+0000] {font_manager.py:1333} WARNING - findfont: Generic family 'sans-serif' not found because none of the following families were found: Arial, Liberation Sans, Bitstream Vera Sans, sans-serif
[2026-01-02T14:08:45.178+0000] {font_manager.py:1333} WARNING - findfont: Generic family 'sans-serif' not found because none of the following families were found: Arial, Liberation Sans, Bitstream Vera Sans, sans-serif
[2026-01-02T14:08:45.181+0000] {font_manager.py:1333} WARNING - findfont: Generic family 'sans-serif' not found because none of the following families were found: Arial, Liberation Sans, Bitstream Vera Sans, sans-serif
[2026-01-02T14:08:53.488+0000] {local_task_job_runner.py:313} WARNING - State of this instance has been externally set to failed. Terminating instance.
[2026-01-02T14:08:53.489+0000] {local_task_job_runner.py:222} INFO - ::endgroup::
[2026-01-02T14:08:53.496+0000] {process_utils.py:132} INFO - Sending 15 to group 8771. PIDs of all processes in the group: [8771]
[2026-01-02T14:08:53.497+0000] {process_utils.py:87} INFO - Sending the signal 15 to group 8771
[2026-01-02T14:08:53.580+0000] {taskinstance.py:2611} ERROR - Received SIGTERM. Terminating subprocesses.
[2026-01-02T14:08:53.581+0000] {taskinstance.py:441} INFO - ::group::Post task execution logs
[2026-01-02T14:08:53.644+0000] {logging_mixin.py:188} WARNING - 
[2026-01-02T14:08:53.861+0000] {process_utils.py:80} INFO - Process psutil.Process(pid=8771, status='terminated', exitcode=0, started='14:07:40') (8771) terminated with exit code 0
