[2026-01-02T14:17:57.736+0000] {local_task_job_runner.py:120} INFO - ::group::Pre task execution logs
[2026-01-02T14:17:57.857+0000] {taskinstance.py:2076} INFO - Dependencies all met for dep_context=non-requeueable deps ti=<TaskInstance: main_pipeline.check_prod_model manual__2026-01-02T14:17:53.271713+00:00 [queued]>
[2026-01-02T14:17:57.880+0000] {taskinstance.py:2076} INFO - Dependencies all met for dep_context=requeueable deps ti=<TaskInstance: main_pipeline.check_prod_model manual__2026-01-02T14:17:53.271713+00:00 [queued]>
[2026-01-02T14:17:57.880+0000] {taskinstance.py:2306} INFO - Starting attempt 1 of 1
[2026-01-02T14:17:57.918+0000] {taskinstance.py:2330} INFO - Executing <Task(_PythonDecoratedOperator): check_prod_model> on 2026-01-02 14:17:53.271713+00:00
[2026-01-02T14:17:57.954+0000] {standard_task_runner.py:64} INFO - Started process 9467 to run task
[2026-01-02T14:17:57.961+0000] {standard_task_runner.py:90} INFO - Running: ['***', 'tasks', 'run', 'main_pipeline', 'check_prod_model', 'manual__2026-01-02T14:17:53.271713+00:00', '--job-id', '93', '--raw', '--subdir', 'DAGS_FOLDER/pipeline/main.py', '--cfg-path', '/tmp/tmpnscjvsxp']
[2026-01-02T14:17:57.971+0000] {standard_task_runner.py:91} INFO - Job 93: Subtask check_prod_model
[2026-01-02T14:17:58.167+0000] {task_command.py:426} INFO - Running <TaskInstance: main_pipeline.check_prod_model manual__2026-01-02T14:17:53.271713+00:00 [running]> on host b2cc83381b06
[2026-01-02T14:17:58.753+0000] {taskinstance.py:2648} INFO - Exporting env vars: AIRFLOW_CTX_DAG_OWNER='***' AIRFLOW_CTX_DAG_ID='main_pipeline' AIRFLOW_CTX_TASK_ID='check_prod_model' AIRFLOW_CTX_EXECUTION_DATE='2026-01-02T14:17:53.271713+00:00' AIRFLOW_CTX_TRY_NUMBER='1' AIRFLOW_CTX_DAG_RUN_ID='manual__2026-01-02T14:17:53.271713+00:00'
[2026-01-02T14:17:58.767+0000] {taskinstance.py:430} INFO - ::endgroup::
[2026-01-02T14:18:00.959+0000] {logging_mixin.py:188} WARNING - /home/***/.local/lib/python3.11/site-packages/pydantic/_internal/_fields.py:161 UserWarning: Field "model_server_url" has conflict with protected namespace "model_".

You may be able to resolve this warning by setting `model_config['protected_namespaces'] = ()`.
[2026-01-02T14:18:01.012+0000] {logging_mixin.py:188} WARNING - /home/***/.local/lib/python3.11/site-packages/pydantic/_internal/_config.py:341 UserWarning: Valid config keys have changed in V2:
* 'schema_extra' has been renamed to 'json_schema_extra'
[2026-01-02T14:18:01.403+0000] {logging_mixin.py:188} INFO - Parent run ID: 3f097f0ead1e4e9291dee6814d966433
[2026-01-02T14:18:01.403+0000] {logging_mixin.py:188} INFO - Found production version: 4
[2026-01-02T14:18:02.316+0000] {credentials.py:1147} INFO - Found credentials in environment variables.
[2026-01-02T14:18:02.754+0000] {logging_mixin.py:188} WARNING - Downloading artifacts:   0%|          | 0/1 [00:00<?, ?it/s]
[2026-01-02T14:18:02.764+0000] {logging_mixin.py:188} WARNING - Downloading artifacts: 100%|##########| 1/1 [00:00<00:00, 298.15it/s]
[2026-01-02T14:18:02.765+0000] {logging_mixin.py:188} WARNING - Downloading artifacts: 100%|##########| 1/1 [00:00<00:00, 257.70it/s]
[2026-01-02T14:18:02.767+0000] {python.py:237} INFO - Done. Returned value was: {'production_version': '4'}
[2026-01-02T14:18:02.769+0000] {taskinstance.py:441} INFO - ::group::Post task execution logs
[2026-01-02T14:18:02.894+0000] {taskinstance.py:1206} INFO - Marking task as SUCCESS. dag_id=main_pipeline, task_id=check_prod_model, run_id=manual__2026-01-02T14:17:53.271713+00:00, execution_date=20260102T141753, start_date=20260102T141757, end_date=20260102T141802
[2026-01-02T14:18:03.091+0000] {local_task_job_runner.py:243} INFO - Task exited with return code 0
[2026-01-02T14:18:03.179+0000] {taskinstance.py:3503} INFO - 1 downstream tasks scheduled from follow-on schedule check
[2026-01-02T14:18:03.185+0000] {local_task_job_runner.py:222} INFO - ::endgroup::
