[2025-12-31T05:13:56.809+0000] {local_task_job_runner.py:120} INFO - ::group::Pre task execution logs
[2025-12-31T05:13:57.287+0000] {taskinstance.py:2076} INFO - Dependencies all met for dep_context=non-requeueable deps ti=<TaskInstance: main_pipeline.check_prod_model scheduled__2025-12-30T00:00:00+00:00 [queued]>
[2025-12-31T05:13:57.551+0000] {taskinstance.py:2076} INFO - Dependencies all met for dep_context=requeueable deps ti=<TaskInstance: main_pipeline.check_prod_model scheduled__2025-12-30T00:00:00+00:00 [queued]>
[2025-12-31T05:13:57.584+0000] {taskinstance.py:2306} INFO - Starting attempt 1 of 1
[2025-12-31T05:13:58.495+0000] {taskinstance.py:2330} INFO - Executing <Task(_PythonDecoratedOperator): check_prod_model> on 2025-12-30 00:00:00+00:00
[2025-12-31T05:13:58.803+0000] {standard_task_runner.py:64} INFO - Started process 211 to run task
[2025-12-31T05:13:58.867+0000] {standard_task_runner.py:90} INFO - Running: ['***', 'tasks', 'run', 'main_pipeline', 'check_prod_model', 'scheduled__2025-12-30T00:00:00+00:00', '--job-id', '100', '--raw', '--subdir', 'DAGS_FOLDER/pipeline/main.py', '--cfg-path', '/tmp/tmp087ecsf4']
[2025-12-31T05:13:58.925+0000] {standard_task_runner.py:91} INFO - Job 100: Subtask check_prod_model
[2025-12-31T05:13:59.601+0000] {task_command.py:426} INFO - Running <TaskInstance: main_pipeline.check_prod_model scheduled__2025-12-30T00:00:00+00:00 [running]> on host f5d1d4eaa079
[2025-12-31T05:14:00.768+0000] {taskinstance.py:2648} INFO - Exporting env vars: AIRFLOW_CTX_DAG_OWNER='***' AIRFLOW_CTX_DAG_ID='main_pipeline' AIRFLOW_CTX_TASK_ID='check_prod_model' AIRFLOW_CTX_EXECUTION_DATE='2025-12-30T00:00:00+00:00' AIRFLOW_CTX_TRY_NUMBER='1' AIRFLOW_CTX_DAG_RUN_ID='scheduled__2025-12-30T00:00:00+00:00'
[2025-12-31T05:14:00.771+0000] {taskinstance.py:430} INFO - ::endgroup::
[2025-12-31T05:14:08.743+0000] {logging_mixin.py:188} WARNING - /home/***/.local/lib/python3.11/site-packages/pydantic/_internal/_fields.py:161 UserWarning: Field "model_server_url" has conflict with protected namespace "model_".

You may be able to resolve this warning by setting `model_config['protected_namespaces'] = ()`.
[2025-12-31T05:14:08.760+0000] {logging_mixin.py:188} WARNING - /home/***/.local/lib/python3.11/site-packages/pydantic/_internal/_config.py:341 UserWarning: Valid config keys have changed in V2:
* 'schema_extra' has been renamed to 'json_schema_extra'
[2025-12-31T05:14:11.797+0000] {logging_mixin.py:188} INFO - Found production version
[2025-12-31T05:14:11.804+0000] {python.py:237} INFO - Done. Returned value was: {'production_version': '1'}
[2025-12-31T05:14:11.804+0000] {taskinstance.py:441} INFO - ::group::Post task execution logs
[2025-12-31T05:14:11.915+0000] {taskinstance.py:1206} INFO - Marking task as SUCCESS. dag_id=main_pipeline, task_id=check_prod_model, run_id=scheduled__2025-12-30T00:00:00+00:00, execution_date=20251230T000000, start_date=20251231T051357, end_date=20251231T051411
[2025-12-31T05:14:12.159+0000] {local_task_job_runner.py:243} INFO - Task exited with return code 0
[2025-12-31T05:14:12.298+0000] {taskinstance.py:3503} INFO - 1 downstream tasks scheduled from follow-on schedule check
[2025-12-31T05:14:12.309+0000] {local_task_job_runner.py:222} INFO - ::endgroup::
