[2026-01-02T18:05:05.674+0000] {local_task_job_runner.py:120} INFO - ::group::Pre task execution logs
[2026-01-02T18:05:05.932+0000] {taskinstance.py:2076} INFO - Dependencies all met for dep_context=non-requeueable deps ti=<TaskInstance: main_pipeline.compare_distributions manual__2026-01-02T18:04:24.413271+00:00 [queued]>
[2026-01-02T18:05:06.004+0000] {taskinstance.py:2076} INFO - Dependencies all met for dep_context=requeueable deps ti=<TaskInstance: main_pipeline.compare_distributions manual__2026-01-02T18:04:24.413271+00:00 [queued]>
[2026-01-02T18:05:06.009+0000] {taskinstance.py:2306} INFO - Starting attempt 1 of 1
[2026-01-02T18:05:06.110+0000] {taskinstance.py:2330} INFO - Executing <Task(_PythonDecoratedOperator): compare_distributions> on 2026-01-02 18:04:24.413271+00:00
[2026-01-02T18:05:06.197+0000] {standard_task_runner.py:64} INFO - Started process 1139 to run task
[2026-01-02T18:05:06.211+0000] {standard_task_runner.py:90} INFO - Running: ['***', 'tasks', 'run', 'main_pipeline', 'compare_distributions', 'manual__2026-01-02T18:04:24.413271+00:00', '--job-id', '141', '--raw', '--subdir', 'DAGS_FOLDER/pipeline/main.py', '--cfg-path', '/tmp/tmpq8do0kx2']
[2026-01-02T18:05:06.221+0000] {standard_task_runner.py:91} INFO - Job 141: Subtask compare_distributions
[2026-01-02T18:05:06.709+0000] {task_command.py:426} INFO - Running <TaskInstance: main_pipeline.compare_distributions manual__2026-01-02T18:04:24.413271+00:00 [running]> on host 634f416f74b0
[2026-01-02T18:05:07.590+0000] {taskinstance.py:2648} INFO - Exporting env vars: AIRFLOW_CTX_DAG_OWNER='***' AIRFLOW_CTX_DAG_ID='main_pipeline' AIRFLOW_CTX_TASK_ID='compare_distributions' AIRFLOW_CTX_EXECUTION_DATE='2026-01-02T18:04:24.413271+00:00' AIRFLOW_CTX_TRY_NUMBER='1' AIRFLOW_CTX_DAG_RUN_ID='manual__2026-01-02T18:04:24.413271+00:00'
[2026-01-02T18:05:07.599+0000] {taskinstance.py:430} INFO - ::endgroup::
[2026-01-02T18:05:07.671+0000] {logging_mixin.py:188} INFO - <Response [200]>
[2026-01-02T18:05:08.801+0000] {logging_mixin.py:188} INFO - {'carat': [0.9818437053842825, 0], 'depth': [0.49640444709447706, 0], 'table': [0.6739374782146388, 0], 'x': [0.912214244575715, 0], 'y': [0.7514036469711834, 0], 'z': [0.8443141418230556, 0], 'price': [3.8898018214836336e-05, 1], 'cut': [0.0014829037947402773, 0], 'color': [0.1407207630539044, 1], 'clarity': [0.0011694765474637798, 0]}
[2026-01-02T18:05:08.809+0000] {python.py:237} INFO - Done. Returned value was: {'data':       carat        cut color clarity  ...        price     x     y     z
0      0.58  Very Geod     H     SI2  ...  1969.638358  5.41  5.45  3.23
1      0.34      Ideal     I     VS2  ...   956.000000  4.45  4.43  2.78
2      0.91      Ideal     D     SI1  ...  7745.569714  6.23  6.26  3.87
3      0.70      Ideal     E     VS2  ...  5244.310548  5.69  5.72  3.53
4      0.72  Very Good     J     SI2  ...  4863.267478  5.74  5.78  3.53
...     ...        ...   ...     ...  ...          ...   ...   ...   ...
4995   1.02      Ideal     D     SI1  ...  5398.000000  6.54  6.44  3.99
4996   1.08    Premium     I     VS1  ...  7150.907883  6.54  6.51  4.08
4997   0.71      Ideal     F     VS2  ...  3773.000000  5.68  5.72  3.53
4998   1.00  Very Good     G     SI2  ...  4004.000000  6.50  6.53  3.83
4999   1.21    Premium     J     SI2  ...  4337.000000  6.89  6.85  4.11

[5000 rows x 10 columns], 'drift_info': {'carat': [0.9818437053842825, 0], 'depth': [0.49640444709447706, 0], 'table': [0.6739374782146388, 0], 'x': [0.912214244575715, 0], 'y': [0.7514036469711834, 0], 'z': [0.8443141418230556, 0], 'price': [3.8898018214836336e-05, 1], 'cut': [0.0014829037947402773, 0], 'color': [0.1407207630539044, 1], 'clarity': [0.0011694765474637798, 0]}}
[2026-01-02T18:05:08.955+0000] {taskinstance.py:441} INFO - ::group::Post task execution logs
[2026-01-02T18:05:09.630+0000] {taskinstance.py:1206} INFO - Marking task as SUCCESS. dag_id=main_pipeline, task_id=compare_distributions, run_id=manual__2026-01-02T18:04:24.413271+00:00, execution_date=20260102T180424, start_date=20260102T180505, end_date=20260102T180509
[2026-01-02T18:05:09.982+0000] {local_task_job_runner.py:243} INFO - Task exited with return code 0
[2026-01-02T18:05:10.235+0000] {taskinstance.py:3503} INFO - 1 downstream tasks scheduled from follow-on schedule check
[2026-01-02T18:05:10.257+0000] {local_task_job_runner.py:222} INFO - ::endgroup::
