[2026-01-03T15:56:25.201+0000] {local_task_job_runner.py:120} INFO - ::group::Pre task execution logs
[2026-01-03T15:56:25.579+0000] {taskinstance.py:2076} INFO - Dependencies all met for dep_context=non-requeueable deps ti=<TaskInstance: main_pipeline.set_staging_model manual__2026-01-03T15:52:44.985754+00:00 [queued]>
[2026-01-03T15:56:25.665+0000] {taskinstance.py:2076} INFO - Dependencies all met for dep_context=requeueable deps ti=<TaskInstance: main_pipeline.set_staging_model manual__2026-01-03T15:52:44.985754+00:00 [queued]>
[2026-01-03T15:56:25.666+0000] {taskinstance.py:2306} INFO - Starting attempt 1 of 1
[2026-01-03T15:56:25.775+0000] {taskinstance.py:2330} INFO - Executing <Task(_PythonDecoratedOperator): set_staging_model> on 2026-01-03 15:52:44.985754+00:00
[2026-01-03T15:56:25.870+0000] {standard_task_runner.py:64} INFO - Started process 8477 to run task
[2026-01-03T15:56:25.899+0000] {standard_task_runner.py:90} INFO - Running: ['***', 'tasks', 'run', 'main_pipeline', 'set_staging_model', 'manual__2026-01-03T15:52:44.985754+00:00', '--job-id', '299', '--raw', '--subdir', 'DAGS_FOLDER/pipeline/main.py', '--cfg-path', '/tmp/tmpbuzqgqkk']
[2026-01-03T15:56:25.924+0000] {standard_task_runner.py:91} INFO - Job 299: Subtask set_staging_model
[2026-01-03T15:56:26.501+0000] {task_command.py:426} INFO - Running <TaskInstance: main_pipeline.set_staging_model manual__2026-01-03T15:52:44.985754+00:00 [running]> on host 8574a19215f6
[2026-01-03T15:56:28.049+0000] {taskinstance.py:2648} INFO - Exporting env vars: AIRFLOW_CTX_DAG_OWNER='***' AIRFLOW_CTX_DAG_ID='main_pipeline' AIRFLOW_CTX_TASK_ID='set_staging_model' AIRFLOW_CTX_EXECUTION_DATE='2026-01-03T15:52:44.985754+00:00' AIRFLOW_CTX_TRY_NUMBER='1' AIRFLOW_CTX_DAG_RUN_ID='manual__2026-01-03T15:52:44.985754+00:00'
[2026-01-03T15:56:28.052+0000] {taskinstance.py:430} INFO - ::endgroup::
[2026-01-03T15:56:31.574+0000] {logging_mixin.py:188} INFO - 253be5262eb94754a40b05be8cc91847
[2026-01-03T15:56:32.057+0000] {logging_mixin.py:188} WARNING - Registered model 'price_prediction' already exists. Creating a new version of this model...
[2026-01-03T15:56:32.506+0000] {logging_mixin.py:188} WARNING - 2026/01/03 15:56:32 INFO mlflow.tracking._model_registry.client: Waiting up to 300 seconds for model version to finish creation. Model name: price_prediction, version 18
[2026-01-03T15:56:32.515+0000] {logging_mixin.py:188} WARNING - Created version '18' of model 'price_prediction'.
[2026-01-03T15:56:35.805+0000] {logging_mixin.py:188} INFO - 253be5262eb94754a40b05be8cc91847
[2026-01-03T15:56:35.948+0000] {logging_mixin.py:188} WARNING - Registered model 'price_prediction' already exists. Creating a new version of this model...
[2026-01-03T15:56:36.231+0000] {logging_mixin.py:188} WARNING - 2026/01/03 15:56:36 INFO mlflow.tracking._model_registry.client: Waiting up to 300 seconds for model version to finish creation. Model name: price_prediction, version 19
[2026-01-03T15:56:36.234+0000] {logging_mixin.py:188} WARNING - Created version '19' of model 'price_prediction'.
[2026-01-03T15:56:36.554+0000] {logging_mixin.py:188} INFO - New model was set to Staging!
[2026-01-03T15:56:36.603+0000] {python.py:237} INFO - Done. Returned value was: None
[2026-01-03T15:56:36.603+0000] {taskinstance.py:441} INFO - ::group::Post task execution logs
[2026-01-03T15:56:36.685+0000] {taskinstance.py:1206} INFO - Marking task as SUCCESS. dag_id=main_pipeline, task_id=set_staging_model, run_id=manual__2026-01-03T15:52:44.985754+00:00, execution_date=20260103T155244, start_date=20260103T155625, end_date=20260103T155636
[2026-01-03T15:56:36.950+0000] {local_task_job_runner.py:243} INFO - Task exited with return code 0
[2026-01-03T15:56:37.169+0000] {taskinstance.py:3503} INFO - 1 downstream tasks scheduled from follow-on schedule check
[2026-01-03T15:56:37.210+0000] {local_task_job_runner.py:222} INFO - ::endgroup::
