[2025-12-28T09:46:48.125+0000] {local_task_job_runner.py:120} INFO - ::group::Pre task execution logs
[2025-12-28T09:46:48.242+0000] {taskinstance.py:2076} INFO - Dependencies all met for dep_context=non-requeueable deps ti=<TaskInstance: data_distribution_comparison.handle_report manual__2025-12-28T09:46:15.064200+00:00 [queued]>
[2025-12-28T09:46:48.295+0000] {taskinstance.py:2076} INFO - Dependencies all met for dep_context=requeueable deps ti=<TaskInstance: data_distribution_comparison.handle_report manual__2025-12-28T09:46:15.064200+00:00 [queued]>
[2025-12-28T09:46:48.296+0000] {taskinstance.py:2306} INFO - Starting attempt 1 of 1
[2025-12-28T09:46:48.373+0000] {taskinstance.py:2330} INFO - Executing <Task(_PythonDecoratedOperator): handle_report> on 2025-12-28 09:46:15.064200+00:00
[2025-12-28T09:46:48.415+0000] {standard_task_runner.py:64} INFO - Started process 293 to run task
[2025-12-28T09:46:48.422+0000] {standard_task_runner.py:90} INFO - Running: ['***', 'tasks', 'run', 'data_distribution_comparison', 'handle_report', 'manual__2025-12-28T09:46:15.064200+00:00', '--job-id', '28', '--raw', '--subdir', 'DAGS_FOLDER/dag_test/dag_test.py', '--cfg-path', '/tmp/tmpdn8_7xv7']
[2025-12-28T09:46:48.431+0000] {standard_task_runner.py:91} INFO - Job 28: Subtask handle_report
[2025-12-28T09:46:48.658+0000] {task_command.py:426} INFO - Running <TaskInstance: data_distribution_comparison.handle_report manual__2025-12-28T09:46:15.064200+00:00 [running]> on host 186f6424bf7b
[2025-12-28T09:46:49.235+0000] {taskinstance.py:2648} INFO - Exporting env vars: AIRFLOW_CTX_DAG_OWNER='***' AIRFLOW_CTX_DAG_ID='data_distribution_comparison' AIRFLOW_CTX_TASK_ID='handle_report' AIRFLOW_CTX_EXECUTION_DATE='2025-12-28T09:46:15.064200+00:00' AIRFLOW_CTX_TRY_NUMBER='1' AIRFLOW_CTX_DAG_RUN_ID='manual__2025-12-28T09:46:15.064200+00:00'
[2025-12-28T09:46:49.238+0000] {taskinstance.py:430} INFO - ::endgroup::
[2025-12-28T09:46:50.029+0000] {logging_mixin.py:188} WARNING - /home/***/.local/lib/python3.11/site-packages/pydantic/_internal/_fields.py:161 UserWarning: Field "model_name" has conflict with protected namespace "model_".

You may be able to resolve this warning by setting `model_config['protected_namespaces'] = ()`.
[2025-12-28T09:46:57.879+0000] {logging_mixin.py:188} WARNING - 2025/12/28 09:46:57 INFO mlflow.store.db.utils: Creating initial MLflow database tables...
[2025-12-28T09:46:58.269+0000] {logging_mixin.py:188} WARNING - 2025/12/28 09:46:58 INFO mlflow.store.db.utils: Updating database tables
[2025-12-28T09:46:58.278+0000] {logging_mixin.py:188} WARNING - 2025/12/28 09:46:58 INFO alembic.runtime.migration: Context impl SQLiteImpl.
[2025-12-28T09:46:58.278+0000] {logging_mixin.py:188} WARNING - 2025/12/28 09:46:58 INFO alembic.runtime.migration: Will assume non-transactional DDL.
[2025-12-28T09:46:58.592+0000] {logging_mixin.py:188} WARNING - 2025/12/28 09:46:58 INFO alembic.runtime.migration: Running upgrade  -> 451aebb31d03, add metric step
[2025-12-28T09:46:58.899+0000] {logging_mixin.py:188} WARNING - 2025/12/28 09:46:58 INFO alembic.runtime.migration: Running upgrade 451aebb31d03 -> 90e64c465722, migrate user column to tags
[2025-12-28T09:46:58.961+0000] {logging_mixin.py:188} WARNING - 2025/12/28 09:46:58 INFO alembic.runtime.migration: Running upgrade 90e64c465722 -> 181f10493468, allow nulls for metric values
[2025-12-28T09:46:59.044+0000] {logging_mixin.py:188} WARNING - 2025/12/28 09:46:59 INFO alembic.runtime.migration: Running upgrade 181f10493468 -> df50e92ffc5e, Add Experiment Tags Table
[2025-12-28T09:46:59.119+0000] {logging_mixin.py:188} WARNING - 2025/12/28 09:46:59 INFO alembic.runtime.migration: Running upgrade df50e92ffc5e -> 7ac759974ad8, Update run tags with larger limit
[2025-12-28T09:46:59.194+0000] {logging_mixin.py:188} WARNING - 2025/12/28 09:46:59 INFO alembic.runtime.migration: Running upgrade 7ac759974ad8 -> 89d4b8295536, create latest metrics table
[2025-12-28T09:46:59.279+0000] {logging_mixin.py:188} WARNING - 2025/12/28 09:46:59 INFO alembic.runtime.migration: Running upgrade 89d4b8295536 -> 2b4d017a5e9b, add model registry tables to db
[2025-12-28T09:46:59.450+0000] {logging_mixin.py:188} WARNING - 2025/12/28 09:46:59 INFO alembic.runtime.migration: Running upgrade 2b4d017a5e9b -> cfd24bdc0731, Update run status constraint with killed
[2025-12-28T09:46:59.561+0000] {logging_mixin.py:188} WARNING - 2025/12/28 09:46:59 INFO alembic.runtime.migration: Running upgrade cfd24bdc0731 -> 0a8213491aaa, drop_duplicate_killed_constraint
[2025-12-28T09:46:59.586+0000] {logging_mixin.py:188} WARNING - 2025/12/28 09:46:59 INFO alembic.runtime.migration: Running upgrade 0a8213491aaa -> 728d730b5ebd, add registered model tags table
[2025-12-28T09:46:59.639+0000] {logging_mixin.py:188} WARNING - 2025/12/28 09:46:59 INFO alembic.runtime.migration: Running upgrade 728d730b5ebd -> 27a6a02d2cf1, add model version tags table
[2025-12-28T09:46:59.693+0000] {logging_mixin.py:188} WARNING - 2025/12/28 09:46:59 INFO alembic.runtime.migration: Running upgrade 27a6a02d2cf1 -> 84291f40a231, add run_link to model_version
[2025-12-28T09:46:59.755+0000] {logging_mixin.py:188} WARNING - 2025/12/28 09:46:59 INFO alembic.runtime.migration: Running upgrade 84291f40a231 -> a8c4a736bde6, allow nulls for run_id
[2025-12-28T09:46:59.878+0000] {logging_mixin.py:188} WARNING - 2025/12/28 09:46:59 INFO alembic.runtime.migration: Running upgrade a8c4a736bde6 -> 39d1c3be5f05, add_is_nan_constraint_for_metrics_tables_if_necessary
[2025-12-28T09:47:00.143+0000] {logging_mixin.py:188} WARNING - 2025/12/28 09:47:00 INFO alembic.runtime.migration: Running upgrade 39d1c3be5f05 -> c48cb773bb87, reset_default_value_for_is_nan_in_metrics_table_for_mysql
[2025-12-28T09:47:00.173+0000] {logging_mixin.py:188} WARNING - 2025/12/28 09:47:00 INFO alembic.runtime.migration: Running upgrade c48cb773bb87 -> bd07f7e963c5, create index on run_uuid
[2025-12-28T09:47:00.407+0000] {logging_mixin.py:188} WARNING - 2025/12/28 09:47:00 INFO alembic.runtime.migration: Running upgrade bd07f7e963c5 -> 0c779009ac13, add deleted_time field to runs table
[2025-12-28T09:47:00.489+0000] {logging_mixin.py:188} WARNING - 2025/12/28 09:47:00 INFO alembic.runtime.migration: Running upgrade 0c779009ac13 -> cc1f77228345, change param value length to 500
[2025-12-28T09:47:00.585+0000] {logging_mixin.py:188} WARNING - 2025/12/28 09:47:00 INFO alembic.runtime.migration: Running upgrade cc1f77228345 -> 97727af70f4d, Add creation_time and last_update_time to experiments table
[2025-12-28T09:47:00.664+0000] {logging_mixin.py:188} WARNING - 2025/12/28 09:47:00 INFO alembic.runtime.migration: Running upgrade 97727af70f4d -> 3500859a5d39, Add Model Aliases table
[2025-12-28T09:47:00.789+0000] {logging_mixin.py:188} WARNING - 2025/12/28 09:47:00 INFO alembic.runtime.migration: Running upgrade 3500859a5d39 -> 7f2a7d5fae7d, add datasets inputs input_tags tables
[2025-12-28T09:47:01.331+0000] {logging_mixin.py:188} WARNING - 2025/12/28 09:47:01 INFO alembic.runtime.migration: Running upgrade 7f2a7d5fae7d -> 2d6e25af4d3e, increase max param val length from 500 to 8000
[2025-12-28T09:47:01.528+0000] {logging_mixin.py:188} WARNING - 2025/12/28 09:47:01 INFO alembic.runtime.migration: Running upgrade 2d6e25af4d3e -> acf3f17fdcc7, add storage location field to model versions
[2025-12-28T09:47:01.612+0000] {logging_mixin.py:188} WARNING - 2025/12/28 09:47:01 INFO alembic.runtime.migration: Running upgrade acf3f17fdcc7 -> 867495a8f9d4, add trace tables
[2025-12-28T09:47:01.967+0000] {logging_mixin.py:188} WARNING - 2025/12/28 09:47:01 INFO alembic.runtime.migration: Running upgrade 867495a8f9d4 -> 5b0e9adcef9c, add cascade deletion to trace tables foreign keys
[2025-12-28T09:47:02.209+0000] {logging_mixin.py:188} WARNING - 2025/12/28 09:47:02 INFO alembic.runtime.migration: Running upgrade 5b0e9adcef9c -> 4465047574b1, increase max dataset schema size
[2025-12-28T09:47:02.265+0000] {logging_mixin.py:188} WARNING - 2025/12/28 09:47:02 INFO alembic.runtime.migration: Running upgrade 4465047574b1 -> f5a4f2784254, increase run tag value limit to 8000
[2025-12-28T09:47:02.552+0000] {logging_mixin.py:188} WARNING - 2025/12/28 09:47:02 INFO alembic.runtime.migration: Running upgrade f5a4f2784254 -> 0584bdc529eb, add cascading deletion to datasets from experiments
[2025-12-28T09:47:02.691+0000] {logging_mixin.py:188} WARNING - 2025/12/28 09:47:02 INFO alembic.runtime.migration: Running upgrade 0584bdc529eb -> 400f98739977, add logged model tables
[2025-12-28T09:47:02.977+0000] {logging_mixin.py:188} WARNING - 2025/12/28 09:47:02 INFO alembic.runtime.migration: Running upgrade 400f98739977 -> 6953534de441, add step to inputs table
[2025-12-28T09:47:03.031+0000] {logging_mixin.py:188} WARNING - 2025/12/28 09:47:03 INFO alembic.runtime.migration: Running upgrade 6953534de441 -> bda7b8c39065, increase_model_version_tag_value_limit
[2025-12-28T09:47:03.435+0000] {logging_mixin.py:188} WARNING - 2025/12/28 09:47:03 INFO alembic.runtime.migration: Running upgrade bda7b8c39065 -> cbc13b556ace, add V3 trace schema columns
[2025-12-28T09:47:03.641+0000] {logging_mixin.py:188} WARNING - 2025/12/28 09:47:03 INFO alembic.runtime.migration: Running upgrade cbc13b556ace -> 770bee3ae1dd, add assessments table
[2025-12-28T09:47:03.959+0000] {logging_mixin.py:188} WARNING - 2025/12/28 09:47:03 INFO alembic.runtime.migration: Running upgrade 770bee3ae1dd -> a1b2c3d4e5f6, add spans table
[2025-12-28T09:47:04.204+0000] {logging_mixin.py:188} WARNING - 2025/12/28 09:47:04 INFO alembic.runtime.migration: Running upgrade a1b2c3d4e5f6 -> de4033877273, create entity_associations table
[2025-12-28T09:47:04.329+0000] {logging_mixin.py:188} WARNING - 2025/12/28 09:47:04 INFO alembic.runtime.migration: Running upgrade de4033877273 -> 1a0cddfcaa16, Add webhooks and webhook_events tables
[2025-12-28T09:47:04.628+0000] {logging_mixin.py:188} WARNING - 2025/12/28 09:47:04 INFO alembic.runtime.migration: Running upgrade 1a0cddfcaa16 -> 534353b11cbc, add scorer tables
[2025-12-28T09:47:04.907+0000] {logging_mixin.py:188} WARNING - 2025/12/28 09:47:04 INFO alembic.runtime.migration: Running upgrade 534353b11cbc -> 71994744cf8e, add evaluation datasets
[2025-12-28T09:47:05.233+0000] {logging_mixin.py:188} WARNING - 2025/12/28 09:47:05 INFO alembic.runtime.migration: Running upgrade 71994744cf8e -> 3da73c924c2f, add outputs to dataset record
[2025-12-28T09:47:05.274+0000] {logging_mixin.py:188} WARNING - 2025/12/28 09:47:05 INFO alembic.runtime.migration: Running upgrade 3da73c924c2f -> bf29a5ff90ea, add jobs table
[2025-12-28T09:47:05.347+0000] {logging_mixin.py:188} WARNING - 2025/12/28 09:47:05 INFO alembic.runtime.migration: Running upgrade bf29a5ff90ea -> 1bd49d398cd23, add secrets tables
[2025-12-28T09:47:06.224+0000] {logging_mixin.py:188} WARNING - 2025/12/28 09:47:06 INFO alembic.runtime.migration: Context impl SQLiteImpl.
[2025-12-28T09:47:06.226+0000] {logging_mixin.py:188} WARNING - 2025/12/28 09:47:06 INFO alembic.runtime.migration: Will assume non-transactional DDL.
[2025-12-28T09:47:06.280+0000] {logging_mixin.py:188} WARNING - 2025/12/28 09:47:06 INFO mlflow.tracking.fluent: Experiment with name 'test' does not exist. Creating a new experiment.
[2025-12-28T09:47:06.386+0000] {logging_mixin.py:188} INFO - Connected to MLFlow
[2025-12-28T09:47:10.148+0000] {logging_mixin.py:188} WARNING - 2025/12/28 09:47:10 WARNING mlflow.utils.git_utils: Failed to import Git (the Git executable is probably not on your PATH), so Git SHA is not available. Error: Failed to initialize: Bad git executable.
The git executable must be specified in one of the following ways:
    - be included in your $PATH
    - be set via $GIT_PYTHON_GIT_EXECUTABLE
    - explicitly set via git.refresh(<full-path-to-git-executable>)

All git commands will error until this is rectified.

This initial message can be silenced or aggravated in the future by setting the
$GIT_PYTHON_REFRESH environment variable. Use one of the following values:
    - quiet|q|silence|s|silent|none|n|0: for no message or exception
    - warn|w|warning|log|l|1: for a warning message (logging level CRITICAL, displayed by default)
    - error|e|exception|raise|r|2: for a raised exception

Example:
    export GIT_PYTHON_REFRESH=quiet
[2025-12-28T09:47:10.487+0000] {logging_mixin.py:188} INFO - No data drift detected
[2025-12-28T09:47:10.488+0000] {python.py:237} INFO - Done. Returned value was: {}
[2025-12-28T09:47:10.489+0000] {taskinstance.py:441} INFO - ::group::Post task execution logs
[2025-12-28T09:47:10.595+0000] {taskinstance.py:1206} INFO - Marking task as SUCCESS. dag_id=data_distribution_comparison, task_id=handle_report, run_id=manual__2025-12-28T09:46:15.064200+00:00, execution_date=20251228T094615, start_date=20251228T094648, end_date=20251228T094710
[2025-12-28T09:47:10.718+0000] {local_task_job_runner.py:243} INFO - Task exited with return code 0
[2025-12-28T09:47:10.796+0000] {taskinstance.py:3503} INFO - 0 downstream tasks scheduled from follow-on schedule check
[2025-12-28T09:47:10.817+0000] {local_task_job_runner.py:222} INFO - ::endgroup::
