[2026-01-03T16:53:13.731+0000] {local_task_job_runner.py:120} INFO - ::group::Pre task execution logs
[2026-01-03T16:53:14.088+0000] {taskinstance.py:2076} INFO - Dependencies all met for dep_context=non-requeueable deps ti=<TaskInstance: main_pipeline.check_drift manual__2026-01-03T16:52:04.625558+00:00 [queued]>
[2026-01-03T16:53:14.404+0000] {taskinstance.py:2076} INFO - Dependencies all met for dep_context=requeueable deps ti=<TaskInstance: main_pipeline.check_drift manual__2026-01-03T16:52:04.625558+00:00 [queued]>
[2026-01-03T16:53:14.407+0000] {taskinstance.py:2306} INFO - Starting attempt 1 of 1
[2026-01-03T16:53:14.814+0000] {taskinstance.py:2330} INFO - Executing <Task(_BranchPythonDecoratedOperator): check_drift> on 2026-01-03 16:52:04.625558+00:00
[2026-01-03T16:53:14.875+0000] {standard_task_runner.py:64} INFO - Started process 11569 to run task
[2026-01-03T16:53:14.900+0000] {standard_task_runner.py:90} INFO - Running: ['***', 'tasks', 'run', 'main_pipeline', 'check_drift', 'manual__2026-01-03T16:52:04.625558+00:00', '--job-id', '328', '--raw', '--subdir', 'DAGS_FOLDER/pipeline/main.py', '--cfg-path', '/tmp/tmp5xioyrcw']
[2026-01-03T16:53:14.923+0000] {standard_task_runner.py:91} INFO - Job 328: Subtask check_drift
[2026-01-03T16:53:15.386+0000] {task_command.py:426} INFO - Running <TaskInstance: main_pipeline.check_drift manual__2026-01-03T16:52:04.625558+00:00 [running]> on host 8574a19215f6
[2026-01-03T16:53:18.217+0000] {taskinstance.py:2648} INFO - Exporting env vars: AIRFLOW_CTX_DAG_OWNER='***' AIRFLOW_CTX_DAG_ID='main_pipeline' AIRFLOW_CTX_TASK_ID='check_drift' AIRFLOW_CTX_EXECUTION_DATE='2026-01-03T16:52:04.625558+00:00' AIRFLOW_CTX_TRY_NUMBER='1' AIRFLOW_CTX_DAG_RUN_ID='manual__2026-01-03T16:52:04.625558+00:00'
[2026-01-03T16:53:18.235+0000] {taskinstance.py:430} INFO - ::endgroup::
[2026-01-03T16:53:18.237+0000] {logging_mixin.py:188} INFO - Data drift detected in table
[2026-01-03T16:53:18.240+0000] {logging_mixin.py:188} INFO - Data drift detected in y
[2026-01-03T16:53:18.244+0000] {python.py:237} INFO - Done. Returned value was: train_new_model
[2026-01-03T16:53:18.245+0000] {branch.py:36} INFO - Branch into train_new_model
[2026-01-03T16:53:18.247+0000] {skipmixin.py:178} INFO - Following branch train_new_model
[2026-01-03T16:53:18.385+0000] {skipmixin.py:246} INFO - Skipping tasks [('check_end', -1)]
[2026-01-03T16:53:18.620+0000] {taskinstance.py:441} INFO - ::group::Post task execution logs
[2026-01-03T16:53:18.852+0000] {taskinstance.py:1206} INFO - Marking task as SUCCESS. dag_id=main_pipeline, task_id=check_drift, run_id=manual__2026-01-03T16:52:04.625558+00:00, execution_date=20260103T165204, start_date=20260103T165314, end_date=20260103T165318
[2026-01-03T16:53:19.075+0000] {local_task_job_runner.py:243} INFO - Task exited with return code 0
[2026-01-03T16:53:19.269+0000] {taskinstance.py:3503} INFO - 1 downstream tasks scheduled from follow-on schedule check
[2026-01-03T16:53:19.289+0000] {local_task_job_runner.py:222} INFO - ::endgroup::
