[2026-01-02T11:19:43.486+0000] {local_task_job_runner.py:120} INFO - ::group::Pre task execution logs
[2026-01-02T11:19:43.578+0000] {taskinstance.py:2076} INFO - Dependencies all met for dep_context=non-requeueable deps ti=<TaskInstance: main_pipeline.check_prod_model manual__2026-01-02T11:19:39.460947+00:00 [queued]>
[2026-01-02T11:19:43.606+0000] {taskinstance.py:2076} INFO - Dependencies all met for dep_context=requeueable deps ti=<TaskInstance: main_pipeline.check_prod_model manual__2026-01-02T11:19:39.460947+00:00 [queued]>
[2026-01-02T11:19:43.606+0000] {taskinstance.py:2306} INFO - Starting attempt 1 of 1
[2026-01-02T11:19:43.634+0000] {taskinstance.py:2330} INFO - Executing <Task(_PythonDecoratedOperator): check_prod_model> on 2026-01-02 11:19:39.460947+00:00
[2026-01-02T11:19:43.667+0000] {standard_task_runner.py:64} INFO - Started process 522 to run task
[2026-01-02T11:19:43.674+0000] {standard_task_runner.py:90} INFO - Running: ['***', 'tasks', 'run', 'main_pipeline', 'check_prod_model', 'manual__2026-01-02T11:19:39.460947+00:00', '--job-id', '23', '--raw', '--subdir', 'DAGS_FOLDER/pipeline/main.py', '--cfg-path', '/tmp/tmpaib5t6dx']
[2026-01-02T11:19:43.679+0000] {standard_task_runner.py:91} INFO - Job 23: Subtask check_prod_model
[2026-01-02T11:19:43.853+0000] {task_command.py:426} INFO - Running <TaskInstance: main_pipeline.check_prod_model manual__2026-01-02T11:19:39.460947+00:00 [running]> on host 30eb01c40d3f
[2026-01-02T11:19:44.207+0000] {taskinstance.py:2648} INFO - Exporting env vars: AIRFLOW_CTX_DAG_OWNER='***' AIRFLOW_CTX_DAG_ID='main_pipeline' AIRFLOW_CTX_TASK_ID='check_prod_model' AIRFLOW_CTX_EXECUTION_DATE='2026-01-02T11:19:39.460947+00:00' AIRFLOW_CTX_TRY_NUMBER='1' AIRFLOW_CTX_DAG_RUN_ID='manual__2026-01-02T11:19:39.460947+00:00'
[2026-01-02T11:19:44.211+0000] {taskinstance.py:430} INFO - ::endgroup::
[2026-01-02T11:19:46.293+0000] {logging_mixin.py:188} WARNING - /home/***/.local/lib/python3.11/site-packages/pydantic/_internal/_fields.py:161 UserWarning: Field "model_server_url" has conflict with protected namespace "model_".

You may be able to resolve this warning by setting `model_config['protected_namespaces'] = ()`.
[2026-01-02T11:19:46.339+0000] {logging_mixin.py:188} WARNING - /home/***/.local/lib/python3.11/site-packages/pydantic/_internal/_config.py:341 UserWarning: Valid config keys have changed in V2:
* 'schema_extra' has been renamed to 'json_schema_extra'
[2026-01-02T11:19:46.549+0000] {logging_mixin.py:188} INFO - Production model not found
[2026-01-02T11:19:46.549+0000] {python.py:237} INFO - Done. Returned value was: {}
[2026-01-02T11:19:46.550+0000] {taskinstance.py:441} INFO - ::group::Post task execution logs
[2026-01-02T11:19:46.674+0000] {taskinstance.py:1206} INFO - Marking task as SUCCESS. dag_id=main_pipeline, task_id=check_prod_model, run_id=manual__2026-01-02T11:19:39.460947+00:00, execution_date=20260102T111939, start_date=20260102T111943, end_date=20260102T111946
[2026-01-02T11:19:46.803+0000] {local_task_job_runner.py:243} INFO - Task exited with return code 0
[2026-01-02T11:19:46.877+0000] {local_task_job_runner.py:222} INFO - ::endgroup::
