[2026-01-03T11:53:43.109+0000] {local_task_job_runner.py:120} INFO - ::group::Pre task execution logs
[2026-01-03T11:53:43.428+0000] {taskinstance.py:2076} INFO - Dependencies all met for dep_context=non-requeueable deps ti=<TaskInstance: main_pipeline.set_initial_model manual__2026-01-03T11:50:29.423826+00:00 [queued]>
[2026-01-03T11:53:43.498+0000] {taskinstance.py:2076} INFO - Dependencies all met for dep_context=requeueable deps ti=<TaskInstance: main_pipeline.set_initial_model manual__2026-01-03T11:50:29.423826+00:00 [queued]>
[2026-01-03T11:53:43.501+0000] {taskinstance.py:2306} INFO - Starting attempt 1 of 1
[2026-01-03T11:53:43.622+0000] {taskinstance.py:2330} INFO - Executing <Task(_PythonDecoratedOperator): set_initial_model> on 2026-01-03 11:50:29.423826+00:00
[2026-01-03T11:53:43.752+0000] {standard_task_runner.py:64} INFO - Started process 625 to run task
[2026-01-03T11:53:43.780+0000] {standard_task_runner.py:90} INFO - Running: ['***', 'tasks', 'run', 'main_pipeline', 'set_initial_model', 'manual__2026-01-03T11:50:29.423826+00:00', '--job-id', '208', '--raw', '--subdir', 'DAGS_FOLDER/pipeline/main.py', '--cfg-path', '/tmp/tmpe_9962rk']
[2026-01-03T11:53:43.792+0000] {standard_task_runner.py:91} INFO - Job 208: Subtask set_initial_model
[2026-01-03T11:53:44.340+0000] {task_command.py:426} INFO - Running <TaskInstance: main_pipeline.set_initial_model manual__2026-01-03T11:50:29.423826+00:00 [running]> on host 39905e468acc
[2026-01-03T11:53:45.428+0000] {taskinstance.py:2648} INFO - Exporting env vars: AIRFLOW_CTX_DAG_OWNER='***' AIRFLOW_CTX_DAG_ID='main_pipeline' AIRFLOW_CTX_TASK_ID='set_initial_model' AIRFLOW_CTX_EXECUTION_DATE='2026-01-03T11:50:29.423826+00:00' AIRFLOW_CTX_TRY_NUMBER='1' AIRFLOW_CTX_DAG_RUN_ID='manual__2026-01-03T11:50:29.423826+00:00'
[2026-01-03T11:53:45.467+0000] {taskinstance.py:430} INFO - ::endgroup::
[2026-01-03T11:53:50.288+0000] {logging_mixin.py:188} INFO - c1753623e0ed4eaa968d1f7834cce56f
[2026-01-03T11:53:51.220+0000] {logging_mixin.py:188} WARNING - Registered model 'price_prediction' already exists. Creating a new version of this model...
[2026-01-03T11:53:51.585+0000] {logging_mixin.py:188} WARNING - 2026/01/03 11:53:51 INFO mlflow.tracking._model_registry.client: Waiting up to 300 seconds for model version to finish creation. Model name: price_prediction, version 14
[2026-01-03T11:53:51.589+0000] {logging_mixin.py:188} WARNING - Created version '14' of model 'price_prediction'.
[2026-01-03T11:53:52.840+0000] {logging_mixin.py:188} INFO - c1753623e0ed4eaa968d1f7834cce56f
[2026-01-03T11:53:52.950+0000] {logging_mixin.py:188} WARNING - Registered model 'price_prediction' already exists. Creating a new version of this model...
[2026-01-03T11:53:53.180+0000] {logging_mixin.py:188} WARNING - 2026/01/03 11:53:53 INFO mlflow.tracking._model_registry.client: Waiting up to 300 seconds for model version to finish creation. Model name: price_prediction, version 15
[2026-01-03T11:53:53.181+0000] {logging_mixin.py:188} WARNING - Created version '15' of model 'price_prediction'.
[2026-01-03T11:53:53.528+0000] {logging_mixin.py:188} INFO - Initial production model was set!
[2026-01-03T11:53:53.530+0000] {python.py:237} INFO - Done. Returned value was: None
[2026-01-03T11:53:53.534+0000] {taskinstance.py:441} INFO - ::group::Post task execution logs
[2026-01-03T11:53:53.590+0000] {taskinstance.py:1206} INFO - Marking task as SUCCESS. dag_id=main_pipeline, task_id=set_initial_model, run_id=manual__2026-01-03T11:50:29.423826+00:00, execution_date=20260103T115029, start_date=20260103T115343, end_date=20260103T115353
[2026-01-03T11:53:53.854+0000] {local_task_job_runner.py:243} INFO - Task exited with return code 0
[2026-01-03T11:53:53.984+0000] {taskinstance.py:3503} INFO - 0 downstream tasks scheduled from follow-on schedule check
[2026-01-03T11:53:54.017+0000] {local_task_job_runner.py:222} INFO - ::endgroup::
