[2026-01-02T15:32:28.339+0000] {local_task_job_runner.py:120} INFO - ::group::Pre task execution logs
[2026-01-02T15:32:28.499+0000] {taskinstance.py:2076} INFO - Dependencies all met for dep_context=non-requeueable deps ti=<TaskInstance: main_pipeline.check_drift manual__2026-01-02T15:31:46.590876+00:00 [queued]>
[2026-01-02T15:32:28.547+0000] {taskinstance.py:2076} INFO - Dependencies all met for dep_context=requeueable deps ti=<TaskInstance: main_pipeline.check_drift manual__2026-01-02T15:31:46.590876+00:00 [queued]>
[2026-01-02T15:32:28.547+0000] {taskinstance.py:2306} INFO - Starting attempt 1 of 1
[2026-01-02T15:32:28.589+0000] {taskinstance.py:2330} INFO - Executing <Task(_BranchPythonDecoratedOperator): check_drift> on 2026-01-02 15:31:46.590876+00:00
[2026-01-02T15:32:28.621+0000] {standard_task_runner.py:64} INFO - Started process 2093 to run task
[2026-01-02T15:32:28.628+0000] {standard_task_runner.py:90} INFO - Running: ['***', 'tasks', 'run', 'main_pipeline', 'check_drift', 'manual__2026-01-02T15:31:46.590876+00:00', '--job-id', '122', '--raw', '--subdir', 'DAGS_FOLDER/pipeline/main.py', '--cfg-path', '/tmp/tmpmtiwl44c']
[2026-01-02T15:32:28.654+0000] {standard_task_runner.py:91} INFO - Job 122: Subtask check_drift
[2026-01-02T15:32:28.941+0000] {task_command.py:426} INFO - Running <TaskInstance: main_pipeline.check_drift manual__2026-01-02T15:31:46.590876+00:00 [running]> on host 1ffb7dbd079c
[2026-01-02T15:32:30.125+0000] {taskinstance.py:2648} INFO - Exporting env vars: AIRFLOW_CTX_DAG_OWNER='***' AIRFLOW_CTX_DAG_ID='main_pipeline' AIRFLOW_CTX_TASK_ID='check_drift' AIRFLOW_CTX_EXECUTION_DATE='2026-01-02T15:31:46.590876+00:00' AIRFLOW_CTX_TRY_NUMBER='1' AIRFLOW_CTX_DAG_RUN_ID='manual__2026-01-02T15:31:46.590876+00:00'
[2026-01-02T15:32:30.132+0000] {taskinstance.py:430} INFO - ::endgroup::
[2026-01-02T15:32:30.136+0000] {python.py:237} INFO - Done. Returned value was: check_end
[2026-01-02T15:32:30.137+0000] {branch.py:36} INFO - Branch into check_end
[2026-01-02T15:32:30.138+0000] {skipmixin.py:178} INFO - Following branch check_end
[2026-01-02T15:32:30.275+0000] {skipmixin.py:246} INFO - Skipping tasks [('train_model__1', -1)]
[2026-01-02T15:32:30.453+0000] {taskinstance.py:441} INFO - ::group::Post task execution logs
[2026-01-02T15:32:30.734+0000] {taskinstance.py:1206} INFO - Marking task as SUCCESS. dag_id=main_pipeline, task_id=check_drift, run_id=manual__2026-01-02T15:31:46.590876+00:00, execution_date=20260102T153146, start_date=20260102T153228, end_date=20260102T153230
[2026-01-02T15:32:30.877+0000] {local_task_job_runner.py:243} INFO - Task exited with return code 0
[2026-01-02T15:32:31.057+0000] {taskinstance.py:3503} INFO - 1 downstream tasks scheduled from follow-on schedule check
[2026-01-02T15:32:31.070+0000] {local_task_job_runner.py:222} INFO - ::endgroup::
