[2026-01-02T18:04:55.088+0000] {local_task_job_runner.py:120} INFO - ::group::Pre task execution logs
[2026-01-02T18:04:55.313+0000] {taskinstance.py:2076} INFO - Dependencies all met for dep_context=non-requeueable deps ti=<TaskInstance: main_pipeline.train_compare manual__2026-01-02T18:04:24.413271+00:00 [queued]>
[2026-01-02T18:04:55.391+0000] {taskinstance.py:2076} INFO - Dependencies all met for dep_context=requeueable deps ti=<TaskInstance: main_pipeline.train_compare manual__2026-01-02T18:04:24.413271+00:00 [queued]>
[2026-01-02T18:04:55.392+0000] {taskinstance.py:2306} INFO - Starting attempt 1 of 1
[2026-01-02T18:04:55.519+0000] {taskinstance.py:2330} INFO - Executing <Task(_BranchPythonDecoratedOperator): train_compare> on 2026-01-02 18:04:24.413271+00:00
[2026-01-02T18:04:55.591+0000] {standard_task_runner.py:64} INFO - Started process 1120 to run task
[2026-01-02T18:04:55.613+0000] {standard_task_runner.py:90} INFO - Running: ['***', 'tasks', 'run', 'main_pipeline', 'train_compare', 'manual__2026-01-02T18:04:24.413271+00:00', '--job-id', '140', '--raw', '--subdir', 'DAGS_FOLDER/pipeline/main.py', '--cfg-path', '/tmp/tmpee6auise']
[2026-01-02T18:04:55.630+0000] {standard_task_runner.py:91} INFO - Job 140: Subtask train_compare
[2026-01-02T18:04:56.133+0000] {task_command.py:426} INFO - Running <TaskInstance: main_pipeline.train_compare manual__2026-01-02T18:04:24.413271+00:00 [running]> on host 634f416f74b0
[2026-01-02T18:04:57.193+0000] {taskinstance.py:2648} INFO - Exporting env vars: AIRFLOW_CTX_DAG_OWNER='***' AIRFLOW_CTX_DAG_ID='main_pipeline' AIRFLOW_CTX_TASK_ID='train_compare' AIRFLOW_CTX_EXECUTION_DATE='2026-01-02T18:04:24.413271+00:00' AIRFLOW_CTX_TRY_NUMBER='1' AIRFLOW_CTX_DAG_RUN_ID='manual__2026-01-02T18:04:24.413271+00:00'
[2026-01-02T18:04:57.197+0000] {taskinstance.py:430} INFO - ::endgroup::
[2026-01-02T18:04:57.204+0000] {logging_mixin.py:188} INFO - Current production version 5
[2026-01-02T18:04:57.209+0000] {logging_mixin.py:188} INFO - Next task - data drift check
[2026-01-02T18:04:57.210+0000] {python.py:237} INFO - Done. Returned value was: compare_distributions
[2026-01-02T18:04:57.211+0000] {branch.py:36} INFO - Branch into compare_distributions
[2026-01-02T18:04:57.212+0000] {skipmixin.py:178} INFO - Following branch compare_distributions
[2026-01-02T18:04:57.452+0000] {skipmixin.py:246} INFO - Skipping tasks [('train_model', -1)]
[2026-01-02T18:04:57.773+0000] {taskinstance.py:441} INFO - ::group::Post task execution logs
[2026-01-02T18:04:57.998+0000] {taskinstance.py:1206} INFO - Marking task as SUCCESS. dag_id=main_pipeline, task_id=train_compare, run_id=manual__2026-01-02T18:04:24.413271+00:00, execution_date=20260102T180424, start_date=20260102T180455, end_date=20260102T180457
[2026-01-02T18:04:58.262+0000] {local_task_job_runner.py:243} INFO - Task exited with return code 0
[2026-01-02T18:04:58.631+0000] {taskinstance.py:3503} INFO - 1 downstream tasks scheduled from follow-on schedule check
[2026-01-02T18:04:58.645+0000] {local_task_job_runner.py:222} INFO - ::endgroup::
