[2026-01-03T14:50:14.838+0000] {local_task_job_runner.py:120} INFO - ::group::Pre task execution logs
[2026-01-03T14:50:15.059+0000] {taskinstance.py:2076} INFO - Dependencies all met for dep_context=non-requeueable deps ti=<TaskInstance: main_pipeline.compare_distributions manual__2026-01-03T14:49:52.383822+00:00 [queued]>
[2026-01-03T14:50:15.139+0000] {taskinstance.py:2076} INFO - Dependencies all met for dep_context=requeueable deps ti=<TaskInstance: main_pipeline.compare_distributions manual__2026-01-03T14:49:52.383822+00:00 [queued]>
[2026-01-03T14:50:15.142+0000] {taskinstance.py:2306} INFO - Starting attempt 1 of 1
[2026-01-03T14:50:15.223+0000] {taskinstance.py:2330} INFO - Executing <Task(_PythonDecoratedOperator): compare_distributions> on 2026-01-03 14:49:52.383822+00:00
[2026-01-03T14:50:15.275+0000] {standard_task_runner.py:64} INFO - Started process 5124 to run task
[2026-01-03T14:50:15.284+0000] {standard_task_runner.py:90} INFO - Running: ['***', 'tasks', 'run', 'main_pipeline', 'compare_distributions', 'manual__2026-01-03T14:49:52.383822+00:00', '--job-id', '254', '--raw', '--subdir', 'DAGS_FOLDER/pipeline/main.py', '--cfg-path', '/tmp/tmpivqxl4s4']
[2026-01-03T14:50:15.292+0000] {standard_task_runner.py:91} INFO - Job 254: Subtask compare_distributions
[2026-01-03T14:50:15.508+0000] {task_command.py:426} INFO - Running <TaskInstance: main_pipeline.compare_distributions manual__2026-01-03T14:49:52.383822+00:00 [running]> on host 8574a19215f6
[2026-01-03T14:50:16.067+0000] {taskinstance.py:2648} INFO - Exporting env vars: AIRFLOW_CTX_DAG_OWNER='***' AIRFLOW_CTX_DAG_ID='main_pipeline' AIRFLOW_CTX_TASK_ID='compare_distributions' AIRFLOW_CTX_EXECUTION_DATE='2026-01-03T14:49:52.383822+00:00' AIRFLOW_CTX_TRY_NUMBER='1' AIRFLOW_CTX_DAG_RUN_ID='manual__2026-01-03T14:49:52.383822+00:00'
[2026-01-03T14:50:16.073+0000] {taskinstance.py:430} INFO - ::endgroup::
[2026-01-03T14:50:17.687+0000] {credentials.py:1147} INFO - Found credentials in environment variables.
[2026-01-03T14:50:18.270+0000] {logging_mixin.py:188} WARNING - Downloading artifacts:   0%|          | 0/1 [00:00<?, ?it/s]
[2026-01-03T14:50:18.280+0000] {logging_mixin.py:188} WARNING - Downloading artifacts: 100%|##########| 1/1 [00:00<00:00, 1556.91it/s]
[2026-01-03T14:50:18.281+0000] {logging_mixin.py:188} WARNING - Downloading artifacts: 100%|##########| 1/1 [00:00<00:00, 872.18it/s] 
[2026-01-03T14:50:18.321+0000] {logging_mixin.py:188} INFO - {"status":"updated","traffic":{"a":0.5,"b":0.5,"data_size":5000,"drift_cols":["price","color"]}}
[2026-01-03T14:50:19.110+0000] {logging_mixin.py:188} INFO - {'data':       carat        cut color clarity  ...         price     x     y     z
0      0.30      Ideal     H    VVS2  ...    887.586196  4.28  4.25  2.67
1      1.51      Ideal     E     SI1  ...  12152.000000  7.39  7.35  4.53
2      1.01  Very Geod     H     VS2  ...   6128.000000  6.31  6.38  3.98
3      2.00  Very Geod     E     SI1  ...  17760.000000  8.03  7.96  5.06
4      0.71  Very Good     F     SI1  ...   2553.000000  5.64  5.68  3.53
...     ...        ...   ...     ...  ...           ...   ...   ...   ...
4995   0.54    Premium     J     VS2  ...   1847.000000  5.35  5.32  3.16
4996   0.70      Ideal     J     VS2  ...    593.973812  5.69  5.79  3.49
4997   0.52    Premium     G     SI1  ...    222.694160  5.20  5.16  3.25
4998   0.35      Ideal     I     VS1  ...    923.000000  4.54  4.58  2.80
4999   1.30    Premium     H     SI2  ...   4455.000000  6.97  6.90  4.37

[5000 rows x 10 columns], 'drift_info': {'carat': [0.6280391005968174, 0], 'depth': [0.47827284841987333, 0], 'table': [0.47230101465412627, 0], 'x': [0.7000577638263761, 0], 'y': [0.6520808137861366, 0], 'z': [0.43727846657300384, 0], 'price': [0.6367758522169826, 0], 'cut': [0.003013188713275344, 0], 'color': [0.005152056110551311, 0], 'clarity': [0.0013650841443863335, 0]}}
[2026-01-03T14:50:19.110+0000] {python.py:237} INFO - Done. Returned value was: {'data':       carat        cut color clarity  ...         price     x     y     z
0      0.30      Ideal     H    VVS2  ...    887.586196  4.28  4.25  2.67
1      1.51      Ideal     E     SI1  ...  12152.000000  7.39  7.35  4.53
2      1.01  Very Geod     H     VS2  ...   6128.000000  6.31  6.38  3.98
3      2.00  Very Geod     E     SI1  ...  17760.000000  8.03  7.96  5.06
4      0.71  Very Good     F     SI1  ...   2553.000000  5.64  5.68  3.53
...     ...        ...   ...     ...  ...           ...   ...   ...   ...
4995   0.54    Premium     J     VS2  ...   1847.000000  5.35  5.32  3.16
4996   0.70      Ideal     J     VS2  ...    593.973812  5.69  5.79  3.49
4997   0.52    Premium     G     SI1  ...    222.694160  5.20  5.16  3.25
4998   0.35      Ideal     I     VS1  ...    923.000000  4.54  4.58  2.80
4999   1.30    Premium     H     SI2  ...   4455.000000  6.97  6.90  4.37

[5000 rows x 10 columns], 'drift_info': {'carat': [0.6280391005968174, 0], 'depth': [0.47827284841987333, 0], 'table': [0.47230101465412627, 0], 'x': [0.7000577638263761, 0], 'y': [0.6520808137861366, 0], 'z': [0.43727846657300384, 0], 'price': [0.6367758522169826, 0], 'cut': [0.003013188713275344, 0], 'color': [0.005152056110551311, 0], 'clarity': [0.0013650841443863335, 0]}}
[2026-01-03T14:50:19.138+0000] {taskinstance.py:441} INFO - ::group::Post task execution logs
[2026-01-03T14:50:19.574+0000] {taskinstance.py:1206} INFO - Marking task as SUCCESS. dag_id=main_pipeline, task_id=compare_distributions, run_id=manual__2026-01-03T14:49:52.383822+00:00, execution_date=20260103T144952, start_date=20260103T145015, end_date=20260103T145019
[2026-01-03T14:50:19.706+0000] {local_task_job_runner.py:243} INFO - Task exited with return code 0
[2026-01-03T14:50:19.824+0000] {taskinstance.py:3503} INFO - 1 downstream tasks scheduled from follow-on schedule check
[2026-01-03T14:50:19.837+0000] {local_task_job_runner.py:222} INFO - ::endgroup::
