[2026-01-02T19:16:44.646+0000] {local_task_job_runner.py:120} INFO - ::group::Pre task execution logs
[2026-01-02T19:16:44.793+0000] {taskinstance.py:2076} INFO - Dependencies all met for dep_context=non-requeueable deps ti=<TaskInstance: main_pipeline.train_compare manual__2026-01-02T19:16:01.778138+00:00 [queued]>
[2026-01-02T19:16:44.835+0000] {taskinstance.py:2076} INFO - Dependencies all met for dep_context=requeueable deps ti=<TaskInstance: main_pipeline.train_compare manual__2026-01-02T19:16:01.778138+00:00 [queued]>
[2026-01-02T19:16:44.838+0000] {taskinstance.py:2306} INFO - Starting attempt 1 of 1
[2026-01-02T19:16:44.888+0000] {taskinstance.py:2330} INFO - Executing <Task(_BranchPythonDecoratedOperator): train_compare> on 2026-01-02 19:16:01.778138+00:00
[2026-01-02T19:16:44.922+0000] {standard_task_runner.py:64} INFO - Started process 2126 to run task
[2026-01-02T19:16:44.935+0000] {standard_task_runner.py:90} INFO - Running: ['***', 'tasks', 'run', 'main_pipeline', 'train_compare', 'manual__2026-01-02T19:16:01.778138+00:00', '--job-id', '179', '--raw', '--subdir', 'DAGS_FOLDER/pipeline/main.py', '--cfg-path', '/tmp/tmp9691p_t8']
[2026-01-02T19:16:44.950+0000] {standard_task_runner.py:91} INFO - Job 179: Subtask train_compare
[2026-01-02T19:16:45.172+0000] {task_command.py:426} INFO - Running <TaskInstance: main_pipeline.train_compare manual__2026-01-02T19:16:01.778138+00:00 [running]> on host e163b62ba314
[2026-01-02T19:16:45.759+0000] {taskinstance.py:2648} INFO - Exporting env vars: AIRFLOW_CTX_DAG_OWNER='***' AIRFLOW_CTX_DAG_ID='main_pipeline' AIRFLOW_CTX_TASK_ID='train_compare' AIRFLOW_CTX_EXECUTION_DATE='2026-01-02T19:16:01.778138+00:00' AIRFLOW_CTX_TRY_NUMBER='1' AIRFLOW_CTX_DAG_RUN_ID='manual__2026-01-02T19:16:01.778138+00:00'
[2026-01-02T19:16:45.761+0000] {taskinstance.py:430} INFO - ::endgroup::
[2026-01-02T19:16:45.765+0000] {logging_mixin.py:188} INFO - Current production version 5
[2026-01-02T19:16:45.766+0000] {logging_mixin.py:188} INFO - Next task - data drift check
[2026-01-02T19:16:45.767+0000] {python.py:237} INFO - Done. Returned value was: compare_distributions
[2026-01-02T19:16:45.767+0000] {branch.py:36} INFO - Branch into compare_distributions
[2026-01-02T19:16:45.773+0000] {skipmixin.py:178} INFO - Following branch compare_distributions
[2026-01-02T19:16:45.844+0000] {skipmixin.py:246} INFO - Skipping tasks [('train_initial_model', -1)]
[2026-01-02T19:16:45.993+0000] {taskinstance.py:441} INFO - ::group::Post task execution logs
[2026-01-02T19:16:46.144+0000] {taskinstance.py:1206} INFO - Marking task as SUCCESS. dag_id=main_pipeline, task_id=train_compare, run_id=manual__2026-01-02T19:16:01.778138+00:00, execution_date=20260102T191601, start_date=20260102T191644, end_date=20260102T191646
[2026-01-02T19:16:46.292+0000] {local_task_job_runner.py:243} INFO - Task exited with return code 0
[2026-01-02T19:16:46.463+0000] {taskinstance.py:3503} INFO - 1 downstream tasks scheduled from follow-on schedule check
[2026-01-02T19:16:46.490+0000] {local_task_job_runner.py:222} INFO - ::endgroup::
