[2026-01-02T18:16:36.749+0000] {local_task_job_runner.py:120} INFO - ::group::Pre task execution logs
[2026-01-02T18:16:36.933+0000] {taskinstance.py:2076} INFO - Dependencies all met for dep_context=non-requeueable deps ti=<TaskInstance: main_pipeline.check_prod_model manual__2026-01-02T18:16:31.917529+00:00 [queued]>
[2026-01-02T18:16:36.971+0000] {taskinstance.py:2076} INFO - Dependencies all met for dep_context=requeueable deps ti=<TaskInstance: main_pipeline.check_prod_model manual__2026-01-02T18:16:31.917529+00:00 [queued]>
[2026-01-02T18:16:36.973+0000] {taskinstance.py:2306} INFO - Starting attempt 1 of 1
[2026-01-02T18:16:37.038+0000] {taskinstance.py:2330} INFO - Executing <Task(_PythonDecoratedOperator): check_prod_model> on 2026-01-02 18:16:31.917529+00:00
[2026-01-02T18:16:37.100+0000] {standard_task_runner.py:64} INFO - Started process 1693 to run task
[2026-01-02T18:16:37.113+0000] {standard_task_runner.py:90} INFO - Running: ['***', 'tasks', 'run', 'main_pipeline', 'check_prod_model', 'manual__2026-01-02T18:16:31.917529+00:00', '--job-id', '148', '--raw', '--subdir', 'DAGS_FOLDER/pipeline/main.py', '--cfg-path', '/tmp/tmptkp0a3wg']
[2026-01-02T18:16:37.122+0000] {standard_task_runner.py:91} INFO - Job 148: Subtask check_prod_model
[2026-01-02T18:16:37.426+0000] {task_command.py:426} INFO - Running <TaskInstance: main_pipeline.check_prod_model manual__2026-01-02T18:16:31.917529+00:00 [running]> on host 634f416f74b0
[2026-01-02T18:16:37.953+0000] {taskinstance.py:2648} INFO - Exporting env vars: AIRFLOW_CTX_DAG_OWNER='***' AIRFLOW_CTX_DAG_ID='main_pipeline' AIRFLOW_CTX_TASK_ID='check_prod_model' AIRFLOW_CTX_EXECUTION_DATE='2026-01-02T18:16:31.917529+00:00' AIRFLOW_CTX_TRY_NUMBER='1' AIRFLOW_CTX_DAG_RUN_ID='manual__2026-01-02T18:16:31.917529+00:00'
[2026-01-02T18:16:37.963+0000] {taskinstance.py:430} INFO - ::endgroup::
[2026-01-02T18:16:41.316+0000] {logging_mixin.py:188} WARNING - /home/***/.local/lib/python3.11/site-packages/pydantic/_internal/_fields.py:161 UserWarning: Field "model_server_url" has conflict with protected namespace "model_".

You may be able to resolve this warning by setting `model_config['protected_namespaces'] = ()`.
[2026-01-02T18:16:41.386+0000] {logging_mixin.py:188} WARNING - /home/***/.local/lib/python3.11/site-packages/pydantic/_internal/_config.py:341 UserWarning: Valid config keys have changed in V2:
* 'schema_extra' has been renamed to 'json_schema_extra'
[2026-01-02T18:16:45.120+0000] {logging_mixin.py:188} INFO - Parent run ID: 4bc1462443e44b33b00192af714f309f
[2026-01-02T18:16:45.124+0000] {logging_mixin.py:188} INFO - Found production version: 5
[2026-01-02T18:16:46.307+0000] {credentials.py:1147} INFO - Found credentials in environment variables.
[2026-01-02T18:16:46.974+0000] {logging_mixin.py:188} WARNING - Downloading artifacts:   0%|          | 0/1 [00:00<?, ?it/s]
[2026-01-02T18:16:46.999+0000] {logging_mixin.py:188} WARNING - Downloading artifacts: 100%|##########| 1/1 [00:00<00:00, 61.94it/s]
[2026-01-02T18:16:46.999+0000] {logging_mixin.py:188} WARNING - Downloading artifacts: 100%|##########| 1/1 [00:00<00:00, 59.44it/s]
[2026-01-02T18:16:47.000+0000] {python.py:237} INFO - Done. Returned value was: {'production_version': '5'}
[2026-01-02T18:16:47.000+0000] {taskinstance.py:441} INFO - ::group::Post task execution logs
[2026-01-02T18:16:47.062+0000] {taskinstance.py:1206} INFO - Marking task as SUCCESS. dag_id=main_pipeline, task_id=check_prod_model, run_id=manual__2026-01-02T18:16:31.917529+00:00, execution_date=20260102T181631, start_date=20260102T181636, end_date=20260102T181647
[2026-01-02T18:16:47.217+0000] {local_task_job_runner.py:243} INFO - Task exited with return code 0
[2026-01-02T18:16:47.323+0000] {taskinstance.py:3503} INFO - 1 downstream tasks scheduled from follow-on schedule check
[2026-01-02T18:16:47.333+0000] {local_task_job_runner.py:222} INFO - ::endgroup::
